{"E:\\CSE\\CODES\\github\\CSE-3200-System-Development-Project-ML-Integrated-LMS\\server\\server.js": {"path":"E:\\CSE\\CODES\\github\\CSE-3200-System-Development-Project-ML-Integrated-LMS\\server\\server.js","statementMap":{"0":{"start":{"line":1,"column":16},"end":{"line":1,"column":34}},"1":{"start":{"line":2,"column":17},"end":{"line":2,"column":36}},"2":{"start":{"line":3,"column":13},"end":{"line":3,"column":28}},"3":{"start":{"line":4,"column":15},"end":{"line":4,"column":32}},"4":{"start":{"line":5,"column":15},"end":{"line":5,"column":32}},"5":{"start":{"line":7,"column":0},"end":{"line":7,"column":16}},"6":{"start":{"line":9,"column":28},"end":{"line":13,"column":20}},"7":{"start":{"line":10,"column":2},"end":{"line":13,"column":20}},"8":{"start":{"line":12,"column":19},"end":{"line":12,"column":32}},"9":{"start":{"line":15,"column":24},"end":{"line":41,"column":1}},"10":{"start":{"line":16,"column":2},"end":{"line":18,"column":3}},"11":{"start":{"line":17,"column":4},"end":{"line":17,"column":16}},"12":{"start":{"line":20,"column":2},"end":{"line":40,"column":3}},"13":{"start":{"line":21,"column":22},"end":{"line":21,"column":37}},"14":{"start":{"line":23,"column":4},"end":{"line":25,"column":5}},"15":{"start":{"line":24,"column":6},"end":{"line":24,"column":18}},"16":{"start":{"line":27,"column":4},"end":{"line":35,"column":5}},"17":{"start":{"line":34,"column":6},"end":{"line":34,"column":18}},"18":{"start":{"line":37,"column":4},"end":{"line":37,"column":43}},"19":{"start":{"line":39,"column":4},"end":{"line":39,"column":43}},"20":{"start":{"line":43,"column":0},"end":{"line":47,"column":1}},"21":{"start":{"line":44,"column":24},"end":{"line":44,"column":51}},"22":{"start":{"line":45,"column":2},"end":{"line":46,"column":90}},"23":{"start":{"line":46,"column":4},"end":{"line":46,"column":89}},"24":{"start":{"line":46,"column":36},"end":{"line":46,"column":86}},"25":{"start":{"line":49,"column":12},"end":{"line":49,"column":21}},"26":{"start":{"line":51,"column":0},"end":{"line":51,"column":18}},"27":{"start":{"line":53,"column":23},"end":{"line":58,"column":1}},"28":{"start":{"line":60,"column":20},"end":{"line":70,"column":1}},"29":{"start":{"line":62,"column":4},"end":{"line":64,"column":5}},"30":{"start":{"line":63,"column":6},"end":{"line":63,"column":34}},"31":{"start":{"line":66,"column":4},"end":{"line":66,"column":51}},"32":{"start":{"line":67,"column":4},"end":{"line":67,"column":33}},"33":{"start":{"line":72,"column":0},"end":{"line":72,"column":27}},"34":{"start":{"line":73,"column":0},"end":{"line":73,"column":36}},"35":{"start":{"line":74,"column":0},"end":{"line":74,"column":41}},"36":{"start":{"line":75,"column":0},"end":{"line":75,"column":63}},"37":{"start":{"line":77,"column":18},"end":{"line":86,"column":1}},"38":{"start":{"line":78,"column":2},"end":{"line":78,"column":46}},"39":{"start":{"line":78,"column":39},"end":{"line":78,"column":46}},"40":{"start":{"line":79,"column":2},"end":{"line":85,"column":3}},"41":{"start":{"line":80,"column":4},"end":{"line":80,"column":50}},"42":{"start":{"line":81,"column":4},"end":{"line":81,"column":50}},"43":{"start":{"line":83,"column":4},"end":{"line":83,"column":54}},"44":{"start":{"line":84,"column":4},"end":{"line":84,"column":20}},"45":{"start":{"line":88,"column":0},"end":{"line":88,"column":12}},"46":{"start":{"line":90,"column":23},"end":{"line":90,"column":56}},"47":{"start":{"line":91,"column":18},"end":{"line":91,"column":48}},"48":{"start":{"line":92,"column":20},"end":{"line":92,"column":50}},"49":{"start":{"line":94,"column":0},"end":{"line":111,"column":1}},"50":{"start":{"line":95,"column":2},"end":{"line":95,"column":37}},"51":{"start":{"line":96,"column":2},"end":{"line":96,"column":45}},"52":{"start":{"line":97,"column":2},"end":{"line":97,"column":40}},"53":{"start":{"line":98,"column":2},"end":{"line":98,"column":37}},"54":{"start":{"line":99,"column":2},"end":{"line":99,"column":51}},"55":{"start":{"line":101,"column":2},"end":{"line":110,"column":20}},"56":{"start":{"line":102,"column":25},"end":{"line":102,"column":54}},"57":{"start":{"line":103,"column":28},"end":{"line":103,"column":60}},"58":{"start":{"line":105,"column":4},"end":{"line":107,"column":5}},"59":{"start":{"line":106,"column":6},"end":{"line":106,"column":91}},"60":{"start":{"line":109,"column":4},"end":{"line":109,"column":33}},"61":{"start":{"line":113,"column":0},"end":{"line":131,"column":1}},"62":{"start":{"line":114,"column":2},"end":{"line":130,"column":7}},"63":{"start":{"line":115,"column":4},"end":{"line":129,"column":5}},"64":{"start":{"line":116,"column":21},"end":{"line":116,"column":47}},"65":{"start":{"line":117,"column":20},"end":{"line":117,"column":118}},"66":{"start":{"line":118,"column":6},"end":{"line":126,"column":7}},"67":{"start":{"line":119,"column":8},"end":{"line":119,"column":86}},"68":{"start":{"line":120,"column":8},"end":{"line":124,"column":9}},"69":{"start":{"line":121,"column":25},"end":{"line":121,"column":72}},"70":{"start":{"line":122,"column":10},"end":{"line":122,"column":53}},"71":{"start":{"line":123,"column":10},"end":{"line":123,"column":25}},"72":{"start":{"line":125,"column":8},"end":{"line":125,"column":64}},"73":{"start":{"line":128,"column":6},"end":{"line":128,"column":73}},"74":{"start":{"line":133,"column":0},"end":{"line":135,"column":3}},"75":{"start":{"line":134,"column":2},"end":{"line":134,"column":42}},"76":{"start":{"line":137,"column":19},"end":{"line":137,"column":49}},"77":{"start":{"line":138,"column":20},"end":{"line":138,"column":51}},"78":{"start":{"line":139,"column":21},"end":{"line":139,"column":53}},"79":{"start":{"line":140,"column":28},"end":{"line":140,"column":67}},"80":{"start":{"line":141,"column":29},"end":{"line":141,"column":69}},"81":{"start":{"line":142,"column":26},"end":{"line":142,"column":63}},"82":{"start":{"line":143,"column":29},"end":{"line":143,"column":69}},"83":{"start":{"line":144,"column":28},"end":{"line":144,"column":67}},"84":{"start":{"line":145,"column":25},"end":{"line":145,"column":61}},"85":{"start":{"line":146,"column":28},"end":{"line":146,"column":67}},"86":{"start":{"line":147,"column":18},"end":{"line":147,"column":47}},"87":{"start":{"line":148,"column":21},"end":{"line":148,"column":53}},"88":{"start":{"line":149,"column":21},"end":{"line":149,"column":53}},"89":{"start":{"line":151,"column":0},"end":{"line":151,"column":33}},"90":{"start":{"line":152,"column":0},"end":{"line":152,"column":35}},"91":{"start":{"line":153,"column":0},"end":{"line":153,"column":38}},"92":{"start":{"line":154,"column":0},"end":{"line":154,"column":45}},"93":{"start":{"line":155,"column":0},"end":{"line":155,"column":53}},"94":{"start":{"line":156,"column":0},"end":{"line":156,"column":55}},"95":{"start":{"line":157,"column":0},"end":{"line":157,"column":35}},"96":{"start":{"line":158,"column":0},"end":{"line":158,"column":55}},"97":{"start":{"line":159,"column":0},"end":{"line":159,"column":53}},"98":{"start":{"line":160,"column":0},"end":{"line":160,"column":45}},"99":{"start":{"line":161,"column":0},"end":{"line":161,"column":52}},"100":{"start":{"line":162,"column":0},"end":{"line":162,"column":31}},"101":{"start":{"line":163,"column":0},"end":{"line":163,"column":38}},"102":{"start":{"line":164,"column":0},"end":{"line":164,"column":38}},"103":{"start":{"line":166,"column":0},"end":{"line":171,"column":3}},"104":{"start":{"line":167,"column":2},"end":{"line":167,"column":57}},"105":{"start":{"line":168,"column":2},"end":{"line":168,"column":39}},"106":{"start":{"line":169,"column":2},"end":{"line":169,"column":27}},"107":{"start":{"line":170,"column":2},"end":{"line":170,"column":18}},"108":{"start":{"line":173,"column":0},"end":{"line":178,"column":3}},"109":{"start":{"line":174,"column":2},"end":{"line":174,"column":56}},"110":{"start":{"line":175,"column":2},"end":{"line":175,"column":39}},"111":{"start":{"line":176,"column":2},"end":{"line":176,"column":27}},"112":{"start":{"line":177,"column":2},"end":{"line":177,"column":18}},"113":{"start":{"line":180,"column":13},"end":{"line":180,"column":37}},"114":{"start":{"line":183,"column":0},"end":{"line":187,"column":1}},"115":{"start":{"line":184,"column":2},"end":{"line":186,"column":5}},"116":{"start":{"line":185,"column":4},"end":{"line":185,"column":50}},"117":{"start":{"line":189,"column":0},"end":{"line":199,"column":3}},"118":{"start":{"line":190,"column":2},"end":{"line":190,"column":60}},"119":{"start":{"line":192,"column":2},"end":{"line":192,"column":36}},"120":{"start":{"line":194,"column":2},"end":{"line":198,"column":3}},"121":{"start":{"line":195,"column":4},"end":{"line":197,"column":7}},"122":{"start":{"line":196,"column":6},"end":{"line":196,"column":40}},"123":{"start":{"line":201,"column":0},"end":{"line":201,"column":21}}},"fnMap":{"0":{"name":"(anonymous_0)","decl":{"start":{"line":9,"column":28},"end":{"line":9,"column":29}},"loc":{"start":{"line":10,"column":2},"end":{"line":13,"column":20}},"line":10},"1":{"name":"(anonymous_1)","decl":{"start":{"line":12,"column":9},"end":{"line":12,"column":10}},"loc":{"start":{"line":12,"column":19},"end":{"line":12,"column":32}},"line":12},"2":{"name":"(anonymous_2)","decl":{"start":{"line":15,"column":24},"end":{"line":15,"column":25}},"loc":{"start":{"line":15,"column":52},"end":{"line":41,"column":1}},"line":15},"3":{"name":"(anonymous_3)","decl":{"start":{"line":45,"column":18},"end":{"line":45,"column":19}},"loc":{"start":{"line":46,"column":4},"end":{"line":46,"column":89}},"line":46},"4":{"name":"(anonymous_4)","decl":{"start":{"line":46,"column":30},"end":{"line":46,"column":31}},"loc":{"start":{"line":46,"column":36},"end":{"line":46,"column":86}},"line":46},"5":{"name":"(anonymous_5)","decl":{"start":{"line":61,"column":10},"end":{"line":61,"column":11}},"loc":{"start":{"line":61,"column":32},"end":{"line":68,"column":3}},"line":61},"6":{"name":"(anonymous_6)","decl":{"start":{"line":77,"column":18},"end":{"line":77,"column":19}},"loc":{"start":{"line":77,"column":30},"end":{"line":86,"column":1}},"line":77},"7":{"name":"(anonymous_7)","decl":{"start":{"line":101,"column":14},"end":{"line":101,"column":15}},"loc":{"start":{"line":101,"column":20},"end":{"line":110,"column":3}},"line":101},"8":{"name":"(anonymous_8)","decl":{"start":{"line":114,"column":3},"end":{"line":114,"column":4}},"loc":{"start":{"line":114,"column":15},"end":{"line":130,"column":3}},"line":114},"9":{"name":"(anonymous_9)","decl":{"start":{"line":133,"column":13},"end":{"line":133,"column":14}},"loc":{"start":{"line":133,"column":27},"end":{"line":135,"column":1}},"line":133},"10":{"name":"(anonymous_10)","decl":{"start":{"line":166,"column":33},"end":{"line":166,"column":34}},"loc":{"start":{"line":166,"column":42},"end":{"line":171,"column":1}},"line":166},"11":{"name":"(anonymous_11)","decl":{"start":{"line":173,"column":32},"end":{"line":173,"column":33}},"loc":{"start":{"line":173,"column":41},"end":{"line":178,"column":1}},"line":173},"12":{"name":"(anonymous_12)","decl":{"start":{"line":184,"column":28},"end":{"line":184,"column":29}},"loc":{"start":{"line":184,"column":34},"end":{"line":186,"column":3}},"line":184},"13":{"name":"(anonymous_13)","decl":{"start":{"line":189,"column":22},"end":{"line":189,"column":23}},"loc":{"start":{"line":189,"column":28},"end":{"line":199,"column":1}},"line":189},"14":{"name":"(anonymous_14)","decl":{"start":{"line":195,"column":17},"end":{"line":195,"column":18}},"loc":{"start":{"line":195,"column":23},"end":{"line":197,"column":5}},"line":195}},"branchMap":{"0":{"loc":{"start":{"line":10,"column":3},"end":{"line":10,"column":14}},"type":"binary-expr","locations":[{"start":{"line":10,"column":3},"end":{"line":10,"column":8}},{"start":{"line":10,"column":12},"end":{"line":10,"column":14}}],"line":10},"1":{"loc":{"start":{"line":16,"column":2},"end":{"line":18,"column":3}},"type":"if","locations":[{"start":{"line":16,"column":2},"end":{"line":18,"column":3}},{"start":{},"end":{}}],"line":16},"2":{"loc":{"start":{"line":23,"column":4},"end":{"line":25,"column":5}},"type":"if","locations":[{"start":{"line":23,"column":4},"end":{"line":25,"column":5}},{"start":{},"end":{}}],"line":23},"3":{"loc":{"start":{"line":23,"column":8},"end":{"line":23,"column":80}},"type":"binary-expr","locations":[{"start":{"line":23,"column":8},"end":{"line":23,"column":42}},{"start":{"line":23,"column":46},"end":{"line":23,"column":80}}],"line":23},"4":{"loc":{"start":{"line":27,"column":4},"end":{"line":35,"column":5}},"type":"if","locations":[{"start":{"line":27,"column":4},"end":{"line":35,"column":5}},{"start":{},"end":{}}],"line":27},"5":{"loc":{"start":{"line":28,"column":6},"end":{"line":32,"column":51}},"type":"binary-expr","locations":[{"start":{"line":28,"column":6},"end":{"line":28,"column":45}},{"start":{"line":29,"column":6},"end":{"line":29,"column":46}},{"start":{"line":30,"column":6},"end":{"line":30,"column":46}},{"start":{"line":31,"column":6},"end":{"line":31,"column":51}},{"start":{"line":32,"column":6},"end":{"line":32,"column":51}}],"line":28},"6":{"loc":{"start":{"line":43,"column":0},"end":{"line":47,"column":1}},"type":"if","locations":[{"start":{"line":43,"column":0},"end":{"line":47,"column":1}},{"start":{},"end":{}}],"line":43},"7":{"loc":{"start":{"line":46,"column":36},"end":{"line":46,"column":86}},"type":"cond-expr","locations":[{"start":{"line":46,"column":57},"end":{"line":46,"column":82}},{"start":{"line":46,"column":85},"end":{"line":46,"column":86}}],"line":46},"8":{"loc":{"start":{"line":55,"column":2},"end":{"line":55,"column":51}},"type":"binary-expr","locations":[{"start":{"line":55,"column":2},"end":{"line":55,"column":24}},{"start":{"line":55,"column":28},"end":{"line":55,"column":51}}],"line":55},"9":{"loc":{"start":{"line":62,"column":4},"end":{"line":64,"column":5}},"type":"if","locations":[{"start":{"line":62,"column":4},"end":{"line":64,"column":5}},{"start":{},"end":{}}],"line":62},"10":{"loc":{"start":{"line":78,"column":2},"end":{"line":78,"column":46}},"type":"if","locations":[{"start":{"line":78,"column":2},"end":{"line":78,"column":46}},{"start":{},"end":{}}],"line":78},"11":{"loc":{"start":{"line":94,"column":0},"end":{"line":111,"column":1}},"type":"if","locations":[{"start":{"line":94,"column":0},"end":{"line":111,"column":1}},{"start":{},"end":{}}],"line":94},"12":{"loc":{"start":{"line":105,"column":4},"end":{"line":107,"column":5}},"type":"if","locations":[{"start":{"line":105,"column":4},"end":{"line":107,"column":5}},{"start":{},"end":{}}],"line":105},"13":{"loc":{"start":{"line":105,"column":8},"end":{"line":105,"column":47}},"type":"binary-expr","locations":[{"start":{"line":105,"column":8},"end":{"line":105,"column":24}},{"start":{"line":105,"column":28},"end":{"line":105,"column":47}}],"line":105},"14":{"loc":{"start":{"line":113,"column":0},"end":{"line":131,"column":1}},"type":"if","locations":[{"start":{"line":113,"column":0},"end":{"line":131,"column":1}},{"start":{},"end":{}}],"line":113},"15":{"loc":{"start":{"line":118,"column":6},"end":{"line":126,"column":7}},"type":"if","locations":[{"start":{"line":118,"column":6},"end":{"line":126,"column":7}},{"start":{},"end":{}}],"line":118},"16":{"loc":{"start":{"line":122,"column":30},"end":{"line":122,"column":52}},"type":"cond-expr","locations":[{"start":{"line":122,"column":39},"end":{"line":122,"column":47}},{"start":{"line":122,"column":50},"end":{"line":122,"column":52}}],"line":122},"17":{"loc":{"start":{"line":180,"column":13},"end":{"line":180,"column":37}},"type":"binary-expr","locations":[{"start":{"line":180,"column":13},"end":{"line":180,"column":29}},{"start":{"line":180,"column":33},"end":{"line":180,"column":37}}],"line":180},"18":{"loc":{"start":{"line":183,"column":0},"end":{"line":187,"column":1}},"type":"if","locations":[{"start":{"line":183,"column":0},"end":{"line":187,"column":1}},{"start":{},"end":{}}],"line":183},"19":{"loc":{"start":{"line":194,"column":2},"end":{"line":198,"column":3}},"type":"if","locations":[{"start":{"line":194,"column":2},"end":{"line":198,"column":3}},{"start":{},"end":{}}],"line":194}},"s":{"0":3,"1":3,"2":3,"3":3,"4":3,"5":3,"6":3,"7":3,"8":3,"9":3,"10":22,"11":22,"12":0,"13":0,"14":0,"15":0,"16":0,"17":0,"18":0,"19":0,"20":3,"21":0,"22":0,"23":0,"24":0,"25":3,"26":3,"27":3,"28":3,"29":22,"30":22,"31":0,"32":0,"33":3,"34":3,"35":3,"36":3,"37":3,"38":3,"39":3,"40":0,"41":0,"42":0,"43":0,"44":0,"45":3,"46":3,"47":3,"48":3,"49":3,"50":0,"51":0,"52":0,"53":0,"54":0,"55":0,"56":0,"57":0,"58":0,"59":0,"60":0,"61":3,"62":0,"63":0,"64":0,"65":0,"66":0,"67":0,"68":0,"69":0,"70":0,"71":0,"72":0,"73":0,"74":3,"75":0,"76":3,"77":3,"78":3,"79":3,"80":3,"81":3,"82":3,"83":3,"84":3,"85":3,"86":3,"87":3,"88":3,"89":3,"90":3,"91":3,"92":3,"93":3,"94":3,"95":3,"96":3,"97":3,"98":3,"99":3,"100":3,"101":3,"102":3,"103":3,"104":0,"105":0,"106":0,"107":0,"108":3,"109":0,"110":0,"111":0,"112":0,"113":3,"114":3,"115":0,"116":0,"117":3,"118":0,"119":0,"120":0,"121":0,"122":0,"123":3},"f":{"0":3,"1":3,"2":22,"3":0,"4":0,"5":22,"6":3,"7":0,"8":0,"9":0,"10":0,"11":0,"12":0,"13":0,"14":0},"b":{"0":[3,3],"1":[22,0],"2":[0,0],"3":[0,0],"4":[0,0],"5":[0,0,0,0,0],"6":[0,3],"7":[0,0],"8":[3,0],"9":[22,0],"10":[3,0],"11":[0,3],"12":[0,0],"13":[0,0],"14":[0,3],"15":[0,0],"16":[0,0],"17":[3,0],"18":[0,3],"19":[0,0]},"_coverageSchema":"1a1c01bbd47fc00a2c39e90264f33305004495a9","hash":"afde55e3e6a142b9c9dc7153444a602267c0158d"}
,"E:\\CSE\\CODES\\github\\CSE-3200-System-Development-Project-ML-Integrated-LMS\\server\\__tests__\\setup\\db.js": {"path":"E:\\CSE\\CODES\\github\\CSE-3200-System-Development-Project-ML-Integrated-LMS\\server\\__tests__\\setup\\db.js","statementMap":{"0":{"start":{"line":1,"column":17},"end":{"line":1,"column":36}},"1":{"start":{"line":2,"column":30},"end":{"line":2,"column":62}},"2":{"start":{"line":6,"column":0},"end":{"line":10,"column":2}},"3":{"start":{"line":7,"column":4},"end":{"line":7,"column":51}},"4":{"start":{"line":8,"column":16},"end":{"line":8,"column":36}},"5":{"start":{"line":9,"column":4},"end":{"line":9,"column":32}},"6":{"start":{"line":12,"column":0},"end":{"line":16,"column":2}},"7":{"start":{"line":13,"column":4},"end":{"line":13,"column":45}},"8":{"start":{"line":14,"column":4},"end":{"line":14,"column":38}},"9":{"start":{"line":15,"column":4},"end":{"line":15,"column":29}},"10":{"start":{"line":18,"column":0},"end":{"line":24,"column":2}},"11":{"start":{"line":19,"column":24},"end":{"line":19,"column":55}},"12":{"start":{"line":20,"column":4},"end":{"line":23,"column":5}},"13":{"start":{"line":21,"column":27},"end":{"line":21,"column":43}},"14":{"start":{"line":22,"column":8},"end":{"line":22,"column":38}}},"fnMap":{"0":{"name":"(anonymous_0)","decl":{"start":{"line":6,"column":25},"end":{"line":6,"column":26}},"loc":{"start":{"line":6,"column":37},"end":{"line":10,"column":1}},"line":6},"1":{"name":"(anonymous_1)","decl":{"start":{"line":12,"column":31},"end":{"line":12,"column":32}},"loc":{"start":{"line":12,"column":43},"end":{"line":16,"column":1}},"line":12},"2":{"name":"(anonymous_2)","decl":{"start":{"line":18,"column":31},"end":{"line":18,"column":32}},"loc":{"start":{"line":18,"column":43},"end":{"line":24,"column":1}},"line":18}},"branchMap":{},"s":{"0":4,"1":4,"2":4,"3":4,"4":4,"5":4,"6":4,"7":4,"8":4,"9":4,"10":4,"11":21,"12":21,"13":242,"14":242},"f":{"0":4,"1":4,"2":21},"b":{},"_coverageSchema":"1a1c01bbd47fc00a2c39e90264f33305004495a9","hash":"4d6ebde254c5c3a9534d2a880bfee61eefb8b657"}
,"E:\\CSE\\CODES\\github\\CSE-3200-System-Development-Project-ML-Integrated-LMS\\server\\config\\queue.js": {"path":"E:\\CSE\\CODES\\github\\CSE-3200-System-Development-Project-ML-Integrated-LMS\\server\\config\\queue.js","statementMap":{"0":{"start":{"line":1,"column":13},"end":{"line":1,"column":28}},"1":{"start":{"line":3,"column":18},"end":{"line":3,"column":67}},"2":{"start":{"line":5,"column":18},"end":{"line":5,"column":19}},"3":{"start":{"line":7,"column":17},"end":{"line":24,"column":2}},"4":{"start":{"line":27,"column":2},"end":{"line":27,"column":23}},"5":{"start":{"line":30,"column":0},"end":{"line":32,"column":3}},"6":{"start":{"line":31,"column":2},"end":{"line":31,"column":58}},"7":{"start":{"line":34,"column":0},"end":{"line":36,"column":3}},"8":{"start":{"line":35,"column":2},"end":{"line":35,"column":56}},"9":{"start":{"line":38,"column":0},"end":{"line":40,"column":3}},"10":{"start":{"line":39,"column":2},"end":{"line":39,"column":51}},"11":{"start":{"line":42,"column":0},"end":{"line":44,"column":3}},"12":{"start":{"line":43,"column":2},"end":{"line":43,"column":45}},"13":{"start":{"line":46,"column":0},"end":{"line":48,"column":3}},"14":{"start":{"line":47,"column":2},"end":{"line":47,"column":62}},"15":{"start":{"line":50,"column":0},"end":{"line":52,"column":3}},"16":{"start":{"line":51,"column":2},"end":{"line":51,"column":74}},"17":{"start":{"line":54,"column":0},"end":{"line":56,"column":3}},"18":{"start":{"line":55,"column":2},"end":{"line":55,"column":76}},"19":{"start":{"line":58,"column":0},"end":{"line":60,"column":3}},"20":{"start":{"line":59,"column":2},"end":{"line":59,"column":76}},"21":{"start":{"line":62,"column":0},"end":{"line":64,"column":3}},"22":{"start":{"line":63,"column":2},"end":{"line":63,"column":82}},"23":{"start":{"line":66,"column":0},"end":{"line":68,"column":3}},"24":{"start":{"line":67,"column":2},"end":{"line":67,"column":67}},"25":{"start":{"line":70,"column":0},"end":{"line":70,"column":66}},"26":{"start":{"line":72,"column":0},"end":{"line":72,"column":26}},"27":{"start":{"line":73,"column":0},"end":{"line":73,"column":49}}},"fnMap":{"0":{"name":"getNextSequence","decl":{"start":{"line":26,"column":9},"end":{"line":26,"column":24}},"loc":{"start":{"line":26,"column":27},"end":{"line":28,"column":1}},"line":26},"1":{"name":"(anonymous_1)","decl":{"start":{"line":30,"column":21},"end":{"line":30,"column":22}},"loc":{"start":{"line":30,"column":27},"end":{"line":32,"column":1}},"line":30},"2":{"name":"(anonymous_2)","decl":{"start":{"line":34,"column":28},"end":{"line":34,"column":29}},"loc":{"start":{"line":34,"column":34},"end":{"line":36,"column":1}},"line":34},"3":{"name":"(anonymous_3)","decl":{"start":{"line":38,"column":27},"end":{"line":38,"column":28}},"loc":{"start":{"line":38,"column":33},"end":{"line":40,"column":1}},"line":38},"4":{"name":"(anonymous_4)","decl":{"start":{"line":42,"column":21},"end":{"line":42,"column":22}},"loc":{"start":{"line":42,"column":32},"end":{"line":44,"column":1}},"line":42},"5":{"name":"(anonymous_5)","decl":{"start":{"line":46,"column":23},"end":{"line":46,"column":24}},"loc":{"start":{"line":46,"column":34},"end":{"line":48,"column":1}},"line":46},"6":{"name":"(anonymous_6)","decl":{"start":{"line":50,"column":22},"end":{"line":50,"column":23}},"loc":{"start":{"line":50,"column":31},"end":{"line":52,"column":1}},"line":50},"7":{"name":"(anonymous_7)","decl":{"start":{"line":54,"column":25},"end":{"line":54,"column":26}},"loc":{"start":{"line":54,"column":42},"end":{"line":56,"column":1}},"line":54},"8":{"name":"(anonymous_8)","decl":{"start":{"line":58,"column":22},"end":{"line":58,"column":23}},"loc":{"start":{"line":58,"column":36},"end":{"line":60,"column":1}},"line":58},"9":{"name":"(anonymous_9)","decl":{"start":{"line":62,"column":23},"end":{"line":62,"column":24}},"loc":{"start":{"line":62,"column":32},"end":{"line":64,"column":1}},"line":62},"10":{"name":"(anonymous_10)","decl":{"start":{"line":66,"column":23},"end":{"line":66,"column":24}},"loc":{"start":{"line":66,"column":39},"end":{"line":68,"column":1}},"line":66}},"branchMap":{"0":{"loc":{"start":{"line":3,"column":18},"end":{"line":3,"column":67}},"type":"binary-expr","locations":[{"start":{"line":3,"column":18},"end":{"line":3,"column":39}},{"start":{"line":3,"column":43},"end":{"line":3,"column":67}}],"line":3}},"s":{"0":3,"1":3,"2":3,"3":3,"4":0,"5":3,"6":0,"7":3,"8":0,"9":3,"10":0,"11":3,"12":0,"13":3,"14":0,"15":3,"16":0,"17":3,"18":0,"19":3,"20":0,"21":3,"22":0,"23":3,"24":0,"25":3,"26":3,"27":3},"f":{"0":0,"1":0,"2":0,"3":0,"4":0,"5":0,"6":0,"7":0,"8":0,"9":0,"10":0},"b":{"0":[3,0]},"_coverageSchema":"1a1c01bbd47fc00a2c39e90264f33305004495a9","hash":"cb372685ff6a9aa4cff63121f63c56a93d49e826"}
,"E:\\CSE\\CODES\\github\\CSE-3200-System-Development-Project-ML-Integrated-LMS\\server\\config\\redisClient.js": {"path":"E:\\CSE\\CODES\\github\\CSE-3200-System-Development-Project-ML-Integrated-LMS\\server\\config\\redisClient.js","statementMap":{"0":{"start":{"line":1,"column":14},"end":{"line":1,"column":32}},"1":{"start":{"line":2,"column":0},"end":{"line":2,"column":27}},"2":{"start":{"line":4,"column":18},"end":{"line":4,"column":67}},"3":{"start":{"line":6,"column":20},"end":{"line":9,"column":2}},"4":{"start":{"line":11,"column":0},"end":{"line":13,"column":3}},"5":{"start":{"line":12,"column":4},"end":{"line":12,"column":52}},"6":{"start":{"line":15,"column":0},"end":{"line":17,"column":3}},"7":{"start":{"line":16,"column":4},"end":{"line":16,"column":52}},"8":{"start":{"line":19,"column":0},"end":{"line":19,"column":29}}},"fnMap":{"0":{"name":"(anonymous_0)","decl":{"start":{"line":11,"column":26},"end":{"line":11,"column":27}},"loc":{"start":{"line":11,"column":32},"end":{"line":13,"column":1}},"line":11},"1":{"name":"(anonymous_1)","decl":{"start":{"line":15,"column":24},"end":{"line":15,"column":25}},"loc":{"start":{"line":15,"column":33},"end":{"line":17,"column":1}},"line":15}},"branchMap":{"0":{"loc":{"start":{"line":4,"column":18},"end":{"line":4,"column":67}},"type":"binary-expr","locations":[{"start":{"line":4,"column":18},"end":{"line":4,"column":39}},{"start":{"line":4,"column":43},"end":{"line":4,"column":67}}],"line":4}},"s":{"0":3,"1":3,"2":3,"3":3,"4":3,"5":0,"6":3,"7":0,"8":3},"f":{"0":0,"1":0},"b":{"0":[3,0]},"_coverageSchema":"1a1c01bbd47fc00a2c39e90264f33305004495a9","hash":"527ec907c764e27a7899daae783fea620d91a8db"}
,"E:\\CSE\\CODES\\github\\CSE-3200-System-Development-Project-ML-Integrated-LMS\\server\\controllers\\adminController.js": {"path":"E:\\CSE\\CODES\\github\\CSE-3200-System-Development-Project-ML-Integrated-LMS\\server\\controllers\\adminController.js","statementMap":{"0":{"start":{"line":1,"column":13},"end":{"line":1,"column":38}},"1":{"start":{"line":2,"column":30},"end":{"line":2,"column":62}},"2":{"start":{"line":3,"column":13},"end":{"line":3,"column":28}},"3":{"start":{"line":4,"column":15},"end":{"line":4,"column":32}},"4":{"start":{"line":5,"column":31},"end":{"line":5,"column":68}},"5":{"start":{"line":6,"column":21},"end":{"line":6,"column":54}},"6":{"start":{"line":7,"column":29},"end":{"line":7,"column":70}},"7":{"start":{"line":8,"column":27},"end":{"line":8,"column":66}},"8":{"start":{"line":9,"column":30},"end":{"line":9,"column":72}},"9":{"start":{"line":10,"column":22},"end":{"line":10,"column":56}},"10":{"start":{"line":11,"column":23},"end":{"line":11,"column":64}},"11":{"start":{"line":13,"column":31},"end":{"line":29,"column":1}},"12":{"start":{"line":14,"column":20},"end":{"line":14,"column":48}},"13":{"start":{"line":15,"column":20},"end":{"line":15,"column":48}},"14":{"start":{"line":16,"column":18},"end":{"line":16,"column":30}},"15":{"start":{"line":17,"column":19},"end":{"line":17,"column":50}},"16":{"start":{"line":19,"column":17},"end":{"line":19,"column":19}},"17":{"start":{"line":20,"column":2},"end":{"line":20,"column":70}},"18":{"start":{"line":21,"column":2},"end":{"line":21,"column":70}},"19":{"start":{"line":22,"column":2},"end":{"line":22,"column":66}},"20":{"start":{"line":24,"column":2},"end":{"line":26,"column":3}},"21":{"start":{"line":24,"column":15},"end":{"line":24,"column":16}},"22":{"start":{"line":25,"column":4},"end":{"line":25,"column":70}},"23":{"start":{"line":28,"column":2},"end":{"line":28,"column":69}},"24":{"start":{"line":28,"column":39},"end":{"line":28,"column":58}},"25":{"start":{"line":31,"column":0},"end":{"line":76,"column":2}},"26":{"start":{"line":32,"column":2},"end":{"line":75,"column":3}},"27":{"start":{"line":33,"column":61},"end":{"line":33,"column":70}},"28":{"start":{"line":35,"column":17},"end":{"line":35,"column":19}},"29":{"start":{"line":37,"column":4},"end":{"line":37,"column":47}},"30":{"start":{"line":37,"column":14},"end":{"line":37,"column":47}},"31":{"start":{"line":39,"column":4},"end":{"line":46,"column":5}},"32":{"start":{"line":40,"column":26},"end":{"line":40,"column":49}},"33":{"start":{"line":41,"column":6},"end":{"line":45,"column":8}},"34":{"start":{"line":48,"column":4},"end":{"line":48,"column":75}},"35":{"start":{"line":48,"column":20},"end":{"line":48,"column":75}},"36":{"start":{"line":49,"column":4},"end":{"line":49,"column":78}},"37":{"start":{"line":49,"column":21},"end":{"line":49,"column":78}},"38":{"start":{"line":51,"column":4},"end":{"line":59,"column":5}},"39":{"start":{"line":52,"column":25},"end":{"line":52,"column":54}},"40":{"start":{"line":53,"column":6},"end":{"line":58,"column":7}},"41":{"start":{"line":54,"column":8},"end":{"line":54,"column":66}},"42":{"start":{"line":55,"column":8},"end":{"line":55,"column":26}},"43":{"start":{"line":57,"column":8},"end":{"line":57,"column":33}},"44":{"start":{"line":61,"column":18},"end":{"line":61,"column":61}},"45":{"start":{"line":63,"column":4},"end":{"line":67,"column":7}},"46":{"start":{"line":70,"column":4},"end":{"line":70,"column":49}},"47":{"start":{"line":71,"column":4},"end":{"line":74,"column":7}},"48":{"start":{"line":78,"column":0},"end":{"line":97,"column":2}},"49":{"start":{"line":79,"column":2},"end":{"line":96,"column":3}},"50":{"start":{"line":80,"column":21},"end":{"line":80,"column":96}},"51":{"start":{"line":81,"column":21},"end":{"line":81,"column":95}},"52":{"start":{"line":83,"column":4},"end":{"line":89,"column":7}},"53":{"start":{"line":91,"column":4},"end":{"line":91,"column":54}},"54":{"start":{"line":92,"column":4},"end":{"line":95,"column":7}},"55":{"start":{"line":99,"column":0},"end":{"line":262,"column":2}},"56":{"start":{"line":100,"column":2},"end":{"line":261,"column":3}},"57":{"start":{"line":101,"column":19},"end":{"line":101,"column":38}},"58":{"start":{"line":102,"column":4},"end":{"line":104,"column":5}},"59":{"start":{"line":103,"column":6},"end":{"line":103,"column":83}},"60":{"start":{"line":106,"column":20},"end":{"line":106,"column":35}},"61":{"start":{"line":107,"column":19},"end":{"line":107,"column":107}},"62":{"start":{"line":108,"column":19},"end":{"line":108,"column":107}},"63":{"start":{"line":109,"column":4},"end":{"line":111,"column":5}},"64":{"start":{"line":110,"column":6},"end":{"line":110,"column":127}},"65":{"start":{"line":113,"column":21},"end":{"line":113,"column":67}},"66":{"start":{"line":114,"column":22},"end":{"line":114,"column":44}},"67":{"start":{"line":115,"column":18},"end":{"line":115,"column":44}},"68":{"start":{"line":116,"column":4},"end":{"line":118,"column":5}},"69":{"start":{"line":117,"column":6},"end":{"line":117,"column":93}},"70":{"start":{"line":120,"column":17},"end":{"line":120,"column":64}},"71":{"start":{"line":121,"column":4},"end":{"line":123,"column":5}},"72":{"start":{"line":122,"column":6},"end":{"line":122,"column":81}},"73":{"start":{"line":125,"column":20},"end":{"line":129,"column":5}},"74":{"start":{"line":131,"column":25},"end":{"line":146,"column":5}},"75":{"start":{"line":132,"column":24},"end":{"line":132,"column":90}},"76":{"start":{"line":132,"column":33},"end":{"line":132,"column":90}},"77":{"start":{"line":133,"column":6},"end":{"line":137,"column":7}},"78":{"start":{"line":134,"column":8},"end":{"line":136,"column":9}},"79":{"start":{"line":135,"column":10},"end":{"line":135,"column":41}},"80":{"start":{"line":138,"column":26},"end":{"line":138,"column":45}},"81":{"start":{"line":139,"column":6},"end":{"line":144,"column":7}},"82":{"start":{"line":140,"column":27},"end":{"line":140,"column":44}},"83":{"start":{"line":141,"column":8},"end":{"line":143,"column":9}},"84":{"start":{"line":142,"column":10},"end":{"line":142,"column":41}},"85":{"start":{"line":145,"column":6},"end":{"line":145,"column":16}},"86":{"start":{"line":148,"column":26},"end":{"line":148,"column":28}},"87":{"start":{"line":149,"column":25},"end":{"line":149,"column":27}},"88":{"start":{"line":150,"column":29},"end":{"line":150,"column":38}},"89":{"start":{"line":151,"column":26},"end":{"line":151,"column":28}},"90":{"start":{"line":153,"column":4},"end":{"line":187,"column":5}},"91":{"start":{"line":153,"column":19},"end":{"line":153,"column":20}},"92":{"start":{"line":154,"column":18},"end":{"line":154,"column":27}},"93":{"start":{"line":155,"column":19},"end":{"line":155,"column":54}},"94":{"start":{"line":156,"column":19},"end":{"line":156,"column":54}},"95":{"start":{"line":158,"column":6},"end":{"line":161,"column":7}},"96":{"start":{"line":159,"column":8},"end":{"line":159,"column":78}},"97":{"start":{"line":160,"column":8},"end":{"line":160,"column":17}},"98":{"start":{"line":163,"column":24},"end":{"line":163,"column":48}},"99":{"start":{"line":164,"column":26},"end":{"line":164,"column":70}},"100":{"start":{"line":165,"column":23},"end":{"line":165,"column":74}},"101":{"start":{"line":166,"column":20},"end":{"line":166,"column":70}},"102":{"start":{"line":168,"column":25},"end":{"line":168,"column":48}},"103":{"start":{"line":169,"column":21},"end":{"line":169,"column":25}},"104":{"start":{"line":170,"column":6},"end":{"line":173,"column":7}},"105":{"start":{"line":171,"column":8},"end":{"line":171,"column":46}},"106":{"start":{"line":172,"column":8},"end":{"line":172,"column":39}},"107":{"start":{"line":175,"column":6},"end":{"line":175,"column":32}},"108":{"start":{"line":176,"column":6},"end":{"line":176,"column":30}},"109":{"start":{"line":178,"column":6},"end":{"line":186,"column":9}},"110":{"start":{"line":189,"column":23},"end":{"line":189,"column":54}},"111":{"start":{"line":190,"column":26},"end":{"line":195,"column":34}},"112":{"start":{"line":197,"column":27},"end":{"line":197,"column":67}},"113":{"start":{"line":197,"column":58},"end":{"line":197,"column":65}},"114":{"start":{"line":198,"column":26},"end":{"line":198,"column":65}},"115":{"start":{"line":198,"column":57},"end":{"line":198,"column":63}},"116":{"start":{"line":200,"column":25},"end":{"line":200,"column":109}},"117":{"start":{"line":201,"column":20},"end":{"line":201,"column":74}},"118":{"start":{"line":201,"column":50},"end":{"line":201,"column":72}},"119":{"start":{"line":203,"column":26},"end":{"line":203,"column":28}},"120":{"start":{"line":204,"column":29},"end":{"line":204,"column":38}},"121":{"start":{"line":205,"column":28},"end":{"line":205,"column":37}},"122":{"start":{"line":207,"column":4},"end":{"line":246,"column":5}},"123":{"start":{"line":208,"column":107},"end":{"line":208,"column":111}},"124":{"start":{"line":210,"column":6},"end":{"line":213,"column":7}},"125":{"start":{"line":211,"column":8},"end":{"line":211,"column":111}},"126":{"start":{"line":212,"column":8},"end":{"line":212,"column":17}},"127":{"start":{"line":215,"column":6},"end":{"line":215,"column":34}},"128":{"start":{"line":216,"column":6},"end":{"line":216,"column":32}},"129":{"start":{"line":218,"column":28},"end":{"line":218,"column":38}},"130":{"start":{"line":219,"column":6},"end":{"line":223,"column":7}},"131":{"start":{"line":220,"column":8},"end":{"line":220,"column":48}},"132":{"start":{"line":221,"column":13},"end":{"line":223,"column":7}},"133":{"start":{"line":222,"column":8},"end":{"line":222,"column":29}},"134":{"start":{"line":225,"column":29},"end":{"line":225,"column":53}},"135":{"start":{"line":226,"column":19},"end":{"line":226,"column":43}},"136":{"start":{"line":227,"column":29},"end":{"line":227,"column":68}},"137":{"start":{"line":229,"column":6},"end":{"line":245,"column":9}},"138":{"start":{"line":248,"column":4},"end":{"line":255,"column":5}},"139":{"start":{"line":249,"column":6},"end":{"line":254,"column":7}},"140":{"start":{"line":250,"column":8},"end":{"line":250,"column":45}},"141":{"start":{"line":251,"column":8},"end":{"line":251,"column":48}},"142":{"start":{"line":253,"column":8},"end":{"line":253,"column":78}},"143":{"start":{"line":257,"column":4},"end":{"line":257,"column":63}},"144":{"start":{"line":259,"column":4},"end":{"line":259,"column":51}},"145":{"start":{"line":260,"column":4},"end":{"line":260,"column":96}},"146":{"start":{"line":264,"column":0},"end":{"line":290,"column":2}},"147":{"start":{"line":265,"column":2},"end":{"line":289,"column":3}},"148":{"start":{"line":266,"column":21},"end":{"line":266,"column":79}},"149":{"start":{"line":267,"column":21},"end":{"line":267,"column":30}},"150":{"start":{"line":269,"column":4},"end":{"line":282,"column":5}},"151":{"start":{"line":270,"column":19},"end":{"line":270,"column":46}},"152":{"start":{"line":271,"column":6},"end":{"line":271,"column":26}},"153":{"start":{"line":271,"column":17},"end":{"line":271,"column":26}},"154":{"start":{"line":272,"column":21},"end":{"line":272,"column":44}},"155":{"start":{"line":273,"column":6},"end":{"line":273,"column":38}},"156":{"start":{"line":273,"column":29},"end":{"line":273,"column":38}},"157":{"start":{"line":274,"column":23},"end":{"line":274,"column":41}},"158":{"start":{"line":275,"column":21},"end":{"line":275,"column":43}},"159":{"start":{"line":276,"column":20},"end":{"line":276,"column":50}},"160":{"start":{"line":277,"column":22},"end":{"line":277,"column":47}},"161":{"start":{"line":278,"column":19},"end":{"line":278,"column":56}},"162":{"start":{"line":279,"column":6},"end":{"line":281,"column":7}},"163":{"start":{"line":280,"column":8},"end":{"line":280,"column":27}},"164":{"start":{"line":284,"column":20},"end":{"line":284,"column":62}},"165":{"start":{"line":284,"column":56},"end":{"line":284,"column":61}},"166":{"start":{"line":285,"column":4},"end":{"line":285,"column":66}},"167":{"start":{"line":287,"column":4},"end":{"line":287,"column":55}},"168":{"start":{"line":288,"column":4},"end":{"line":288,"column":102}},"169":{"start":{"line":292,"column":0},"end":{"line":331,"column":2}},"170":{"start":{"line":293,"column":2},"end":{"line":330,"column":3}},"171":{"start":{"line":294,"column":25},"end":{"line":294,"column":35}},"172":{"start":{"line":295,"column":19},"end":{"line":295,"column":46}},"173":{"start":{"line":297,"column":19},"end":{"line":297,"column":87}},"174":{"start":{"line":298,"column":4},"end":{"line":300,"column":5}},"175":{"start":{"line":299,"column":6},"end":{"line":299,"column":83}},"176":{"start":{"line":302,"column":4},"end":{"line":308,"column":5}},"177":{"start":{"line":303,"column":6},"end":{"line":307,"column":9}},"178":{"start":{"line":310,"column":23},"end":{"line":310,"column":48}},"179":{"start":{"line":311,"column":32},"end":{"line":311,"column":42}},"180":{"start":{"line":313,"column":19},"end":{"line":313,"column":40}},"181":{"start":{"line":314,"column":21},"end":{"line":320,"column":11}},"182":{"start":{"line":322,"column":4},"end":{"line":326,"column":7}},"183":{"start":{"line":328,"column":4},"end":{"line":328,"column":59}},"184":{"start":{"line":329,"column":4},"end":{"line":329,"column":88}},"185":{"start":{"line":333,"column":0},"end":{"line":374,"column":2}},"186":{"start":{"line":334,"column":2},"end":{"line":373,"column":3}},"187":{"start":{"line":335,"column":23},"end":{"line":335,"column":33}},"188":{"start":{"line":337,"column":17},"end":{"line":337,"column":44}},"189":{"start":{"line":339,"column":4},"end":{"line":344,"column":5}},"190":{"start":{"line":340,"column":6},"end":{"line":343,"column":9}},"191":{"start":{"line":346,"column":4},"end":{"line":351,"column":5}},"192":{"start":{"line":347,"column":6},"end":{"line":350,"column":9}},"193":{"start":{"line":353,"column":4},"end":{"line":353,"column":35}},"194":{"start":{"line":354,"column":4},"end":{"line":354,"column":22}},"195":{"start":{"line":356,"column":4},"end":{"line":365,"column":7}},"196":{"start":{"line":368,"column":4},"end":{"line":368,"column":54}},"197":{"start":{"line":369,"column":4},"end":{"line":372,"column":7}},"198":{"start":{"line":376,"column":0},"end":{"line":425,"column":2}},"199":{"start":{"line":377,"column":2},"end":{"line":424,"column":3}},"200":{"start":{"line":378,"column":23},"end":{"line":378,"column":33}},"201":{"start":{"line":379,"column":25},"end":{"line":379,"column":33}},"202":{"start":{"line":381,"column":4},"end":{"line":386,"column":5}},"203":{"start":{"line":382,"column":6},"end":{"line":385,"column":9}},"204":{"start":{"line":388,"column":17},"end":{"line":388,"column":44}},"205":{"start":{"line":390,"column":4},"end":{"line":395,"column":5}},"206":{"start":{"line":391,"column":6},"end":{"line":394,"column":9}},"207":{"start":{"line":397,"column":4},"end":{"line":402,"column":5}},"208":{"start":{"line":398,"column":6},"end":{"line":401,"column":9}},"209":{"start":{"line":404,"column":4},"end":{"line":404,"column":29}},"210":{"start":{"line":405,"column":4},"end":{"line":405,"column":22}},"211":{"start":{"line":407,"column":4},"end":{"line":416,"column":7}},"212":{"start":{"line":419,"column":4},"end":{"line":419,"column":51}},"213":{"start":{"line":420,"column":4},"end":{"line":423,"column":7}},"214":{"start":{"line":427,"column":0},"end":{"line":461,"column":2}},"215":{"start":{"line":428,"column":2},"end":{"line":460,"column":3}},"216":{"start":{"line":429,"column":23},"end":{"line":429,"column":33}},"217":{"start":{"line":431,"column":17},"end":{"line":431,"column":44}},"218":{"start":{"line":433,"column":4},"end":{"line":438,"column":5}},"219":{"start":{"line":434,"column":6},"end":{"line":437,"column":9}},"220":{"start":{"line":440,"column":4},"end":{"line":445,"column":5}},"221":{"start":{"line":441,"column":6},"end":{"line":444,"column":9}},"222":{"start":{"line":447,"column":4},"end":{"line":447,"column":41}},"223":{"start":{"line":449,"column":4},"end":{"line":452,"column":7}},"224":{"start":{"line":455,"column":4},"end":{"line":455,"column":47}},"225":{"start":{"line":456,"column":4},"end":{"line":459,"column":7}},"226":{"start":{"line":463,"column":0},"end":{"line":530,"column":2}},"227":{"start":{"line":464,"column":2},"end":{"line":529,"column":3}},"228":{"start":{"line":465,"column":36},"end":{"line":465,"column":44}},"229":{"start":{"line":467,"column":29},"end":{"line":467,"column":110}},"230":{"start":{"line":469,"column":4},"end":{"line":474,"column":5}},"231":{"start":{"line":470,"column":6},"end":{"line":473,"column":9}},"232":{"start":{"line":476,"column":4},"end":{"line":481,"column":5}},"233":{"start":{"line":477,"column":6},"end":{"line":480,"column":9}},"234":{"start":{"line":483,"column":4},"end":{"line":488,"column":5}},"235":{"start":{"line":484,"column":6},"end":{"line":487,"column":9}},"236":{"start":{"line":490,"column":24},"end":{"line":490,"column":43}},"237":{"start":{"line":491,"column":23},"end":{"line":491,"column":50}},"238":{"start":{"line":493,"column":21},"end":{"line":496,"column":67}},"239":{"start":{"line":498,"column":4},"end":{"line":503,"column":5}},"240":{"start":{"line":499,"column":6},"end":{"line":502,"column":9}},"241":{"start":{"line":505,"column":23},"end":{"line":510,"column":7}},"242":{"start":{"line":505,"column":42},"end":{"line":510,"column":5}},"243":{"start":{"line":512,"column":22},"end":{"line":512,"column":58}},"244":{"start":{"line":513,"column":21},"end":{"line":513,"column":42}},"245":{"start":{"line":514,"column":4},"end":{"line":514,"column":69}},"246":{"start":{"line":516,"column":24},"end":{"line":516,"column":82}},"247":{"start":{"line":518,"column":4},"end":{"line":518,"column":103}},"248":{"start":{"line":519,"column":4},"end":{"line":519,"column":104}},"249":{"start":{"line":521,"column":4},"end":{"line":521,"column":26}},"250":{"start":{"line":524,"column":4},"end":{"line":524,"column":54}},"251":{"start":{"line":525,"column":4},"end":{"line":528,"column":7}},"252":{"start":{"line":532,"column":0},"end":{"line":577,"column":2}},"253":{"start":{"line":533,"column":2},"end":{"line":576,"column":3}},"254":{"start":{"line":534,"column":4},"end":{"line":536,"column":5}},"255":{"start":{"line":535,"column":6},"end":{"line":535,"column":83}},"256":{"start":{"line":538,"column":27},"end":{"line":538,"column":42}},"257":{"start":{"line":539,"column":26},"end":{"line":539,"column":142}},"258":{"start":{"line":540,"column":26},"end":{"line":540,"column":142}},"259":{"start":{"line":541,"column":4},"end":{"line":543,"column":5}},"260":{"start":{"line":542,"column":6},"end":{"line":542,"column":127}},"261":{"start":{"line":545,"column":21},"end":{"line":545,"column":67}},"262":{"start":{"line":546,"column":22},"end":{"line":546,"column":44}},"263":{"start":{"line":547,"column":18},"end":{"line":547,"column":44}},"264":{"start":{"line":549,"column":4},"end":{"line":551,"column":5}},"265":{"start":{"line":550,"column":6},"end":{"line":550,"column":93}},"266":{"start":{"line":553,"column":17},"end":{"line":553,"column":64}},"267":{"start":{"line":554,"column":4},"end":{"line":556,"column":5}},"268":{"start":{"line":555,"column":6},"end":{"line":555,"column":81}},"269":{"start":{"line":558,"column":20},"end":{"line":558,"column":50}},"270":{"start":{"line":560,"column":4},"end":{"line":569,"column":7}},"271":{"start":{"line":571,"column":4},"end":{"line":571,"column":51}},"272":{"start":{"line":572,"column":4},"end":{"line":575,"column":7}},"273":{"start":{"line":579,"column":0},"end":{"line":661,"column":2}},"274":{"start":{"line":580,"column":2},"end":{"line":660,"column":3}},"275":{"start":{"line":581,"column":27},"end":{"line":581,"column":35}},"276":{"start":{"line":583,"column":4},"end":{"line":585,"column":5}},"277":{"start":{"line":584,"column":6},"end":{"line":584,"column":89}},"278":{"start":{"line":587,"column":22},"end":{"line":587,"column":73}},"279":{"start":{"line":588,"column":21},"end":{"line":596,"column":11}},"280":{"start":{"line":598,"column":4},"end":{"line":603,"column":5}},"281":{"start":{"line":599,"column":6},"end":{"line":602,"column":9}},"282":{"start":{"line":605,"column":21},"end":{"line":605,"column":42}},"283":{"start":{"line":607,"column":25},"end":{"line":607,"column":71}},"284":{"start":{"line":607,"column":46},"end":{"line":607,"column":63}},"285":{"start":{"line":608,"column":28},"end":{"line":608,"column":58}},"286":{"start":{"line":610,"column":23},"end":{"line":615,"column":7}},"287":{"start":{"line":610,"column":42},"end":{"line":615,"column":5}},"288":{"start":{"line":617,"column":22},"end":{"line":617,"column":58}},"289":{"start":{"line":619,"column":4},"end":{"line":626,"column":5}},"290":{"start":{"line":620,"column":6},"end":{"line":625,"column":26}},"291":{"start":{"line":628,"column":4},"end":{"line":633,"column":6}},"292":{"start":{"line":635,"column":4},"end":{"line":635,"column":77}},"293":{"start":{"line":637,"column":22},"end":{"line":637,"column":60}},"294":{"start":{"line":638,"column":21},"end":{"line":638,"column":74}},"295":{"start":{"line":640,"column":19},"end":{"line":640,"column":77}},"296":{"start":{"line":642,"column":4},"end":{"line":645,"column":7}},"297":{"start":{"line":647,"column":4},"end":{"line":647,"column":21}},"298":{"start":{"line":649,"column":4},"end":{"line":649,"column":62}},"299":{"start":{"line":650,"column":4},"end":{"line":650,"column":47}},"300":{"start":{"line":651,"column":4},"end":{"line":655,"column":7}},"301":{"start":{"line":656,"column":4},"end":{"line":659,"column":7}},"302":{"start":{"line":663,"column":0},"end":{"line":709,"column":2}},"303":{"start":{"line":664,"column":2},"end":{"line":708,"column":3}},"304":{"start":{"line":665,"column":23},"end":{"line":665,"column":33}},"305":{"start":{"line":666,"column":26},"end":{"line":666,"column":34}},"306":{"start":{"line":668,"column":4},"end":{"line":670,"column":5}},"307":{"start":{"line":669,"column":6},"end":{"line":669,"column":90}},"308":{"start":{"line":672,"column":20},"end":{"line":672,"column":68}},"309":{"start":{"line":673,"column":23},"end":{"line":673,"column":49}},"310":{"start":{"line":674,"column":4},"end":{"line":676,"column":5}},"311":{"start":{"line":675,"column":6},"end":{"line":675,"column":92}},"312":{"start":{"line":678,"column":17},"end":{"line":678,"column":44}},"313":{"start":{"line":679,"column":4},"end":{"line":681,"column":5}},"314":{"start":{"line":680,"column":6},"end":{"line":680,"column":81}},"315":{"start":{"line":683,"column":4},"end":{"line":685,"column":5}},"316":{"start":{"line":684,"column":6},"end":{"line":684,"column":107}},"317":{"start":{"line":687,"column":4},"end":{"line":687,"column":34}},"318":{"start":{"line":688,"column":4},"end":{"line":688,"column":22}},"319":{"start":{"line":690,"column":4},"end":{"line":704,"column":7}},"320":{"start":{"line":706,"column":4},"end":{"line":706,"column":51}},"321":{"start":{"line":707,"column":4},"end":{"line":707,"column":90}},"322":{"start":{"line":711,"column":0},"end":{"line":765,"column":2}},"323":{"start":{"line":712,"column":2},"end":{"line":764,"column":3}},"324":{"start":{"line":713,"column":23},"end":{"line":713,"column":33}},"325":{"start":{"line":715,"column":17},"end":{"line":715,"column":44}},"326":{"start":{"line":716,"column":4},"end":{"line":718,"column":5}},"327":{"start":{"line":717,"column":6},"end":{"line":717,"column":81}},"328":{"start":{"line":720,"column":4},"end":{"line":722,"column":5}},"329":{"start":{"line":721,"column":6},"end":{"line":721,"column":104}},"330":{"start":{"line":724,"column":4},"end":{"line":726,"column":5}},"331":{"start":{"line":725,"column":6},"end":{"line":725,"column":106}},"332":{"start":{"line":728,"column":4},"end":{"line":730,"column":5}},"333":{"start":{"line":729,"column":6},"end":{"line":729,"column":106}},"334":{"start":{"line":732,"column":4},"end":{"line":739,"column":6}},"335":{"start":{"line":741,"column":4},"end":{"line":741,"column":33}},"336":{"start":{"line":742,"column":4},"end":{"line":742,"column":22}},"337":{"start":{"line":744,"column":4},"end":{"line":760,"column":7}},"338":{"start":{"line":762,"column":4},"end":{"line":762,"column":55}},"339":{"start":{"line":763,"column":4},"end":{"line":763,"column":94}},"340":{"start":{"line":767,"column":0},"end":{"line":804,"column":2}},"341":{"start":{"line":768,"column":2},"end":{"line":803,"column":3}},"342":{"start":{"line":769,"column":23},"end":{"line":769,"column":33}},"343":{"start":{"line":771,"column":17},"end":{"line":771,"column":44}},"344":{"start":{"line":772,"column":4},"end":{"line":774,"column":5}},"345":{"start":{"line":773,"column":6},"end":{"line":773,"column":81}},"346":{"start":{"line":776,"column":4},"end":{"line":778,"column":5}},"347":{"start":{"line":777,"column":6},"end":{"line":777,"column":112}},"348":{"start":{"line":780,"column":4},"end":{"line":780,"column":34}},"349":{"start":{"line":781,"column":4},"end":{"line":781,"column":22}},"350":{"start":{"line":783,"column":4},"end":{"line":799,"column":7}},"351":{"start":{"line":801,"column":4},"end":{"line":801,"column":58}},"352":{"start":{"line":802,"column":4},"end":{"line":802,"column":95}},"353":{"start":{"line":806,"column":0},"end":{"line":949,"column":2}},"354":{"start":{"line":807,"column":2},"end":{"line":948,"column":3}},"355":{"start":{"line":808,"column":4},"end":{"line":813,"column":5}},"356":{"start":{"line":809,"column":6},"end":{"line":812,"column":9}},"357":{"start":{"line":815,"column":25},"end":{"line":815,"column":35}},"358":{"start":{"line":816,"column":35},"end":{"line":816,"column":43}},"359":{"start":{"line":818,"column":4},"end":{"line":823,"column":5}},"360":{"start":{"line":819,"column":6},"end":{"line":822,"column":9}},"361":{"start":{"line":825,"column":19},"end":{"line":825,"column":46}},"362":{"start":{"line":826,"column":19},"end":{"line":826,"column":50}},"363":{"start":{"line":827,"column":4},"end":{"line":832,"column":5}},"364":{"start":{"line":828,"column":6},"end":{"line":831,"column":9}},"365":{"start":{"line":834,"column":4},"end":{"line":854,"column":5}},"366":{"start":{"line":835,"column":6},"end":{"line":840,"column":7}},"367":{"start":{"line":836,"column":8},"end":{"line":839,"column":11}},"368":{"start":{"line":841,"column":6},"end":{"line":846,"column":7}},"369":{"start":{"line":842,"column":8},"end":{"line":845,"column":11}},"370":{"start":{"line":848,"column":6},"end":{"line":853,"column":7}},"371":{"start":{"line":849,"column":8},"end":{"line":852,"column":11}},"372":{"start":{"line":856,"column":20},"end":{"line":856,"column":50}},"373":{"start":{"line":857,"column":4},"end":{"line":862,"column":5}},"374":{"start":{"line":858,"column":6},"end":{"line":861,"column":9}},"375":{"start":{"line":864,"column":4},"end":{"line":869,"column":5}},"376":{"start":{"line":865,"column":6},"end":{"line":868,"column":9}},"377":{"start":{"line":871,"column":4},"end":{"line":873,"column":5}},"378":{"start":{"line":872,"column":6},"end":{"line":872,"column":35}},"379":{"start":{"line":875,"column":4},"end":{"line":880,"column":7}},"380":{"start":{"line":876,"column":6},"end":{"line":878,"column":7}},"381":{"start":{"line":877,"column":8},"end":{"line":877,"column":48}},"382":{"start":{"line":879,"column":6},"end":{"line":879,"column":18}},"383":{"start":{"line":882,"column":31},"end":{"line":888,"column":5}},"384":{"start":{"line":884,"column":31},"end":{"line":884,"column":58}},"385":{"start":{"line":885,"column":29},"end":{"line":885,"column":54}},"386":{"start":{"line":886,"column":8},"end":{"line":886,"column":53}},"387":{"start":{"line":890,"column":4},"end":{"line":895,"column":5}},"388":{"start":{"line":891,"column":6},"end":{"line":894,"column":9}},"389":{"start":{"line":897,"column":4},"end":{"line":902,"column":5}},"390":{"start":{"line":898,"column":6},"end":{"line":901,"column":9}},"391":{"start":{"line":904,"column":4},"end":{"line":915,"column":5}},"392":{"start":{"line":905,"column":37},"end":{"line":907,"column":7}},"393":{"start":{"line":906,"column":13},"end":{"line":906,"column":34}},"394":{"start":{"line":909,"column":6},"end":{"line":914,"column":7}},"395":{"start":{"line":910,"column":8},"end":{"line":913,"column":11}},"396":{"start":{"line":917,"column":4},"end":{"line":920,"column":7}},"397":{"start":{"line":921,"column":4},"end":{"line":921,"column":24}},"398":{"start":{"line":923,"column":4},"end":{"line":923,"column":80}},"399":{"start":{"line":925,"column":40},"end":{"line":929,"column":7}},"400":{"start":{"line":925,"column":83},"end":{"line":929,"column":5}},"401":{"start":{"line":931,"column":4},"end":{"line":940,"column":7}},"402":{"start":{"line":943,"column":4},"end":{"line":943,"column":60}},"403":{"start":{"line":944,"column":4},"end":{"line":947,"column":7}},"404":{"start":{"line":951,"column":0},"end":{"line":1023,"column":2}},"405":{"start":{"line":952,"column":2},"end":{"line":1022,"column":3}},"406":{"start":{"line":953,"column":4},"end":{"line":958,"column":5}},"407":{"start":{"line":954,"column":6},"end":{"line":957,"column":9}},"408":{"start":{"line":960,"column":36},"end":{"line":960,"column":46}},"409":{"start":{"line":962,"column":19},"end":{"line":962,"column":46}},"410":{"start":{"line":963,"column":19},"end":{"line":963,"column":50}},"411":{"start":{"line":964,"column":4},"end":{"line":969,"column":5}},"412":{"start":{"line":965,"column":6},"end":{"line":968,"column":9}},"413":{"start":{"line":971,"column":4},"end":{"line":976,"column":5}},"414":{"start":{"line":972,"column":6},"end":{"line":975,"column":9}},"415":{"start":{"line":978,"column":4},"end":{"line":983,"column":7}},"416":{"start":{"line":979,"column":6},"end":{"line":981,"column":7}},"417":{"start":{"line":980,"column":8},"end":{"line":980,"column":48}},"418":{"start":{"line":982,"column":6},"end":{"line":982,"column":18}},"419":{"start":{"line":985,"column":26},"end":{"line":985,"column":56}},"420":{"start":{"line":986,"column":4},"end":{"line":992,"column":6}},"421":{"start":{"line":988,"column":31},"end":{"line":988,"column":58}},"422":{"start":{"line":989,"column":29},"end":{"line":989,"column":54}},"423":{"start":{"line":990,"column":8},"end":{"line":990,"column":53}},"424":{"start":{"line":994,"column":4},"end":{"line":999,"column":5}},"425":{"start":{"line":995,"column":6},"end":{"line":998,"column":9}},"426":{"start":{"line":1001,"column":4},"end":{"line":1001,"column":24}},"427":{"start":{"line":1003,"column":4},"end":{"line":1003,"column":80}},"428":{"start":{"line":1005,"column":4},"end":{"line":1014,"column":7}},"429":{"start":{"line":1017,"column":4},"end":{"line":1017,"column":64}},"430":{"start":{"line":1018,"column":4},"end":{"line":1021,"column":7}},"431":{"start":{"line":1025,"column":0},"end":{"line":1070,"column":2}},"432":{"start":{"line":1026,"column":2},"end":{"line":1069,"column":3}},"433":{"start":{"line":1027,"column":4},"end":{"line":1032,"column":5}},"434":{"start":{"line":1028,"column":6},"end":{"line":1031,"column":9}},"435":{"start":{"line":1034,"column":25},"end":{"line":1034,"column":35}},"436":{"start":{"line":1036,"column":19},"end":{"line":1036,"column":46}},"437":{"start":{"line":1037,"column":19},"end":{"line":1038,"column":78}},"438":{"start":{"line":1040,"column":4},"end":{"line":1045,"column":5}},"439":{"start":{"line":1041,"column":6},"end":{"line":1044,"column":9}},"440":{"start":{"line":1047,"column":29},"end":{"line":1049,"column":38}},"441":{"start":{"line":1051,"column":4},"end":{"line":1061,"column":7}},"442":{"start":{"line":1064,"column":4},"end":{"line":1064,"column":57}},"443":{"start":{"line":1065,"column":4},"end":{"line":1068,"column":7}},"444":{"start":{"line":1072,"column":0},"end":{"line":1131,"column":2}},"445":{"start":{"line":1073,"column":2},"end":{"line":1130,"column":3}},"446":{"start":{"line":1074,"column":4},"end":{"line":1079,"column":5}},"447":{"start":{"line":1075,"column":6},"end":{"line":1078,"column":9}},"448":{"start":{"line":1081,"column":23},"end":{"line":1081,"column":33}},"449":{"start":{"line":1082,"column":23},"end":{"line":1082,"column":31}},"450":{"start":{"line":1084,"column":17},"end":{"line":1084,"column":64}},"451":{"start":{"line":1085,"column":4},"end":{"line":1090,"column":5}},"452":{"start":{"line":1086,"column":6},"end":{"line":1089,"column":9}},"453":{"start":{"line":1092,"column":4},"end":{"line":1097,"column":5}},"454":{"start":{"line":1093,"column":6},"end":{"line":1096,"column":9}},"455":{"start":{"line":1099,"column":26},"end":{"line":1103,"column":5}},"456":{"start":{"line":1105,"column":20},"end":{"line":1105,"column":22}},"457":{"start":{"line":1106,"column":4},"end":{"line":1110,"column":7}},"458":{"start":{"line":1107,"column":6},"end":{"line":1109,"column":7}},"459":{"start":{"line":1108,"column":8},"end":{"line":1108,"column":43}},"460":{"start":{"line":1112,"column":24},"end":{"line":1116,"column":25}},"461":{"start":{"line":1118,"column":4},"end":{"line":1122,"column":7}},"462":{"start":{"line":1125,"column":4},"end":{"line":1125,"column":55}},"463":{"start":{"line":1126,"column":4},"end":{"line":1129,"column":7}},"464":{"start":{"line":1133,"column":0},"end":{"line":1364,"column":2}},"465":{"start":{"line":1134,"column":2},"end":{"line":1363,"column":3}},"466":{"start":{"line":1135,"column":4},"end":{"line":1140,"column":5}},"467":{"start":{"line":1136,"column":6},"end":{"line":1139,"column":9}},"468":{"start":{"line":1142,"column":25},"end":{"line":1142,"column":35}},"469":{"start":{"line":1143,"column":32},"end":{"line":1143,"column":40}},"470":{"start":{"line":1145,"column":4},"end":{"line":1150,"column":5}},"471":{"start":{"line":1146,"column":6},"end":{"line":1149,"column":9}},"472":{"start":{"line":1152,"column":4},"end":{"line":1157,"column":5}},"473":{"start":{"line":1153,"column":6},"end":{"line":1156,"column":9}},"474":{"start":{"line":1159,"column":23},"end":{"line":1159,"column":54}},"475":{"start":{"line":1160,"column":24},"end":{"line":1160,"column":74}},"476":{"start":{"line":1162,"column":4},"end":{"line":1167,"column":5}},"477":{"start":{"line":1163,"column":6},"end":{"line":1166,"column":9}},"478":{"start":{"line":1169,"column":19},"end":{"line":1169,"column":46}},"479":{"start":{"line":1170,"column":19},"end":{"line":1170,"column":50}},"480":{"start":{"line":1172,"column":4},"end":{"line":1177,"column":5}},"481":{"start":{"line":1173,"column":6},"end":{"line":1176,"column":9}},"482":{"start":{"line":1179,"column":78},"end":{"line":1179,"column":86}},"483":{"start":{"line":1180,"column":28},"end":{"line":1180,"column":122}},"484":{"start":{"line":1181,"column":27},"end":{"line":1181,"column":118}},"485":{"start":{"line":1182,"column":23},"end":{"line":1182,"column":102}},"486":{"start":{"line":1184,"column":12},"end":{"line":1184,"column":28}},"487":{"start":{"line":1185,"column":12},"end":{"line":1185,"column":27}},"488":{"start":{"line":1186,"column":12},"end":{"line":1186,"column":23}},"489":{"start":{"line":1187,"column":20},"end":{"line":1187,"column":25}},"490":{"start":{"line":1189,"column":4},"end":{"line":1210,"column":5}},"491":{"start":{"line":1190,"column":6},"end":{"line":1190,"column":26}},"492":{"start":{"line":1191,"column":6},"end":{"line":1191,"column":103}},"493":{"start":{"line":1192,"column":6},"end":{"line":1192,"column":76}},"494":{"start":{"line":1194,"column":6},"end":{"line":1194,"column":27}},"495":{"start":{"line":1195,"column":6},"end":{"line":1195,"column":26}},"496":{"start":{"line":1196,"column":6},"end":{"line":1196,"column":22}},"497":{"start":{"line":1197,"column":6},"end":{"line":1197,"column":23}},"498":{"start":{"line":1199,"column":9},"end":{"line":1210,"column":5}},"499":{"start":{"line":1200,"column":6},"end":{"line":1200,"column":28}},"500":{"start":{"line":1201,"column":6},"end":{"line":1201,"column":26}},"501":{"start":{"line":1202,"column":6},"end":{"line":1202,"column":23}},"502":{"start":{"line":1204,"column":9},"end":{"line":1210,"column":5}},"503":{"start":{"line":1205,"column":6},"end":{"line":1205,"column":27}},"504":{"start":{"line":1206,"column":6},"end":{"line":1206,"column":30}},"505":{"start":{"line":1207,"column":6},"end":{"line":1207,"column":27}},"506":{"start":{"line":1208,"column":6},"end":{"line":1208,"column":22}},"507":{"start":{"line":1209,"column":6},"end":{"line":1209,"column":23}},"508":{"start":{"line":1212,"column":4},"end":{"line":1214,"column":5}},"509":{"start":{"line":1213,"column":6},"end":{"line":1213,"column":26}},"510":{"start":{"line":1216,"column":4},"end":{"line":1227,"column":5}},"511":{"start":{"line":1217,"column":6},"end":{"line":1222,"column":9}},"512":{"start":{"line":1223,"column":6},"end":{"line":1226,"column":9}},"513":{"start":{"line":1229,"column":28},"end":{"line":1231,"column":5}},"514":{"start":{"line":1230,"column":12},"end":{"line":1230,"column":58}},"515":{"start":{"line":1233,"column":4},"end":{"line":1238,"column":5}},"516":{"start":{"line":1234,"column":6},"end":{"line":1237,"column":9}},"517":{"start":{"line":1242,"column":29},"end":{"line":1245,"column":46}},"518":{"start":{"line":1247,"column":32},"end":{"line":1249,"column":5}},"519":{"start":{"line":1248,"column":6},"end":{"line":1248,"column":110}},"520":{"start":{"line":1251,"column":4},"end":{"line":1256,"column":5}},"521":{"start":{"line":1252,"column":6},"end":{"line":1255,"column":9}},"522":{"start":{"line":1258,"column":25},"end":{"line":1259,"column":43}},"523":{"start":{"line":1261,"column":28},"end":{"line":1263,"column":5}},"524":{"start":{"line":1262,"column":6},"end":{"line":1262,"column":90}},"525":{"start":{"line":1262,"column":43},"end":{"line":1262,"column":89}},"526":{"start":{"line":1265,"column":4},"end":{"line":1270,"column":5}},"527":{"start":{"line":1266,"column":6},"end":{"line":1269,"column":9}},"528":{"start":{"line":1272,"column":26},"end":{"line":1272,"column":59}},"529":{"start":{"line":1274,"column":6},"end":{"line":1275,"column":76}},"530":{"start":{"line":1277,"column":4},"end":{"line":1330,"column":5}},"531":{"start":{"line":1278,"column":6},"end":{"line":1329,"column":9}},"532":{"start":{"line":1332,"column":4},"end":{"line":1332,"column":51}},"533":{"start":{"line":1333,"column":4},"end":{"line":1333,"column":24}},"534":{"start":{"line":1335,"column":4},"end":{"line":1341,"column":5}},"535":{"start":{"line":1336,"column":6},"end":{"line":1336,"column":35}},"536":{"start":{"line":1337,"column":6},"end":{"line":1337,"column":43}},"537":{"start":{"line":1338,"column":6},"end":{"line":1338,"column":44}},"538":{"start":{"line":1339,"column":6},"end":{"line":1339,"column":42}},"539":{"start":{"line":1340,"column":6},"end":{"line":1340,"column":37}},"540":{"start":{"line":1343,"column":26},"end":{"line":1344,"column":69}},"541":{"start":{"line":1346,"column":4},"end":{"line":1355,"column":7}},"542":{"start":{"line":1358,"column":4},"end":{"line":1358,"column":58}},"543":{"start":{"line":1359,"column":4},"end":{"line":1362,"column":7}},"544":{"start":{"line":1366,"column":0},"end":{"line":1481,"column":2}},"545":{"start":{"line":1367,"column":2},"end":{"line":1480,"column":3}},"546":{"start":{"line":1368,"column":4},"end":{"line":1373,"column":5}},"547":{"start":{"line":1369,"column":6},"end":{"line":1372,"column":9}},"548":{"start":{"line":1375,"column":25},"end":{"line":1375,"column":35}},"549":{"start":{"line":1376,"column":32},"end":{"line":1376,"column":40}},"550":{"start":{"line":1378,"column":4},"end":{"line":1383,"column":5}},"551":{"start":{"line":1379,"column":6},"end":{"line":1382,"column":9}},"552":{"start":{"line":1385,"column":19},"end":{"line":1385,"column":46}},"553":{"start":{"line":1386,"column":19},"end":{"line":1386,"column":50}},"554":{"start":{"line":1388,"column":4},"end":{"line":1393,"column":5}},"555":{"start":{"line":1389,"column":6},"end":{"line":1392,"column":9}},"556":{"start":{"line":1395,"column":4},"end":{"line":1397,"column":6}},"557":{"start":{"line":1396,"column":12},"end":{"line":1396,"column":61}},"558":{"start":{"line":1399,"column":4},"end":{"line":1399,"column":24}},"559":{"start":{"line":1401,"column":4},"end":{"line":1452,"column":7}},"560":{"start":{"line":1454,"column":4},"end":{"line":1454,"column":33}},"561":{"start":{"line":1455,"column":4},"end":{"line":1455,"column":41}},"562":{"start":{"line":1456,"column":4},"end":{"line":1456,"column":42}},"563":{"start":{"line":1457,"column":4},"end":{"line":1457,"column":40}},"564":{"start":{"line":1458,"column":4},"end":{"line":1458,"column":35}},"565":{"start":{"line":1460,"column":26},"end":{"line":1461,"column":69}},"566":{"start":{"line":1463,"column":4},"end":{"line":1472,"column":7}},"567":{"start":{"line":1475,"column":4},"end":{"line":1475,"column":62}},"568":{"start":{"line":1476,"column":4},"end":{"line":1479,"column":7}},"569":{"start":{"line":1483,"column":0},"end":{"line":1525,"column":2}},"570":{"start":{"line":1484,"column":2},"end":{"line":1524,"column":3}},"571":{"start":{"line":1485,"column":4},"end":{"line":1490,"column":5}},"572":{"start":{"line":1486,"column":6},"end":{"line":1489,"column":9}},"573":{"start":{"line":1492,"column":25},"end":{"line":1492,"column":35}},"574":{"start":{"line":1494,"column":19},"end":{"line":1494,"column":46}},"575":{"start":{"line":1495,"column":19},"end":{"line":1495,"column":50}},"576":{"start":{"line":1497,"column":4},"end":{"line":1502,"column":5}},"577":{"start":{"line":1498,"column":6},"end":{"line":1501,"column":9}},"578":{"start":{"line":1504,"column":29},"end":{"line":1506,"column":38}},"579":{"start":{"line":1508,"column":4},"end":{"line":1516,"column":7}},"580":{"start":{"line":1519,"column":4},"end":{"line":1519,"column":56}},"581":{"start":{"line":1520,"column":4},"end":{"line":1523,"column":7}},"582":{"start":{"line":1527,"column":0},"end":{"line":1579,"column":2}},"583":{"start":{"line":1528,"column":2},"end":{"line":1578,"column":3}},"584":{"start":{"line":1529,"column":4},"end":{"line":1534,"column":5}},"585":{"start":{"line":1530,"column":6},"end":{"line":1533,"column":9}},"586":{"start":{"line":1536,"column":19},"end":{"line":1536,"column":46}},"587":{"start":{"line":1537,"column":20},"end":{"line":1538,"column":43}},"588":{"start":{"line":1540,"column":4},"end":{"line":1546,"column":5}},"589":{"start":{"line":1541,"column":6},"end":{"line":1545,"column":9}},"590":{"start":{"line":1548,"column":30},"end":{"line":1548,"column":32}},"591":{"start":{"line":1549,"column":20},"end":{"line":1549,"column":22}},"592":{"start":{"line":1550,"column":4},"end":{"line":1560,"column":5}},"593":{"start":{"line":1551,"column":21},"end":{"line":1551,"column":68}},"594":{"start":{"line":1552,"column":25},"end":{"line":1552,"column":47}},"595":{"start":{"line":1553,"column":6},"end":{"line":1553,"column":36}},"596":{"start":{"line":1554,"column":6},"end":{"line":1559,"column":9}},"597":{"start":{"line":1562,"column":4},"end":{"line":1564,"column":5}},"598":{"start":{"line":1563,"column":6},"end":{"line":1563,"column":38}},"599":{"start":{"line":1566,"column":4},"end":{"line":1570,"column":7}},"600":{"start":{"line":1573,"column":4},"end":{"line":1573,"column":63}},"601":{"start":{"line":1574,"column":4},"end":{"line":1577,"column":7}}},"fnMap":{"0":{"name":"(anonymous_0)","decl":{"start":{"line":13,"column":31},"end":{"line":13,"column":32}},"loc":{"start":{"line":13,"column":37},"end":{"line":29,"column":1}},"line":13},"1":{"name":"(anonymous_1)","decl":{"start":{"line":28,"column":33},"end":{"line":28,"column":34}},"loc":{"start":{"line":28,"column":39},"end":{"line":28,"column":58}},"line":28},"2":{"name":"(anonymous_2)","decl":{"start":{"line":31,"column":22},"end":{"line":31,"column":23}},"loc":{"start":{"line":31,"column":42},"end":{"line":76,"column":1}},"line":31},"3":{"name":"(anonymous_3)","decl":{"start":{"line":78,"column":27},"end":{"line":78,"column":28}},"loc":{"start":{"line":78,"column":47},"end":{"line":97,"column":1}},"line":78},"4":{"name":"(anonymous_4)","decl":{"start":{"line":99,"column":34},"end":{"line":99,"column":35}},"loc":{"start":{"line":99,"column":54},"end":{"line":262,"column":1}},"line":99},"5":{"name":"(anonymous_5)","decl":{"start":{"line":131,"column":25},"end":{"line":131,"column":26}},"loc":{"start":{"line":131,"column":40},"end":{"line":146,"column":5}},"line":131},"6":{"name":"(anonymous_6)","decl":{"start":{"line":132,"column":24},"end":{"line":132,"column":25}},"loc":{"start":{"line":132,"column":33},"end":{"line":132,"column":90}},"line":132},"7":{"name":"(anonymous_7)","decl":{"start":{"line":197,"column":53},"end":{"line":197,"column":54}},"loc":{"start":{"line":197,"column":58},"end":{"line":197,"column":65}},"line":197},"8":{"name":"(anonymous_8)","decl":{"start":{"line":198,"column":52},"end":{"line":198,"column":53}},"loc":{"start":{"line":198,"column":57},"end":{"line":198,"column":63}},"line":198},"9":{"name":"(anonymous_9)","decl":{"start":{"line":201,"column":45},"end":{"line":201,"column":46}},"loc":{"start":{"line":201,"column":50},"end":{"line":201,"column":72}},"line":201},"10":{"name":"(anonymous_10)","decl":{"start":{"line":264,"column":28},"end":{"line":264,"column":29}},"loc":{"start":{"line":264,"column":48},"end":{"line":290,"column":1}},"line":264},"11":{"name":"(anonymous_11)","decl":{"start":{"line":284,"column":46},"end":{"line":284,"column":47}},"loc":{"start":{"line":284,"column":56},"end":{"line":284,"column":61}},"line":284},"12":{"name":"(anonymous_12)","decl":{"start":{"line":292,"column":31},"end":{"line":292,"column":32}},"loc":{"start":{"line":292,"column":51},"end":{"line":331,"column":1}},"line":292},"13":{"name":"(anonymous_13)","decl":{"start":{"line":333,"column":27},"end":{"line":333,"column":28}},"loc":{"start":{"line":333,"column":47},"end":{"line":374,"column":1}},"line":333},"14":{"name":"(anonymous_14)","decl":{"start":{"line":376,"column":24},"end":{"line":376,"column":25}},"loc":{"start":{"line":376,"column":44},"end":{"line":425,"column":1}},"line":376},"15":{"name":"(anonymous_15)","decl":{"start":{"line":427,"column":21},"end":{"line":427,"column":22}},"loc":{"start":{"line":427,"column":41},"end":{"line":461,"column":1}},"line":427},"16":{"name":"(anonymous_16)","decl":{"start":{"line":463,"column":35},"end":{"line":463,"column":36}},"loc":{"start":{"line":463,"column":55},"end":{"line":530,"column":1}},"line":463},"17":{"name":"(anonymous_17)","decl":{"start":{"line":505,"column":36},"end":{"line":505,"column":37}},"loc":{"start":{"line":505,"column":42},"end":{"line":510,"column":5}},"line":505},"18":{"name":"(anonymous_18)","decl":{"start":{"line":532,"column":34},"end":{"line":532,"column":35}},"loc":{"start":{"line":532,"column":54},"end":{"line":577,"column":1}},"line":532},"19":{"name":"(anonymous_19)","decl":{"start":{"line":579,"column":35},"end":{"line":579,"column":36}},"loc":{"start":{"line":579,"column":55},"end":{"line":661,"column":1}},"line":579},"20":{"name":"(anonymous_20)","decl":{"start":{"line":607,"column":41},"end":{"line":607,"column":42}},"loc":{"start":{"line":607,"column":46},"end":{"line":607,"column":63}},"line":607},"21":{"name":"(anonymous_21)","decl":{"start":{"line":610,"column":36},"end":{"line":610,"column":37}},"loc":{"start":{"line":610,"column":42},"end":{"line":615,"column":5}},"line":610},"22":{"name":"(anonymous_22)","decl":{"start":{"line":663,"column":29},"end":{"line":663,"column":30}},"loc":{"start":{"line":663,"column":49},"end":{"line":709,"column":1}},"line":663},"23":{"name":"(anonymous_23)","decl":{"start":{"line":711,"column":28},"end":{"line":711,"column":29}},"loc":{"start":{"line":711,"column":48},"end":{"line":765,"column":1}},"line":711},"24":{"name":"(anonymous_24)","decl":{"start":{"line":767,"column":31},"end":{"line":767,"column":32}},"loc":{"start":{"line":767,"column":51},"end":{"line":804,"column":1}},"line":767},"25":{"name":"(anonymous_25)","decl":{"start":{"line":806,"column":32},"end":{"line":806,"column":33}},"loc":{"start":{"line":806,"column":52},"end":{"line":949,"column":1}},"line":806},"26":{"name":"(anonymous_26)","decl":{"start":{"line":875,"column":58},"end":{"line":875,"column":59}},"loc":{"start":{"line":875,"column":66},"end":{"line":880,"column":5}},"line":875},"27":{"name":"(anonymous_27)","decl":{"start":{"line":883,"column":6},"end":{"line":883,"column":7}},"loc":{"start":{"line":883,"column":11},"end":{"line":887,"column":7}},"line":883},"28":{"name":"(anonymous_28)","decl":{"start":{"line":906,"column":8},"end":{"line":906,"column":9}},"loc":{"start":{"line":906,"column":13},"end":{"line":906,"column":34}},"line":906},"29":{"name":"(anonymous_29)","decl":{"start":{"line":925,"column":68},"end":{"line":925,"column":69}},"loc":{"start":{"line":925,"column":83},"end":{"line":929,"column":5}},"line":925},"30":{"name":"(anonymous_30)","decl":{"start":{"line":951,"column":36},"end":{"line":951,"column":37}},"loc":{"start":{"line":951,"column":56},"end":{"line":1023,"column":1}},"line":951},"31":{"name":"(anonymous_31)","decl":{"start":{"line":978,"column":58},"end":{"line":978,"column":59}},"loc":{"start":{"line":978,"column":66},"end":{"line":983,"column":5}},"line":978},"32":{"name":"(anonymous_32)","decl":{"start":{"line":987,"column":6},"end":{"line":987,"column":7}},"loc":{"start":{"line":987,"column":11},"end":{"line":991,"column":7}},"line":987},"33":{"name":"(anonymous_33)","decl":{"start":{"line":1025,"column":30},"end":{"line":1025,"column":31}},"loc":{"start":{"line":1025,"column":50},"end":{"line":1070,"column":1}},"line":1025},"34":{"name":"(anonymous_34)","decl":{"start":{"line":1072,"column":28},"end":{"line":1072,"column":29}},"loc":{"start":{"line":1072,"column":48},"end":{"line":1131,"column":1}},"line":1072},"35":{"name":"(anonymous_35)","decl":{"start":{"line":1106,"column":26},"end":{"line":1106,"column":27}},"loc":{"start":{"line":1106,"column":35},"end":{"line":1110,"column":5}},"line":1106},"36":{"name":"(anonymous_36)","decl":{"start":{"line":1133,"column":30},"end":{"line":1133,"column":31}},"loc":{"start":{"line":1133,"column":50},"end":{"line":1364,"column":1}},"line":1133},"37":{"name":"(anonymous_37)","decl":{"start":{"line":1230,"column":6},"end":{"line":1230,"column":7}},"loc":{"start":{"line":1230,"column":12},"end":{"line":1230,"column":58}},"line":1230},"38":{"name":"(anonymous_38)","decl":{"start":{"line":1247,"column":54},"end":{"line":1247,"column":55}},"loc":{"start":{"line":1248,"column":6},"end":{"line":1248,"column":110}},"line":1248},"39":{"name":"(anonymous_39)","decl":{"start":{"line":1261,"column":46},"end":{"line":1261,"column":47}},"loc":{"start":{"line":1262,"column":6},"end":{"line":1262,"column":90}},"line":1262},"40":{"name":"(anonymous_40)","decl":{"start":{"line":1262,"column":37},"end":{"line":1262,"column":38}},"loc":{"start":{"line":1262,"column":43},"end":{"line":1262,"column":89}},"line":1262},"41":{"name":"(anonymous_41)","decl":{"start":{"line":1366,"column":34},"end":{"line":1366,"column":35}},"loc":{"start":{"line":1366,"column":54},"end":{"line":1481,"column":1}},"line":1366},"42":{"name":"(anonymous_42)","decl":{"start":{"line":1396,"column":6},"end":{"line":1396,"column":7}},"loc":{"start":{"line":1396,"column":12},"end":{"line":1396,"column":61}},"line":1396},"43":{"name":"(anonymous_43)","decl":{"start":{"line":1483,"column":29},"end":{"line":1483,"column":30}},"loc":{"start":{"line":1483,"column":49},"end":{"line":1525,"column":1}},"line":1483},"44":{"name":"(anonymous_44)","decl":{"start":{"line":1527,"column":36},"end":{"line":1527,"column":37}},"loc":{"start":{"line":1527,"column":56},"end":{"line":1579,"column":1}},"line":1527}},"branchMap":{"0":{"loc":{"start":{"line":37,"column":4},"end":{"line":37,"column":47}},"type":"if","locations":[{"start":{"line":37,"column":4},"end":{"line":37,"column":47}},{"start":{},"end":{}}],"line":37},"1":{"loc":{"start":{"line":39,"column":4},"end":{"line":46,"column":5}},"type":"if","locations":[{"start":{"line":39,"column":4},"end":{"line":46,"column":5}},{"start":{},"end":{}}],"line":39},"2":{"loc":{"start":{"line":48,"column":4},"end":{"line":48,"column":75}},"type":"if","locations":[{"start":{"line":48,"column":4},"end":{"line":48,"column":75}},{"start":{},"end":{}}],"line":48},"3":{"loc":{"start":{"line":49,"column":4},"end":{"line":49,"column":78}},"type":"if","locations":[{"start":{"line":49,"column":4},"end":{"line":49,"column":78}},{"start":{},"end":{}}],"line":49},"4":{"loc":{"start":{"line":51,"column":4},"end":{"line":59,"column":5}},"type":"if","locations":[{"start":{"line":51,"column":4},"end":{"line":59,"column":5}},{"start":{},"end":{}}],"line":51},"5":{"loc":{"start":{"line":53,"column":6},"end":{"line":58,"column":7}},"type":"if","locations":[{"start":{"line":53,"column":6},"end":{"line":58,"column":7}},{"start":{"line":56,"column":13},"end":{"line":58,"column":7}}],"line":53},"6":{"loc":{"start":{"line":102,"column":4},"end":{"line":104,"column":5}},"type":"if","locations":[{"start":{"line":102,"column":4},"end":{"line":104,"column":5}},{"start":{},"end":{}}],"line":102},"7":{"loc":{"start":{"line":107,"column":19},"end":{"line":107,"column":107}},"type":"binary-expr","locations":[{"start":{"line":107,"column":19},"end":{"line":107,"column":38}},{"start":{"line":107,"column":42},"end":{"line":107,"column":61}},{"start":{"line":107,"column":65},"end":{"line":107,"column":84}},{"start":{"line":107,"column":88},"end":{"line":107,"column":107}}],"line":107},"8":{"loc":{"start":{"line":108,"column":19},"end":{"line":108,"column":107}},"type":"binary-expr","locations":[{"start":{"line":108,"column":19},"end":{"line":108,"column":38}},{"start":{"line":108,"column":42},"end":{"line":108,"column":61}},{"start":{"line":108,"column":65},"end":{"line":108,"column":84}},{"start":{"line":108,"column":88},"end":{"line":108,"column":107}}],"line":108},"9":{"loc":{"start":{"line":109,"column":4},"end":{"line":111,"column":5}},"type":"if","locations":[{"start":{"line":109,"column":4},"end":{"line":111,"column":5}},{"start":{},"end":{}}],"line":109},"10":{"loc":{"start":{"line":109,"column":8},"end":{"line":109,"column":25}},"type":"binary-expr","locations":[{"start":{"line":109,"column":8},"end":{"line
[...]
{"line":59,"column":5}},"type":"if","locations":[{"start":{"line":57,"column":4},"end":{"line":59,"column":5}},{"start":{},"end":{}}],"line":57},"6":{"loc":{"start":{"line":62,"column":40},"end":{"line":62,"column":73}},"type":"cond-expr","locations":[{"start":{"line":62,"column":51},"end":{"line":62,"column":60}},{"start":{"line":62,"column":63},"end":{"line":62,"column":73}}],"line":62},"7":{"loc":{"start":{"line":66,"column":13},"end":{"line":66,"column":31}},"type":"default-arg","locations":[{"start":{"line":66,"column":26},"end":{"line":66,"column":31}}],"line":66},"8":{"loc":{"start":{"line":68,"column":11},"end":{"line":68,"column":65}},"type":"cond-expr","locations":[{"start":{"line":68,"column":24},"end":{"line":68,"column":55}},{"start":{"line":68,"column":58},"end":{"line":68,"column":65}}],"line":68},"9":{"loc":{"start":{"line":78,"column":6},"end":{"line":78,"column":36}},"type":"if","locations":[{"start":{"line":78,"column":6},"end":{"line":78,"column":36}},{"start":{},"end":{}}],"line":78},"10":{"loc":{"start":{"line":80,"column":6},"end":{"line":80,"column":46}},"type":"if","locations":[{"start":{"line":80,"column":6},"end":{"line":80,"column":46}},{"start":{},"end":{}}],"line":80},"11":{"loc":{"start":{"line":82,"column":6},"end":{"line":85,"column":7}},"type":"if","locations":[{"start":{"line":82,"column":6},"end":{"line":85,"column":7}},{"start":{},"end":{}}],"line":82},"12":{"loc":{"start":{"line":93,"column":4},"end":{"line":93,"column":30}},"type":"if","locations":[{"start":{"line":93,"column":4},"end":{"line":93,"column":30}},{"start":{},"end":{}}],"line":93},"13":{"loc":{"start":{"line":95,"column":4},"end":{"line":102,"column":5}},"type":"if","locations":[{"start":{"line":95,"column":4},"end":{"line":102,"column":5}},{"start":{},"end":{}}],"line":95},"14":{"loc":{"start":{"line":97,"column":6},"end":{"line":100,"column":7}},"type":"if","locations":[{"start":{"line":97,"column":6},"end":{"line":100,"column":7}},{"start":{},"end":{}}],"line":97},"15":{"loc":{"start":{"line":118,"column":6},"end":{"line":132,"column":7}},"type":"if","locations":[{"start":{"line":118,"column":6},"end":{"line":132,"column":7}},{"start":{"line":130,"column":13},"end":{"line":132,"column":7}}],"line":118},"16":{"loc":{"start":{"line":118,"column":10},"end":{"line":118,"column":81}},"type":"binary-expr","locations":[{"start":{"line":118,"column":10},"end":{"line":118,"column":33}},{"start":{"line":118,"column":37},"end":{"line":118,"column":81}}],"line":118},"17":{"loc":{"start":{"line":123,"column":8},"end":{"line":127,"column":9}},"type":"if","locations":[{"start":{"line":123,"column":8},"end":{"line":127,"column":9}},{"start":{"line":125,"column":15},"end":{"line":127,"column":9}}],"line":123},"18":{"loc":{"start":{"line":136,"column":6},"end":{"line":141,"column":7}},"type":"if","locations":[{"start":{"line":136,"column":6},"end":{"line":141,"column":7}},{"start":{"line":139,"column":13},"end":{"line":141,"column":7}}],"line":136},"19":{"loc":{"start":{"line":153,"column":40},"end":{"line":153,"column":75}},"type":"binary-expr","locations":[{"start":{"line":153,"column":40},"end":{"line":153,"column":64}},{"start":{"line":153,"column":68},"end":{"line":153,"column":75}}],"line":153},"20":{"loc":{"start":{"line":161,"column":4},"end":{"line":164,"column":5}},"type":"if","locations":[{"start":{"line":161,"column":4},"end":{"line":164,"column":5}},{"start":{},"end":{}}],"line":161},"21":{"loc":{"start":{"line":176,"column":4},"end":{"line":180,"column":5}},"type":"if","locations":[{"start":{"line":176,"column":4},"end":{"line":180,"column":5}},{"start":{},"end":{}}],"line":176},"22":{"loc":{"start":{"line":184,"column":4},"end":{"line":186,"column":5}},"type":"if","locations":[{"start":{"line":184,"column":4},"end":{"line":186,"column":5}},{"start":{},"end":{}}],"line":184},"23":{"loc":{"start":{"line":194,"column":4},"end":{"line":197,"column":5}},"type":"if","locations":[{"start":{"line":194,"column":4},"end":{"line":197,"column":5}},{"start":{},"end":{}}],"line":194},"24":{"loc":{"start":{"line":201,"column":4},"end":{"line":210,"column":5}},"type":"if","locations":[{"start":{"line":201,"column":4},"end":{"line":210,"column":5}},{"start":{"line":204,"column":11},"end":{"line":210,"column":5}}],"line":201},"25":{"loc":{"start":{"line":204,"column":11},"end":{"line":210,"column":5}},"type":"if","locations":[{"start":{"line":204,"column":11},"end":{"line":210,"column":5}},{"start":{},"end":{}}],"line":204},"26":{"loc":{"start":{"line":206,"column":8},"end":{"line":206,"column":70}},"type":"if","locations":[{"start":{"line":206,"column":8},"end":{"line":206,"column":70}},{"start":{},"end":{}}],"line":206},"27":{"loc":{"start":{"line":207,"column":8},"end":{"line":207,"column":73}},"type":"if","locations":[{"start":{"line":207,"column":8},"end":{"line":207,"column":73}},{"start":{},"end":{}}],"line":207},"28":{"loc":{"start":{"line":208,"column":15},"end":{"line":208,"column":86}},"type":"cond-expr","locations":[{"start":{"line":208,"column":72},"end":{"line":208,"column":76}},{"start":{"line":208,"column":79},"end":{"line":208,"column":86}}],"line":208},"29":{"loc":{"start":{"line":217,"column":4},"end":{"line":220,"column":5}},"type":"if","locations":[{"start":{"line":217,"column":4},"end":{"line":220,"column":5}},{"start":{},"end":{}}],"line":217},"30":{"loc":{"start":{"line":223,"column":28},"end":{"line":223,"column":42}},"type":"default-arg","locations":[{"start":{"line":223,"column":38},"end":{"line":223,"column":42}}],"line":223},"31":{"loc":{"start":{"line":225,"column":4},"end":{"line":230,"column":5}},"type":"if","locations":[{"start":{"line":225,"column":4},"end":{"line":230,"column":5}},{"start":{},"end":{}}],"line":225},"32":{"loc":{"start":{"line":227,"column":6},"end":{"line":229,"column":7}},"type":"if","locations":[{"start":{"line":227,"column":6},"end":{"line":229,"column":7}},{"start":{},"end":{}}],"line":227},"33":{"loc":{"start":{"line":237,"column":47},"end":{"line":237,"column":83}},"type":"binary-expr","locations":[{"start":{"line":237,"column":47},"end":{"line":237,"column":69}},{"start":{"line":237,"column":73},"end":{"line":237,"column":83}}],"line":237},"34":{"loc":{"start":{"line":253,"column":19},"end":{"line":253,"column":115}},"type":"cond-expr","locations":[{"start":{"line":253,"column":39},"end":{"line":253,"column":111}},{"start":{"line":253,"column":114},"end":{"line":253,"column":115}}],"line":253},"35":{"loc":{"start":{"line":258,"column":26},"end":{"line":258,"column":78}},"type":"binary-expr","locations":[{"start":{"line":258,"column":26},"end":{"line":258,"column":51}},{"start":{"line":258,"column":55},"end":{"line":258,"column":78}}],"line":258},"36":{"loc":{"start":{"line":262,"column":4},"end":{"line":283,"column":5}},"type":"if","locations":[{"start":{"line":262,"column":4},"end":{"line":283,"column":5}},{"start":{"line":274,"column":11},"end":{"line":283,"column":5}}],"line":262}},"s":{"0":3,"1":3,"2":3,"3":3,"4":3,"5":3,"6":3,"7":0,"8":0,"9":0,"10":0,"11":0,"12":0,"13":0,"14":0,"15":0,"16":0,"17":0,"18":0,"19":0,"20":0,"21":0,"22":0,"23":0,"24":0,"25":0,"26":0,"27":0,"28":0,"29":0,"30":0,"31":0,"32":0,"33":0,"34":0,"35":0,"36":0,"37":0,"38":0,"39":0,"40":0,"41":0,"42":0,"43":0,"44":0,"45":0,"46":0,"47":0,"48":0,"49":0,"50":0,"51":0,"52":0,"53":0,"54":0,"55":0,"56":0,"57":0,"58":0,"59":0,"60":0,"61":0,"62":0,"63":0,"64":0,"65":0,"66":0,"67":0,"68":0,"69":0,"70":0,"71":0,"72":0,"73":0,"74":0,"75":0,"76":0,"77":0,"78":0,"79":0,"80":0,"81":0,"82":0,"83":0,"84":0,"85":0,"86":0,"87":0,"88":0,"89":0,"90":0,"91":0,"92":0,"93":0,"94":0,"95":0,"96":0,"97":0,"98":0,"99":0,"100":0,"101":0,"102":0,"103":0,"104":0,"105":0,"106":0,"107":0,"108":0,"109":0,"110":0,"111":0,"112":0,"113":0,"114":0,"115":0,"116":0,"117":0,"118":0,"119":0,"120":0,"121":0,"122":0,"123":0,"124":0,"125":0,"126":0,"127":0,"128":0,"129":0,"130":0,"131":0,"132":0,"133":0,"134":0,"135":0,"136":0,"137":0,"138":0,"139":0,"140":0,"141":0,"142":0,"143":0,"144":0,"145":0,"146":3,"147":3},"f":{"0":3,"1":0,"2":0,"3":0,"4":0,"5":0,"6":0,"7":0,"8":0,"9":0,"10":0,"11":0,"12":0,"13":0,"14":0,"15":0,"16":0,"17":0,"18":0,"19":0,"20":0,"21":0,"22":0,"23":0,"24":0,"25":0,"26":0,"27":0,"28":0,"29":0,"30":0},"b":{"0":[0],"1":[0,0],"2":[0,0],"3":[0,0],"4":[0,0],"5":[0,0],"6":[0,0],"7":[0],"8":[0,0],"9":[0,0],"10":[0,0],"11":[0,0],"12":[0,0],"13":[0,0],"14":[0,0],"15":[0,0],"16":[0,0],"17":[0,0],"18":[0,0],"19":[0,0],"20":[0,0],"21":[0,0],"22":[0,0],"23":[0,0],"24":[0,0],"25":[0,0],"26":[0,0],"27":[0,0],"28":[0,0],"29":[0,0],"30":[0],"31":[0,0],"32":[0,0],"33":[0,0],"34":[0,0],"35":[0,0],"36":[0,0]},"_coverageSchema":"1a1c01bbd47fc00a2c39e90264f33305004495a9","hash":"b2cc8ee54ce6bb86d1c79cc3004296c88b7216e7"}
,"E:\\CSE\\CODES\\github\\CSE-3200-System-Development-Project-ML-Integrated-LMS\\server\\workers\\ocrWorker.js": {"path":"E:\\CSE\\CODES\\github\\CSE-3200-System-Development-Project-ML-Integrated-LMS\\server\\workers\\ocrWorker.js","statementMap":{"0":{"start":{"line":1,"column":17},"end":{"line":1,"column":43}},"1":{"start":{"line":2,"column":20},"end":{"line":2,"column":51}},"2":{"start":{"line":3,"column":23},"end":{"line":3,"column":57}},"3":{"start":{"line":4,"column":14},"end":{"line":4,"column":30}},"4":{"start":{"line":7,"column":20},"end":{"line":7,"column":68}},"5":{"start":{"line":9,"column":0},"end":{"line":9,"column":70}},"6":{"start":{"line":11,"column":0},"end":{"line":173,"column":3}},"7":{"start":{"line":12,"column":53},"end":{"line":12,"column":61}},"8":{"start":{"line":14,"column":24},"end":{"line":14,"column":44}},"9":{"start":{"line":15,"column":22},"end":{"line":15,"column":44}},"10":{"start":{"line":16,"column":18},"end":{"line":16,"column":35}},"11":{"start":{"line":18,"column":17},"end":{"line":18,"column":21}},"12":{"start":{"line":19,"column":18},"end":{"line":19,"column":22}},"13":{"start":{"line":21,"column":2},"end":{"line":172,"column":3}},"14":{"start":{"line":22,"column":23},"end":{"line":22,"column":54}},"15":{"start":{"line":23,"column":4},"end":{"line":26,"column":5}},"16":{"start":{"line":24,"column":6},"end":{"line":24,"column":74}},"17":{"start":{"line":25,"column":6},"end":{"line":25,"column":72}},"18":{"start":{"line":28,"column":27},"end":{"line":28,"column":61}},"19":{"start":{"line":30,"column":4},"end":{"line":32,"column":5}},"20":{"start":{"line":31,"column":6},"end":{"line":31,"column":87}},"21":{"start":{"line":34,"column":27},"end":{"line":36,"column":5}},"22":{"start":{"line":35,"column":6},"end":{"line":35,"column":69}},"23":{"start":{"line":38,"column":4},"end":{"line":38,"column":33}},"24":{"start":{"line":39,"column":4},"end":{"line":39,"column":35}},"25":{"start":{"line":41,"column":21},"end":{"line":41,"column":61}},"26":{"start":{"line":42,"column":4},"end":{"line":44,"column":5}},"27":{"start":{"line":43,"column":6},"end":{"line":43,"column":87}},"28":{"start":{"line":46,"column":4},"end":{"line":48,"column":5}},"29":{"start":{"line":47,"column":6},"end":{"line":47,"column":101}},"30":{"start":{"line":50,"column":4},"end":{"line":50,"column":151}},"31":{"start":{"line":52,"column":4},"end":{"line":52,"column":42}},"32":{"start":{"line":54,"column":4},"end":{"line":63,"column":7}},"33":{"start":{"line":65,"column":4},"end":{"line":65,"column":21}},"34":{"start":{"line":68,"column":4},"end":{"line":76,"column":5}},"35":{"start":{"line":69,"column":25},"end":{"line":69,"column":47}},"36":{"start":{"line":70,"column":6},"end":{"line":72,"column":7}},"37":{"start":{"line":71,"column":8},"end":{"line":71,"column":74}},"38":{"start":{"line":73,"column":6},"end":{"line":73,"column":52}},"39":{"start":{"line":75,"column":6},"end":{"line":75,"column":93}},"40":{"start":{"line":78,"column":4},"end":{"line":78,"column":57}},"41":{"start":{"line":79,"column":4},"end":{"line":79,"column":21}},"42":{"start":{"line":81,"column":21},"end":{"line":81,"column":41}},"43":{"start":{"line":82,"column":21},"end":{"line":82,"column":35}},"44":{"start":{"line":83,"column":4},"end":{"line":83,"column":74}},"45":{"start":{"line":85,"column":4},"end":{"line":85,"column":57}},"46":{"start":{"line":86,"column":4},"end":{"line":86,"column":21}},"47":{"start":{"line":88,"column":4},"end":{"line":88,"column":67}},"48":{"start":{"line":89,"column":24},"end":{"line":89,"column":34}},"49":{"start":{"line":91,"column":23},"end":{"line":98,"column":6}},"50":{"start":{"line":100,"column":23},"end":{"line":100,"column":69}},"51":{"start":{"line":101,"column":4},"end":{"line":101,"column":73}},"52":{"start":{"line":103,"column":4},"end":{"line":103,"column":57}},"53":{"start":{"line":104,"column":4},"end":{"line":104,"column":21}},"54":{"start":{"line":106,"column":4},"end":{"line":132,"column":5}},"55":{"start":{"line":107,"column":6},"end":{"line":118,"column":9}},"56":{"start":{"line":119,"column":6},"end":{"line":119,"column":24}},"57":{"start":{"line":120,"column":6},"end":{"line":120,"column":100}},"58":{"start":{"line":122,"column":6},"end":{"line":122,"column":53}},"59":{"start":{"line":124,"column":6},"end":{"line":129,"column":9}},"60":{"start":{"line":131,"column":6},"end":{"line":131,"column":97}},"61":{"start":{"line":135,"column":4},"end":{"line":135,"column":94}},"62":{"start":{"line":137,"column":4},"end":{"line":139,"column":5}},"63":{"start":{"line":138,"column":6},"end":{"line":138,"column":77}},"64":{"start":{"line":141,"column":22},"end":{"line":141,"column":49}},"65":{"start":{"line":143,"column":4},"end":{"line":165,"column":5}},"66":{"start":{"line":144,"column":6},"end":{"line":144,"column":79}},"67":{"start":{"line":145,"column":6},"end":{"line":153,"column":9}},"68":{"start":{"line":155,"column":6},"end":{"line":155,"column":79}},"69":{"start":{"line":156,"column":6},"end":{"line":164,"column":9}},"70":{"start":{"line":167,"column":4},"end":{"line":169,"column":5}},"71":{"start":{"line":168,"column":6},"end":{"line":168,"column":54}},"72":{"start":{"line":171,"column":4},"end":{"line":171,"column":35}},"73":{"start":{"line":175,"column":0},"end":{"line":175,"column":71}},"74":{"start":{"line":177,"column":0},"end":{"line":177,"column":26}}},"fnMap":{"0":{"name":"(anonymous_0)","decl":{"start":{"line":11,"column":30},"end":{"line":11,"column":31}},"loc":{"start":{"line":11,"column":51},"end":{"line":173,"column":1}},"line":11},"1":{"name":"(anonymous_1)","decl":{"start":{"line":34,"column":49},"end":{"line":34,"column":50}},"loc":{"start":{"line":35,"column":6},"end":{"line":35,"column":69}},"line":35}},"branchMap":{"0":{"loc":{"start":{"line":7,"column":29},"end":{"line":7,"column":63}},"type":"binary-expr","locations":[{"start":{"line":7,"column":29},"end":{"line":7,"column":56}},{"start":{"line":7,"column":60},"end":{"line":7,"column":63}}],"line":7},"1":{"loc":{"start":{"line":15,"column":22},"end":{"line":15,"column":44}},"type":"binary-expr","locations":[{"start":{"line":15,"column":22},"end":{"line":15,"column":39}},{"start":{"line":15,"column":43},"end":{"line":15,"column":44}}],"line":15},"2":{"loc":{"start":{"line":23,"column":4},"end":{"line":26,"column":5}},"type":"if","locations":[{"start":{"line":23,"column":4},"end":{"line":26,"column":5}},{"start":{},"end":{}}],"line":23},"3":{"loc":{"start":{"line":30,"column":4},"end":{"line":32,"column":5}},"type":"if","locations":[{"start":{"line":30,"column":4},"end":{"line":32,"column":5}},{"start":{},"end":{}}],"line":30},"4":{"loc":{"start":{"line":35,"column":6},"end":{"line":35,"column":69}},"type":"cond-expr","locations":[{"start":{"line":35,"column":55},"end":{"line":35,"column":59}},{"start":{"line":35,"column":62},"end":{"line":35,"column":69}}],"line":35},"5":{"loc":{"start":{"line":41,"column":35},"end":{"line":41,"column":60}},"type":"binary-expr","locations":[{"start":{"line":41,"column":35},"end":{"line":41,"column":46}},{"start":{"line":41,"column":50},"end":{"line":41,"column":60}}],"line":41},"6":{"loc":{"start":{"line":42,"column":4},"end":{"line":44,"column":5}},"type":"if","locations":[{"start":{"line":42,"column":4},"end":{"line":44,"column":5}},{"start":{},"end":{}}],"line":42},"7":{"loc":{"start":{"line":46,"column":4},"end":{"line":48,"column":5}},"type":"if","locations":[{"start":{"line":46,"column":4},"end":{"line":48,"column":5}},{"start":{},"end":{}}],"line":46},"8":{"loc":{"start":{"line":50,"column":83},"end":{"line":50,"column":140}},"type":"cond-expr","locations":[{"start":{"line":50,"column":93},"end":{"line":50,"column":135}},{"start":{"line":50,"column":138},"end":{"line":50,"column":140}}],"line":50},"9":{"loc":{"start":{"line":68,"column":4},"end":{"line":76,"column":5}},"type":"if","locations":[{"start":{"line":68,"column":4},"end":{"line":76,"column":5}},{"start":{"line":74,"column":11},"end":{"line":76,"column":5}}],"line":68},"10":{"loc":{"start":{"line":70,"column":6},"end":{"line":72,"column":7}},"type":"if","locations":[{"start":{"line":70,"column":6},"end":{"line":72,"column":7}},{"start":{},"end":{}}],"line":70},"11":{"loc":{"start":{"line":95,"column":21},"end":{"line":95,"column":49}},"type":"binary-expr","locations":[{"start":{"line":95,"column":21},"end":{"line":95,"column":43}},{"start":{"line":95,"column":47},"end":{"line":95,"column":49}}],"line":95},"12":{"loc":{"start":{"line":106,"column":4},"end":{"line":132,"column":5}},"type":"if","locations":[{"start":{"line":106,"column":4},"end":{"line":132,"column":5}},{"start":{"line":130,"column":11},"end":{"line":132,"column":5}}],"line":106},"13":{"loc":{"start":{"line":106,"column":8},"end":{"line":106,"column":56}},"type":"binary-expr","locations":[{"start":{"line":106,"column":8},"end":{"line":106,"column":31}},{"start":{"line":106,"column":35},"end":{"line":106,"column":56}}],"line":106},"14":{"loc":{"start":{"line":120,"column":65},"end":{"line":120,"column":96}},"type":"cond-expr","locations":[{"start":{"line":120,"column":75},"end":{"line":120,"column":91}},{"start":{"line":120,"column":94},"end":{"line":120,"column":96}}],"line":120},"15":{"loc":{"start":{"line":131,"column":22},"end":{"line":131,"column":95}},"type":"binary-expr","locations":[{"start":{"line":131,"column":22},"end":{"line":131,"column":45}},{"start":{"line":131,"column":49},"end":{"line":131,"column":95}}],"line":131},"16":{"loc":{"start":{"line":135,"column":30},"end":{"line":135,"column":51}},"type":"binary-expr","locations":[{"start":{"line":135,"column":30},"end":{"line":135,"column":38}},{"start":{"line":135,"column":42},"end":{"line":135,"column":51}}],"line":135},"17":{"loc":{"start":{"line":137,"column":4},"end":{"line":139,"column":5}},"type":"if","locations":[{"start":{"line":137,"column":4},"end":{"line":139,"column":5}},{"start":{},"end":{}}],"line":137},"18":{"loc":{"start":{"line":143,"column":4},"end":{"line":165,"column":5}},"type":"if","locations":[{"start":{"line":143,"column":4},"end":{"line":165,"column":5}},{"start":{"line":154,"column":11},"end":{"line":165,"column":5}}],"line":143},"19":{"loc":{"start":{"line":167,"column":4},"end":{"line":169,"column":5}},"type":"if","locations":[{"start":{"line":167,"column":4},"end":{"line":169,"column":5}},{"start":{},"end":{}}],"line":167}},"s":{"0":3,"1":3,"2":3,"3":3,"4":3,"5":3,"6":3,"7":0,"8":0,"9":0,"10":0,"11":0,"12":0,"13":0,"14":0,"15":0,"16":0,"17":0,"18":0,"19":0,"20":0,"21":0,"22":0,"23":0,"24":0,"25":0,"26":0,"27":0,"28":0,"29":0,"30":0,"31":0,"32":0,"33":0,"34":0,"35":0,"36":0,"37":0,"38":0,"39":0,"40":0,"41":0,"42":0,"43":0,"44":0,"45":0,"46":0,"47":0,"48":0,"49":0,"50":0,"51":0,"52":0,"53":0,"54":0,"55":0,"56":0,"57":0,"58":0,"59":0,"60":0,"61":0,"62":0,"63":0,"64":0,"65":0,"66":0,"67":0,"68":0,"69":0,"70":0,"71":0,"72":0,"73":3,"74":3},"f":{"0":0,"1":0},"b":{"0":[3,0],"1":[0,0],"2":[0,0],"3":[0,0],"4":[0,0],"5":[0,0],"6":[0,0],"7":[0,0],"8":[0,0],"9":[0,0],"10":[0,0],"11":[0,0],"12":[0,0],"13":[0,0],"14":[0,0],"15":[0,0],"16":[0,0],"17":[0,0],"18":[0,0],"19":[0,0]},"_coverageSchema":"1a1c01bbd47fc00a2c39e90264f33305004495a9","hash":"d9389e303f2da393d3f569a451948fb60770db7d"}
}
