{"E:\\CSE\\CODES\\github\\CSE-3200-System-Development-Project-ML-Integrated-LMS\\server\\controllers\\courseController.js": {"path":"E:\\CSE\\CODES\\github\\CSE-3200-System-Development-Project-ML-Integrated-LMS\\server\\controllers\\courseController.js","statementMap":{"0":{"start":{"line":1,"column":15},"end":{"line":1,"column":42}},"1":{"start":{"line":2,"column":22},"end":{"line":2,"column":56}},"2":{"start":{"line":3,"column":20},"end":{"line":3,"column":52}},"3":{"start":{"line":4,"column":23},"end":{"line":4,"column":58}},"4":{"start":{"line":5,"column":17},"end":{"line":5,"column":36}},"5":{"start":{"line":6,"column":29},"end":{"line":6,"column":57}},"6":{"start":{"line":7,"column":54},"end":{"line":7,"column":94}},"7":{"start":{"line":12,"column":0},"end":{"line":337,"column":2}},"8":{"start":{"line":13,"column":2},"end":{"line":336,"column":3}},"9":{"start":{"line":15,"column":4},"end":{"line":20,"column":5}},"10":{"start":{"line":16,"column":6},"end":{"line":19,"column":9}},"11":{"start":{"line":22,"column":19},"end":{"line":22,"column":40}},"12":{"start":{"line":23,"column":4},"end":{"line":28,"column":5}},"13":{"start":{"line":24,"column":6},"end":{"line":27,"column":9}},"14":{"start":{"line":59,"column":8},"end":{"line":59,"column":16}},"15":{"start":{"line":62,"column":27},"end":{"line":62,"column":89}},"16":{"start":{"line":63,"column":4},"end":{"line":68,"column":5}},"17":{"start":{"line":64,"column":6},"end":{"line":67,"column":9}},"18":{"start":{"line":71,"column":29},"end":{"line":71,"column":31}},"19":{"start":{"line":73,"column":4},"end":{"line":75,"column":5}},"20":{"start":{"line":74,"column":6},"end":{"line":74,"column":89}},"21":{"start":{"line":76,"column":4},"end":{"line":78,"column":5}},"22":{"start":{"line":77,"column":6},"end":{"line":77,"column":91}},"23":{"start":{"line":79,"column":4},"end":{"line":81,"column":5}},"24":{"start":{"line":80,"column":6},"end":{"line":80,"column":90}},"25":{"start":{"line":82,"column":4},"end":{"line":84,"column":5}},"26":{"start":{"line":83,"column":6},"end":{"line":83,"column":80}},"27":{"start":{"line":85,"column":4},"end":{"line":87,"column":5}},"28":{"start":{"line":86,"column":6},"end":{"line":86,"column":115}},"29":{"start":{"line":88,"column":4},"end":{"line":90,"column":5}},"30":{"start":{"line":89,"column":6},"end":{"line":89,"column":84}},"31":{"start":{"line":91,"column":4},"end":{"line":93,"column":5}},"32":{"start":{"line":92,"column":6},"end":{"line":92,"column":96}},"33":{"start":{"line":94,"column":4},"end":{"line":96,"column":5}},"34":{"start":{"line":95,"column":6},"end":{"line":95,"column":111}},"35":{"start":{"line":97,"column":4},"end":{"line":99,"column":5}},"36":{"start":{"line":98,"column":6},"end":{"line":98,"column":124}},"37":{"start":{"line":100,"column":4},"end":{"line":102,"column":5}},"38":{"start":{"line":101,"column":6},"end":{"line":101,"column":128}},"39":{"start":{"line":103,"column":4},"end":{"line":115,"column":5}},"40":{"start":{"line":104,"column":6},"end":{"line":104,"column":119}},"41":{"start":{"line":107,"column":6},"end":{"line":114,"column":9}},"42":{"start":{"line":108,"column":8},"end":{"line":110,"column":9}},"43":{"start":{"line":109,"column":10},"end":{"line":109,"column":121}},"44":{"start":{"line":111,"column":8},"end":{"line":113,"column":9}},"45":{"start":{"line":112,"column":10},"end":{"line":112,"column":135}},"46":{"start":{"line":117,"column":4},"end":{"line":123,"column":5}},"47":{"start":{"line":118,"column":6},"end":{"line":122,"column":9}},"48":{"start":{"line":126,"column":4},"end":{"line":131,"column":5}},"49":{"start":{"line":127,"column":6},"end":{"line":130,"column":9}},"50":{"start":{"line":134,"column":4},"end":{"line":142,"column":5}},"51":{"start":{"line":135,"column":26},"end":{"line":135,"column":42}},"52":{"start":{"line":136,"column":6},"end":{"line":141,"column":7}},"53":{"start":{"line":137,"column":8},"end":{"line":140,"column":11}},"54":{"start":{"line":145,"column":4},"end":{"line":154,"column":5}},"55":{"start":{"line":146,"column":27},"end":{"line":146,"column":44}},"56":{"start":{"line":147,"column":22},"end":{"line":147,"column":58}},"57":{"start":{"line":148,"column":6},"end":{"line":153,"column":7}},"58":{"start":{"line":149,"column":8},"end":{"line":152,"column":11}},"59":{"start":{"line":157,"column":4},"end":{"line":211,"column":5}},"60":{"start":{"line":159,"column":6},"end":{"line":210,"column":7}},"61":{"start":{"line":160,"column":8},"end":{"line":165,"column":9}},"62":{"start":{"line":161,"column":10},"end":{"line":164,"column":13}},"63":{"start":{"line":168,"column":8},"end":{"line":209,"column":9}},"64":{"start":{"line":169,"column":10},"end":{"line":174,"column":11}},"65":{"start":{"line":170,"column":12},"end":{"line":173,"column":15}},"66":{"start":{"line":176,"column":31},"end":{"line":176,"column":127}},"67":{"start":{"line":177,"column":26},"end":{"line":177,"column":35}},"68":{"start":{"line":179,"column":10},"end":{"line":208,"column":11}},"69":{"start":{"line":180,"column":52},"end":{"line":180,"column":59}},"70":{"start":{"line":183,"column":12},"end":{"line":188,"column":13}},"71":{"start":{"line":184,"column":14},"end":{"line":187,"column":17}},"72":{"start":{"line":191,"column":29},"end":{"line":191,"column":42}},"73":{"start":{"line":192,"column":12},"end":{"line":197,"column":13}},"74":{"start":{"line":193,"column":14},"end":{"line":196,"column":17}},"75":{"start":{"line":200,"column":32},"end":{"line":200,"column":66}},"76":{"start":{"line":201,"column":12},"end":{"line":206,"column":13}},"77":{"start":{"line":202,"column":14},"end":{"line":205,"column":17}},"78":{"start":{"line":207,"column":12},"end":{"line":207,"column":37}},"79":{"start":{"line":214,"column":23},"end":{"line":227,"column":5}},"80":{"start":{"line":230,"column":4},"end":{"line":230,"column":81}},"81":{"start":{"line":230,"column":38},"end":{"line":230,"column":81}},"82":{"start":{"line":231,"column":4},"end":{"line":231,"column":51}},"83":{"start":{"line":231,"column":28},"end":{"line":231,"column":51}},"84":{"start":{"line":232,"column":4},"end":{"line":232,"column":43}},"85":{"start":{"line":232,"column":16},"end":{"line":232,"column":43}},"86":{"start":{"line":235,"column":4},"end":{"line":235,"column":75}},"87":{"start":{"line":235,"column":36},"end":{"line":235,"column":75}},"88":{"start":{"line":236,"column":4},"end":{"line":239,"column":5}},"89":{"start":{"line":238,"column":6},"end":{"line":238,"column":56}},"90":{"start":{"line":240,"column":4},"end":{"line":240,"column":63}},"91":{"start":{"line":240,"column":32},"end":{"line":240,"column":63}},"92":{"start":{"line":241,"column":4},"end":{"line":241,"column":66}},"93":{"start":{"line":241,"column":33},"end":{"line":241,"column":66}},"94":{"start":{"line":242,"column":4},"end":{"line":242,"column":64}},"95":{"start":{"line":242,"column":23},"end":{"line":242,"column":64}},"96":{"start":{"line":243,"column":4},"end":{"line":243,"column":79}},"97":{"start":{"line":243,"column":28},"end":{"line":243,"column":79}},"98":{"start":{"line":244,"column":4},"end":{"line":244,"column":70}},"99":{"start":{"line":244,"column":25},"end":{"line":244,"column":70}},"100":{"start":{"line":245,"column":4},"end":{"line":245,"column":67}},"101":{"start":{"line":245,"column":24},"end":{"line":245,"column":67}},"102":{"start":{"line":246,"column":4},"end":{"line":246,"column":52}},"103":{"start":{"line":246,"column":19},"end":{"line":246,"column":52}},"104":{"start":{"line":249,"column":4},"end":{"line":328,"column":5}},"105":{"start":{"line":250,"column":22},"end":{"line":250,"column":51}},"106":{"start":{"line":251,"column":6},"end":{"line":251,"column":33}},"107":{"start":{"line":253,"column":6},"end":{"line":315,"column":7}},"108":{"start":{"line":255,"column":25},"end":{"line":255,"column":71}},"109":{"start":{"line":258,"column":27},"end":{"line":258,"column":29}},"110":{"start":{"line":259,"column":8},"end":{"line":270,"column":9}},"111":{"start":{"line":260,"column":34},"end":{"line":264,"column":26}},"112":{"start":{"line":266,"column":10},"end":{"line":269,"column":13}},"113":{"start":{"line":273,"column":28},"end":{"line":273,"column":29}},"114":{"start":{"line":274,"column":8},"end":{"line":285,"column":9}},"115":{"start":{"line":275,"column":10},"end":{"line":284,"column":11}},"116":{"start":{"line":276,"column":37},"end":{"line":280,"column":15}},"117":{"start":{"line":276,"column":68},"end":{"line":280,"column":13}},"118":{"start":{"line":282,"column":12},"end":{"line":282,"column":68}},"119":{"start":{"line":283,"column":12},"end":{"line":283,"column":53}},"120":{"start":{"line":288,"column":8},"end":{"line":288,"column":42}},"121":{"start":{"line":289,"column":8},"end":{"line":289,"column":29}},"122":{"start":{"line":292,"column":8},"end":{"line":292,"column":57}},"123":{"start":{"line":294,"column":8},"end":{"line":302,"column":11}},"124":{"start":{"line":306,"column":8},"end":{"line":306,"column":41}},"125":{"start":{"line":307,"column":8},"end":{"line":307,"column":29}},"126":{"start":{"line":309,"column":8},"end":{"line":309,"column":51}},"127":{"start":{"line":310,"column":8},"end":{"line":314,"column":11}},"128":{"start":{"line":318,"column":21},"end":{"line":318,"column":52}},"129":{"start":{"line":321,"column":6},"end":{"line":321,"column":55}},"130":{"start":{"line":323,"column":6},"end":{"line":327,"column":9}},"131":{"start":{"line":331,"column":4},"end":{"line":331,"column":49}},"132":{"start":{"line":332,"column":4},"end":{"line":335,"column":7}},"133":{"start":{"line":342,"column":0},"end":{"line":379,"column":2}},"134":{"start":{"line":343,"column":2},"end":{"line":378,"column":3}},"135":{"start":{"line":351,"column":8},"end":{"line":351,"column":17}},"136":{"start":{"line":354,"column":19},"end":{"line":354,"column":21}},"137":{"start":{"line":355,"column":4},"end":{"line":355,"column":86}},"138":{"start":{"line":355,"column":27},"end":{"line":355,"column":86}},"139":{"start":{"line":356,"column":4},"end":{"line":356,"column":54}},"140":{"start":{"line":356,"column":21},"end":{"line":356,"column":54}},"141":{"start":{"line":357,"column":4},"end":{"line":357,"column":59}},"142":{"start":{"line":357,"column":18},"end":{"line":357,"column":59}},"143":{"start":{"line":358,"column":4},"end":{"line":358,"column":77}},"144":{"start":{"line":358,"column":24},"end":{"line":358,"column":77}},"145":{"start":{"line":359,"column":4},"end":{"line":359,"column":43}},"146":{"start":{"line":359,"column":14},"end":{"line":359,"column":43}},"147":{"start":{"line":360,"column":4},"end":{"line":360,"column":39}},"148":{"start":{"line":360,"column":16},"end":{"line":360,"column":39}},"149":{"start":{"line":362,"column":20},"end":{"line":364,"column":30}},"150":{"start":{"line":366,"column":4},"end":{"line":370,"column":7}},"151":{"start":{"line":373,"column":4},"end":{"line":373,"column":47}},"152":{"start":{"line":374,"column":4},"end":{"line":377,"column":7}},"153":{"start":{"line":384,"column":0},"end":{"line":408,"column":2}},"154":{"start":{"line":385,"column":2},"end":{"line":407,"column":3}},"155":{"start":{"line":386,"column":19},"end":{"line":387,"column":42}},"156":{"start":{"line":389,"column":4},"end":{"line":394,"column":5}},"157":{"start":{"line":390,"column":6},"end":{"line":393,"column":9}},"158":{"start":{"line":396,"column":4},"end":{"line":399,"column":7}},"159":{"start":{"line":402,"column":4},"end":{"line":402,"column":46}},"160":{"start":{"line":403,"column":4},"end":{"line":406,"column":7}},"161":{"start":{"line":413,"column":0},"end":{"line":794,"column":2}},"162":{"start":{"line":414,"column":2},"end":{"line":793,"column":3}},"163":{"start":{"line":415,"column":19},"end":{"line":415,"column":40}},"164":{"start":{"line":416,"column":4},"end":{"line":421,"column":5}},"165":{"start":{"line":417,"column":6},"end":{"line":420,"column":9}},"166":{"start":{"line":451,"column":8},"end":{"line":451,"column":16}},"167":{"start":{"line":453,"column":19},"end":{"line":453,"column":55}},"168":{"start":{"line":455,"column":4},"end":{"line":460,"column":5}},"169":{"start":{"line":456,"column":6},"end":{"line":459,"column":9}},"170":{"start":{"line":463,"column":4},"end":{"line":472,"column":5}},"171":{"start":{"line":464,"column":29},"end":{"line":464,"column":91}},"172":{"start":{"line":465,"column":6},"end":{"line":470,"column":7}},"173":{"start":{"line":466,"column":8},"end":{"line":469,"column":11}},"174":{"start":{"line":471,"column":6},"end":{"line":471,"column":37}},"175":{"start":{"line":475,"column":26},"end":{"line":475,"column":77}},"176":{"start":{"line":476,"column":31},"end":{"line":476,"column":100}},"177":{"start":{"line":478,"column":4},"end":{"line":483,"column":5}},"178":{"start":{"line":479,"column":6},"end":{"line":482,"column":9}},"179":{"start":{"line":486,"column":4},"end":{"line":494,"column":5}},"180":{"start":{"line":487,"column":26},"end":{"line":487,"column":42}},"181":{"start":{"line":488,"column":6},"end":{"line":493,"column":7}},"182":{"start":{"line":489,"column":8},"end":{"line":492,"column":11}},"183":{"start":{"line":497,"column":4},"end":{"line":507,"column":5}},"184":{"start":{"line":498,"column":27},"end":{"line":498,"column":44}},"185":{"start":{"line":499,"column":30},"end":{"line":499,"column":75}},"186":{"start":{"line":500,"column":22},"end":{"line":500,"column":56}},"187":{"start":{"line":501,"column":6},"end":{"line":506,"column":7}},"188":{"start":{"line":502,"column":8},"end":{"line":505,"column":11}},"189":{"start":{"line":510,"column":4},"end":{"line":553,"column":5}},"190":{"start":{"line":511,"column":6},"end":{"line":552,"column":7}},"191":{"start":{"line":512,"column":8},"end":{"line":517,"column":9}},"192":{"start":{"line":513,"column":10},"end":{"line":516,"column":13}},"193":{"start":{"line":520,"column":8},"end":{"line":551,"column":9}},"194":{"start":{"line":521,"column":31},"end":{"line":521,"column":127}},"195":{"start":{"line":522,"column":26},"end":{"line":522,"column":35}},"196":{"start":{"line":524,"column":10},"end":{"line":550,"column":11}},"197":{"start":{"line":525,"column":52},"end":{"line":525,"column":59}},"198":{"start":{"line":527,"column":12},"end":{"line":532,"column":13}},"199":{"start":{"line":528,"column":14},"end":{"line":531,"column":17}},"200":{"start":{"line":534,"column":29},"end":{"line":534,"column":42}},"201":{"start":{"line":535,"column":12},"end":{"line":540,"column":13}},"202":{"start":{"line":536,"column":14},"end":{"line":539,"column":17}},"203":{"start":{"line":542,"column":32},"end":{"line":542,"column":66}},"204":{"start":{"line":543,"column":12},"end":{"line":548,"column":13}},"205":{"start":{"line":544,"column":14},"end":{"line":547,"column":17}},"206":{"start":{"line":549,"column":12},"end":{"line":549,"column":37}},"207":{"start":{"line":556,"column":4},"end":{"line":785,"column":5}},"208":{"start":{"line":557,"column":22},"end":{"line":557,"column":51}},"209":{"start":{"line":558,"column":6},"end":{"line":558,"column":33}},"210":{"start":{"line":560,"column":6},"end":{"line":714,"column":7}},"211":{"start":{"line":562,"column":8},"end":{"line":562,"column":55}},"212":{"start":{"line":562,"column":24},"end":{"line":562,"column":55}},"213":{"start":{"line":563,"column":8},"end":{"line":563,"column":58}},"214":{"start":{"line":563,"column":25},"end":{"line":563,"column":58}},"215":{"start":{"line":564,"column":8},"end":{"line":564,"column":72}},"216":{"start":{"line":564,"column":39},"end":{"line":564,"column":72}},"217":{"start":{"line":565,"column":8},"end":{"line":565,"column":57}},"218":{"start":{"line":565,"column":34},"end":{"line":565,"column":57}},"219":{"start":{"line":566,"column":8},"end":{"line":566,"column":76}},"220":{"start":{"line":566,"column":31},"end":{"line":566,"column":76}},"221":{"start":{"line":569,"column":8},"end":{"line":569,"column":63}},"222":{"start":{"line":569,"column":36},"end":{"line":569,"column":63}},"223":{"start":{"line":570,"column":8},"end":{"line":570,"column":81}},"224":{"start":{"line":570,"column":42},"end":{"line":570,"column":81}},"225":{"start":{"line":571,"column":8},"end":{"line":571,"column":81}},"226":{"start":{"line":571,"column":42},"end":{"line":571,"column":81}},"227":{"start":{"line":572,"column":8},"end":{"line":572,"column":72}},"228":{"start":{"line":572,"column":39},"end":{"line":572,"column":72}},"229":{"start":{"line":573,"column":8},"end":{"line":573,"column":51}},"230":{"start":{"line":573,"column":32},"end":{"line":573,"column":51}},"231":{"start":{"line":574,"column":8},"end":{"line":574,"column":57}},"232":{"start":{"line":574,"column":34},"end":{"line":574,"column":57}},"233":{"start":{"line":577,"column":8},"end":{"line":577,"column":75}},"234":{"start":{"line":577,"column":40},"end":{"line":577,"column":75}},"235":{"start":{"line":578,"column":8},"end":{"line":581,"column":9}},"236":{"start":{"line":580,"column":10},"end":{"line":580,"column":56}},"237":{"start":{"line":582,"column":8},"end":{"line":582,"column":63}},"238":{"start":{"line":582,"column":36},"end":{"line":582,"column":63}},"239":{"start":{"line":583,"column":8},"end":{"line":583,"column":66}},"240":{"start":{"line":583,"column":37},"end":{"line":583,"column":66}},"241":{"start":{"line":584,"column":8},"end":{"line":584,"column":78}},"242":{"start":{"line":584,"column":41},"end":{"line":584,"column":78}},"243":{"start":{"line":585,"column":8},"end":{"line":585,"column":93}},"244":{"start":{"line":585,"column":46},"end":{"line":585,"column":93}},"245":{"start":{"line":586,"column":8},"end":{"line":586,"column":90}},"246":{"start":{"line":586,"column":45},"end":{"line":586,"column":90}},"247":{"start":{"line":587,"column":8},"end":{"line":587,"column":93}},"248":{"start":{"line":587,"column":46},"end":{"line":587,"column":93}},"249":{"start":{"line":588,"column":8},"end":{"line":588,"column":84}},"250":{"start":{"line":588,"column":43},"end":{"line":588,"column":84}},"251":{"start":{"line":589,"column":8},"end":{"line":589,"column":81}},"252":{"start":{"line":589,"column":42},"end":{"line":589,"column":81}},"253":{"start":{"line":590,"column":8},"end":{"line":590,"column":81}},"254":{"start":{"line":590,"column":42},"end":{"line":590,"column":81}},"255":{"start":{"line":591,"column":8},"end":{"line":591,"column":66}},"256":{"start":{"line":591,"column":37},"end":{"line":591,"column":66}},"257":{"start":{"line":592,"column":8},"end":{"line":592,"column":96}},"258":{"start":{"line":592,"column":47},"end":{"line":592,"column":96}},"259":{"start":{"line":595,"column":8},"end":{"line":595,"column":41}},"260":{"start":{"line":596,"column":8},"end":{"line":596,"column":41}},"261":{"start":{"line":598,"column":8},"end":{"line":598,"column":39}},"262":{"start":{"line":600,"column":22},"end":{"line":600,"column":74}},"263":{"start":{"line":601,"column":27},"end":{"line":601,"column":63}},"264":{"start":{"line":604,"column":8},"end":{"line":628,"column":9}},"265":{"start":{"line":605,"column":10},"end":{"line":627,"column":11}},"266":{"start":{"line":606,"column":23},"end":{"line":606,"column":74}},"267":{"start":{"line":607,"column":12},"end":{"line":626,"column":13}},"268":{"start":{"line":609,"column":35},"end":{"line":611,"column":33}},"269":{"start":{"line":613,"column":14},"end":{"line":625,"column":15}},"270":{"start":{"line":615,"column":16},"end":{"line":615,"column":37}},"271":{"start":{"line":616,"column":16},"end":{"line":616,"column":43}},"272":{"start":{"line":617,"column":16},"end":{"line":617,"column":67}},"273":{"start":{"line":618,"column":16},"end":{"line":618,"column":43}},"274":{"start":{"line":619,"column":16},"end":{"line":619,"column":38}},"275":{"start":{"line":622,"column":16},"end":{"line":622,"column":73}},"276":{"start":{"line":623,"column":16},"end":{"line":623,"column":84}},"277":{"start":{"line":624,"column":16},"end":{"line":624,"column":34}},"278":{"start":{"line":631,"column":8},"end":{"line":685,"column":9}},"279":{"start":{"line":632,"column":10},"end":{"line":684,"column":11}},"280":{"start":{"line":633,"column":12},"end":{"line":683,"column":13}},"281":{"start":{"line":635,"column":33},"end":{"line":635,"column":90}},"282":{"start":{"line":636,"column":14},"end":{"line":662,"column":15}},"283":{"start":{"line":637,"column":16},"end":{"line":637,"column":52}},"284":{"start":{"line":638,"column":16},"end":{"line":638,"column":60}},"285":{"start":{"line":639,"column":16},"end":{"line":639,"column":51}},"286":{"start":{"line":640,"column":16},"end":{"line":640,"column":34}},"287":{"start":{"line":643,"column":16},"end":{"line":661,"column":17}},"288":{"start":{"line":645,"column":42},"end":{"line":647,"column":33}},"289":{"start":{"line":648,"column":18},"end":{"line":648,"column":71}},"290":{"start":{"line":651,"column":18},"end":{"line":660,"column":19}},"291":{"start":{"line":652,"column":45},"end":{"line":656,"column":23}},"292":{"start":{"line":652,"column":80},"end":{"line":656,"column":21}},"293":{"start":{"line":658,"column":20},"end":{"line":658,"column":76}},"294":{"start":{"line":659,"column":20},"end":{"line":659,"column":66}},"295":{"start":{"line":665,"column":30},"end":{"line":669,"column":30}},"296":{"start":{"line":670,"column":14},"end":{"line":670,"column":30}},"297":{"start":{"line":673,"column":14},"end":{"line":682,"column":15}},"298":{"start":{"line":674,"column":41},"end":{"line":678,"column":19}},"299":{"start":{"line":674,"column":76},"end":{"line":678,"column":17}},"300":{"start":{"line":680,"column":16},"end":{"line":680,"column":72}},"301":{"start":{"line":681,"column":16},"end":{"line":681,"column":62}},"302":{"start":{"line":688,"column":8},"end":{"line":688,"column":42}},"303":{"start":{"line":689,"column":8},"end":{"line":689,"column":29}},"304":{"start":{"line":692,"column":8},"end":{"line":692,"column":57}},"305":{"start":{"line":694,"column":8},"end":{"line":702,"column":11}},"306":{"start":{"line":705,"column":8},"end":{"line":705,"column":41}},"307":{"start":{"line":706,"column":8},"end":{"line":706,"column":29}},"308":{"start":{"line":708,"column":8},"end":{"line":708,"column":51}},"309":{"start":{"line":709,"column":8},"end":{"line":713,"column":11}},"310":{"start":{"line":719,"column":6},"end":{"line":727,"column":7}},"311":{"start":{"line":720,"column":28},"end":{"line":720,"column":44}},"312":{"start":{"line":721,"column":8},"end":{"line":726,"column":9}},"313":{"start":{"line":722,"column":10},"end":{"line":725,"column":13}},"314":{"start":{"line":730,"column":6},"end":{"line":740,"column":7}},"315":{"start":{"line":731,"column":29},"end":{"line":731,"column":46}},"316":{"start":{"line":732,"column":32},"end":{"line":732,"column":77}},"317":{"start":{"line":733,"column":24},"end":{"line":733,"column":58}},"318":{"start":{"line":734,"column":8},"end":{"line":739,"column":9}},"319":{"start":{"line":735,"column":10},"end":{"line":738,"column":13}},"320":{"start":{"line":742,"column":6},"end":{"line":742,"column":56}},"321":{"start":{"line":742,"column":23},"end":{"line":742,"column":56}},"322":{"start":{"line":743,"column":6},"end":{"line":743,"column":70}},"323":{"start":{"line":743,"column":37},"end":{"line":743,"column":70}},"324":{"start":{"line":744,"column":6},"end":{"line":744,"column":55}},"325":{"start":{"line":744,"column":32},"end":{"line":744,"column":55}},"326":{"start":{"line":745,"column":6},"end":{"line":745,"column":74}},"327":{"start":{"line":745,"column":29},"end":{"line":745,"column":74}},"328":{"start":{"line":748,"column":6},"end":{"line":748,"column":61}},"329":{"start":{"line":748,"column":34},"end":{"line":748,"column":61}},"330":{"start":{"line":749,"column":6},"end":{"line":749,"column":79}},"331":{"start":{"line":749,"column":40},"end":{"line":749,"column":79}},"332":{"start":{"line":750,"column":6},"end":{"line":750,"column":79}},"333":{"start":{"line":750,"column":40},"end":{"line":750,"column":79}},"334":{"start":{"line":751,"column":6},"end":{"line":751,"column":70}},"335":{"start":{"line":751,"column":37},"end":{"line":751,"column":70}},"336":{"start":{"line":752,"column":6},"end":{"line":752,"column":49}},"337":{"start":{"line":752,"column":30},"end":{"line":752,"column":49}},"338":{"start":{"line":753,"column":6},"end":{"line":753,"column":55}},"339":{"start":{"line":753,"column":32},"end":{"line":753,"column":55}},"340":{"start":{"line":756,"column":6},"end":{"line":756,"column":73}},"341":{"start":{"line":756,"column":38},"end":{"line":756,"column":73}},"342":{"start":{"line":757,"column":6},"end":{"line":760,"column":7}},"343":{"start":{"line":759,"column":8},"end":{"line":759,"column":54}},"344":{"start":{"line":761,"column":6},"end":{"line":761,"column":61}},"345":{"start":{"line":761,"column":34},"end":{"line":761,"column":61}},"346":{"start":{"line":762,"column":6},"end":{"line":762,"column":64}},"347":{"start":{"line":762,"column":35},"end":{"line":762,"column":64}},"348":{"start":{"line":763,"column":6},"end":{"line":763,"column":76}},"349":{"start":{"line":763,"column":39},"end":{"line":763,"column":76}},"350":{"start":{"line":764,"column":6},"end":{"line":764,"column":91}},"351":{"start":{"line":764,"column":44},"end":{"line":764,"column":91}},"352":{"start":{"line":765,"column":6},"end":{"line":765,"column":88}},"353":{"start":{"line":765,"column":43},"end":{"line":765,"column":88}},"354":{"start":{"line":766,"column":6},"end":{"line":766,"column":91}},"355":{"start":{"line":766,"column":44},"end":{"line":766,"column":91}},"356":{"start":{"line":767,"column":6},"end":{"line":767,"column":82}},"357":{"start":{"line":767,"column":41},"end":{"line":767,"column":82}},"358":{"start":{"line":768,"column":6},"end":{"line":768,"column":79}},"359":{"start":{"line":768,"column":40},"end":{"line":768,"column":79}},"360":{"start":{"line":769,"column":6},"end":{"line":769,"column":79}},"361":{"start":{"line":769,"column":40},"end":{"line":769,"column":79}},"362":{"start":{"line":770,"column":6},"end":{"line":770,"column":64}},"363":{"start":{"line":770,"column":35},"end":{"line":770,"column":64}},"364":{"start":{"line":771,"column":6},"end":{"line":771,"column":94}},"365":{"start":{"line":771,"column":45},"end":{"line":771,"column":94}},"366":{"start":{"line":774,"column":6},"end":{"line":774,"column":39}},"367":{"start":{"line":775,"column":6},"end":{"line":775,"column":39}},"368":{"start":{"line":777,"column":6},"end":{"line":777,"column":26}},"369":{"start":{"line":778,"column":6},"end":{"line":778,"column":55}},"370":{"start":{"line":780,"column":6},"end":{"line":784,"column":9}},"371":{"start":{"line":788,"column":4},"end":{"line":788,"column":49}},"372":{"start":{"line":789,"column":4},"end":{"line":792,"column":7}},"373":{"start":{"line":799,"column":0},"end":{"line":824,"column":2}},"374":{"start":{"line":800,"column":2},"end":{"line":823,"column":3}},"375":{"start":{"line":801,"column":19},"end":{"line":801,"column":55}},"376":{"start":{"line":803,"column":4},"end":{"line":808,"column":5}},"377":{"start":{"line":804,"column":6},"end":{"line":807,"column":9}},"378":{"start":{"line":810,"column":4},"end":{"line":810,"column":50}},"379":{"start":{"line":812,"column":4},"end":{"line":815,"column":7}},"380":{"start":{"line":818,"column":4},"end":{"line":818,"column":49}},"381":{"start":{"line":819,"column":4},"end":{"line":822,"column":7}},"382":{"start":{"line":832,"column":0},"end":{"line":861,"column":2}},"383":{"start":{"line":833,"column":2},"end":{"line":860,"column":3}},"384":{"start":{"line":834,"column":19},"end":{"line":834,"column":55}},"385":{"start":{"line":836,"column":4},"end":{"line":841,"column":5}},"386":{"start":{"line":837,"column":6},"end":{"line":840,"column":9}},"387":{"start":{"line":843,"column":23},"end":{"line":843,"column":63}},"388":{"start":{"line":845,"column":4},"end":{"line":852,"column":7}},"389":{"start":{"line":855,"column":4},"end":{"line":855,"column":48}},"390":{"start":{"line":856,"column":4},"end":{"line":859,"column":7}},"391":{"start":{"line":866,"column":0},"end":{"line":908,"column":2}},"392":{"start":{"line":867,"column":2},"end":{"line":907,"column":3}},"393":{"start":{"line":868,"column":21},"end":{"line":868,"column":50}},"394":{"start":{"line":870,"column":4},"end":{"line":875,"column":5}},"395":{"start":{"line":871,"column":6},"end":{"line":874,"column":9}},"396":{"start":{"line":877,"column":20},"end":{"line":881,"column":30}},"397":{"start":{"line":884,"column":18},"end":{"line":892,"column":5}},"398":{"start":{"line":886,"column":47},"end":{"line":886,"column":61}},"399":{"start":{"line":888,"column":36},"end":{"line":888,"column":62}},"400":{"start":{"line":889,"column":39},"end":{"line":889,"column":68}},"401":{"start":{"line":890,"column":46},"end":{"line":890,"column":80}},"402":{"start":{"line":894,"column":4},"end":{"line":899,"column":7}},"403":{"start":{"line":902,"column":4},"end":{"line":902,"column":62}},"404":{"start":{"line":903,"column":4},"end":{"line":906,"column":7}}},"fnMap":{"0":{"name":"(anonymous_0)","decl":{"start":{"line":12,"column":23},"end":{"line":12,"column":24}},"loc":{"start":{"line":12,"column":43},"end":{"line":337,"column":1}},"line":12},"1":{"name":"(anonymous_1)","decl":{"start":{"line":107,"column":29},"end":{"line":107,"column":30}},"loc":{"start":{"line":107,"column":49},"end":{"line":114,"column":7}},"line":107},"2":{"name":"(anonymous_2)","decl":{"start":{"line":276,"column":56},"end":{"line":276,"column":57}},"loc":{"start":{"line":276,"column":68},"end":{"line":280,"column":13}},"line":276},"3":{"name":"(anonymous_3)","decl":{"start":{"line":342,"column":24},"end":{"line":342,"column":25}},"loc":{"start":{"line":342,"column":44},"end":{"line":379,"column":1}},"line":342},"4":{"name":"(anonymous_4)","decl":{"start":{"line":384,"column":20},"end":{"line":384,"column":21}},"loc":{"start":{"line":384,"column":40},"end":{"line":408,"column":1}},"line":384},"5":{"name":"(anonymous_5)","decl":{"start":{"line":413,"column":23},"end":{"line":413,"column":24}},"loc":{"start":{"line":413,"column":43},"end":{"line":794,"column":1}},"line":413},"6":{"name":"(anonymous_6)","decl":{"start":{"line":652,"column":68},"end":{"line":652,"column":69}},"loc":{"start":{"line":652,"column":80},"end":{"line":656,"column":21}},"line":652},"7":{"name":"(anonymous_7)","decl":{"start":{"line":674,"column":64},"end":{"line":674,"column":65}},"loc":{"start":{"line":674,"column":76},"end":{"line":678,"column":17}},"line":674},"8":{"name":"(anonymous_8)","decl":{"start":{"line":799,"column":23},"end":{"line":799,"column":24}},"loc":{"start":{"line":799,"column":43},"end":{"line":824,"column":1}},"line":799},"9":{"name":"(anonymous_9)","decl":{"start":{"line":832,"column":28},"end":{"line":832,"column":29}},"loc":{"start":{"line":832,"column":48},"end":{"line":861,"column":1}},"line":832},"10":{"name":"(anonymous_10)","decl":{"start":{"line":866,"column":34},"end":{"line":866,"column":35}},"loc":{"start":{"line":866,"column":54},"end":{"line":908,"column":1}},"line":866},"11":{"name":"(anonymous_11)","decl":{"start":{"line":886,"column":35},"end":{"line":886,"column":36}},"loc":{"start":{"line":886,"column":47},"end":{"line":886,"column":61}},"line":886},"12":{"name":"(anonymous_12)","decl":{"start":{"line":888,"column":31},"end":{"line":888,"column":32}},"loc":{"start":{"line":888,"column":36},"end":{"line":888,"column":62}},"line":888},"13":{"name":"(anonymous_13)","decl":{"start":{"line":889,"column":34},"end":{"line":889,"column":35}},"loc":{"start":{"line":889,"column":39},"end":{"line":889,"column":68}},"line":889},"14":{"name":"(anonymous_14)","decl":{"start":{"line":890,"column":41},"end":{"line":890,"column":42}},"loc":{"start":{"line":890,"column":46},"end":{"line":890,"column":80}},"line":890}},"branchMap":{"0":{"loc":{"start":{"line":15,"column":4},"end":{"line":20,"column":5}},"type":"if","locations":[{"start":{"line":15,"column":4},"end":{"line":20,"column":5}},{"start":{},"end":{}}],"line":15},"1":{"loc":{"start":{"line":23,"column":4},"end":{"line":28,"column":5}},"type":"if","locations":[{"start":{"line":23,"column":4},"end":{"line":28,"column":5}},{"start":{},"end":{}}],"line":23},"2":{"loc":{"start":{"line":63,"column":4},"end":{"line":68,"column":5}},"type":"if","locations":[{"start":{"line":63,"column":4},"end":{"line":68,"column":5}},{"start":{},"end":{}}],"line":63},"3":{"loc":{"start":{"line":73,"column":4},"end":{"line":75,"column":5}},"type":"if","locations":[{"start":{"line":73,"column":4},"end":{"line":75,"column":5}},{"start":{},"end":{}}],"line":73},"4":{"loc":{"start":{"line":73,"column":8},"end":{"line":73,"column":41}},"type":"binary-expr","locations":[{"start":{"line":73,"column":8},"end":{"line":73,"column":19}},{"start":{"line":73,"column":23},"end":{"line":73,"column":41}}],"line":73},"5":{"loc":{"start":{"line":76,"column":4},"end":{"line":78,"column":5}},"type":"if","locations":[{"start":{"line":76,"column":4},"end":{"line":78,"column":5}},{"start":{},"end":{}}],"line":76},"6":{"loc":{"start":{"line":76,"column":8},"end":{"line":76,"column":43}},"type":"binary-expr","locations":[{"start":{"line":76,"column":8},"end":{"line":76,"column":20}},{"start":{"line":76,"column":24},"end":{"line":76,"column":43}}],"line":76},"7":{"loc":{"start":{"line":79,"column":4},"end":{"line":81,"column":5}},"type":"if","locations":[{"start":{"line":79,"column":4},"end":{"line":81,"column":5}},{"start":{},"end":{}}],"line":79},"8":{"loc":{"start":{"line":82,"column":4},"end":{"line":84,"column":5}},"type":"if","locations":[{"start":{"line":82,"column":4},"end":{"line":84,"column":5}},{"start":{},"end":{}}],"line":82},"9":{"loc":{"start":{"line":82,"column":8},"end":{"line":82,"column":47}},"type":"binary-expr","locations":[{"start":{"line":82,"column":8},"end":{"line":82,"column":28}},{"start":{"line":82,"column":32},"end":{"line":82,"column":47}}],"line":82},"10":{"loc":{"start":{"line":85,"column":4},"end":{"line":87,"column":5}},"type":"if","locations":[{"start":{"line":85,"column":4},"end":{"line":87,"column":5}},{"start":{},"end":{}}],"line":85},"11":{"loc":{"start":{"line":85,"column":8},"end":{"line":85,"column":55}},"type":"binary-expr","locations":[{"start":{"line":85,"column":8},"end":{"line":85,"column":26}},{"start":{"line":85,"column":30},"end":{"line":85,"column":55}}],"line":85},"12":{"loc":{"start":{"line":88,"column":4},"end":{"line":90,"column":5}},"type":"if","locations":[{"start":{"line":88,"column":4},"end":{"line":90,"column":5}},{"start":{},"end":{}}],"line":88},"13":{"loc":{"start":{"line":88,"column":8},"end":{"line":88,"column":37}},"type":"binary-expr","locations":[{"start":{"line":88,"column":8},"end":{"line":88,"column":17}},{"start":{"line":88,"column":21},"end":{"line":88,"column":37}}],"line":88},"14":{"loc":{"start":{"line":91,"column":4},"end":{"line":93,"column":5}},"type":"if","locations":[{"start":{"line":91,"column":4},"end":{"line":93,"column":5}},{"start":{},"end":{}}],"line":91},"15":{"loc":{"start":{"line":91,"column":8},"end":{"line":91,"column":49}},"type":"binary-expr","locations":[{"start":{"line":91,"column":8},"end":{"line":91,"column":23}},{"start":{"line":91,"column":27},"end":{"line":91,"column":49}}],"line":91},"16":{"loc":{"start":{"line":94,"column":4},"end":{"line":96,"column":5}},"type":"if","locations":[{"start":{"line":94,"column":4},"end":{"line":96,"column":5}},{"start":{},"end":{}}],"line":94},"17":{"loc":{"start":{"line":94,"column":8},"end":{"line":94,"column":79}},"type":"binary-expr","locations":[{"start":{"line":94,"column":8},"end":{"line":94,"column":20}},{"start":{"line":94,"column":24},"end":{"line":94,"column":51}},{"start":{"line":94,"column":55},"end":{"line":94,"column":79}}],"line":94},"18":{"loc":{"start":{"line":97,"column":4},"end":{"line":99,"column":5}},"type":"if","locations":[{"start":{"line":97,"column":4},"end":{"line":99,"column":5}},{"start":{},"end":{}}],"line":97},"19":{"loc":{"start":{"line":97,"column":8},"end":{"line":97,"column":100}},"type":"binary-expr","locations":[{"start":{"line":97,"column":8},"end":{"line":97,"column":27}},{"start":{"line":97,"column":31},"end":{"line":97,"column":65}},{"start":{"line":97,"column":69},"end":{"line":97,"column":100}}],"line":97},"20":{"loc":{"start":{"line":100,"column":4},"end":{"line":102,"column":5}},"type":"if","locations":[{"start":{"line":100,"column":4},"end":{"line":102,"column":5}},{"start":{},"end":{}}],"line":100},"21":{"loc":{"start":{"line":100,"column":8},"end":{"line":100,"column":97}},"type":"binary-expr","locations":[{"start":{"line":100,"column":8},"end":{"line":100,"column":26}},{"start":{"line":100,"column":30},"end":{"line":100,"column":63}},{"start":{"line":100,"column":67},"end":{"line":100,"column":97}}],"line":100},"22":{"loc":{"start":{"line":103,"column":4},"end":{"line":115,"column":5}},"type":"if","locations":[{"start":{"line":103,"column":4},"end":{"line":115,"column":5}},{"start":{"line":105,"column":11},"end":{"line":115,"column":5}}],"line":103},"23":{"loc":{"start":{"line":103,"column":8},"end":{"line":103,"column":88}},"type":"binary-expr","locations":[{"start":{"line":103,"column":8},"end":{"line":103,"column":23}},{"start":{"line":103,"column":27},"end":{"line":103,"column":57}},{"start":{"line":103,"column":61},"end":{"line":103,"column":88}}],"line":103},"24":{"loc":{"start":{"line":108,"column":8},"end":{"line":110,"column":9}},"type":"if","locations":[{"start":{"line":108,"column":8},"end":{"line":110,"column":9}},{"start":{},"end":{}}],"line":108},"25":{"loc":{"start":{"line":108,"column":12},"end":{"line":108,"column":65}},"type":"binary-expr","locations":[{"start":{"line":108,"column":12},"end":{"line":108,"column":33}},{"start":{"line":108,"column":37},"end":{"line":108,"column":65}}],"line":108},"26":{"loc":{"start":{"line":111,"column":8},"end":{"line":113,"column":9}},"type":"if","locations":[{"start":{"line":111,"column":8},"end":{"line":113,"column":9}},{"start":{},"end":{}}],"line":111},"27":{"loc":{"start":{"line":111,"column":12},"end":{"line":111,"column":79}},"type":"binary-expr","locations":[{"start":{"line":111,"column":12},"end":{"line":111,"column":40}},{"start":{"line":111,"column":44},"end":{"line":111,"column":79}}],"line":111},"28":{"loc":{"start":{"line":117,"column":4},"end":{"line":123,"column":5}},"type":"if","locations":[{"start":{"line":117,"column":4},"end":{"line":123,"column":5}},{"start":{},"end":{}}],"line":117},"29":{"loc":{"start":{"line":126,"column":4},"end":{"line":131,"column":5}},"type":"if","locations":[{"start":{"line":126,"column":4},"end":{"line":131,"column":5}},{"start":{},"end":{}}],"line":126},"30":{"loc":{"start":{"line":126,"column":8},"end":{"line":126,"column":50}},"type":"binary-expr","locations":[{"start":{"line":126,"column":8},"end":{"line":126,"column":31}},{"start":{"line":126,"column":35},"end":{"line":126,"column":50}}],"line":126},"31":{"loc":{"start":{"line":134,"column":4},"end":{"line":142,"column":5}},"type":"if","locations":[{"start":{"line":134,"column":4},"end":{"line":142,"column":5}},{"start":{},"end":{}}],"line":134},"32":{"loc":{"start":{"line":136,"column":6},"end":{"line":141,"column":7}},"type":"if","locations":[{"start":{"line":136,"column":6},"end":{"line":141,"column":7}},{"start":{},"end":{}}],"line":136},"33":{"loc":{"start":{"line":136,"column":10},"end":{"line":136,"column":78}},"type":"binary-expr","locations":[{"start":{"line":136,"column":10},"end":{"line":136,"column":40}},{"start":{"line":136,"column":44},"end":{"line":136,"column":59}},{"start":{"line":136,"column":63},"end":{"line":136,"column":78}}],"line":136},"34":{"loc":{"start":{"line":145,"column":4},"end":{"line":154,"column":5}},"type":"if","locations":[{"start":{"line":145,"column":4},"end":{"line":154,"column":5}},{"start":{},"end":{}}],"line":145},"35":{"loc":{"start":{"line":147,"column":22},"end":{"line":147,"column":58}},"type":"cond-expr","locations":[{"start":{"line":147,"column":53},"end":{"line":147,"column":54}},{"start":{"line":147,"column":57},"end":{"line":147,"column":58}}],"line":147},"36":{"loc":{"start":{"line":148,"column":6},"end":{"line":153,"column":7}},"type":"if","locations":[{"start":{"line":148,"column":6},"end":{"line":153,"column":7}},{"start":{},"end":{}}],"line":148},"37":{"loc":{"start":{"line":148,"column":10},"end":{"line":148,"column":87}},"type":"binary-expr","locations":[{"start":{"line":148,"column":10},"end":{"line":148,"column":41}},{"start":{"line":148,"column":45},"end":{"line":148,"column":61}},{"start":{"line":148,"column":65},"end":{"line":148,"column":87}}],"line":148},"38":{"loc":{"start":{"line":151,"column":81},"end":{"line":151,"column":119}},"type":"binary-expr","locations":[{"start":{"line":151,"column":81},"end":{"line":151,"column":98}},{"start":{"line":151,"column":102},"end":{"line":151,"column":119}}],"line":151},"39":{"loc":{"start":{"line":157,"column":4},"end":{"line":211,"column":5}},"type":"if","locations":[{"start":{"line":157,"column":4},"end":{"line":211,"column":5}},{"start":{},"end":{}}],"line":157},"40":{"loc":{"start":{"line":157,"column":8},"end":{"line":157,"column":84}},"type":"binary-expr","locations":[{"start":{"line":157,"column":8},"end":{"line":157,"column":22}},{"start":{"line":157,"column":26},"end":{"line":157,"column":55}},{"start":{"line":157,"column":59},"end":{"line":157,"column":84}}],"line":157},"41":{"loc":{"start":{"line":160,"column":8},"end":{"line":165,"column":9}},"type":"if","locations":[{"start":{"line":160,"column":8},"end":{"line":165,"column":9}},{"start":{},"end":{}}],"line":160},"42":{"loc":{"start":{"line":160,"column":12},"end":{"line":160,"column":42}},"type":"binary-expr","locations":[{"start":{"line":160,"column":12},"end":{"line":160,"column":23}},{"start":{"line":160,"column":27},"end":{"line":160,"column":42}}],"line":160},"43":{"loc":{"start":{"line":168,"column":8},"end":{"line":209,"column":9}},"type":"if","locations":[{"start":{"line":168,"column":8},"end":{"line":209,"column":9}},{"start":{},"end":{}}],"line":168},"44":{"loc":{"start":{"line":168,"column":12},"end":{"line":168,"column":59}},"type":"binary-expr","locations":[{"start":{"line":168,"column":12},"end":{"line":168,"column":26}},{"start":{"line":168,"column":30},"end":{"line":168,"column":59}}],"line":168},"45":{"loc":{"start":{"line":169,"column":10},"end":{"line":174,"column":11}},"type":"if","locations":[{"start":{"line":169,"column":10},"end":{"line":174,"column":11}},{"start":{},"end":{}}],"line":169},"46":{"loc":{"start":{"line":183,"column":12},"end":{"line":188,"column":13}},"type":"if","locations":[{"start":{"line":183,"column":12},"end":{"line":188,"column":13}},{"start":{},"end":{}}],"line":183},"47":{"loc":{"start":{"line":183,"column":16},"end":{"line":183,"column":99}},"type":"binary-expr","locations":[{"start":{"line":183,"column":16},"end":{"line":183,"column":37}},{"start":{"line":183,"column":41},"end":{"line":183,"column":99}}],"line":183},"48":{"loc":{"start":{"line":192,"column":12},"end":{"line":197,"column":13}},"type":"if","locations":[{"start":{"line":192,"column":12},"end":{"line":197,"column":13}},{"start":{},"end":{}}],"line":192},"49":{"loc":{"start":{"line":192,"column":16},"end":{"line":192,"column":63}},"type":"binary-expr","locations":[{"start":{"line":192,"column":16},"end":{"line":192,"column":31}},{"start":{"line":192,"column":35},"end":{"line":192,"column":47}},{"start":{"line":192,"column":51},"end":{"line":192,"column":63}}],"line":192},"50":{"loc":{"start":{"line":201,"column":12},"end":{"line":206,"column":13}},"type":"if","locations":[{"start":{"line":201,"column":12},"end":{"line":206,"column":13}},{"start":{},"end":{}}],"line":201},"51":{"loc":{"start":{"line":230,"column":4},"end":{"line":230,"column":81}},"type":"if","locations":[{"start":{"line":230,"column":4},"end":{"line":230,"column":81}},{"start":{},"end":{}}],"line":230},"52":{"loc":{"start":{"line":231,"column":4},"end":{"line":231,"column":51}},"type":"if","locations":[{"start":{"line":231,"column":4},"end":{"line":231,"column":51}},{"start":{},"end":{}}],"line":231},"53":{"loc":{"start":{"line":232,"column":4},"end":{"line":232,"column":43}},"type":"if","locations":[{"start":{"line":232,"column":4},"end":{"line":232,"column":43}},{"start":{},"end":{}}],"line":232},"54":{"loc":{"start":{"line":235,"column":4},"end":{"line":235,"column":75}},"type":"if","locations":[{"start":{"line":235,"column":4},"end":{"line":235,"column":75}},{"start":{},"end":{}}],"line":235},"55":{"loc":{"start":{"line":236,"column":4},"end":{"line":239,"column":5}},"type":"if","locations":[{"start":{"line":236,"column":4},"end":{"line":239,"column":5}},{"start":{},"end":{}}],"line":236},"56":{"loc":{"start":{"line":240,"column":4},"end":{"line":240,"column":63}},"type":"if","locations":[{"start":{"line":240,"column":4},"end":{"line":240,"column":63}},{"start":{},"end":{}}],"line":240},"57":{"loc":{"start":{"line":241,"column":4},"end":{"line":241,"column":66}},"type":"if","locations":[{"start":{"line":241,"column":4},"end":{"line":241,"column":66}},{"start":{},"end":{}}],"line":241},"58":{"loc":{"start":{"line":242,"column":4},"end":{"line":242,"column":64}},"type":"if","locations":[{"start":{"line":242,"column":4},"end":{"line":242,"column":64}},{"start":{},"end":{}}],"line":242},"59":{"loc":{"start":{"line":243,"column":4},"end":{"line":243,"column":79}},"type":"if","locations":[{"start":{"line":243,"column":4},"end":{"line":243,"column":79}},{"start":{},"end":{}}],"line":243},"60":{"loc":{"start":{"line":244,"column":4},"end":{"line":244,"column":70}},"type":"if","locations":[{"start":{"line":244,"column":4},"end":{"line":244,"column":70}},{"start":{},"end":{}}],"line":244},"61":{"loc":{"start":{"line":245,"column":4},"end":{"line":245,"column":67}},"type":"if","locations":[{"start":{"line":245,"column":4},"end":{"line":245,"column":67}},{"start":{},"end":{}}],"line":245},"62":{"loc":{"start":{"line":246,"column":4},"end":{"line":246,"column":52}},"type":"if","locations":[{"start":{"line":246,"column":4},"end":{"line":246,"column":52}},{"start":{},"end":{}}],"line":246},"63":{"loc":{"start":{"line":249,"column":4},"end":{"line":328,"column":5}},"type":"if","locations":[{"start":{"line":249,"column":4},"end":{"line":328,"column":5}},{"start":{"line":316,"column":11},"end":{"line":328,"column":5}}],"line":249},"64":{"loc":{"start":{"line":249,"column":8},"end":{"line":249,"column":84}},"type":"binary-expr","locations":[{"start":{"line":249,"column":8},"end":{"line":249,"column":22}},{"start":{"line":249,"column":26},"end":{"line":249,"column":55}},{"start":{"line":249,"column":59},"end":{"line":249,"column":84}}],"line":249},"65":{"loc":{"start":{"line":268,"column":25},"end":{"line":268,"column":49}},"type":"binary-expr","locations":[{"start":{"line":268,"column":25},"end":{"line":268,"column":43}},{"start":{"line":268,"column":47},"end":{"line":268,"column":49}}],"line":268},"66":{"loc":{"start":{"line":275,"column":10},"end":{"line":284,"column":11}},"type":"if","locations":[{"start":{"line":275,"column":10},"end":{"line":284,"column":11}},{"start":{},"end":{}}],"line":275},"67":{"loc":{"start":{"line":275,"column":14},"end":{"line":275,"column":90}},"type":"binary-expr","locations":[{"start":{"line":275,"column":14},"end":{"line":275,"column":28}},{"start":{"line":275,"column":32},"end":{"line":275,"column":61}},{"start":{"line":275,"column":65},"end":{"line":275,"column":90}}],"line":275},"68":{"loc":{"start":{"line":355,"column":4},"end":{"line":355,"column":86}},"type":"if","locations":[{"start":{"line":355,"column":4},"end":{"line":355,"column":86}},{"start":{},"end":{}}],"line":355},"69":{"loc":{"start":{"line":356,"column":4},"end":{"line":356,"column":54}},"type":"if","locations":[{"start":{"line":356,"column":4},"end":{"line":356,"column":54}},{"start":{},"end":{}}],"line":356},"70":{"loc":{"start":{"line":357,"column":4},"end":{"line":357,"column":59}},"type":"if","locations":[{"start":{"line":357,"column":4},"end":{"line":357,"column":59}},{"start":{},"end":{}}],"line":357},"71":{"loc":{"start":{"line":358,"column":4},"end":{"line":358,"column":77}},"type":"if","locations":[{"start":{"line":358,"column":4},"end":{"line":358,"column":77}},{"start":{},"end":{}}],"line":358},"72":{"loc":{"start":{"line":359,"column":4},"end":{"line":359,"column":43}},"type":"if","locations":[{"start":{"line":359,"column":4},"end":{"line":359,"column":43}},{"start":{},"end":{}}],"line":359},"73":{"loc":{"start":{"line":360,"column":4},"end":{"line":360,"column":39}},"type":"if","locations":[{"start":{"line":360,"column":4},"end":{"line":360,"column":39}},{"start":{},"end":{}}],"line":360},"74":{"loc":{"start":{"line":389,"column":4},"end":{"line":394,"column":5}},"type":"if","locations":[{"start":{"line":389,"column":4},"end":{"line":394,"column":5}},{"start":{},"end":{}}],"line":389},"75":{"loc":{"start":{"line":416,"column":4},"end":{"line":421,"column":5}},"type":"if","locations":[{"start":{"line":416,"column":4},"end":{"line":421,"column":5}},{"start":{},"end":{}}],"line":416},"76":{"loc":{"start":{"line":455,"column":4},"end":{"line":460,"column":5}},"type":"if","locations":[{"start":{"line":455,"column":4},"end":{"line":460,"column":5}},{"start":{},"end":{}}],"line":455},"77":{"loc":{"start":{"line":463,"column":4},"end":{"line":472,"column":5}},"type":"if","locations":[{"start":{"line":463,"column":4},"end":{"line":472,"column":5}},{"start":{},"end":{}}],"line":463},"78":{"loc":{"start":{"line":463,"column":8},"end":{"line":463,"column":68}},"type":"binary-expr","locations":[{"start":{"line":463,"column":8},"end":{"line":463,"column":18}},{"start":{"line":463,"column":22},"end":{"line":463,"column":68}}],"line":463},"79":{"loc":{"start":{"line":465,"column":6},"end":{"line":470,"column":7}},"type":"if","locations":[{"start":{"line":465,"column":6},"end":{"line":470,"column":7}},{"start":{},"end":{}}],"line":465},"80":{"loc":{"start":{"line":475,"column":26},"end":{"line":475,"column":77}},"type":"cond-expr","locations":[{"start":{"line":475,"column":51},"end":{"line":475,"column":59}},{"start":{"line":475,"column":62},"end":{"line":475,"column":77}}],"line":475},"81":{"loc":{"start":{"line":476,"column":31},"end":{"line":476,"column":100}},"type":"cond-expr","locations":[{"start":{"line":476,"column":62},"end":{"line":476,"column":76}},{"start":{"line":476,"column":79},"end":{"line":476,"column":100}}],"line":476},"82":{"loc":{"start":{"line":478,"column":4},"end":{"line":483,"column":5}},"type":"if","locations":[{"start":{"line":478,"column":4},"end":{"line":483,"column":5}},{"start":{},"end":{}}],"line":478},"83":{"loc":{"start":{"line":478,"column":8},"end":{"line":478,"column":59}},"type":"binary-expr","locations":[{"start":{"line":478,"column":8},"end":{"line":478,"column":36}},{"start":{"line":478,"column":40},"end":{"line":478,"column":59}}],"line":478},"84":{"loc":{"start":{"line":486,"column":4},"end":{"line":494,"column":5}},"type":"if","locations":[{"start":{"line":486,"column":4},"end":{"line":494,"column":5}},{"start":{},"end":{}}],"line":486},"85":{"loc":{"start":{"line":488,"column":6},"end":{"line":493,"column":7}},"type":"if","locations":[{"start":{"line":488,"column":6},"end":{"line":493,"column":7}},{"start":{},"end":{}}],"line":488},"86":{"loc":{"start":{"line":488,"column":10},"end":{"line":488,"column":78}},"type":"binary-expr","locations":[{"start":{"line":488,"column":10},"end":{"line":488,"column":40}},{"start":{"line":488,"column":44},"end":{"line":488,"column":59}},{"start":{"line":488,"column":63},"end":{"line":488,"column":78}}],"line":488},"87":{"loc":{"start":{"line":497,"column":4},"end":{"line":507,"column":5}},"type":"if","locations":[{"start":{"line":497,"column":4},"end":{"line":507,"column":5}},{"start":{},"end":{}}],"line":497},"88":{"loc":{"start":{"line":499,"column":30},"end":{"line":499,"column":75}},"type":"binary-expr","locations":[{"start":{"line":499,"column":30},"end":{"line":499,"column":47}},{"start":{"line":499,"column":51},"end":{"line":499,"column":75}}],"line":499},"89":{"loc":{"start":{"line":500,"column":22},"end":{"line":500,"column":56}},"type":"cond-expr","locations":[{"start":{"line":500,"column":51},"end":{"line":500,"column":52}},{"start":{"line":500,"column":55},"end":{"line":500,"column":56}}],"line":500},"90":{"loc":{"start":{"line":501,"column":6},"end":{"line":506,"column":7}},"type":"if","locations":[{"start":{"line":501,"column":6},"end":{"line":506,"column":7}},{"start":{},"end":{}}],"line":501},"91":{"loc":{"start":{"line":501,"column":10},"end":{"line":501,"column":87}},"type":"binary-expr","locations":[{"start":{"line":501,"column":10},"end":{"line":501,"column":41}},{"start":{"line":501,"column":45},"end":{"line":501,"column":61}},{"start":{"line":501,"column":65},"end":{"line":501,"column":87}}],"line":501},"92":{"loc":{"start":{"line":504,"column":81},"end":{"line":504,"column":117}},"type":"binary-expr","locations":[{"start":{"line":504,"column":81},"end":{"line":504,"column":96}},{"start":{"line":504,"column":100},"end":{"line":504,"column":117}}],"line":504},"93":{"loc":{"start":{"line":510,"column":4},"end":{"line":553,"column":5}},"type":"if","locations":[{"start":{"line":510,"column":4},"end":{"line":553,"column":5}},{"start":{},"end":{}}],"line":510},"94":{"loc":{"start":{"line":510,"column":8},"end":{"line":510,"column":84}},"type":"binary-expr","locations":[{"start":{"line":510,"column":8},"end":{"line":510,"column":22}},{"start":{"line":510,"column":26},"end":{"line":510,"column":55}},{"start":{"line":510,"column":59},"end":{"line":510,"column":84}}],"line":510},"95":{"loc":{"start":{"line":512,"column":8},"end":{"line":517,"column":9}},"type":"if","locations":[{"start":{"line":512,"column":8},"end":{"line":517,"column":9}},{"start":{},"end":{}}],"line":512},"96":{"loc":{"start":{"line":512,"column":12},"end":{"line":512,"column":42}},"type":"binary-expr","locations":[{"start":{"line":512,"column":12},"end":{"line":512,"column":23}},{"start":{"line":512,"column":27},"end":{"line":512,"column":42}}],"line":512},"97":{"loc":{"start":{"line":520,"column":8},"end":{"line":551,"column":9}},"type":"if","locations":[{"start":{"line":520,"column":8},"end":{"line":551,"column":9}},{"start":{},"end":{}}],"line":520},"98":{"loc":{"start":{"line":520,"column":12},"end":{"line":520,"column":88}},"type":"binary-expr","locations":[{"start":{"line":520,"column":12},"end":{"line":520,"column":26}},{"start":{"line":520,"column":30},"end":{"line":520,"column":59}},{"start":{"line":520,"column":63},"end":{"line":520,"column":88}}],"line":520},"99":{"loc":{"start":{"line":527,"column":12},"end":{"line":532,"column":13}},"type":"if","locations":[{"start":{"line":527,"column":12},"end":{"line":532,"column":13}},{"start":{},"end":{}}],"line":527},"100":{"loc":{"start":{"line":527,"column":16},"end":{"line":527,"column":99}},"type":"binary-expr","locations":[{"start":{"line":527,"column":16},"end":{"line":527,"column":37}},{"start":{"line":527,"column":41},"end":{"line":527,"column":99}}],"line":527},"101":{"loc":{"start":{"line":535,"column":12},"end":{"line":540,"column":13}},"type":"if","locations":[{"start":{"line":535,"column":12},"end":{"line":540,"column":13}},{"start":{},"end":{}}],"line":535},"102":{"loc":{"start":{"line":535,"column":16},"end":{"line":535,"column":63}},"type":"binary-expr","locations":[{"start":{"line":535,"column":16},"end":{"line":535,"column":31}},{"start":{"line":535,"column":35},"end":{"line":535,"column":47}},{"start":{"line":535,"column":51},"end":{"line":535,"column":63}}],"line":535},"103":{"loc":{"start":{"line":543,"column":12},"end":{"line":548,"column":13}},"type":"if","locations":[{"start":{"line":543,"column":12},"end":{"line":548,"column":13}},{"start":{},"end":{}}],"line":543},"104":{"loc":{"start":{"line":556,"column":4},"end":{"line":785,"column":5}},"type":"if","locations":[{"start":{"line":556,"column":4},"end":{"line":785,"column":5}},{"start":{"line":715,"column":11},"end":{"line":785,"column":5}}],"line":556},"105":{"loc":{"start":{"line":556,"column":8},"end":{"line":556,"column":98}},"type":"binary-expr","locations":[{"start":{"line":556,"column":9},"end":{"line":556,"column":23}},{"start":{"line":556,"column":27},"end":{"line":556,"column":52}},{"start":{"line":556,"column":58},"end":{"line":556,"column":70}},{"start":{"line":556,"column":74},"end":{"line":556,"column":97}}],"line":556},"106":{"loc":{"start":{"line":562,"column":8},"end":{"line":562,"column":55}},"type":"if","locations":[{"start":{"line":562,"column":8},"end":{"line":562,"column":55}},{"start":{},"end":{}}],"line":562},"107":{"loc":{"start":{"line":563,"column":8},"end":{"line":563,"column":58}},"type":"if","locations":[{"start":{"line":563,"column":8},"end":{"line":563,"column":58}},{"start":{},"end":{}}],"line":563},"108":{"loc":{"start":{"line":564,"column":8},"end":{"line":564,"column":72}},"type":"if","locations":[{"start":{"line":564,"column":8},"end":{"line":564,"column":72}},{"start":{},"end":{}}],"line":564},"109":{"loc":{"start":{"line":565,"column":8},"end":{"line":565,"column":57}},"type":"if","locations":[{"start":{"line":565,"column":8},"end":{"line":565,"column":57}},{"start":{},"end":{}}],"line":565},"110":{"loc":{"start":{"line":566,"column":8},"end":{"line":566,"column":76}},"type":"if","locations":[{"start":{"line":566,"column":8},"end":{"line":566,"column":76}},{"start":{},"end":{}}],"line":566},"111":{"loc":{"start":{"line":569,"column":8},"end":{"line":569,"column":63}},"type":"if","locations":[{"start":{"line":569,"column":8},"end":{"line":569,"column":63}},{"start":{},"end":{}}],"line":569},"112":{"loc":{"start":{"line":570,"column":8},"end":{"line":570,"column":81}},"type":"if","locations":[{"start":{"line":570,"column":8},"end":{"line":570,"column":81}},{"start":{},"end":{}}],"line":570},"113":{"loc":{"start":{"line":571,"column":8},"end":{"line":571,"column":81}},"type":"if","locations":[{"start":{"line":571,"column":8},"end":{"line":571,"column":81}},{"start":{},"end":{}}],"line":571},"114":{"loc":{"start":{"line":572,"column":8},"end":{"line":572,"column":72}},"type":"if","locations":[{"start":{"line":572,"column":8},"end":{"line":572,"column":72}},{"start":{},"end":{}}],"line":572},"115":{"loc":{"start":{"line":573,"column":8},"end":{"line":573,"column":51}},"type":"if","locations":[{"start":{"line":573,"column":8},"end":{"line":573,"column":51}},{"start":{},"end":{}}],"line":573},"116":{"loc":{"start":{"line":574,"column":8},"end":{"line":574,"column":57}},"type":"if","locations":[{"start":{"line":574,"column":8},"end":{"line":574,"column":57}},{"start":{},"end":{}}],"line":574},"117":{"loc":{"start":{"line":577,"column":8},"end":{"line":577,"column":75}},"type":"if","locations":[{"start":{"line":577,"column":8},"end":{"line":577,"column":75}},{"start":{},"end":{}}],"line":577},"118":{"loc":{"start":{"line":578,"column":8},"end":{"line":581,"column":9}},"type":"if","locations":[{"start":{"line":578,"column":8},"end":{"line":581,"column":9}},{"start":{},"end":{}}],"line":578},"119":{"loc":{"start":{"line":582,"column":8},"end":{"line":582,"column":63}},"type":"if","locations":[{"start":{"line":582,"column":8},"end":{"line":582,"column":63}},{"start":{},"end":{}}],"line":582},"120":{"loc":{"start":{"line":583,"column":8},"end":{"line":583,"column":66}},"type":"if","locations":[{"start":{"line":583,"column":8},"end":{"line":583,"column":66}},{"start":{},"end":{}}],"line":583},"121":{"loc":{"start":{"line":584,"column":8},"end":{"line":584,"column":78}},"type":"if","locations":[{"start":{"line":584,"column":8},"end":{"line":584,"column":78}},{"start":{},"end":{}}],"line":584},"122":{"loc":{"start":{"line":585,"column":8},"end":{"line":585,"column":93}},"type":"if","locations":[{"start":{"line":585,"column":8},"end":{"line":585,"column":93}},{"start":{},"end":{}}],"line":585},"123":{"loc":{"start":{"line":586,"column":8},"end":{"line":586,"column":90}},"type":"if","locations":[{"start":{"line":586,"column":8},"end":{"line":586,"column":90}},{"start":{},"end":{}}],"line":586},"124":{"loc":{"start":{"line":587,"column":8},"end":{"line":587,"column":93}},"type":"if","locations":[{"start":{"line":587,"column":8},"end":{"line":587,"column":93}},{"start":{},"end":{}}],"line":587},"125":{"loc":{"start":{"line":588,"column":8},"end":{"line":588,"column":84}},"type":"if","locations":[{"start":{"line":588,"column":8},"end":{"line":588,"column":84}},{"start":{},"end":{}}],"line":588},"126":{"loc":{"start":{"line":589,"column":8},"end":{"line":589,"column":81}},"type":"if","locations":[{"start":{"line":589,"column":8},"end":{"line":589,"column":81}},{"start":{},"end":{}}],"line":589},"127":{"loc":{"start":{"line":590,"column":8},"end":{"line":590,"column":81}},"type":"if","locations":[{"start":{"line":590,"column":8},"end":{"line":590,"column":81}},{"start":{},"end":{}}],"line":590},"128":{"loc":{"start":{"line":591,"column":8},"end":{"line":591,"column":66}},"type":"if","locations":[{"start":{"line":591,"column":8},"end":{"line":591,"column":66}},{"start":{},"end":{}}],"line":591},"129":{"loc":{"start":{"line":592,"column":8},"end":{"line":592,"column":96}},"type":"if","locations":[{"start":{"line":592,"column":8},"end":{"line":592,"column":96}},{"start":{},"end":{}}],"line":592},"130":{"loc":{"start":{"line":604,"column":8},"end":{"line":628,"column":9}},"type":"if","locations":[{"start":{"line":604,"column":8},"end":{"line":628,"column":9}},{"start":{},"end":{}}],"line":604},"131":{"loc":{"start":{"line":604,"column":12},"end":{"line":604,"column":82}},"type":"binary-expr","locations":[{"start":{"line":604,"column":12},"end":{"line":604,"column":24}},{"start":{"line":604,"column":28},"end":{"line":604,"column":55}},{"start":{"line":604,"column":59},"end":{"line":604,"column":82}}],"line":604},"132":{"loc":{"start":{"line":607,"column":12},"end":{"line":626,"column":13}},"type":"if","locations":[{"start":{"line":607,"column":12},"end":{"line":626,"column":13}},{"start":{},"end":{}}],"line":607},"133":{"loc":{"start":{"line":613,"column":14},"end":{"line":625,"column":15}},"type":"if","locations":[{"start":{"line":613,"column":14},"end":{"line":625,"column":15}},{"start":{"line":620,"column":21},"end":{"line":625,"column":15}}],"line":613},"134":{"loc":{"start":{"line":631,"column":8},"end":{"line":685,"column":9}},"type":"if","locations":[{"start":{"line":631,"column":8},"end":{"line":685,"column":9}},{"start":{},"end":{}}],"line":631},"135":{"loc":{"start":{"line":631,"column":12},"end":{"line":631,"column":59}},"type":"binary-expr","locations":[{"start":{"line":631,"column":12},"end":{"line":631,"column":26}},{"start":{"line":631,"column":30},"end":{"line":631,"column":59}}],"line":631},"136":{"loc":{"start":{"line":633,"column":12},"end":{"line":683,"column":13}},"type":"if","locations":[{"start":{"line":633,"column":12},"end":{"line":683,"column":13}},{"start":{"line":663,"column":19},"end":{"line":683,"column":13}}],"line":633},"137":{"loc":{"start":{"line":636,"column":14},"end":{"line":662,"column":15}},"type":"if","locations":[{"start":{"line":636,"column":14},"end":{"line":662,"column":15}},{"start":{},"end":{}}],"line":636},"138":{"loc":{"start":{"line":643,"column":16},"end":{"line":661,"column":17}},"type":"if","locations":[{"start":{"line":643,"column":16},"end":{"line":661,"column":17}},{"start":{},"end":{}}],"line":643},"139":{"loc":{"start":{"line":643,"column":20},"end":{"line":643,"column":75}},"type":"binary-expr","locations":[{"start":{"line":643,"column":20},"end":{"line":643,"column":38}},{"start":{"line":643,"column":42},"end":{"line":643,"column":75}}],"line":643},"140":{"loc":{"start":{"line":651,"column":18},"end":{"line":660,"column":19}},"type":"if","locations":[{"start":{"line":651,"column":18},"end":{"line":660,"column":19}},{"start":{},"end":{}}],"line":651},"141":{"loc":{"start":{"line":673,"column":14},"end":{"line":682,"column":15}},"type":"if","locations":[{"start":{"line":673,"column":14},"end":{"line":682,"column":15}},{"start":{},"end":{}}],"line":673},"142":{"loc":{"start":{"line":673,"column":18},"end":{"line":673,"column":106}},"type":"binary-expr","locations":[{"start":{"line":673,"column":18},"end":{"line":673,"column":36}},{"start":{"line":673,"column":40},"end":{"line":673,"column":73}},{"start":{"line":673,"column":77},"end":{"line":673,"column":106}}],"line":673},"143":{"loc":{"start":{"line":719,"column":6},"end":{"line":727,"column":7}},"type":"if","locations":[{"start":{"line":719,"column":6},"end":{"line":727,"column":7}},{"start":{},"end":{}}],"line":719},"144":{"loc":{"start":{"line":721,"column":8},"end":{"line":726,"column":9}},"type":"if","locations":[{"start":{"line":721,"column":8},"end":{"line":726,"column":9}},{"start":{},"end":{}}],"line":721},"145":{"loc":{"start":{"line":721,"column":12},"end":{"line":721,"column":80}},"type":"binary-expr","locations":[{"start":{"line":721,"column":12},"end":{"line":721,"column":42}},{"start":{"line":721,"column":46},"end":{"line":721,"column":61}},{"start":{"line":721,"column":65},"end":{"line":721,"column":80}}],"line":721},"146":{"loc":{"start":{"line":730,"column":6},"end":{"line":740,"column":7}},"type":"if","locations":[{"start":{"line":730,"column":6},"end":{"line":740,"column":7}},{"start":{},"end":{}}],"line":730},"147":{"loc":{"start":{"line":732,"column":32},"end":{"line":732,"column":77}},"type":"binary-expr","locations":[{"start":{"line":732,"column":32},"end":{"line":732,"column":49}},{"start":{"line":732,"column":53},"end":{"line":732,"column":77}}],"line":732},"148":{"loc":{"start":{"line":733,"column":24},"end":{"line":733,"column":58}},"type":"cond-expr","locations":[{"start":{"line":733,"column":53},"end":{"line":733,"column":54}},{"start":{"line":733,"column":57},"end":{"line":733,"column":58}}],"line":733},"149":{"loc":{"start":{"line":734,"column":8},"end":{"line":739,"column":9}},"type":"if","locations":[{"start":{"line":734,"column":8},"end":{"line":739,"column":9}},{"start":{},"end":{}}],"line":734},"150":{"loc":{"start":{"line":734,"column":12},"end":{"line":734,"column":89}},"type":"binary-expr","locations":[{"start":{"line":734,"column":12},"end":{"line":734,"column":43}},{"start":{"line":734,"column":47},"end":{"line":734,"column":63}},{"start":{"line":734,"column":67},"end":{"line":734,"column":89}}],"line":734},"151":{"loc":{"start":{"line":737,"column":83},"end":{"line":737,"column":119}},"type":"binary-expr","locations":[{"start":{"line":737,"column":83},"end":{"line":737,"column":98}},{"start":{"line":737,"column":102},"end":{"line":737,"column":119}}],"line":737},"152":{"loc":{"start":{"line":742,"column":6},"end":{"line":742,"column":56}},"type":"if","locations":[{"start":{"line":742,"column":6},"end":{"line":742,"column":56}},{"start":{},"end":{}}],"line":742},"153":{"loc":{"start":{"line":743,"column":6},"end":{"line":743,"column":70}},"type":"if","locations":[{"start":{"line":743,"column":6},"end":{"line":743,"column":70}},{"start":{},"end":{}}],"line":743},"154":{"loc":{"start":{"line":744,"column":6},"end":{"line":744,"column":55}},"type":"if","locations":[{"start":{"line":744,"column":6},"end":{"line":744,"column":55}},{"start":{},"end":{}}],"line":744},"155":{"loc":{"start":{"line":745,"column":6},"end":{"line":745,"column":74}},"type":"if","locations":[{"start":{"line":745,"column":6},"end":{"line":745,"column":74}},{"start":{},"end":{}}],"line":745},"156":{"loc":{"start":{"line":748,"column":6},"end":{"line":748,"column":61}},"type":"if","locations":[{"start":{"line":748,"column":6},"end":{"line":748,"column":61}},{"start":{},"end":{}}],"line":748},"157":{"loc":{"start":{"line":749,"column":6},"end":{"line":749,"column":79}},"type":"if","locations":[{"start":{"line":749,"column":6},"end":{"line":749,"column":79}},{"start":{},"end":{}}],"line":749},"158":{"loc":{"start":{"line":750,"column":6},"end":{"line":750,"column":79}},"type":"if","locations":[{"start":{"line":750,"column":6},"end":{"line":750,"column":79}},{"start":{},"end":{}}],"line":750},"159":{"loc":{"start":{"line":751,"column":6},"end":{"line":751,"column":70}},"type":"if","locations":[{"start":{"line":751,"column":6},"end":{"line":751,"column":70}},{"start":{},"end":{}}],"line":751},"160":{"loc":{"start":{"line":752,"column":6},"end":{"line":752,"column":49}},"type":"if","locations":[{"start":{"line":752,"column":6},"end":{"line":752,"column":49}},{"start":{},"end":{}}],"line":752},"161":{"loc":{"start":{"line":753,"column":6},"end":{"line":753,"column":55}},"type":"if","locations":[{"start":{"line":753,"column":6},"end":{"line":753,"column":55}},{"start":{},"end":{}}],"line":753},"162":{"loc":{"start":{"line":756,"column":6},"end":{"line":756,"column":73}},"type":"if","locations":[{"start":{"line":756,"column":6},"end":{"line":756,"column":73}},{"start":{},"end":{}}],"line":756},"163":{"loc":{"start":{"line":757,"column":6},"end":{"line":760,"column":7}},"type":"if","locations":[{"start":{"line":757,"column":6},"end":{"line":760,"column":7}},{"start":{},"end":{}}],"line":757},"164":{"loc":{"start":{"line":761,"column":6},"end":{"line":761,"column":61}},"type":"if","locations":[{"start":{"line":761,"column":6},"end":{"line":761,"column":61}},{"start":{},"end":{}}],"line":761},"165":{"loc":{"start":{"line":762,"column":6},"end":{"line":762,"column":64}},"type":"if","locations":[{"start":{"line":762,"column":6},"end":{"line":762,"column":64}},{"start":{},"end":{}}],"line":762},"166":{"loc":{"start":{"line":763,"column":6},"end":{"line":763,"column":76}},"type":"if","locations":[{"start":{"line":763,"column":6},"end":{"line":763,"column":76}},{"start":{},"end":{}}],"line":763},"167":{"loc":{"start":{"line":764,"column":6},"end":{"line":764,"column":91}},"type":"if","locations":[{"start":{"line":764,"column":6},"end":{"line":764,"column":91}},{"start":{},"end":{}}],"line":764},"168":{"loc":{"start":{"line":765,"column":6},"end":{"line":765,"column":88}},"type":"if","locations":[{"start":{"line":765,"column":6},"end":{"line":765,"column":88}},{"start":{},"end":{}}],"line":765},"169":{"loc":{"start":{"line":766,"column":6},"end":{"line":766,"column":91}},"type":"if","locations":[{"start":{"line":766,"column":6},"end":{"line":766,"column":91}},{"start":{},"end":{}}],"line":766},"170":{"loc":{"start":{"line":767,"column":6},"end":{"line":767,"column":82}},"type":"if","locations":[{"start":{"line":767,"column":6},"end":{"line":767,"column":82}},{"start":{},"end":{}}],"line":767},"171":{"loc":{"start":{"line":768,"column":6},"end":{"line":768,"column":79}},"type":"if","locations":[{"start":{"line":768,"column":6},"end":{"line":768,"column":79}},{"start":{},"end":{}}],"line":768},"172":{"loc":{"start":{"line":769,"column":6},"end":{"line":769,"column":79}},"type":"if","locations":[{"start":{"line":769,"column":6},"end":{"line":769,"column":79}},{"start":{},"end":{}}],"line":769},"173":{"loc":{"start":{"line":770,"column":6},"end":{"line":770,"column":64}},"type":"if","locations":[{"start":{"line":770,"column":6},"end":{"line":770,"column":64}},{"start":{},"end":{}}],"line":770},"174":{"loc":{"start":{"line":771,"column":6},"end":{"line":771,"column":94}},"type":"if","locations":[{"start":{"line":771,"column":6},"end":{"line":771,"column":94}},{"start":{},"end":{}}],"line":771},"175":{"loc":{"start":{"line":803,"column":4},"end":{"line":808,"column":5}},"type":"if","locations":[{"start":{"line":803,"column":4},"end":{"line":808,"column":5}},{"start":{},"end":{}}],"line":803},"176":{"loc":{"start":{"line":836,"column":4},"end":{"line":841,"column":5}},"type":"if","locations":[{"start":{"line":836,"column":4},"end":{"line":841,"column":5}},{"start":{},"end":{}}],"line":836},"177":{"loc":{"start":{"line":870,"column":4},"end":{"line":875,"column":5}},"type":"if","locations":[{"start":{"line":870,"column":4},"end":{"line":875,"column":5}},{"start":{},"end":{}}],"line":870},"178":{"loc":{"start":{"line":870,"column":8},"end":{"line":870,"column":55}},"type":"binary-expr","locations":[{"start":{"line":870,"column":8},"end":{"line":870,"column":23}},{"start":{"line":870,"column":27},"end":{"line":870,"column":39}},{"start":{"line":870,"column":43},"end":{"line":870,"column":55}}],"line":870}},"s":{"0":1,"1":1,"2":1,"3":1,"4":1,"5":1,"6":1,"7":1,"8":0,"9":0,"10":0,"11":0,"12":0,"13":0,"14":0,"15":0,"16":0,"17":0,"18":0,"19":0,"20":0,"21":0,"22":0,"23":0,"24":0,"25":0,"26":0,"27":0,"28":0,"29":0,"30":0,"31":0,"32":0,"33":0,"34":0,"35":0,"36":0,"37":0,"38":0,"39":0,"40":0,"41":0,"42":0,"43":0,"44":0,"45":0,"46":0,"47":0,"48":0,"49":0,"50":0,"51":0,"52":0,"53":0,"54":0,"55":0,"56":0,"57":0,"58":0,"59":0,"60":0,"61":0,"62":0,"63":0,"64":0,"65":0,"66":0,"67":0,"68":0,"69":0,"70":0,"71":0,"72":0,"73":0,"74":0,"75":0,"76":0,"77":0,"78":0,"79":0,"80":0,"81":0,"82":0,"83":0,"84":0,"85":0,"86":0,"87":0,"88":0,"89":0,"90":0,"91":0,"92":0,"93":0,"94":0,"95":0,"96":0,"97":0,"98":0,"99":0,"100":0,"101":0,"102":0,"103":0,"104":0,"105":0,"106":0,"107":0,"108":0,"109":0,"110":0,"111":0,"112":0,"113":0,"114":0,"115":0,"116":0,"117":0,"118":0,"119":0,"120":0,"121":0,"122":0,"123":0,"124":0,"125":0,"126":0,"127":0,"128":0,"129":0,"130":0,"131":0,"132":0,"133":1,"134":0,"135":0,"136":0,"137":0,"138":0,"139":0,"140":0,"141":0,"142":0,"143":0,"144":0,"145":0,"146":0,"147":0,"148":0,"149":0,"150":0,"151":0,"152":0,"153":1,"154":0,"155":0,"156":0,"157":0,"158":0,"159":0,"160":0,"161":1,"162":0,"163":0,"164":0,"165":0,"166":0,"167":0,"168":0,"169":0,"170":0,"171":0,"172":0,"173":0,"174":0,"175":0,"176":0,"177":0,"178":0,"179":0,"180":0,"181":0,"182":0,"183":0,"184":0,"185":0,"186":0,"187":0,"188":0,"189":0,"190":0,"191":0,"192":0,"193":0,"194":0,"195":0,"196":0,"197":0,"198":0,"199":0,"200":0,"201":0,"202":0,"203":0,"204":0,"205":0,"206":0,"207":0,"208":0,"209":0,"210":0,"211":0,"212":0,"213":0,"214":0,"215":0,"216":0,"217":0,"218":0,"219":0,"220":0,"221":0,"222":0,"223":0,"224":0,"225":0,"226":0,"227":0,"228":0,"229":0,"230":0,"231":0,"232":0,"233":0,"234":0,"235":0,"236":0,"237":0,"238":0,"239":0,"240":0,"241":0,"242":0,"243":0,"244":0,"245":0,"246":0,"247":0,"248":0,"249":0,"250":0,"251":0,"252":0,"253":0,"254":0,"255":0,"256":0,"257":0,"258":0,"259":0,"260":0,"261":0,"262":0,"263":0,"264":0,"265":0,"266":0,"267":0,"268":0,"269":0,"270":0,"271":0,"272":0,"273":0,"274":0,"275":0,"276":0,"277":0,"278":0,"279":0,"280":0,"281":0,"282":0,"283":0,"284":0,"285":0,"286":0,"287":0,"288":0,"289":0,"290":0,"291":0,"292":0,"293":0,"294":0,"295":0,"296":0,"297":0,"298":0,"299":0,"300":0,"301":0,"302":0,"303":0,"304":0,"305":0,"306":0,"307":0,"308":0,"309":0,"310":0,"311":0,"312":0,"313":0,"314":0,"315":0,"316":0,"317":0,"318":0,"319":0,"320":0,"321":0,"322":0,"323":0,"324":0,"325":0,"326":0,"327":0,"328":0,"329":0,"330":0,"331":0,"332":0,"333":0,"334":0,"335":0,"336":0,"337":0,"338":0,"339":0,"340":0,"341":0,"342":0,"343":0,"344":0,"345":0,"346":0,"347":0,"348":0,"349":0,"350":0,"351":0,"352":0,"353":0,"354":0,"355":0,"356":0,"357":0,"358":0,"359":0,"360":0,"361":0,"362":0,"363":0,"364":0,"365":0,"366":0,"367":0,"368":0,"369":0,"370":0,"371":0,"372":0,"373":1,"374":0,"375":0,"376":0,"377":0,"378":0,"379":0,"380":0,"381":0,"382":1,"383":0,"384":0,"385":0,"386":0,"387":0,"388":0,"389":0,"390":0,"391":1,"392":0,"393":0,"394":0,"395":0,"396":0,"397":0,"398":0,"399":0,"400":0,"401":0,"402":0,"403":0,"404":0},"f":{"0":0,"1":0,"2":0,"3":0,"4":0,"5":0,"6":0,"7":0,"8":0,"9":0,"10":0,"11":0,"12":0,"13":0,"14":0},"b":{"0":[0,0],"1":[0,0],"2":[0,0],"3":[0,0],"4":[0,0],"5":[0,0],"6":[0,0],"7":[0,0],"8":[0,0],"9":[0,0],"10":[0,0],"11":[0,0],"12":[0,0],"13":[0,0],"14":[0,0],"15":[0,0],"16":[0,0],"17":[0,0,0],"18":[0,0],"19":[0,0,0],"20":[0,0],"21":[0,0,0],"22":[0,0],"23":[0,0,0],"24":[0,0],"25":[0,0],"26":[0,0],"27":[0,0],"28":[0,0],"29":[0,0],"30":[0,0],"31":[0,0],"32":[0,0],"33":[0,0,0],"34":[0,0],"35":[0,0],"36":[0,0],"37":[0,0,0],"38":[0,0],"39":[0,0],"40":[0,0,0],"41":[0,0],"42":[0,0],"43":[0,0],"44":[0,0],"45":[0,0],"46":[0,0],"47":[0,0],"48":[0,0],"49":[0,0,0],"50":[0,0],"51":[0,0],"52":[0,0],"53":[0,0],"54":[0,0],"55":[0,0],"56":[0,0],"57":[0,0],"58":[0,0],"59":[0,0],"60":[0,0],"61":[0,0],"62":[0,0],"63":[0,0],"64":[0,0,0],"65":[0,0],"66":[0,0],"67":[0,0,0],"68":[0,0],"69":[0,0],"70":[0,0],"71":[0,0],"72":[0,0],"73":[0,0],"74":[0,0],"75":[0,0],"76":[0,0],"77":[0,0],"78":[0,0],"79":[0,0],"80":[0,0],"81":[0,0],"82":[0,0],"83":[0,0],"84":[0,0],"85":[0,0],"86":[0,0,0],"87":[0,0],"88":[0,0],"89":[0,0],"90":[0,0],"91":[0,0,0],"92":[0,0],"93":[0,0],"94":[0,0,0],"95":[0,0],"96":[0,0],"97":[0,0],"98":[0,0,0],"99":[0,0],"100":[0,0],"101":[0,0],"102":[0,0,0],"103":[0,0],"104":[0,0],"105":[0,0,0,0],"106":[0,0],"107":[0,0],"108":[0,0],"109":[0,0],"110":[0,0],"111":[0,0],"112":[0,0],"113":[0,0],"114":[0,0],"115":[0,0],"116":[0,0],"117":[0,0],"118":[0,0],"119":[0,0],"120":[0,0],"121":[0,0],"122":[0,0],"123":[0,0],"124":[0,0],"125":[0,0],"126":[0,0],"127":[0,0],"128":[0,0],"129":[0,0],"130":[0,0],"131":[0,0,0],"132":[0,0],"133":[0,0],"134":[0,0],"135":[0,0],"136":[0,0],"137":[0,0],"138":[0,0],"139":[0,0],"140":[0,0],"141":[0,0],"142":[0,0,0],"143":[0,0],"144":[0,0],"145":[0,0,0],"146":[0,0],"147":[0,0],"148":[0,0],"149":[0,0],"150":[0,0,0],"151":[0,0],"152":[0,0],"153":[0,0],"154":[0,0],"155":[0,0],"156":[0,0],"157":[0,0],"158":[0,0],"159":[0,0],"160":[0,0],"161":[0,0],"162":[0,0],"163":[0,0],"164":[0,0],"165":[0,0],"166":[0,0],"167":[0,0],"168":[0,0],"169":[0,0],"170":[0,0],"171":[0,0],"172":[0,0],"173":[0,0],"174":[0,0],"175":[0,0],"176":[0,0],"177":[0,0],"178":[0,0,0]},"_coverageSchema":"1a1c01bbd47fc00a2c39e90264f33305004495a9","hash":"8b02f74a2b67db0a7518dfc94b3680ee76759356"}
,"E:\\CSE\\CODES\\github\\CSE-3200-System-Development-Project-ML-Integrated-LMS\\server\\models\\COPOMapping.js": {"path":"E:\\CSE\\CODES\\github\\CSE-3200-System-Development-Project-ML-Integrated-LMS\\server\\models\\COPOMapping.js","statementMap":{"0":{"start":{"line":1,"column":17},"end":{"line":1,"column":36}},"1":{"start":{"line":3,"column":26},"end":{"line":32,"column":2}},"2":{"start":{"line":35,"column":0},"end":{"line":35,"column":90}},"3":{"start":{"line":38,"column":0},"end":{"line":38,"column":53}},"4":{"start":{"line":41,"column":0},"end":{"line":48,"column":3}},"5":{"start":{"line":42,"column":17},"end":{"line":46,"column":3}},"6":{"start":{"line":47,"column":2},"end":{"line":47,"column":41}},"7":{"start":{"line":51,"column":0},"end":{"line":54,"column":3}},"8":{"start":{"line":52,"column":2},"end":{"line":52,"column":60}},"9":{"start":{"line":53,"column":2},"end":{"line":53,"column":9}},"10":{"start":{"line":56,"column":20},"end":{"line":56,"column":68}},"11":{"start":{"line":58,"column":0},"end":{"line":58,"column":29}}},"fnMap":{"0":{"name":"(anonymous_0)","decl":{"start":{"line":41,"column":51},"end":{"line":41,"column":52}},"loc":{"start":{"line":41,"column":62},"end":{"line":48,"column":1}},"line":41},"1":{"name":"(anonymous_1)","decl":{"start":{"line":51,"column":36},"end":{"line":51,"column":37}},"loc":{"start":{"line":51,"column":51},"end":{"line":54,"column":1}},"line":51}},"branchMap":{"0":{"loc":{"start":{"line":47,"column":9},"end":{"line":47,"column":40}},"type":"binary-expr","locations":[{"start":{"line":47,"column":9},"end":{"line":47,"column":27}},{"start":{"line":47,"column":31},"end":{"line":47,"column":40}}],"line":47}},"s":{"0":2,"1":2,"2":2,"3":2,"4":2,"5":0,"6":0,"7":2,"8":0,"9":0,"10":2,"11":2},"f":{"0":0,"1":0},"b":{"0":[0,0]},"_coverageSchema":"1a1c01bbd47fc00a2c39e90264f33305004495a9","hash":"50fb644f858638a6b7f45499e8036be04953d8fa"}
[...]
,"E:\\CSE\\CODES\\github\\CSE-3200-System-Development-Project-ML-Integrated-LMS\\server\\utils\\curriculumValidation.js": {"path":"E:\\CSE\\CODES\\github\\CSE-3200-System-Development-Project-ML-Integrated-LMS\\server\\utils\\curriculumValidation.js","statementMap":{"0":{"start":{"line":7,"column":25},"end":{"line":20,"column":1}},"1":{"start":{"line":23,"column":21},"end":{"line":30,"column":1}},"2":{"start":{"line":33,"column":31},"end":{"line":39,"column":1}},"3":{"start":{"line":44,"column":31},"end":{"line":84,"column":1}},"4":{"start":{"line":45,"column":17},"end":{"line":45,"column":19}},"5":{"start":{"line":46,"column":19},"end":{"line":46,"column":21}},"6":{"start":{"line":48,"column":2},"end":{"line":51,"column":3}},"7":{"start":{"line":49,"column":4},"end":{"line":49,"column":78}},"8":{"start":{"line":50,"column":4},"end":{"line":50,"column":45}},"9":{"start":{"line":53,"column":2},"end":{"line":55,"column":3}},"10":{"start":{"line":54,"column":4},"end":{"line":54,"column":128}},"11":{"start":{"line":57,"column":2},"end":{"line":59,"column":3}},"12":{"start":{"line":58,"column":4},"end":{"line":58,"column":128}},"13":{"start":{"line":62,"column":2},"end":{"line":77,"column":5}},"14":{"start":{"line":63,"column":4},"end":{"line":65,"column":5}},"15":{"start":{"line":64,"column":6},"end":{"line":64,"column":88}},"16":{"start":{"line":68,"column":25},"end":{"line":68,"column":89}},"17":{"start":{"line":68,"column":81},"end":{"line":68,"column":88}},"18":{"start":{"line":69,"column":4},"end":{"line":71,"column":5}},"19":{"start":{"line":70,"column":6},"end":{"line":70,"column":77}},"20":{"start":{"line":74,"column":4},"end":{"line":76,"column":5}},"21":{"start":{"line":75,"column":6},"end":{"line":75,"column":90}},"22":{"start":{"line":79,"column":2},"end":{"line":83,"column":4}},"23":{"start":{"line":90,"column":27},"end":{"line":127,"column":1}},"24":{"start":{"line":91,"column":19},"end":{"line":91,"column":21}},"25":{"start":{"line":93,"column":2},"end":{"line":95,"column":3}},"26":{"start":{"line":94,"column":4},"end":{"line":94,"column":99}},"27":{"start":{"line":97,"column":21},"end":{"line":97,"column":23}},"28":{"start":{"line":98,"column":2},"end":{"line":100,"column":5}},"29":{"start":{"line":99,"column":4},"end":{"line":99,"column":23}},"30":{"start":{"line":103,"column":2},"end":{"line":111,"column":5}},"31":{"start":{"line":104,"column":4},"end":{"line":110,"column":5}},"32":{"start":{"line":105,"column":6},"end":{"line":109,"column":9}},"33":{"start":{"line":106,"column":8},"end":{"line":108,"column":9}},"34":{"start":{"line":107,"column":10},"end":{"line":107,"column":45}},"35":{"start":{"line":113,"column":20},"end":{"line":113,"column":76}},"36":{"start":{"line":113,"column":57},"end":{"line":113,"column":75}},"37":{"start":{"line":115,"column":2},"end":{"line":119,"column":3}},"38":{"start":{"line":116,"column":4},"end":{"line":116,"column":55}},"39":{"start":{"line":117,"column":9},"end":{"line":119,"column":3}},"40":{"start":{"line":118,"column":4},"end":{"line":118,"column":93}},"41":{"start":{"line":121,"column":2},"end":{"line":126,"column":4}},"42":{"start":{"line":132,"column":29},"end":{"line":146,"column":1}},"43":{"start":{"line":133,"column":2},"end":{"line":135,"column":3}},"44":{"start":{"line":134,"column":4},"end":{"line":134,"column":67}},"45":{"start":{"line":137,"column":23},"end":{"line":137,"column":46}},"46":{"start":{"line":138,"column":2},"end":{"line":143,"column":3}},"47":{"start":{"line":139,"column":4},"end":{"line":142,"column":6}},"48":{"start":{"line":145,"column":2},"end":{"line":145,"column":70}},"49":{"start":{"line":151,"column":31},"end":{"line":168,"column":1}},"50":{"start":{"line":152,"column":2},"end":{"line":154,"column":3}},"51":{"start":{"line":153,"column":4},"end":{"line":153,"column":67}},"52":{"start":{"line":156,"column":53},"end":{"line":156,"column":67}},"53":{"start":{"line":157,"column":16},"end":{"line":157,"column":44}},"54":{"start":{"line":159,"column":2},"end":{"line":165,"column":3}},"55":{"start":{"line":160,"column":4},"end":{"line":164,"column":6}},"56":{"start":{"line":167,"column":2},"end":{"line":167,"column":69}},"57":{"start":{"line":173,"column":30},"end":{"line":220,"column":1}},"58":{"start":{"line":174,"column":18},"end":{"line":179,"column":3}},"59":{"start":{"line":182,"column":18},"end":{"line":182,"column":67}},"60":{"start":{"line":183,"column":2},"end":{"line":183,"column":43}},"61":{"start":{"line":184,"column":2},"end":{"line":187,"column":3}},"62":{"start":{"line":185,"column":4},"end":{"line":185,"column":43}},"63":{"start":{"line":186,"column":4},"end":{"line":186,"column":26}},"64":{"start":{"line":188,"column":2},"end":{"line":190,"column":3}},"65":{"start":{"line":189,"column":4},"end":{"line":189,"column":47}},"66":{"start":{"line":193,"column":18},"end":{"line":193,"column":63}},"67":{"start":{"line":194,"column":2},"end":{"line":194,"column":39}},"68":{"start":{"line":195,"column":2},"end":{"line":197,"column":3}},"69":{"start":{"line":196,"column":4},"end":{"line":196,"column":47}},"70":{"start":{"line":200,"column":2},"end":{"line":207,"column":3}},"71":{"start":{"line":201,"column":26},"end":{"line":201,"column":89}},"72":{"start":{"line":202,"column":4},"end":{"line":202,"column":49}},"73":{"start":{"line":203,"column":4},"end":{"line":206,"column":5}},"74":{"start":{"line":204,"column":6},"end":{"line":204,"column":49}},"75":{"start":{"line":205,"column":6},"end":{"line":205,"column":28}},"76":{"start":{"line":210,"column":2},"end":{"line":217,"column":3}},"77":{"start":{"line":211,"column":28},"end":{"line":211,"column":77}},"78":{"start":{"line":212,"column":4},"end":{"line":212,"column":53}},"79":{"start":{"line":213,"column":4},"end":{"line":216,"column":5}},"80":{"start":{"line":214,"column":6},"end":{"line":214,"column":51}},"81":{"start":{"line":215,"column":6},"end":{"line":215,"column":28}},"82":{"start":{"line":219,"column":2},"end":{"line":219,"column":17}},"83":{"start":{"line":225,"column":27},"end":{"line":263,"column":1}},"84":{"start":{"line":226,"column":2},"end":{"line":228,"column":3}},"85":{"start":{"line":227,"column":4},"end":{"line":227,"column":16}},"86":{"start":{"line":230,"column":17},"end":{"line":230,"column":19}},"87":{"start":{"line":231,"column":19},"end":{"line":231,"column":21}},"88":{"start":{"line":233,"column":2},"end":{"line":235,"column":5}},"89":{"start":{"line":234,"column":4},"end":{"line":234,"column":21}},"90":{"start":{"line":237,"column":2},"end":{"line":253,"column":5}},"91":{"start":{"line":238,"column":16},"end":{"line":243,"column":5}},"92":{"start":{"line":246,"column":4},"end":{"line":250,"column":7}},"93":{"start":{"line":247,"column":6},"end":{"line":249,"column":7}},"94":{"start":{"line":248,"column":8},"end":{"line":248,"column":41}},"95":{"start":{"line":252,"column":4},"end":{"line":252,"column":21}},"96":{"start":{"line":255,"column":2},"end":{"line":262,"column":4}},"97":{"start":{"line":259,"column":6},"end":{"line":259,"column":98}},"98":{"start":{"line":260,"column":6},"end":{"line":260,"column":17}},"99":{"start":{"line":265,"column":0},"end":{"line":275,"column":2}}},"fnMap":{"0":{"name":"(anonymous_0)","decl":{"start":{"line":44,"column":31},"end":{"line":44,"column":32}},"loc":{"start":{"line":44,"column":51},"end":{"line":84,"column":1}},"line":44},"1":{"name":"(anonymous_1)","decl":{"start":{"line":62,"column":25},"end":{"line":62,"column":26}},"loc":{"start":{"line":62,"column":40},"end":{"line":77,"column":3}},"line":62},"2":{"name":"(anonymous_2)","decl":{"start":{"line":68,"column":74},"end":{"line":68,"column":75}},"loc":{"start":{"line":68,"column":81},"end":{"line":68,"column":88}},"line":68},"3":{"name":"(anonymous_3)","decl":{"start":{"line":90,"column":27},"end":{"line":90,"column":28}},"loc":{"start":{"line":90,"column":47},"end":{"line":127,"column":1}},"line":90},"4":{"name":"(anonymous_4)","decl":{"start":{"line":98,"column":40},"end":{"line":98,"column":41}},"loc":{"start":{"line":98,"column":46},"end":{"line":100,"column":3}},"line":98},"5":{"name":"(anonymous_5)","decl":{"start":{"line":103,"column":25},"end":{"line":103,"column":26}},"loc":{"start":{"line":103,"column":31},"end":{"line":111,"column":3}},"line":103},"6":{"name":"(anonymous_6)","decl":{"start":{"line":105,"column":40},"end":{"line":105,"column":41}},"loc":{"start":{"line":105,"column":46},"end":{"line":109,"column":7}},"line":105},"7":{"name":"(anonymous_7)","decl":{"start":{"line":113,"column":51},"end":{"line":113,"column":52}},"loc":{"start":{"line":113,"column":57},"end":{"line":113,"column":75}},"line":113},"8":{"name":"(anonymous_8)","decl":{"start":{"line":132,"column":29},"end":{"line":132,"column":30}},"loc":{"start":{"line":132,"column":54},"end":{"line":146,"column":1}},"line":132},"9":{"name":"(anonymous_9)","decl":{"start":{"line":151,"column":31},"end":{"line":151,"column":32}},"loc":{"start":{"line":151,"column":51},"end":{"line":168,"column":1}},"line":151},"10":{"name":"(anonymous_10)","decl":{"start":{"line":173,"column":30},"end":{"line":173,"column":31}},"loc":{"start":{"line":173,"column":46},"end":{"line":220,"column":1}},"line":173},"11":{"name":"(anonymous_11)","decl":{"start":{"line":225,"column":27},"end":{"line":225,"column":28}},"loc":{"start":{"line":225,"column":47},"end":{"line":263,"column":1}},"line":225},"12":{"name":"(anonymous_12)","decl":{"start":{"line":233,"column":40},"end":{"line":233,"column":41}},"loc":{"start":{"line":233,"column":46},"end":{"line":235,"column":3}},"line":233},"13":{"name":"(anonymous_13)","decl":{"start":{"line":237,"column":25},"end":{"line":237,"column":26}},"loc":{"start":{"line":237,"column":31},"end":{"line":253,"column":3}},"line":237},"14":{"name":"(anonymous_14)","decl":{"start":{"line":246,"column":44},"end":{"line":246,"column":45}},"loc":{"start":{"line":246,"column":50},"end":{"line":250,"column":5}},"line":246},"15":{"name":"(anonymous_15)","decl":{"start":{"line":258,"column":43},"end":{"line":258,"column":44}},"loc":{"start":{"line":258,"column":56},"end":{"line":261,"column":5}},"line":258}},"branchMap":{"0":{"loc":{"start":{"line":48,"column":2},"end":{"line":51,"column":3}},"type":"if","locations":[{"start":{"line":48,"column":2},"end":{"line":51,"column":3}},{"start":{},"end":{}}],"line":48},"1":{"loc":{"start":{"line":48,"column":6},"end":{"line":48,"column":52}},"type":"binary-expr","locations":[{"start":{"line":48,"column":6},"end":{"line":48,"column":21}},{"start":{"line":48,"column":25},"end":{"line":48,"column":52}}],"line":48},"2":{"loc":{"start":{"line":53,"column":2},"end":{"line":55,"column":3}},"type":"if","locations":[{"start":{"line":53,"column":2},"end":{"line":55,"column":3}},{"start":{},"end":{}}],"line":53},"3":{"loc":{"start":{"line":57,"column":2},"end":{"line":59,"column":3}},"type":"if","locations":[{"start":{"line":57,"column":2},"end":{"line":59,"column":3}},{"start":{},"end":{}}],"line":57},"4":{"loc":{"start":{"line":63,"column":4},"end":{"line":65,"column":5}},"type":"if","locations":[{"start":{"line":63,"column":4},"end":{"line":65,"column":5}},{"start":{},"end":{}}],"line":63},"5":{"loc":{"start":{"line":63,"column":8},"end":{"line":63,"column":39}},"type":"binary-expr","locations":[{"start":{"line":63,"column":8},"end":{"line":63,"column":20}},{"start":{"line":63,"column":24},"end":{"line":63,"column":39}}],"line":63},"6":{"loc":{"start":{"line":68,"column":25},"end":{"line":68,"column":89}},"type":"binary-expr","locations":[{"start":{"line":68,"column":25},"end":{"line":68,"column":37}},{"start":{"line":68,"column":41},"end":{"line":68,"column":89}}],"line":68},"7":{"loc":{"start":{"line":69,"column":4},"end":{"line":71,"column":5}},"type":"if","locations":[{"start":{"line":69,"column":4},"end":{"line":71,"column":5}},{"start":{},"end":{}}],"line":69},"8":{"loc":{"start":{"line":70,"column":26},"end":{"line":70,"column":50}},"type":"binary-expr","locations":[{"start":{"line":70,"column":26},"end":{"line":70,"column":37}},{"start":{"line":70,"column":41},"end":{"line":70,"column":50}}],"line":70},"9":{"loc":{"start":{"line":74,"column":4},"end":{"line":76,"column":5}},"type":"if","locations":[{"start":{"line":74,"column":4},"end":{"line":76,"column":5}},{"start":{},"end":{}}],"line":74},"10":{"loc":{"start":{"line":74,"column":8},"end":{"line":74,"column":62}},"type":"binary-expr","locations":[{"start":{"line":74,"column":8},"end":{"line":74,"column":21}},{"start":{"line":74,"column":25},"end":{"line":74,"column":62}}],"line":74},"11":{"loc":{"start":{"line":93,"column":2},"end":{"line":95,"column":3}},"type":"if","locations":[{"start":{"line":93,"column":2},"end":{"line":95,"column":3}},{"start":{},"end":{}}],"line":93},"12":{"loc":{"start":{"line":93,"column":6},"end":{"line":93,"column":52}},"type":"binary-expr","locations":[{"start":{"line":93,"column":6},"end":{"line":93,"column":21}},{"start":{"line":93,"column":25},"end":{"line":93,"column":52}}],"line":93},"13":{"loc":{"start":{"line":104,"column":4},"end":{"line":110,"column":5}},"type":"if","locations":[{"start":{"line":104,"column":4},"end":{"line":110,"column":5}},{"start":{},"end":{}}],"line":104},"14":{"loc":{"start":{"line":106,"column":8},"end":{"line":108,"column":9}},"type":"if","locations":[{"start":{"line":106,"column":8},"end":{"line":108,"column":9}},{"start":{},"end":{}}],"line":106},"15":{"loc":{"start":{"line":115,"column":2},"end":{"line":119,"column":3}},"type":"if","locations":[{"start":{"line":115,"column":2},"end":{"line":119,"column":3}},{"start":{"line":117,"column":9},"end":{"line":119,"column":3}}],"line":115},"16":{"loc":{"start":{"line":117,"column":9},"end":{"line":119,"column":3}},"type":"if","locations":[{"start":{"line":117,"column":9},"end":{"line":119,"column":3}},{"start":{},"end":{}}],"line":117},"17":{"loc":{"start":{"line":133,"column":2},"end":{"line":135,"column":3}},"type":"if","locations":[{"start":{"line":133,"column":2},"end":{"line":135,"column":3}},{"start":{},"end":{}}],"line":133},"18":{"loc":{"start":{"line":133,"column":6},"end":{"line":133,"column":29}},"type":"binary-expr","locations":[{"start":{"line":133,"column":6},"end":{"line":133,"column":15}},{"start":{"line":133,"column":19},"end":{"line":133,"column":29}}],"line":133},"19":{"loc":{"start":{"line":138,"column":2},"end":{"line":143,"column":3}},"type":"if","locations":[{"start":{"line":138,"column":2},"end":{"line":143,"column":3}},{"start":{},"end":{}}],"line":138},"20":{"loc":{"start":{"line":152,"column":2},"end":{"line":154,"column":3}},"type":"if","locations":[{"start":{"line":152,"column":2},"end":{"line":154,"column":3}},{"start":{},"end":{}}],"line":152},"21":{"loc":{"start":{"line":156,"column":10},"end":{"line":156,"column":24}},"type":"default-arg","locations":[{"start":{"line":156,"column":23},"end":{"line":156,"column":24}}],"line":156},"22":{"loc":{"start":{"line":156,"column":26},"end":{"line":156,"column":37}},"type":"default-arg","locations":[{"start":{"line":156,"column":36},"end":{"line":156,"column":37}}],"line":156},"23":{"loc":{"start":{"line":156,"column":39},"end":{"line":156,"column":48}},"type":"default-arg","locations":[{"start":{"line":156,"column":47},"end":{"line":156,"column":48}}],"line":156},"24":{"loc":{"start":{"line":159,"column":2},"end":{"line":165,"column":3}},"type":"if","locations":[{"start":{"line":159,"column":2},"end":{"line":165,"column":3}},{"start":{},"end":{}}],"line":159},"25":{"loc":{"start":{"line":184,"column":2},"end":{"line":187,"column":3}},"type":"if","locations":[{"start":{"line":184,"column":2},"end":{"line":187,"column":3}},{"start":{},"end":{}}],"line":184},"26":{"loc":{"start":{"line":188,"column":2},"end":{"line":190,"column":3}},"type":"if","locations":[{"start":{"line":188,"column":2},"end":{"line":190,"column":3}},{"start":{},"end":{}}],"line":188},"27":{"loc":{"start":{"line":195,"column":2},"end":{"line":197,"column":3}},"type":"if","locations":[{"start":{"line":195,"column":2},"end":{"line":197,"column":3}},{"start":{},"end":{}}],"line":195},"28":{"loc":{"start":{"line":200,"column":2},"end":{"line":207,"column":3}},"type":"if","locations":[{"start":{"line":200,"column":2},"end":{"line":207,"column":3}},{"start":{},"end":{}}],"line":200},"29":{"loc":{"start":{"line":200,"column":6},"end":{"line":200,"column":49}},"type":"binary-expr","locations":[{"start":{"line":200,"column":6},"end":{"line":200,"column":25}},{"start":{"line":200,"column":29},"end":{"line":200,"column":49}}],"line":200},"30":{"loc":{"start":{"line":203,"column":4},"end":{"line":206,"column":5}},"type":"if","locations":[{"start":{"line":203,"column":4},"end":{"line":206,"column":5}},{"start":{},"end":{}}],"line":203},"31":{"loc":{"start":{"line":210,"column":2},"end":{"line":217,"column":3}},"type":"if","locations":[{"start":{"line":210,"column":2},"end":{"line":217,"column":3}},{"start":{},"end":{}}],"line":210},"32":{"loc":{"start":{"line":213,"column":4},"end":{"line":216,"column":5}},"type":"if","locations":[{"start":{"line":213,"column":4},"end":{"line":216,"column":5}},{"start":{},"end":{}}],"line":213},"33":{"loc":{"start":{"line":226,"column":2},"end":{"line":228,"column":3}},"type":"if","locations":[{"start":{"line":226,"column":2},"end":{"line":228,"column":3}},{"start":{},"end":{}}],"line":226},"34":{"loc":{"start":{"line":226,"column":6},"end":{"line":226,"column":52}},"type":"binary-expr","locations":[{"start":{"line":226,"column":6},"end":{"line":226,"column":21}},{"start":{"line":226,"column":25},"end":{"line":226,"column":52}}],"line":226},"35":{"loc":{"start":{"line":246,"column":16},"end":{"line":246,"column":34}},"type":"binary-expr","locations":[{"start":{"line":246,"column":16},"end":{"line":246,"column":28}},{"start":{"line":246,"column":32},"end":{"line":246,"column":34}}],"line":246},"36":{"loc":{"start":{"line":247,"column":6},"end":{"line":249,"column":7}},"type":"if","locations":[{"start":{"line":247,"column":6},"end":{"line":249,"column":7}},{"start":{},"end":{}}],"line":247},"37":{"loc":{"start":{"line":259,"column":16},"end":{"line":259,"column":97}},"type":"cond-expr","locations":[{"start":{"line":259,"column":44},"end":{"line":259,"column":93}},{"start":{"line":259,"column":96},"end":{"line":259,"column":97}}],"line":259}},"s":{"0":1,"1":1,"2":1,"3":1,"4":0,"5":0,"6":0,"7":0,"8":0,"9":0,"10":0,"11":0,"12":0,"13":0,"14":0,"15":0,"16":0,"17":0,"18":0,"19":0,"20":0,"21":0,"22":0,"23":1,"24":0,"25":0,"26":0,"27":0,"28":0,"29":0,"30":0,"31":0,"32":0,"33":0,"34":0,"35":0,"36":0,"37":0,"38":0,"39":0,"40":0,"41":0,"42":1,"43":0,"44":0,"45":0,"46":0,"47":0,"48":0,"49":1,"50":0,"51":0,"52":0,"53":0,"54":0,"55":0,"56":0,"57":1,"58":0,"59":0,"60":0,"61":0,"62":0,"63":0,"64":0,"65":0,"66":0,"67":0,"68":0,"69":0,"70":0,"71":0,"72":0,"73":0,"74":0,"75":0,"76":0,"77":0,"78":0,"79":0,"80":0,"81":0,"82":0,"83":1,"84":0,"85":0,"86":0,"87":0,"88":0,"89":0,"90":0,"91":0,"92":0,"93":0,"94":0,"95":0,"96":0,"97":0,"98":0,"99":1},"f":{"0":0,"1":0,"2":0,"3":0,"4":0,"5":0,"6":0,"7":0,"8":0,"9":0,"10":0,"11":0,"12":0,"13":0,"14":0,"15":0},"b":{"0":[0,0],"1":[0,0],"2":[0,0],"3":[0,0],"4":[0,0],"5":[0,0],"6":[0,0],"7":[0,0],"8":[0,0],"9":[0,0],"10":[0,0],"11":[0,0],"12":[0,0],"13":[0,0],"14":[0,0],"15":[0,0],"16":[0,0],"17":[0,0],"18":[0,0],"19":[0,0],"20":[0,0],"21":[0],"22":[0],"23":[0],"24":[0,0],"25":[0,0],"26":[0,0],"27":[0,0],"28":[0,0],"29":[0,0],"30":[0,0],"31":[0,0],"32":[0,0],"33":[0,0],"34":[0,0],"35":[0,0],"36":[0,0],"37":[0,0]},"_coverageSchema":"1a1c01bbd47fc00a2c39e90264f33305004495a9","hash":"60eb72fab10e0afc9c509e664d9608f08aa7625e"}
}
