TN:
SF:controllers\courseController.js
FN:12,(anonymous_0)
FN:107,(anonymous_1)
FN:276,(anonymous_2)
FN:342,(anonymous_3)
FN:384,(anonymous_4)
FN:413,(anonymous_5)
FN:652,(anonymous_6)
FN:674,(anonymous_7)
FN:799,(anonymous_8)
FN:832,(anonymous_9)
FN:866,(anonymous_10)
FN:886,(anonymous_11)
FN:888,(anonymous_12)
FN:889,(anonymous_13)
FN:890,(anonymous_14)
FNF:15
FNH:0
FNDA:0,(anonymous_0)
FNDA:0,(anonymous_1)
FNDA:0,(anonymous_2)
FNDA:0,(anonymous_3)
FNDA:0,(anonymous_4)
FNDA:0,(anonymous_5)
FNDA:0,(anonymous_6)
FNDA:0,(anonymous_7)
FNDA:0,(anonymous_8)
FNDA:0,(anonymous_9)
FNDA:0,(anonymous_10)
FNDA:0,(anonymous_11)
FNDA:0,(anonymous_12)
FNDA:0,(anonymous_13)
FNDA:0,(anonymous_14)
DA:1,1
DA:2,1
DA:3,1
DA:4,1
DA:5,1
DA:6,1
DA:7,1
DA:12,1
DA:13,0
DA:15,0
DA:16,0
DA:22,0
DA:23,0
DA:24,0
DA:59,0
DA:62,0
DA:63,0
DA:64,0
DA:71,0
DA:73,0
DA:74,0
DA:76,0
DA:77,0
DA:79,0
DA:80,0
DA:82,0
DA:83,0
DA:85,0
DA:86,0
DA:88,0
DA:89,0
DA:91,0
DA:92,0
DA:94,0
DA:95,0
DA:97,0
DA:98,0
DA:100,0
DA:101,0
DA:103,0
DA:104,0
DA:107,0
DA:108,0
DA:109,0
DA:111,0
DA:112,0
DA:117,0
DA:118,0
DA:126,0
DA:127,0
DA:134,0
DA:135,0
DA:136,0
DA:137,0
DA:145,0
DA:146,0
DA:147,0
DA:148,0
DA:149,0
DA:157,0
DA:159,0
DA:160,0
DA:161,0
DA:168,0
DA:169,0
DA:170,0
DA:176,0
DA:177,0
DA:179,0
DA:180,0
DA:183,0
DA:184,0
DA:191,0
DA:192,0
DA:193,0
DA:200,0
DA:201,0
DA:202,0
DA:207,0
DA:214,0
DA:230,0
DA:231,0
DA:232,0
DA:235,0
DA:236,0
DA:238,0
DA:240,0
DA:241,0
DA:242,0
DA:243,0
DA:244,0
DA:245,0
DA:246,0
DA:249,0
DA:250,0
DA:251,0
DA:253,0
DA:255,0
DA:258,0
DA:259,0
DA:260,0
DA:266,0
DA:273,0
DA:274,0
DA:275,0
DA:276,0
DA:282,0
DA:283,0
DA:288,0
DA:289,0
DA:292,0
DA:294,0
DA:306,0
DA:307,0
DA:309,0
DA:310,0
DA:318,0
DA:321,0
DA:323,0
DA:331,0
DA:332,0
DA:342,1
DA:343,0
DA:351,0
DA:354,0
DA:355,0
DA:356,0
DA:357,0
DA:358,0
DA:359,0
DA:360,0
DA:362,0
DA:366,0
DA:373,0
DA:374,0
DA:384,1
DA:385,0
DA:386,0
DA:389,0
DA:390,0
DA:396,0
DA:402,0
DA:403,0
DA:413,1
DA:414,0
DA:415,0
DA:416,0
DA:417,0
DA:451,0
DA:453,0
DA:455,0
DA:456,0
DA:463,0
DA:464,0
DA:465,0
DA:466,0
DA:471,0
DA:475,0
DA:476,0
DA:478,0
DA:479,0
DA:486,0
DA:487,0
DA:488,0
DA:489,0
DA:497,0
DA:498,0
DA:499,0
DA:500,0
DA:501,0
DA:502,0
DA:510,0
DA:511,0
DA:512,0
DA:513,0
DA:520,0
DA:521,0
DA:522,0
DA:524,0
DA:525,0
DA:527,0
DA:528,0
DA:534,0
DA:535,0
DA:536,0
DA:542,0
DA:543,0
DA:544,0
DA:549,0
DA:556,0
DA:557,0
DA:558,0
DA:560,0
DA:562,0
DA:563,0
DA:564,0
DA:565,0
DA:566,0
DA:569,0
DA:570,0
DA:571,0
DA:572,0
DA:573,0
DA:574,0
DA:577,0
DA:578,0
DA:580,0
DA:582,0
DA:583,0
DA:584,0
DA:585,0
DA:586,0
DA:587,0
DA:588,0
DA:589,0
DA:590,0
DA:591,0
DA:592,0
DA:595,0
DA:596,0
DA:598,0
DA:600,0
DA:601,0
DA:604,0
DA:605,0
DA:606,0
DA:607,0
DA:609,0
DA:613,0
DA:615,0
DA:616,0
DA:617,0
DA:618,0
DA:619,0
DA:622,0
DA:623,0
DA:624,0
DA:631,0
DA:632,0
DA:633,0
DA:635,0
DA:636,0
DA:637,0
DA:638,0
DA:639,0
DA:640,0
DA:643,0
DA:645,0
DA:648,0
DA:651,0
DA:652,0
DA:658,0
DA:659,0
DA:665,0
DA:670,0
DA:673,0
DA:674,0
DA:680,0
DA:681,0
DA:688,0
DA:689,0
DA:692,0
DA:694,0
DA:705,0
DA:706,0
DA:708,0
DA:709,0
DA:719,0
DA:720,0
DA:721,0
DA:722,0
DA:730,0
DA:731,0
DA:732,0
DA:733,0
DA:734,0
DA:735,0
DA:742,0
DA:743,0
DA:744,0
DA:745,0
DA:748,0
DA:749,0
DA:750,0
DA:751,0
DA:752,0
DA:753,0
DA:756,0
DA:757,0
DA:759,0
DA:761,0
DA:762,0
DA:763,0
DA:764,0
DA:765,0
DA:766,0
DA:767,0
DA:768,0
DA:769,0
DA:770,0
DA:771,0
DA:774,0
DA:775,0
DA:777,0
DA:778,0
DA:780,0
DA:788,0
DA:789,0
DA:799,1
DA:800,0
DA:801,0
DA:803,0
DA:804,0
DA:810,0
DA:812,0
DA:818,0
DA:819,0
DA:832,1
DA:833,0
DA:834,0
DA:836,0
DA:837,0
DA:843,0
DA:845,0
DA:855,0
DA:856,0
DA:866,1
DA:867,0
DA:868,0
DA:870,0
DA:871,0
DA:877,0
DA:884,0
DA:886,0
DA:888,0
DA:889,0
DA:890,0
DA:894,0
DA:902,0
DA:903,0
LF:340
LH:14
BRDA:15,0,0,0
BRDA:15,0,1,0
BRDA:23,1,0,0
BRDA:23,1,1,0
BRDA:63,2,0,0
BRDA:63,2,1,0
BRDA:73,3,0,0
BRDA:73,3,1,0
BRDA:73,4,0,0
BRDA:73,4,1,0
BRDA:76,5,0,0
BRDA:76,5,1,0
BRDA:76,6,0,0
BRDA:76,6,1,0
BRDA:79,7,0,0
BRDA:79,7,1,0
BRDA:82,8,0,0
BRDA:82,8,1,0
BRDA:82,9,0,0
BRDA:82,9,1,0
BRDA:85,10,0,0
BRDA:85,10,1,0
BRDA:85,11,0,0
BRDA:85,11,1,0
BRDA:88,12,0,0
BRDA:88,12,1,0
BRDA:88,13,0,0
BRDA:88,13,1,0
BRDA:91,14,0,0
BRDA:91,14,1,0
BRDA:91,15,0,0
BRDA:91,15,1,0
BRDA:94,16,0,0
BRDA:94,16,1,0
BRDA:94,17,0,0
BRDA:94,17,1,0
BRDA:94,17,2,0
BRDA:97,18,0,0
BRDA:97,18,1,0
BRDA:97,19,0,0
BRDA:97,19,1,0
BRDA:97,19,2,0
BRDA:100,20,0,0
BRDA:100,20,1,0
BRDA:100,21,0,0
BRDA:100,21,1,0
BRDA:100,21,2,0
BRDA:103,22,0,0
BRDA:103,22,1,0
BRDA:103,23,0,0
BRDA:103,23,1,0
BRDA:103,23,2,0
BRDA:108,24,0,0
BRDA:108,24,1,0
BRDA:108,25,0,0
BRDA:108,25,1,0
BRDA:111,26,0,0
BRDA:111,26,1,0
BRDA:111,27,0,0
BRDA:111,27,1,0
BRDA:117,28,0,0
BRDA:117,28,1,0
BRDA:126,29,0,0
BRDA:126,29,1,0
BRDA:126,30,0,0
BRDA:126,30,1,0
BRDA:134,31,0,0
BRDA:134,31,1,0
BRDA:136,32,0,0
BRDA:136,32,1,0
BRDA:136,33,0,0
BRDA:136,33,1,0
BRDA:136,33,2,0
BRDA:145,34,0,0
BRDA:145,34,1,0
BRDA:147,35,0,0
BRDA:147,35,1,0
BRDA:148,36,0,0
BRDA:148,36,1,0
BRDA:148,37,0,0
BRDA:148,37,1,0
BRDA:148,37,2,0
BRDA:151,38,0,0
BRDA:151,38,1,0
BRDA:157,39,0,0
BRDA:157,39,1,0
BRDA:157,40,0,0
BRDA:157,40,1,0
BRDA:157,40,2,0
BRDA:160,41,0,0
BRDA:160,41,1,0
BRDA:160,42,0,0
BRDA:160,42,1,0
BRDA:168,43,0,0
BRDA:168,43,1,0
BRDA:168,44,0,0
BRDA:168,44,1,0
BRDA:169,45,0,0
BRDA:169,45,1,0
BRDA:183,46,0,0
BRDA:183,46,1,0
BRDA:183,47,0,0
BRDA:183,47,1,0
BRDA:192,48,0,0
BRDA:192,48,1,0
BRDA:192,49,0,0
BRDA:192,49,1,0
BRDA:192,49,2,0
BRDA:201,50,0,0
BRDA:201,50,1,0
BRDA:230,51,0,0
BRDA:230,51,1,0
BRDA:231,52,0,0
BRDA:231,52,1,0
BRDA:232,53,0,0
BRDA:232,53,1,0
BRDA:235,54,0,0
BRDA:235,54,1,0
BRDA:236,55,0,0
BRDA:236,55,1,0
BRDA:240,56,0,0
BRDA:240,56,1,0
BRDA:241,57,0,0
BRDA:241,57,1,0
BRDA:242,58,0,0
BRDA:242,58,1,0
BRDA:243,59,0,0
BRDA:243,59,1,0
BRDA:244,60,0,0
BRDA:244,60,1,0
BRDA:245,61,0,0
BRDA:245,61,1,0
BRDA:246,62,0,0
BRDA:246,62,1,0
BRDA:249,63,0,0
BRDA:249,63,1,0
BRDA:249,64,0,0
BRDA:249,64,1,0
BRDA:249,64,2,0
BRDA:268,65,0,0
BRDA:268,65,1,0
BRDA:275,66,0,0
BRDA:275,66,1,0
BRDA:275,67,0,0
BRDA:275,67,1,0
BRDA:275,67,2,0
BRDA:355,68,0,0
BRDA:355,68,1,0
BRDA:356,69,0,0
BRDA:356,69,1,0
BRDA:357,70,0,0
BRDA:357,70,1,0
BRDA:358,71,0,0
BRDA:358,71,1,0
BRDA:359,72,0,0
BRDA:359,72,1,0
BRDA:360,73,0,0
BRDA:360,73,1,0
BRDA:389,74,0,0
BRDA:389,74,1,0
BRDA:416,75,0,0
BRDA:416,75,1,0
BRDA:455,76,0,0
BRDA:455,76,1,0
BRDA:463,77,0,0
BRDA:463,77,1,0
BRDA:463,78,0,0
BRDA:463,78,1,0
BRDA:465,79,0,0
BRDA:465,79,1,0
BRDA:475,80,0,0
BRDA:475,80,1,0
BRDA:476,81,0,0
BRDA:476,81,1,0
BRDA:478,82,0,0
BRDA:478,82,1,0
BRDA:478,83,0,0
BRDA:478,83,1,0
BRDA:486,84,0,0
BRDA:486,84,1,0
BRDA:488,85,0,0
BRDA:488,85,1,0
BRDA:488,86,0,0
BRDA:488,86,1,0
BRDA:488,86,2,0
BRDA:497,87,0,0
BRDA:497,87,1,0
BRDA:499,88,0,0
BRDA:499,88,1,0
BRDA:500,89,0,0
BRDA:500,89,1,0
BRDA:501,90,0,0
BRDA:501,90,1,0
BRDA:501,91,0,0
BRDA:501,91,1,0
BRDA:501,91,2,0
BRDA:504,92,0,0
BRDA:504,92,1,0
BRDA:510,93,0,0
BRDA:510,93,1,0
BRDA:510,94,0,0
BRDA:510,94,1,0
BRDA:510,94,2,0
BRDA:512,95,0,0
BRDA:512,95,1,0
BRDA:512,96,0,0
BRDA:512,96,1,0
BRDA:520,97,0,0
BRDA:520,97,1,0
BRDA:520,98,0,0
BRDA:520,98,1,0
BRDA:520,98,2,0
BRDA:527,99,0,0
BRDA:527,99,1,0
BRDA:527,100,0,0
BRDA:527,100,1,0
BRDA:535,101,0,0
BRDA:535,101,1,0
BRDA:535,102,0,0
BRDA:535,102,1,0
BRDA:535,102,2,0
BRDA:543,103,0,0
BRDA:543,103,1,0
BRDA:556,104,0,0
BRDA:556,104,1,0
BRDA:556,105,0,0
BRDA:556,105,1,0
BRDA:556,105,2,0
BRDA:556,105,3,0
BRDA:562,106,0,0
BRDA:562,106,1,0
BRDA:563,107,0,0
BRDA:563,107,1,0
BRDA:564,108,0,0
BRDA:564,108,1,0
BRDA:565,109,0,0
BRDA:565,109,1,0
BRDA:566,110,0,0
BRDA:566,110,1,0
BRDA:569,111,0,0
BRDA:569,111,1,0
BRDA:570,112,0,0
BRDA:570,112,1,0
BRDA:571,113,0,0
BRDA:571,113,1,0
BRDA:572,114,0,0
BRDA:572,114,1,0
BRDA:573,115,0,0
BRDA:573,115,1,0
BRDA:574,116,0,0
BRDA:574,116,1,0
BRDA:577,117,0,0
BRDA:577,117,1,0
BRDA:578,118,0,0
BRDA:578,118,1,0
BRDA:582,119,0,0
BRDA:582,119,1,0
BRDA:583,120,0,0
BRDA:583,120,1,0
BRDA:584,121,0,0
BRDA:584,121,1,0
BRDA:585,122,0,0
BRDA:585,122,1,0
BRDA:586,123,0,0
BRDA:586,123,1,0
BRDA:587,124,0,0
BRDA:587,124,1,0
BRDA:588,125,0,0
BRDA:588,125,1,0
BRDA:589,126,0,0
BRDA:589,126,1,0
BRDA:590,127,0,0
BRDA:590,127,1,0
BRDA:591,128,0,0
BRDA:591,128,1,0
BRDA:592,129,0,0
BRDA:592,129,1,0
BRDA:604,130,0,0
BRDA:604,130,1,0
BRDA:604,131,0,0
BRDA:604,131,1,0
BRDA:604,131,2,0
BRDA:607,132,0,0
BRDA:607,132,1,0
BRDA:613,133,0,0
BRDA:613,133,1,0
BRDA:631,134,0,0
BRDA:631,134,1,0
BRDA:631,135,0,0
BRDA:631,135,1,0
BRDA:633,136,0,0
BRDA:633,136,1,0
BRDA:636,137,0,0
BRDA:636,137,1,0
BRDA:643,138,0,0
BRDA:643,138,1,0
BRDA:643,139,0,0
BRDA:643,139,1,0
BRDA:651,140,0,0
BRDA:651,140,1,0
BRDA:673,141,0,0
BRDA:673,141,1,0
BRDA:673,142,0,0
BRDA:673,142,1,0
BRDA:673,142,2,0
BRDA:719,143,0,0
BRDA:719,143,1,0
BRDA:721,144,0,0
BRDA:721,144,1,0
BRDA:721,145,0,0
BRDA:721,145,1,0
BRDA:721,145,2,0
BRDA:730,146,0,0
BRDA:730,146,1,0
BRDA:732,147,0,0
BRDA:732,147,1,0
BRDA:733,148,0,0
BRDA:733,148,1,0
BRDA:734,149,0,0
BRDA:734,149,1,0
BRDA:734,150,0,0
BRDA:734,150,1,0
BRDA:734,150,2,0
BRDA:737,151,0,0
BRDA:737,151,1,0
BRDA:742,152,0,0
BRDA:742,152,1,0
BRDA:743,153,0,0
BRDA:743,153,1,0
BRDA:744,154,0,0
BRDA:744,154,1,0
BRDA:745,155,0,0
BRDA:745,155,1,0
BRDA:748,156,0,0
BRDA:748,156,1,0
BRDA:749,157,0,0
BRDA:749,157,1,0
BRDA:750,158,0,0
BRDA:750,158,1,0
BRDA:751,159,0,0
BRDA:751,159,1,0
BRDA:752,160,0,0
BRDA:752,160,1,0
BRDA:753,161,0,0
BRDA:753,161,1,0
BRDA:756,162,0,0
BRDA:756,162,1,0
BRDA:757,163,0,0
BRDA:757,163,1,0
BRDA:761,164,0,0
BRDA:761,164,1,0
BRDA:762,165,0,0
BRDA:762,165,1,0
BRDA:763,166,0,0
BRDA:763,166,1,0
BRDA:764,167,0,0
BRDA:764,167,1,0
BRDA:765,168,0,0
BRDA:765,168,1,0
BRDA:766,169,0,0
BRDA:766,169,1,0
BRDA:767,170,0,0
BRDA:767,170,1,0
BRDA:768,171,0,0
BRDA:768,171,1,0
BRDA:769,172,0,0
BRDA:769,172,1,0
BRDA:770,173,0,0
BRDA:770,173,1,0
BRDA:771,174,0,0
BRDA:771,174,1,0
BRDA:803,175,0,0
BRDA:803,175,1,0
BRDA:836,176,0,0
BRDA:836,176,1,0
BRDA:870,177,0,0
BRDA:870,177,1,0
BRDA:870,178,0,0
BRDA:870,178,1,0
BRDA:870,178,2,0
BRF:380
BRH:0
end_of_record
TN:
SF:models\COPOMapping.js
FN:41,(anonymous_0)
FN:51,(anonymous_1)
FNF:2
FNH:0
FNDA:0,(anonymous_0)
FNDA:0,(anonymous_1)
DA:1,2
DA:3,2
DA:35,2
DA:38,2
DA:41,2
DA:42,0
DA:47,0
DA:51,2
DA:52,0
DA:53,0
DA:56,2
DA:58,2
LF:12
LH:8
BRDA:47,0,0,0
BRDA:47,0,1,0
BRF:2
BRH:0
end_of_record
TN:
SF:models\Course.js
FN:77,(anonymous_0)
FN:85,(anonymous_1)
FN:104,(anonymous_2)
FN:107,(anonymous_3)
FN:119,(anonymous_4)
FN:122,(anonymous_5)
FN:153,(anonymous_6)
FN:156,(anonymous_7)
FN:227,(anonymous_8)
FN:249,(anonymous_9)
FN:268,(anonymous_10)
FN:274,(anonymous_11)
FN:284,(anonymous_12)
FNF:13
FNH:9
FNDA:37,(anonymous_0)
FNDA:3,(anonymous_1)
FNDA:37,(anonymous_2)
FNDA:70,(anonymous_3)
FNDA:37,(anonymous_4)
FNDA:72,(anonymous_5)
FNDA:37,(anonymous_6)
FNDA:70,(anonymous_7)
FNDA:37,(anonymous_8)
FNDA:0,(anonymous_9)
FNDA:0,(anonymous_10)
FNDA:0,(anonymous_11)
FNDA:0,(anonymous_12)
DA:1,2
DA:3,2
DA:78,37
DA:79,37
DA:80,37
DA:82,36
DA:83,36
DA:86,3
DA:87,0
DA:105,37
DA:107,70
DA:120,37
DA:122,72
DA:154,37
DA:156,36
DA:157,70
DA:228,37
DA:249,2
DA:250,0
DA:251,0
DA:253,0
DA:254,0
DA:258,0
DA:259,0
DA:260,0
DA:261,0
DA:264,0
DA:268,2
DA:269,0
DA:270,0
DA:274,2
DA:275,0
DA:276,0
DA:277,0
DA:278,0
DA:280,0
DA:284,2
DA:285,0
DA:286,0
DA:287,0
DA:288,0
DA:289,0
DA:291,0
DA:293,0
DA:298,2
DA:299,2
DA:300,2
DA:301,2
DA:302,2
DA:303,2
DA:304,2
DA:305,2
DA:306,2
DA:307,2
DA:309,2
DA:311,2
LF:56
LH:32
BRDA:78,0,0,0
BRDA:78,0,1,37
BRDA:78,1,0,37
BRDA:78,1,1,37
BRDA:79,2,0,0
BRDA:79,2,1,37
BRDA:80,3,0,1
BRDA:80,3,1,36
BRDA:82,4,0,2
BRDA:82,4,1,34
BRDA:86,5,0,0
BRDA:86,5,1,0
BRDA:87,6,0,0
BRDA:87,6,1,0
BRDA:105,7,0,2
BRDA:105,7,1,35
BRDA:105,8,0,37
BRDA:105,8,1,37
BRDA:107,9,0,70
BRDA:107,9,1,70
BRDA:120,10,0,1
BRDA:120,10,1,36
BRDA:120,11,0,37
BRDA:120,11,1,37
BRDA:122,12,0,72
BRDA:122,12,1,72
BRDA:154,13,0,1
BRDA:154,13,1,36
BRDA:154,14,0,37
BRDA:154,14,1,37
BRDA:157,15,0,70
BRDA:157,15,1,69
BRDA:157,15,2,69
BRDA:157,15,3,68
BRDA:228,16,0,37
BRDA:228,16,1,37
BRDA:250,17,0,0
BRDA:250,17,1,0
BRDA:250,18,0,0
BRDA:250,18,1,0
BRDA:253,19,0,0
BRDA:253,19,1,0
BRDA:253,20,0,0
BRDA:253,20,1,0
BRDA:258,21,0,0
BRDA:258,21,1,0
BRDA:258,22,0,0
BRDA:258,22,1,0
BRDA:288,23,0,0
BRDA:288,23,1,0
BRF:50
BRH:30
end_of_record
TN:
SF:models\CourseOutcome.js
FN:41,(anonymous_0)
FN:51,(anonymous_1)
FNF:2
FNH:0
FNDA:0,(anonymous_0)
FNDA:0,(anonymous_1)
DA:1,2
DA:3,2
DA:38,2
DA:41,2
DA:42,0
DA:43,0
DA:44,0
DA:45,0
DA:47,0
DA:51,2
DA:52,0
DA:53,0
DA:54,0
DA:55,0
DA:56,0
DA:58,0
DA:60,0
DA:64,2
DA:66,2
LF:19
LH:7
BRDA:55,0,0,0
BRDA:55,0,1,0
BRF:2
BRH:0
end_of_record
TN:
SF:models\ProgramOutcome.js
FN:42,(anonymous_0)
FN:49,(anonymous_1)
FNF:2
FNH:0
FNDA:0,(anonymous_0)
FNDA:0,(anonymous_1)
DA:1,1
DA:3,1
DA:38,1
DA:39,1
DA:42,1
DA:43,0
DA:44,0
DA:46,0
DA:49,1
DA:50,0
DA:53,1
DA:55,1
LF:12
LH:8
BRDA:43,0,0,0
BRDA:43,0,1,0
BRF:2
BRH:0
end_of_record
TN:
SF:utils\curriculumValidation.js
FN:44,(anonymous_0)
FN:62,(anonymous_1)
FN:68,(anonymous_2)
FN:90,(anonymous_3)
FN:98,(anonymous_4)
FN:103,(anonymous_5)
FN:105,(anonymous_6)
FN:113,(anonymous_7)
FN:132,(anonymous_8)
FN:151,(anonymous_9)
FN:173,(anonymous_10)
FN:225,(anonymous_11)
FN:233,(anonymous_12)
FN:237,(anonymous_13)
FN:246,(anonymous_14)
FN:258,(anonymous_15)
FNF:16
FNH:0
FNDA:0,(anonymous_0)
FNDA:0,(anonymous_1)
FNDA:0,(anonymous_2)
FNDA:0,(anonymous_3)
FNDA:0,(anonymous_4)
FNDA:0,(anonymous_5)
FNDA:0,(anonymous_6)
FNDA:0,(anonymous_7)
FNDA:0,(anonymous_8)
FNDA:0,(anonymous_9)
FNDA:0,(anonymous_10)
FNDA:0,(anonymous_11)
FNDA:0,(anonymous_12)
FNDA:0,(anonymous_13)
FNDA:0,(anonymous_14)
FNDA:0,(anonymous_15)
DA:7,1
DA:23,1
DA:33,1
DA:44,1
DA:45,0
DA:46,0
DA:48,0
DA:49,0
DA:50,0
DA:53,0
DA:54,0
DA:57,0
DA:58,0
DA:62,0
DA:63,0
DA:64,0
DA:68,0
DA:69,0
DA:70,0
DA:74,0
DA:75,0
DA:79,0
DA:90,1
DA:91,0
DA:93,0
DA:94,0
DA:97,0
DA:98,0
DA:99,0
DA:103,0
DA:104,0
DA:105,0
DA:106,0
DA:107,0
DA:113,0
DA:115,0
DA:116,0
DA:117,0
DA:118,0
DA:121,0
DA:132,1
DA:133,0
DA:134,0
DA:137,0
DA:138,0
DA:139,0
DA:145,0
DA:151,1
DA:152,0
DA:153,0
DA:156,0
DA:157,0
DA:159,0
DA:160,0
DA:167,0
DA:173,1
DA:174,0
DA:182,0
DA:183,0
DA:184,0
DA:185,0
DA:186,0
DA:188,0
DA:189,0
DA:193,0
DA:194,0
DA:195,0
DA:196,0
DA:200,0
DA:201,0
DA:202,0
DA:203,0
DA:204,0
DA:205,0
DA:210,0
DA:211,0
DA:212,0
DA:213,0
DA:214,0
DA:215,0
DA:219,0
DA:225,1
DA:226,0
DA:227,0
DA:230,0
DA:231,0
DA:233,0
DA:234,0
DA:237,0
DA:238,0
DA:246,0
DA:247,0
DA:248,0
DA:252,0
DA:255,0
DA:259,0
DA:260,0
DA:265,1
LF:98
LH:10
BRDA:48,0,0,0
BRDA:48,0,1,0
BRDA:48,1,0,0
BRDA:48,1,1,0
BRDA:53,2,0,0
BRDA:53,2,1,0
BRDA:57,3,0,0
BRDA:57,3,1,0
BRDA:63,4,0,0
BRDA:63,4,1,0
BRDA:63,5,0,0
BRDA:63,5,1,0
BRDA:68,6,0,0
BRDA:68,6,1,0
BRDA:69,7,0,0
BRDA:69,7,1,0
BRDA:70,8,0,0
BRDA:70,8,1,0
BRDA:74,9,0,0
BRDA:74,9,1,0
BRDA:74,10,0,0
BRDA:74,10,1,0
BRDA:93,11,0,0
BRDA:93,11,1,0
BRDA:93,12,0,0
BRDA:93,12,1,0
BRDA:104,13,0,0
BRDA:104,13,1,0
BRDA:106,14,0,0
BRDA:106,14,1,0
BRDA:115,15,0,0
BRDA:115,15,1,0
BRDA:117,16,0,0
BRDA:117,16,1,0
BRDA:133,17,0,0
BRDA:133,17,1,0
BRDA:133,18,0,0
BRDA:133,18,1,0
BRDA:138,19,0,0
BRDA:138,19,1,0
BRDA:152,20,0,0
BRDA:152,20,1,0
BRDA:156,21,0,0
BRDA:156,22,0,0
BRDA:156,23,0,0
BRDA:159,24,0,0
BRDA:159,24,1,0
BRDA:184,25,0,0
BRDA:184,25,1,0
BRDA:188,26,0,0
BRDA:188,26,1,0
BRDA:195,27,0,0
BRDA:195,27,1,0
BRDA:200,28,0,0
BRDA:200,28,1,0
BRDA:200,29,0,0
BRDA:200,29,1,0
BRDA:203,30,0,0
BRDA:203,30,1,0
BRDA:210,31,0,0
BRDA:210,31,1,0
BRDA:213,32,0,0
BRDA:213,32,1,0
BRDA:226,33,0,0
BRDA:226,33,1,0
BRDA:226,34,0,0
BRDA:226,34,1,0
BRDA:246,35,0,0
BRDA:246,35,1,0
BRDA:247,36,0,0
BRDA:247,36,1,0
BRDA:259,37,0,0
BRDA:259,37,1,0
BRF:73
BRH:0
end_of_record
