TN:
SF:server.js
FN:11,(anonymous_0)
FN:12,(anonymous_1)
FN:25,(anonymous_2)
FN:49,(anonymous_3)
FN:62,(anonymous_4)
FN:81,(anonymous_5)
FN:114,(anonymous_6)
FN:121,(anonymous_7)
FN:132,(anonymous_8)
FN:137,(anonymous_9)
FN:143,(anonymous_10)
FNF:11
FNH:1
FNDA:0,(anonymous_0)
FNDA:0,(anonymous_1)
FNDA:3,(anonymous_2)
FNDA:0,(anonymous_3)
FNDA:0,(anonymous_4)
FNDA:0,(anonymous_5)
FNDA:0,(anonymous_6)
FNDA:0,(anonymous_7)
FNDA:0,(anonymous_8)
FNDA:0,(anonymous_9)
FNDA:0,(anonymous_10)
DA:1,3
DA:2,3
DA:3,3
DA:4,3
DA:5,3
DA:7,3
DA:9,3
DA:10,0
DA:11,0
DA:12,0
DA:15,3
DA:17,3
DA:18,3
DA:22,3
DA:23,3
DA:25,3
DA:26,3
DA:27,0
DA:28,0
DA:29,0
DA:31,0
DA:32,0
DA:36,3
DA:38,3
DA:39,3
DA:40,3
DA:42,3
DA:43,0
DA:44,0
DA:45,0
DA:46,0
DA:47,0
DA:49,0
DA:50,0
DA:51,0
DA:53,0
DA:54,0
DA:57,0
DA:61,3
DA:62,0
DA:63,0
DA:64,0
DA:65,0
DA:66,0
DA:67,0
DA:68,0
DA:69,0
DA:70,0
DA:71,0
DA:73,0
DA:76,0
DA:81,3
DA:82,0
DA:85,3
DA:86,3
DA:87,3
DA:88,3
DA:89,3
DA:90,3
DA:91,3
DA:92,3
DA:93,3
DA:94,3
DA:95,3
DA:96,3
DA:97,3
DA:99,3
DA:100,3
DA:101,3
DA:102,3
DA:103,3
DA:104,3
DA:105,3
DA:106,3
DA:107,3
DA:108,3
DA:109,3
DA:110,3
DA:111,3
DA:112,3
DA:114,3
DA:115,0
DA:116,0
DA:117,0
DA:118,0
DA:121,3
DA:122,0
DA:123,0
DA:124,0
DA:125,0
DA:128,3
DA:131,3
DA:132,0
DA:133,0
DA:137,3
DA:138,0
DA:140,0
DA:142,0
DA:143,0
DA:144,0
DA:149,3
LF:101
LH:54
BRDA:9,0,0,0
BRDA:9,0,1,3
BRDA:12,1,0,0
BRDA:12,1,1,0
BRDA:19,2,0,3
BRDA:19,2,1,0
BRDA:26,3,0,3
BRDA:26,3,1,0
BRDA:42,4,0,0
BRDA:42,4,1,3
BRDA:53,5,0,0
BRDA:53,5,1,0
BRDA:53,6,0,0
BRDA:53,6,1,0
BRDA:61,7,0,0
BRDA:61,7,1,3
BRDA:66,8,0,0
BRDA:66,8,1,0
BRDA:70,9,0,0
BRDA:70,9,1,0
BRDA:128,10,0,3
BRDA:128,10,1,0
BRDA:131,11,0,0
BRDA:131,11,1,3
BRDA:142,12,0,0
BRDA:142,12,1,0
BRF:26
BRH:7
end_of_record
TN:
SF:__tests__\setup\db.js
FN:6,(anonymous_0)
FN:12,(anonymous_1)
FN:18,(anonymous_2)
FNF:3
FNH:3
FNDA:4,(anonymous_0)
FNDA:4,(anonymous_1)
FNDA:21,(anonymous_2)
DA:1,4
DA:2,4
DA:6,4
DA:7,4
DA:8,4
DA:9,4
DA:12,4
DA:13,4
DA:14,4
DA:15,4
DA:18,4
DA:19,21
DA:20,21
DA:21,242
DA:22,242
LF:15
LH:15
BRF:0
BRH:0
end_of_record
TN:
SF:config\queue.js
FN:26,getNextSequence
FN:30,(anonymous_1)
FN:34,(anonymous_2)
FN:38,(anonymous_3)
FN:42,(anonymous_4)
FN:46,(anonymous_5)
FN:50,(anonymous_6)
FN:54,(anonymous_7)
FN:58,(anonymous_8)
FN:62,(anonymous_9)
FN:66,(anonymous_10)
FNF:11
FNH:0
FNDA:0,getNextSequence
FNDA:0,(anonymous_1)
FNDA:0,(anonymous_2)
FNDA:0,(anonymous_3)
FNDA:0,(anonymous_4)
FNDA:0,(anonymous_5)
FNDA:0,(anonymous_6)
FNDA:0,(anonymous_7)
FNDA:0,(anonymous_8)
FNDA:0,(anonymous_9)
FNDA:0,(anonymous_10)
DA:1,3
DA:3,3
DA:5,3
DA:7,3
DA:27,0
DA:30,3
DA:31,0
DA:34,3
DA:35,0
DA:38,3
DA:39,0
DA:42,3
DA:43,0
DA:46,3
DA:47,0
DA:50,3
DA:51,0
DA:54,3
DA:55,0
DA:58,3
DA:59,0
DA:62,3
DA:63,0
DA:66,3
DA:67,0
DA:70,3
DA:72,3
DA:73,3
LF:28
LH:17
BRDA:3,0,0,3
BRDA:3,0,1,0
BRF:2
BRH:1
end_of_record
TN:
SF:config\redisClient.js
FN:11,(anonymous_0)
FN:15,(anonymous_1)
FNF:2
FNH:0
FNDA:0,(anonymous_0)
FNDA:0,(anonymous_1)
DA:1,3
DA:2,3
DA:4,3
DA:6,3
DA:11,3
DA:12,0
DA:15,3
DA:16,0
DA:19,3
LF:9
LH:7
BRDA:4,0,0,3
BRDA:4,0,1,0
BRF:2
BRH:1
end_of_record
TN:
SF:controllers\adminController.js
FN:13,(anonymous_0)
FN:28,(anonymous_1)
FN:31,(anonymous_2)
FN:78,(anonymous_3)
FN:99,(anonymous_4)
FN:131,(anonymous_5)
FN:132,(anonymous_6)
FN:197,(anonymous_7)
FN:198,(anonymous_8)
FN:201,(anonymous_9)
FN:264,(anonymous_10)
FN:284,(anonymous_11)
FN:292,(anonymous_12)
FN:333,(anonymous_13)
FN:376,(anonymous_14)
FN:427,(anonymous_15)
FN:463,(anonymous_16)
FN:505,(anonymous_17)
FN:532,(anonymous_18)
FN:579,(anonymous_19)
FN:607,(anonymous_20)
FN:610,(anonymous_21)
FN:663,(anonymous_22)
FN:711,(anonymous_23)
FN:767,(anonymous_24)
FN:806,(anonymous_25)
FN:875,(anonymous_26)
FN:883,(anonymous_27)
FN:906,(anonymous_28)
FN:925,(anonymous_29)
FN:951,(anonymous_30)
FN:978,(anonymous_31)
FN:987,(anonymous_32)
FN:1025,(anonymous_33)
FN:1072,(anonymous_34)
FN:1106,(anonymous_35)
FN:1133,(anonymous_36)
FN:1230,(anonymous_37)
FN:1247,(anonymous_38)
FN:1261,(anonymous_39)
FN:1262,(anonymous_40)
FN:1366,(anonymous_41)
FN:1396,(anonymous_42)
FN:1483,(anonymous_43)
FN:1527,(anonymous_44)
FNF:45
FNH:0
FNDA:0,(anonymous_0)
FNDA:0,(anonymous_1)
FNDA:0,(anonymous_2)
FNDA:0,(anonymous_3)
FNDA:0,(anonymous_4)
FNDA:0,(anonymous_5)
FNDA:0,(anonymous_6)
FNDA:0,(anonymous_7)
FNDA:0,(anonymous_8)
FNDA:0,(anonymous_9)
FNDA:0,(anonymous_10)
FNDA:0,(anonymous_11)
FNDA:0,(anonymous_12)
FNDA:0,(anonymous_13)
FNDA:0,(anonymous_14)
FNDA:0,(anonymous_15)
FNDA:0,(anonymous_16)
FNDA:0,(anonymous_17)
FNDA:0,(anonymous_18)
FNDA:0,(anonymous_19)
FNDA:0,(anonymous_20)
FNDA:0,(anonymous_21)
FNDA:0,(anonymous_22)
FNDA:0,(anonymous_23)
FNDA:0,(anonymous_24)
FNDA:0,(anonymous_25)
FNDA:0,(anonymous_26)
FNDA:0,(anonymous_27)
FNDA:0,(anonymous_28)
FNDA:0,(anonymous_29)
FNDA:0,(anonymous_30)
FNDA:0,(anonymous_31)
FNDA:0,(anonymous_32)
FNDA:0,(anonymous_33)
FNDA:0,(anonymous_34)
FNDA:0,(anonymous_35)
FNDA:0,(anonymous_36)
FNDA:0,(anonymous_37)
FNDA:0,(anonymous_38)
FNDA:0,(anonymous_39)
FNDA:0,(anonymous_40)
FNDA:0,(anonymous_41)
FNDA:0,(anonymous_42)
FNDA:0,(anonymous_43)
FNDA:0,(anonymous_44)
DA:1,3
DA:2,3
DA:3,3
DA:4,3
DA:5,3
DA:6,3
DA:7,3
DA:8,3
DA:9,3
DA:10,3
DA:11,3
DA:13,3
DA:14,0
DA:15,0
DA:16,0
DA:17,0
DA:19,0
DA:20,0
DA:21,0
DA:22,0
DA:24,0
DA:25,0
DA:28,0
DA:31,3
DA:32,0
DA:33,0
DA:35,0
DA:37,0
DA:39,0
DA:40,0
DA:41,0
DA:48,0
DA:49,0
DA:51,0
DA:52,0
DA:53,0
DA:54,0
DA:55,0
DA:57,0
DA:61,0
DA:63,0
DA:70,0
DA:71,0
DA:78,3
DA:79,0
DA:80,0
DA:81,0
DA:83,0
DA:91,0
DA:92,0
DA:99,3
DA:100,0
DA:101,0
DA:102,0
DA:103,0
DA:106,0
DA:107,0
DA:108,0
DA:109,0
DA:110,0
DA:113,0
DA:114,0
DA:115,0
DA:116,0
DA:117,0
DA:120,0
DA:121,0
DA:122,0
DA:125,0
DA:131,0
DA:132,0
DA:133,0
DA:134,0
DA:135,0
DA:138,0
DA:139,0
DA:140,0
DA:141,0
DA:142,0
DA:145,0
DA:148,0
DA:149,0
DA:150,0
DA:151,0
DA:153,0
DA:154,0
DA:155,0
DA:156,0
DA:158,0
DA:159,0
DA:160,0
DA:163,0
DA:164,0
DA:165,0
DA:166,0
DA:168,0
DA:169,0
DA:170,0
DA:171,0
DA:172,0
DA:175,0
DA:176,0
DA:178,0
DA:189,0
DA:190,0
DA:197,0
DA:198,0
DA:200,0
DA:201,0
DA:203,0
DA:204,0
DA:205,0
DA:207,0
DA:208,0
DA:210,0
DA:211,0
DA:212,0
DA:215,0
DA:216,0
DA:218,0
DA:219,0
DA:220,0
DA:221,0
DA:222,0
DA:225,0
DA:226,0
DA:227,0
DA:229,0
DA:248,0
DA:249,0
DA:250,0
DA:251,0
DA:253,0
DA:257,0
DA:259,0
DA:260,0
DA:264,3
DA:265,0
DA:266,0
DA:267,0
DA:269,0
DA:270,0
DA:271,0
DA:272,0
DA:273,0
DA:274,0
DA:275,0
DA:276,0
DA:277,0
DA:278,0
DA:279,0
DA:280,0
DA:284,0
DA:285,0
DA:287,0
DA:288,0
DA:292,3
DA:293,0
DA:294,0
DA:295,0
DA:297,0
DA:298,0
DA:299,0
DA:302,0
DA:303,0
DA:310,0
DA:311,0
DA:313,0
DA:314,0
DA:322,0
DA:328,0
DA:329,0
DA:333,3
DA:334,0
DA:335,0
DA:337,0
DA:339,0
DA:340,0
DA:346,0
DA:347,0
DA:353,0
DA:354,0
DA:356,0
DA:368,0
DA:369,0
DA:376,3
DA:377,0
DA:378,0
DA:379,0
DA:381,0
DA:382,0
DA:388,0
DA:390,0
DA:391,0
DA:397,0
DA:398,0
DA:404,0
DA:405,0
DA:407,0
DA:419,0
DA:420,0
DA:427,3
DA:428,0
DA:429,0
DA:431,0
DA:433,0
DA:434,0
DA:440,0
DA:441,0
DA:447,0
DA:449,0
DA:455,0
DA:456,0
DA:463,3
DA:464,0
DA:465,0
DA:467,0
DA:469,0
DA:470,0
DA:476,0
DA:477,0
DA:483,0
DA:484,0
DA:490,0
DA:491,0
DA:493,0
DA:498,0
DA:499,0
DA:505,0
DA:512,0
DA:513,0
DA:514,0
DA:516,0
DA:518,0
DA:519,0
DA:521,0
DA:524,0
DA:525,0
DA:532,3
DA:533,0
DA:534,0
DA:535,0
DA:538,0
DA:539,0
DA:540,0
DA:541,0
DA:542,0
DA:545,0
DA:546,0
DA:547,0
DA:549,0
DA:550,0
DA:553,0
DA:554,0
DA:555,0
DA:558,0
DA:560,0
DA:571,0
DA:572,0
DA:579,3
DA:580,0
DA:581,0
DA:583,0
DA:584,0
DA:587,0
DA:588,0
DA:598,0
DA:599,0
DA:605,0
DA:607,0
DA:608,0
DA:610,0
DA:617,0
DA:619,0
DA:620,0
DA:628,0
DA:635,0
DA:637,0
DA:638,0
DA:640,0
DA:642,0
DA:647,0
DA:649,0
DA:650,0
DA:651,0
DA:656,0
DA:663,3
DA:664,0
DA:665,0
DA:666,0
DA:668,0
DA:669,0
DA:672,0
DA:673,0
DA:674,0
DA:675,0
DA:678,0
DA:679,0
DA:680,0
DA:683,0
DA:684,0
DA:687,0
DA:688,0
DA:690,0
DA:706,0
DA:707,0
DA:711,3
DA:712,0
DA:713,0
DA:715,0
DA:716,0
DA:717,0
DA:720,0
DA:721,0
DA:724,0
DA:725,0
DA:728,0
DA:729,0
DA:732,0
DA:741,0
DA:742,0
DA:744,0
DA:762,0
DA:763,0
DA:767,3
DA:768,0
DA:769,0
DA:771,0
DA:772,0
DA:773,0
DA:776,0
DA:777,0
DA:780,0
DA:781,0
DA:783,0
DA:801,0
DA:802,0
DA:806,3
DA:807,0
DA:808,0
DA:809,0
DA:815,0
DA:816,0
DA:818,0
DA:819,0
DA:825,0
DA:826,0
DA:827,0
DA:828,0
DA:834,0
DA:835,0
DA:836,0
DA:841,0
DA:842,0
DA:848,0
DA:849,0
DA:856,0
DA:857,0
DA:858,0
DA:864,0
DA:865,0
DA:871,0
DA:872,0
DA:875,0
DA:876,0
DA:877,0
DA:879,0
DA:882,0
DA:884,0
DA:885,0
DA:886,0
DA:890,0
DA:891,0
DA:897,0
DA:898,0
DA:904,0
DA:905,0
DA:906,0
DA:909,0
DA:910,0
DA:917,0
DA:921,0
DA:923,0
DA:925,0
DA:931,0
DA:943,0
DA:944,0
DA:951,3
DA:952,0
DA:953,0
DA:954,0
DA:960,0
DA:962,0
DA:963,0
DA:964,0
DA:965,0
DA:971,0
DA:972,0
DA:978,0
DA:979,0
DA:980,0
DA:982,0
DA:985,0
DA:986,0
DA:988,0
DA:989,0
DA:990,0
DA:994,0
DA:995,0
DA:1001,0
DA:1003,0
DA:1005,0
DA:1017,0
DA:1018,0
DA:1025,3
DA:1026,0
DA:1027,0
DA:1028,0
DA:1034,0
DA:1036,0
DA:1037,0
DA:1040,0
DA:1041,0
DA:1047,0
DA:1051,0
DA:1064,0
DA:1065,0
DA:1072,3
DA:1073,0
DA:1074,0
DA:1075,0
DA:1081,0
DA:1082,0
DA:1084,0
DA:1085,0
DA:1086,0
DA:1092,0
DA:1093,0
DA:1099,0
DA:1105,0
DA:1106,0
DA:1107,0
DA:1108,0
DA:1112,0
DA:1118,0
DA:1125,0
DA:1126,0
DA:1133,3
DA:1134,0
DA:1135,0
DA:1136,0
DA:1142,0
DA:1143,0
DA:1145,0
DA:1146,0
DA:1152,0
DA:1153,0
DA:1159,0
DA:1160,0
DA:1162,0
DA:1163,0
DA:1169,0
DA:1170,0
DA:1172,0
DA:1173,0
DA:1179,0
DA:1180,0
DA:1181,0
DA:1182,0
DA:1184,0
DA:1185,0
DA:1186,0
DA:1187,0
DA:1189,0
DA:1190,0
DA:1191,0
DA:1192,0
DA:1194,0
DA:1195,0
DA:1196,0
DA:1197,0
DA:1199,0
DA:1200,0
DA:1201,0
DA:1202,0
DA:1204,0
DA:1205,0
DA:1206,0
DA:1207,0
DA:1208,0
DA:1209,0
DA:1212,0
DA:1213,0
DA:1216,0
DA:1217,0
DA:1223,0
DA:1229,0
DA:1230,0
DA:1233,0
DA:1234,0
DA:1242,0
DA:1247,0
DA:1248,0
DA:1251,0
DA:1252,0
DA:1258,0
DA:1261,0
DA:1262,0
DA:1265,0
DA:1266,0
DA:1272,0
DA:1274,0
DA:1277,0
DA:1278,0
DA:1332,0
DA:1333,0
DA:1335,0
DA:1336,0
DA:1337,0
DA:1338,0
DA:1339,0
DA:1340,0
DA:1343,0
DA:1346,0
DA:1358,0
DA:1359,0
DA:1366,3
DA:1367,0
DA:1368,0
DA:1369,0
DA:1375,0
DA:1376,0
DA:1378,0
DA:1379,0
DA:1385,0
DA:1386,0
DA:1388,0
DA:1389,0
DA:1395,0
DA:1396,0
DA:1399,0
DA:1401,0
DA:1454,0
DA:1455,0
DA:1456,0
DA:1457,0
DA:1458,0
DA:1460,0
DA:1463,0
DA:1475,0
DA:1476,0
DA:1483,3
DA:1484,0
DA:1485,0
DA:1486,0
DA:1492,0
DA:1494,0
DA:1495,0
DA:1497,0
DA:1498,0
DA:1504,0
DA:1508,0
DA:1519,0
DA:1520,0
DA:1527,3
DA:1528,0
DA:1529,0
DA:1530,0
DA:1536,0
DA:1537,0
DA:1540,0
DA:1541,0
DA:1548,0
DA:1549,0
DA:1550,0
DA:1551,0
DA:1552,0
DA:1553,0
DA:1554,0
DA:1562,0
DA:1563,0
DA:1566,0
DA:1573,0
DA:1574,0
LF:584
LH:34
BRDA:37,0,0,0
BRDA:37,0,1,0
BRDA:39,1,0,0
BRDA:39,1,1,0
BRDA:48,2,0,0
BRDA:48,2,1,0
BRDA:49,3,0,0
BRDA:49,3,1,0
BRDA:51,4,0,0
BRDA:51,4,1,0
BRDA:53,5,0,0
BRDA:53,5,1,0
BRDA:102,6,0,0
BRDA:102,6,1,0
BRDA:107,7,0,0
BRDA:107,7,1,0
BRDA:107,7,2,0
BRDA:107,7,3,0
BRDA:108,8,0,0
BRDA:108,8,1,0
BRDA:108,8,2,0
BRDA:108,8,3,0
BRDA:109,9,0,0
BRDA:109,9,1,0
BRDA:109,10,0,0
BRDA:109,10,1,0
BRDA:116,11,0,0
BRDA:116,11,1,0
BRDA:121,12,0,0
BRDA:121,12,1,0
BRDA:132,13,0,0
BRDA:132,13,1,0
BRDA:134,14,0,0
BRDA:134,14,1,0
BRDA:134,15,0,0
BRDA:134,15,1,0
BRDA:134,15,2,0
BRDA:141,16,0,0
BRDA:141,16,1,0
BRDA:141,17,0,0
BRDA:141,17,1,0
BRDA:141,17,2,0
BRDA:141,17,3,0
BRDA:158,18,0,0
BRDA:158,18,1,0
BRDA:158,19,0,0
BRDA:158,19,1,0
BRDA:164,20,0,0
BRDA:164,20,1,0
BRDA:170,21,0,0
BRDA:170,21,1,0
BRDA:210,22,0,0
BRDA:210,22,1,0
BRDA:210,23,0,0
BRDA:210,23,1,0
BRDA:210,23,2,0
BRDA:210,23,3,0
BRDA:219,24,0,0
BRDA:219,24,1,0
BRDA:219,25,0,0
BRDA:219,25,1,0
BRDA:219,25,2,0
BRDA:221,26,0,0
BRDA:221,26,1,0
BRDA:248,27,0,0
BRDA:248,27,1,0
BRDA:270,28,0,0
BRDA:270,28,1,0
BRDA:271,29,0,0
BRDA:271,29,1,0
BRDA:273,30,0,0
BRDA:273,30,1,0
BRDA:277,31,0,0
BRDA:277,31,1,0
BRDA:279,32,0,0
BRDA:279,32,1,0
BRDA:298,33,0,0
BRDA:298,33,1,0
BRDA:302,34,0,0
BRDA:302,34,1,0
BRDA:302,35,0,0
BRDA:302,35,1,0
BRDA:339,36,0,0
BRDA:339,36,1,0
BRDA:346,37,0,0
BRDA:346,37,1,0
BRDA:358,38,0,0
BRDA:358,38,1,0
BRDA:381,39,0,0
BRDA:381,39,1,0
BRDA:390,40,0,0
BRDA:390,40,1,0
BRDA:397,41,0,0
BRDA:397,41,1,0
BRDA:409,42,0,0
BRDA:409,42,1,0
BRDA:433,43,0,0
BRDA:433,43,1,0
BRDA:440,44,0,0
BRDA:440,44,1,0
BRDA:469,45,0,0
BRDA:469,45,1,0
BRDA:469,46,0,0
BRDA:469,46,1,0
BRDA:476,47,0,0
BRDA:476,47,1,0
BRDA:483,48,0,0
BRDA:483,48,1,0
BRDA:498,49,0,0
BRDA:498,49,1,0
BRDA:509,50,0,0
BRDA:509,50,1,0
BRDA:534,51,0,0
BRDA:534,51,1,0
BRDA:539,52,0,0
BRDA:539,52,1,0
BRDA:539,52,2,0
BRDA:539,52,3,0
BRDA:540,53,0,0
BRDA:540,53,1,0
BRDA:540,53,2,0
BRDA:540,53,3,0
BRDA:541,54,0,0
BRDA:541,54,1,0
BRDA:541,55,0,0
BRDA:541,55,1,0
BRDA:549,56,0,0
BRDA:549,56,1,0
BRDA:554,57,0,0
BRDA:554,57,1,0
BRDA:583,58,0,0
BRDA:583,58,1,0
BRDA:598,59,0,0
BRDA:598,59,1,0
BRDA:611,60,0,0
BRDA:611,60,1,0
BRDA:612,61,0,0
BRDA:612,61,1,0
BRDA:613,62,0,0
BRDA:613,62,1,0
BRDA:614,63,0,0
BRDA:614,63,1,0
BRDA:619,64,0,0
BRDA:619,64,1,0
BRDA:668,65,0,0
BRDA:668,65,1,0
BRDA:674,66,0,0
BRDA:674,66,1,0
BRDA:679,67,0,0
BRDA:679,67,1,0
BRDA:683,68,0,0
BRDA:683,68,1,0
BRDA:716,69,0,0
BRDA:716,69,1,0
BRDA:720,70,0,0
BRDA:720,70,1,0
BRDA:724,71,0,0
BRDA:724,71,1,0
BRDA:728,72,0,0
BRDA:728,72,1,0
BRDA:772,73,0,0
BRDA:772,73,1,0
BRDA:776,74,0,0
BRDA:776,74,1,0
BRDA:808,75,0,0
BRDA:808,75,1,0
BRDA:818,76,0,0
BRDA:818,76,1,0
BRDA:827,77,0,0
BRDA:827,77,1,0
BRDA:834,78,0,0
BRDA:834,78,1,0
BRDA:835,79,0,0
BRDA:835,79,1,0
BRDA:841,80,0,0
BRDA:841,80,1,0
BRDA:848,81,0,0
BRDA:848,81,1,0
BRDA:848,82,0,0
BRDA:848,82,1,0
BRDA:857,83,0,0
BRDA:857,83,1,0
BRDA:864,84,0,0
BRDA:864,84,1,0
BRDA:871,85,0,0
BRDA:871,85,1,0
BRDA:876,86,0,0
BRDA:876,86,1,0
BRDA:884,87,0,0
BRDA:884,87,1,0
BRDA:890,88,0,0
BRDA:890,88,1,0
BRDA:897,89,0,0
BRDA:897,89,1,0
BRDA:904,90,0,0
BRDA:904,90,1,0
BRDA:904,91,0,0
BRDA:904,91,1,0
BRDA:909,92,0,0
BRDA:909,92,1,0
BRDA:919,93,0,0
BRDA:919,93,1,0
BRDA:953,94,0,0
BRDA:953,94,1,0
BRDA:964,95,0,0
BRDA:964,95,1,0
BRDA:971,96,0,0
BRDA:971,96,1,0
BRDA:971,97,0,0
BRDA:971,97,1,0
BRDA:979,98,0,0
BRDA:979,98,1,0
BRDA:988,99,0,0
BRDA:988,99,1,0
BRDA:994,100,0,0
BRDA:994,100,1,0
BRDA:1027,101,0,0
BRDA:1027,101,1,0
BRDA:1040,102,0,0
BRDA:1040,102,1,0
BRDA:1047,103,0,0
BRDA:1047,103,1,0
BRDA:1047,104,0,0
BRDA:1047,104,1,0
BRDA:1049,105,0,0
BRDA:1049,105,1,0
BRDA:1058,106,0,0
BRDA:1058,106,1,0
BRDA:1074,107,0,0
BRDA:1074,107,1,0
BRDA:1085,108,0,0
BRDA:1085,108,1,0
BRDA:1092,109,0,0
BRDA:1092,109,1,0
BRDA:1107,110,0,0
BRDA:1107,110,1,0
BRDA:1135,111,0,0
BRDA:1135,111,1,0
BRDA:1145,112,0,0
BRDA:1145,112,1,0
BRDA:1145,113,0,0
BRDA:1145,113,1,0
BRDA:1152,114,0,0
BRDA:1152,114,1,0
BRDA:1162,115,0,0
BRDA:1162,115,1,0
BRDA:1172,116,0,0
BRDA:1172,116,1,0
BRDA:1180,117,0,0
BRDA:1180,117,1,0
BRDA:1180,118,0,0
BRDA:1180,118,1,0
BRDA:1181,119,0,0
BRDA:1181,119,1,0
BRDA:1181,120,0,0
BRDA:1181,120,1,0
BRDA:1182,121,0,0
BRDA:1182,121,1,0
BRDA:1182,122,0,0
BRDA:1182,122,1,0
BRDA:1189,123,0,0
BRDA:1189,123,1,0
BRDA:1189,124,0,0
BRDA:1189,124,1,0
BRDA:1189,124,2,0
BRDA:1191,125,0,0
BRDA:1191,125,1,0
BRDA:1192,126,0,0
BRDA:1192,126,1,0
BRDA:1192,127,0,0
BRDA:1192,127,1,0
BRDA:1199,128,0,0
BRDA:1199,128,1,0
BRDA:1199,129,0,0
BRDA:1199,129,1,0
BRDA:1199,129,2,0
BRDA:1204,130,0,0
BRDA:1204,130,1,0
BRDA:1204,131,0,0
BRDA:1204,131,1,0
BRDA:1206,132,0,0
BRDA:1206,132,1,0
BRDA:1212,133,0,0
BRDA:1212,133,1,0
BRDA:1216,134,0,0
BRDA:1216,134,1,0
BRDA:1216,135,0,0
BRDA:1216,135,1,0
BRDA:1230,136,0,0
BRDA:1230,136,1,0
BRDA:1233,137,0,0
BRDA:1233,137,1,0
BRDA:1248,138,0,0
BRDA:1248,138,1,0
BRDA:1248,138,2,0
BRDA:1248,138,3,0
BRDA:1251,139,0,0
BRDA:1251,139,1,0
BRDA:1262,140,0,0
BRDA:1262,140,1,0
BRDA:1262,141,0,0
BRDA:1262,141,1,0
BRDA:1265,142,0,0
BRDA:1265,142,1,0
BRDA:1272,143,0,0
BRDA:1272,143,1,0
BRDA:1274,144,0,0
BRDA:1274,144,1,0
BRDA:1274,144,2,0
BRDA:1277,145,0,0
BRDA:1277,145,1,0
BRDA:1335,146,0,0
BRDA:1335,146,1,0
BRDA:1368,147,0,0
BRDA:1368,147,1,0
BRDA:1378,148,0,0
BRDA:1378,148,1,0
BRDA:1378,149,0,0
BRDA:1378,149,1,0
BRDA:1388,150,0,0
BRDA:1388,150,1,0
BRDA:1396,151,0,0
BRDA:1396,151,1,0
BRDA:1485,152,0,0
BRDA:1485,152,1,0
BRDA:1497,153,0,0
BRDA:1497,153,1,0
BRDA:1504,154,0,0
BRDA:1504,154,1,0
BRDA:1504,155,0,0
BRDA:1504,155,1,0
BRDA:1506,156,0,0
BRDA:1506,156,1,0
BRDA:1529,157,0,0
BRDA:1529,157,1,0
BRDA:1540,158,0,0
BRDA:1540,158,1,0
BRDA:1552,159,0,0
BRDA:1552,159,1,0
BRDA:1562,160,0,0
BRDA:1562,160,1,0
BRF:341
BRH:0
end_of_record
TN:
SF:controllers\attainmentController.js
FN:9,(anonymous_0)
FN:14,(anonymous_1)
FN:16,(anonymous_2)
FN:30,(anonymous_3)
FN:57,(anonymous_4)
FN:89,(anonymous_5)
FN:103,(anonymous_6)
FN:116,(anonymous_7)
FN:148,(anonymous_8)
FN:165,(anonymous_9)
FN:189,(anonymous_10)
FN:200,(anonymous_11)
FN:203,(anonymous_12)
FN:210,(anonymous_13)
FN:223,(anonymous_14)
FN:240,(anonymous_15)
FN:241,(anonymous_16)
FN:244,(anonymous_17)
FN:253,(anonymous_18)
FN:272,(anonymous_19)
FN:286,(anonymous_20)
FN:320,(anonymous_21)
FN:324,(anonymous_22)
FN:330,(anonymous_23)
FN:336,(anonymous_24)
FN:415,(anonymous_25)
FN:453,(anonymous_26)
FN:460,(anonymous_27)
FN:486,(anonymous_28)
FN:490,(anonymous_29)
FN:495,(anonymous_30)
FN:500,(anonymous_31)
FN:577,(anonymous_32)
FN:586,(anonymous_33)
FN:623,(anonymous_34)
FN:630,(anonymous_35)
FN:655,(anonymous_36)
FN:659,(anonymous_37)
FN:664,(anonymous_38)
FN:669,(anonymous_39)
FN:736,(anonymous_40)
FN:769,(anonymous_41)
FN:796,(anonymous_42)
FN:813,(anonymous_43)
FN:870,(anonymous_44)
FN:884,(anonymous_45)
FN:908,(anonymous_46)
FN:916,(anonymous_47)
FN:920,(anonymous_48)
FN:922,(anonymous_49)
FN:925,(anonymous_50)
FN:927,(anonymous_51)
FN:959,(anonymous_52)
FN:976,(anonymous_53)
FN:1000,(anonymous_54)
FN:1011,(anonymous_55)
FN:1014,(anonymous_56)
FN:1021,(anonymous_57)
FN:1033,(anonymous_58)
FN:1051,(anonymous_59)
FN:1052,(anonymous_60)
FN:1055,(anonymous_61)
FN:1065,(anonymous_62)
FN:1084,(anonymous_63)
FN:1112,(anonymous_64)
FN:1125,(anonymous_65)
FN:1164,(anonymous_66)
FN:1181,(anonymous_67)
FN:1205,(anonymous_68)
FN:1216,(anonymous_69)
FN:1219,(anonymous_70)
FN:1226,(anonymous_71)
FN:1237,(anonymous_72)
FN:1261,(anonymous_73)
FN:1262,(anonymous_74)
FN:1265,(anonymous_75)
FN:1278,(anonymous_76)
FN:1297,(anonymous_77)
FN:1311,(anonymous_78)
FN:1351,(anonymous_79)
FN:1370,(anonymous_80)
FN:1387,(anonymous_81)
FN:1426,(anonymous_82)
FN:1456,(anonymous_83)
FN:1495,(anonymous_84)
FN:1554,(anonymous_85)
FN:1564,(anonymous_86)
FNF:87
FNH:12
FNDA:1,(anonymous_0)
FNDA:1,(anonymous_1)
FNDA:1,(anonymous_2)
FNDA:0,(anonymous_3)
FNDA:1,(anonymous_4)
FNDA:2,(anonymous_5)
FNDA:2,(anonymous_6)
FNDA:0,(anonymous_7)
FNDA:3,(anonymous_8)
FNDA:3,(anonymous_9)
FNDA:3,(anonymous_10)
FNDA:3,(anonymous_11)
FNDA:0,(anonymous_12)
FNDA:0,(anonymous_13)
FNDA:0,(anonymous_14)
FNDA:0,(anonymous_15)
FNDA:0,(anonymous_16)
FNDA:0,(anonymous_17)
FNDA:0,(anonymous_18)
FNDA:0,(anonymous_19)
FNDA:0,(anonymous_20)
FNDA:0,(anonymous_21)
FNDA:0,(anonymous_22)
FNDA:0,(anonymous_23)
FNDA:0,(anonymous_24)
FNDA:0,(anonymous_25)
FNDA:0,(anonymous_26)
FNDA:0,(anonymous_27)
FNDA:0,(anonymous_28)
FNDA:0,(anonymous_29)
FNDA:0,(anonymous_30)
FNDA:0,(anonymous_31)
FNDA:0,(anonymous_32)
FNDA:0,(anonymous_33)
FNDA:0,(anonymous_34)
FNDA:0,(anonymous_35)
FNDA:0,(anonymous_36)
FNDA:0,(anonymous_37)
FNDA:0,(anonymous_38)
FNDA:0,(anonymous_39)
FNDA:0,(anonymous_40)
FNDA:0,(anonymous_41)
FNDA:0,(anonymous_42)
FNDA:0,(anonymous_43)
FNDA:0,(anonymous_44)
FNDA:0,(anonymous_45)
FNDA:0,(anonymous_46)
FNDA:0,(anonymous_47)
FNDA:0,(anonymous_48)
FNDA:0,(anonymous_49)
FNDA:0,(anonymous_50)
FNDA:0,(anonymous_51)
FNDA:0,(anonymous_52)
FNDA:0,(anonymous_53)
FNDA:0,(anonymous_54)
FNDA:0,(anonymous_55)
FNDA:0,(anonymous_56)
FNDA:0,(anonymous_57)
FNDA:0,(anonymous_58)
FNDA:0,(anonymous_59)
FNDA:0,(anonymous_60)
FNDA:0,(anonymous_61)
FNDA:0,(anonymous_62)
FNDA:0,(anonymous_63)
FNDA:0,(anonymous_64)
FNDA:0,(anonymous_65)
FNDA:0,(anonymous_66)
FNDA:0,(anonymous_67)
FNDA:0,(anonymous_68)
FNDA:0,(anonymous_69)
FNDA:0,(anonymous_70)
FNDA:0,(anonymous_71)
FNDA:0,(anonymous_72)
FNDA:0,(anonymous_73)
FNDA:0,(anonymous_74)
FNDA:0,(anonymous_75)
FNDA:0,(anonymous_76)
FNDA:0,(anonymous_77)
FNDA:0,(anonymous_78)
FNDA:0,(anonymous_79)
FNDA:0,(anonymous_80)
FNDA:0,(anonymous_81)
FNDA:0,(anonymous_82)
FNDA:0,(anonymous_83)
FNDA:0,(anonymous_84)
FNDA:1,(anonymous_85)
FNDA:1,(anonymous_86)
DA:1,3
DA:2,3
DA:3,3
DA:4,3
DA:5,3
DA:6,3
DA:7,3
DA:9,3
DA:10,1
DA:14,1
DA:15,1
DA:16,1
DA:18,1
DA:30,3
DA:31,0
DA:32,0
DA:34,0
DA:49,0
DA:50,0
DA:57,3
DA:58,1
DA:59,1
DA:66,1
DA:67,1
DA:69,1
DA:75,0
DA:81,0
DA:82,0
DA:89,3
DA:90,2
DA:91,2
DA:92,2
DA:94,2
DA:95,2
DA:96,0
DA:102,2
DA:103,2
DA:104,2
DA:105,2
DA:108,2
DA:109,0
DA:116,2
DA:117,2
DA:134,2
DA:140,0
DA:141,0
DA:148,3
DA:149,3
DA:150,3
DA:152,3
DA:157,3
DA:158,0
DA:164,3
DA:165,3
DA:166,3
DA:167,3
DA:170,3
DA:171,0
DA:178,3
DA:179,3
DA:181,3
DA:182,3
DA:189,3
DA:190,3
DA:191,3
DA:192,0
DA:193,0
DA:195,3
DA:197,3
DA:198,3
DA:200,3
DA:201,3
DA:204,0
DA:205,0
DA:206,0
DA:207,0
DA:209,0
DA:210,0
DA:213,3
DA:215,3
DA:216,1
DA:223,0
DA:232,1
DA:239,2
DA:240,0
DA:241,0
DA:243,0
DA:244,0
DA:252,0
DA:253,0
DA:254,0
DA:259,2
DA:264,0
DA:265,0
DA:272,3
DA:273,0
DA:274,0
DA:275,0
DA:278,0
DA:280,0
DA:281,0
DA:282,0
DA:285,0
DA:286,0
DA:287,0
DA:288,0
DA:290,0
DA:291,0
DA:295,0
DA:296,0
DA:298,0
DA:299,0
DA:301,0
DA:302,0
DA:303,0
DA:304,0
DA:306,0
DA:309,0
DA:310,0
DA:311,0
DA:314,0
DA:315,0
DA:316,0
DA:317,0
DA:318,0
DA:320,0
DA:321,0
DA:322,0
DA:323,0
DA:324,0
DA:325,0
DA:327,0
DA:330,0
DA:331,0
DA:332,0
DA:333,0
DA:336,0
DA:337,0
DA:338,0
DA:339,0
DA:340,0
DA:343,0
DA:345,0
DA:346,0
DA:347,0
DA:349,0
DA:350,0
DA:351,0
DA:354,0
DA:355,0
DA:356,0
DA:357,0
DA:358,0
DA:359,0
DA:360,0
DA:361,0
DA:362,0
DA:363,0
DA:364,0
DA:365,0
DA:368,0
DA:369,0
DA:370,0
DA:373,0
DA:376,0
DA:377,0
DA:378,0
DA:379,0
DA:380,0
DA:381,0
DA:382,0
DA:383,0
DA:384,0
DA:385,0
DA:386,0
DA:387,0
DA:388,0
DA:390,0
DA:391,0
DA:392,0
DA:393,0
DA:394,0
DA:395,0
DA:396,0
DA:397,0
DA:398,0
DA:399,0
DA:401,0
DA:402,0
DA:403,0
DA:404,0
DA:408,0
DA:409,0
DA:415,0
DA:416,0
DA:417,0
DA:418,0
DA:419,0
DA:422,0
DA:423,0
DA:424,0
DA:425,0
DA:426,0
DA:427,0
DA:428,0
DA:429,0
DA:430,0
DA:431,0
DA:433,0
DA:434,0
DA:435,0
DA:443,0
DA:448,0
DA:449,0
DA:453,3
DA:454,0
DA:455,0
DA:456,0
DA:457,0
DA:458,0
DA:459,0
DA:460,0
DA:461,0
DA:462,0
DA:464,0
DA:466,0
DA:467,0
DA:468,0
DA:469,0
DA:470,0
DA:471,0
DA:472,0
DA:474,0
DA:476,0
DA:477,0
DA:479,0
DA:480,0
DA:481,0
DA:482,0
DA:483,0
DA:484,0
DA:486,0
DA:487,0
DA:488,0
DA:489,0
DA:490,0
DA:491,0
DA:493,0
DA:495,0
DA:496,0
DA:497,0
DA:498,0
DA:500,0
DA:501,0
DA:502,0
DA:503,0
DA:504,0
DA:507,0
DA:508,0
DA:510,0
DA:511,0
DA:512,0
DA:513,0
DA:514,0
DA:515,0
DA:516,0
DA:517,0
DA:518,0
DA:519,0
DA:520,0
DA:521,0
DA:522,0
DA:523,0
DA:524,0
DA:525,0
DA:526,0
DA:527,0
DA:528,0
DA:529,0
DA:530,0
DA:531,0
DA:532,0
DA:533,0
DA:534,0
DA:535,0
DA:536,0
DA:537,0
DA:540,0
DA:541,0
DA:544,0
DA:545,0
DA:546,0
DA:547,0
DA:548,0
DA:549,0
DA:550,0
DA:551,0
DA:552,0
DA:553,0
DA:554,0
DA:555,0
DA:556,0
DA:558,0
DA:559,0
DA:560,0
DA:561,0
DA:562,0
DA:563,0
DA:564,0
DA:565,0
DA:566,0
DA:567,0
DA:569,0
DA:570,0
DA:571,0
DA:572,0
DA:575,0
DA:576,0
DA:577,0
DA:579,0
DA:581,0
DA:582,0
DA:583,0
DA:584,0
DA:586,0
DA:587,0
DA:588,0
DA:589,0
DA:590,0
DA:592,0
DA:593,0
DA:594,0
DA:595,0
DA:596,0
DA:597,0
DA:598,0
DA:599,0
DA:600,0
DA:602,0
DA:603,0
DA:604,0
DA:615,0
DA:616,0
DA:618,0
DA:619,0
DA:623,3
DA:624,0
DA:625,0
DA:626,0
DA:627,0
DA:628,0
DA:629,0
DA:630,0
DA:631,0
DA:632,0
DA:634,0
DA:636,0
DA:637,0
DA:638,0
DA:639,0
DA:640,0
DA:641,0
DA:642,0
DA:644,0
DA:646,0
DA:647,0
DA:649,0
DA:650,0
DA:651,0
DA:652,0
DA:653,0
DA:655,0
DA:656,0
DA:657,0
DA:658,0
DA:659,0
DA:660,0
DA:662,0
DA:664,0
DA:665,0
DA:666,0
DA:667,0
DA:669,0
DA:670,0
DA:671,0
DA:672,0
DA:673,0
DA:676,0
DA:677,0
DA:678,0
DA:679,0
DA:680,0
DA:681,0
DA:682,0
DA:683,0
DA:684,0
DA:685,0
DA:686,0
DA:687,0
DA:688,0
DA:689,0
DA:690,0
DA:691,0
DA:692,0
DA:693,0
DA:694,0
DA:697,0
DA:698,0
DA:701,0
DA:702,0
DA:703,0
DA:704,0
DA:705,0
DA:706,0
DA:707,0
DA:708,0
DA:709,0
DA:710,0
DA:711,0
DA:712,0
DA:713,0
DA:715,0
DA:716,0
DA:717,0
DA:718,0
DA:719,0
DA:720,0
DA:721,0
DA:722,0
DA:723,0
DA:724,0
DA:726,0
DA:727,0
DA:728,0
DA:729,0
DA:732,0
DA:733,0
DA:735,0
DA:736,0
DA:737,0
DA:738,0
DA:739,0
DA:740,0
DA:742,0
DA:743,0
DA:744,0
DA:745,0
DA:746,0
DA:747,0
DA:748,0
DA:749,0
DA:750,0
DA:752,0
DA:753,0
DA:754,0
DA:762,0
DA:764,0
DA:765,0
DA:769,3
DA:770,0
DA:771,0
DA:772,0
DA:774,0
DA:775,0
DA:776,0
DA:779,0
DA:788,0
DA:789,0
DA:795,0
DA:796,0
DA:797,0
DA:798,0
DA:799,0
DA:800,0
DA:802,0
DA:805,0
DA:806,0
DA:813,0
DA:814,0
DA:816,0
DA:818,0
DA:819,0
DA:823,0
DA:824,0
DA:825,0
DA:827,0
DA:831,0
DA:832,0
DA:838,0
DA:856,0
DA:862,0
DA:863,0
DA:870,3
DA:871,0
DA:872,0
DA:873,0
DA:875,0
DA:876,0
DA:877,0
DA:883,0
DA:884,0
DA:885,0
DA:886,0
DA:889,0
DA:890,0
DA:897,0
DA:898,0
DA:899,0
DA:900,0
DA:901,0
DA:907,0
DA:909,0
DA:910,0
DA:911,0
DA:912,0
DA:914,0
DA:917,0
DA:918,0
DA:919,0
DA:920,0
DA:922,0
DA:925,0
DA:926,0
DA:927,0
DA:929,0
DA:945,0
DA:951,0
DA:952,0
DA:959,3
DA:960,0
DA:961,0
DA:963,0
DA:968,0
DA:969,0
DA:975,0
DA:976,0
DA:977,0
DA:978,0
DA:981,0
DA:982,0
DA:989,0
DA:990,0
DA:992,0
DA:993,0
DA:1000,0
DA:1001,0
DA:1002,0
DA:1003,0
DA:1004,0
DA:1006,0
DA:1008,0
DA:1009,0
DA:1011,0
DA:1012,0
DA:1015,0
DA:1016,0
DA:1017,0
DA:1018,0
DA:1020,0
DA:1021,0
DA:1024,0
DA:1026,0
DA:1027,0
DA:1033,0
DA:1043,0
DA:1050,0
DA:1051,0
DA:1052,0
DA:1054,0
DA:1055,0
DA:1064,0
DA:1065,0
DA:1066,0
DA:1071,0
DA:1076,0
DA:1077,0
DA:1084,3
DA:1085,0
DA:1086,0
DA:1101,0
DA:1103,0
DA:1104,0
DA:1105,0
DA:1111,0
DA:1112,0
DA:1113,0
DA:1114,0
DA:1117,0
DA:1118,0
DA:1125,0
DA:1126,0
DA:1150,0
DA:1156,0
DA:1157,0
DA:1164,3
DA:1165,0
DA:1166,0
DA:1168,0
DA:1173,0
DA:1174,0
DA:1180,0
DA:1181,0
DA:1182,0
DA:1183,0
DA:1186,0
DA:1187,0
DA:1194,0
DA:1195,0
DA:1197,0
DA:1198,0
DA:1205,0
DA:1206,0
DA:1207,0
DA:1208,0
DA:1209,0
DA:1211,0
DA:1213,0
DA:1214,0
DA:1216,0
DA:1217,0
DA:1220,0
DA:1221,0
DA:1222,0
DA:1223,0
DA:1225,0
DA:1226,0
DA:1229,0
DA:1231,0
DA:1232,0
DA:1237,0
DA:1253,0
DA:1260,0
DA:1261,0
DA:1262,0
DA:1264,0
DA:1265,0
DA:1277,0
DA:1278,0
DA:1279,0
DA:1284,0
DA:1289,0
DA:1290,0
DA:1297,3
DA:1298,0
DA:1299,0
DA:1300,0
DA:1302,0
DA:1303,0
DA:1304,0
DA:1310,0
DA:1311,0
DA:1312,0
DA:1313,0
DA:1316,0
DA:1317,0
DA:1324,0
DA:1337,0
DA:1343,0
DA:1344,0
DA:1351,3
DA:1352,0
DA:1353,0
DA:1355,0
DA:1362,0
DA:1363,0
DA:1369,0
DA:1370,0
DA:1371,0
DA:1372,0
DA:1375,0
DA:1376,0
DA:1383,0
DA:1384,0
DA:1386,0
DA:1387,0
DA:1388,0
DA:1389,0
DA:1390,0
DA:1391,0
DA:1392,0
DA:1393,0
DA:1397,0
DA:1398,0
DA:1401,0
DA:1403,0
DA:1404,0
DA:1407,0
DA:1408,0
DA:1411,0
DA:1413,0
DA:1414,0
DA:1417,0
DA:1418,0
DA:1419,0
DA:1421,0
DA:1422,0
DA:1426,0
DA:1427,0
DA:1428,0
DA:1430,0
DA:1451,0
DA:1455,0
DA:1456,0
DA:1457,0
DA:1458,0
DA:1459,0
DA:1460,0
DA:1461,0
DA:1462,0
DA:1466,0
DA:1467,0
DA:1470,0
DA:1472,0
DA:1473,0
DA:1476,0
DA:1477,0
DA:1480,0
DA:1482,0
DA:1483,0
DA:1486,0
DA:1487,0
DA:1488,0
DA:1490,0
DA:1491,0
DA:1495,0
DA:1496,0
DA:1497,0
DA:1499,0
DA:1519,0
DA:1523,0
DA:1525,0
DA:1526,0
DA:1531,0
DA:1532,0
DA:1541,0
DA:1546,0
DA:1547,0
DA:1554,3
DA:1555,1
DA:1556,1
DA:1558,1
DA:1559,1
DA:1560,0
DA:1563,1
DA:1564,1
DA:1565,1
DA:1566,1
DA:1568,1
DA:1569,0
DA:1573,1
DA:1579,1
DA:1581,0
DA:1582,0
LF:753
LH:84
BRDA:16,0,0,1
BRDA:16,0,1,0
BRDA:22,1,0,1
BRDA:22,1,1,0
BRDA:23,2,0,1
BRDA:23,2,1,0
BRDA:37,3,0,0
BRDA:37,3,1,0
BRDA:66,4,0,1
BRDA:66,4,1,0
BRDA:95,5,0,0
BRDA:95,5,1,2
BRDA:102,6,0,2
BRDA:102,6,1,0
BRDA:104,7,0,2
BRDA:104,7,1,0
BRDA:108,8,0,0
BRDA:108,8,1,2
BRDA:116,9,0,2
BRDA:116,9,1,2
BRDA:157,10,0,0
BRDA:157,10,1,3
BRDA:164,11,0,3
BRDA:164,11,1,0
BRDA:166,12,0,3
BRDA:166,12,1,0
BRDA:170,13,0,0
BRDA:170,13,1,3
BRDA:178,14,0,3
BRDA:178,14,1,0
BRDA:181,15,0,3
BRDA:181,15,1,0
BRDA:191,16,0,0
BRDA:191,16,1,3
BRDA:191,17,0,3
BRDA:191,17,1,0
BRDA:193,18,0,0
BRDA:193,18,1,0
BRDA:195,19,0,0
BRDA:195,19,1,3
BRDA:195,20,0,3
BRDA:195,20,1,3
BRDA:201,21,0,3
BRDA:201,21,1,3
BRDA:205,22,0,0
BRDA:205,22,1,0
BRDA:205,23,0,0
BRDA:205,23,1,0
BRDA:207,24,0,0
BRDA:207,24,1,0
BRDA:210,25,0,0
BRDA:210,25,1,0
BRDA:210,26,0,0
BRDA:210,26,1,0
BRDA:215,27,0,1
BRDA:215,27,1,2
BRDA:239,28,0,0
BRDA:239,28,1,2
BRDA:240,29,0,0
BRDA:240,29,1,0
BRDA:240,30,0,0
BRDA:240,30,1,0
BRDA:243,31,0,0
BRDA:243,31,1,0
BRDA:252,32,0,0
BRDA:252,32,1,0
BRDA:254,33,0,0
BRDA:254,33,1,0
BRDA:254,34,0,0
BRDA:254,34,1,0
BRDA:274,35,0,0
BRDA:274,35,1,0
BRDA:281,36,0,0
BRDA:281,36,1,0
BRDA:285,37,0,0
BRDA:285,37,1,0
BRDA:287,38,0,0
BRDA:287,38,1,0
BRDA:290,39,0,0
BRDA:290,39,1,0
BRDA:299,40,0,0
BRDA:299,40,1,0
BRDA:299,40,2,0
BRDA:301,41,0,0
BRDA:301,41,1,0
BRDA:310,42,0,0
BRDA:310,42,1,0
BRDA:321,43,0,0
BRDA:321,43,1,0
BRDA:322,44,0,0
BRDA:322,44,1,0
BRDA:323,45,0,0
BRDA:323,45,1,0
BRDA:324,46,0,0
BRDA:324,46,1,0
BRDA:325,47,0,0
BRDA:325,47,1,0
BRDA:325,48,0,0
BRDA:325,48,1,0
BRDA:333,49,0,0
BRDA:333,49,1,0
BRDA:339,50,0,0
BRDA:339,50,1,0
BRDA:349,51,0,0
BRDA:349,51,1,0
BRDA:350,52,0,0
BRDA:350,52,1,0
BRDA:354,53,0,0
BRDA:354,53,1,0
BRDA:355,54,0,0
BRDA:355,54,1,0
BRDA:355,55,0,0
BRDA:355,55,1,0
BRDA:359,56,0,0
BRDA:359,56,1,0
BRDA:360,57,0,0
BRDA:360,57,1,0
BRDA:361,58,0,0
BRDA:361,58,1,0
BRDA:361,59,0,0
BRDA:361,59,1,0
BRDA:362,60,0,0
BRDA:362,60,1,0
BRDA:363,61,0,0
BRDA:363,61,1,0
BRDA:363,62,0,0
BRDA:363,62,1,0
BRDA:364,63,0,0
BRDA:364,63,1,0
BRDA:365,64,0,0
BRDA:365,64,1,0
BRDA:365,65,0,0
BRDA:365,65,1,0
BRDA:369,66,0,0
BRDA:369,66,1,0
BRDA:373,67,0,0
BRDA:373,67,1,0
BRDA:373,68,0,0
BRDA:373,68,1,0
BRDA:373,68,2,0
BRDA:376,69,0,0
BRDA:376,69,1,0
BRDA:376,70,0,0
BRDA:376,70,1,0
BRDA:376,70,2,0
BRDA:376,70,3,0
BRDA:376,70,4,0
BRDA:376,70,5,0
BRDA:380,71,0,0
BRDA:380,71,1,0
BRDA:380,72,0,0
BRDA:380,72,1,0
BRDA:381,73,0,0
BRDA:381,73,1,0
BRDA:381,74,0,0
BRDA:381,74,1,0
BRDA:385,75,0,0
BRDA:385,75,1,0
BRDA:386,76,0,0
BRDA:386,76,1,0
BRDA:386,77,0,0
BRDA:386,77,1,0
BRDA:386,78,0,0
BRDA:386,78,1,0
BRDA:387,79,0,0
BRDA:387,79,1,0
BRDA:387,80,0,0
BRDA:387,80,1,0
BRDA:387,81,0,0
BRDA:387,81,1,0
BRDA:388,82,0,0
BRDA:388,82,1,0
BRDA:388,83,0,0
BRDA:388,83,1,0
BRDA:388,84,0,0
BRDA:388,84,1,0
BRDA:390,85,0,0
BRDA:390,85,1,0
BRDA:390,86,0,0
BRDA:390,86,1,0
BRDA:390,86,2,0
BRDA:395,87,0,0
BRDA:395,87,1,0
BRDA:395,88,0,0
BRDA:395,88,1,0
BRDA:397,89,0,0
BRDA:397,89,1,0
BRDA:397,90,0,0
BRDA:397,90,1,0
BRDA:397,91,0,0
BRDA:397,91,1,0
BRDA:397,92,0,0
BRDA:397,92,1,0
BRDA:398,93,0,0
BRDA:398,93,1,0
BRDA:398,94,0,0
BRDA:398,94,1,0
BRDA:398,95,0,0
BRDA:398,95,1,0
BRDA:398,96,0,0
BRDA:398,96,1,0
BRDA:399,97,0,0
BRDA:399,97,1,0
BRDA:399,98,0,0
BRDA:399,98,1,0
BRDA:399,99,0,0
BRDA:399,99,1,0
BRDA:399,100,0,0
BRDA:399,100,1,0
BRDA:401,101,0,0
BRDA:401,101,1,0
BRDA:401,102,0,0
BRDA:401,102,1,0
BRDA:402,103,0,0
BRDA:402,103,1,0
BRDA:402,104,0,0
BRDA:402,104,1,0
BRDA:403,105,0,0
BRDA:403,105,1,0
BRDA:403,106,0,0
BRDA:403,106,1,0
BRDA:408,107,0,0
BRDA:408,107,1,0
BRDA:417,108,0,0
BRDA:417,108,1,0
BRDA:418,109,0,0
BRDA:418,109,1,0
BRDA:419,110,0,0
BRDA:419,110,1,0
BRDA:428,111,0,0
BRDA:428,111,1,0
BRDA:430,112,0,0
BRDA:430,112,1,0
BRDA:434,113,0,0
BRDA:434,113,1,0
BRDA:434,114,0,0
BRDA:434,114,1,0
BRDA:437,115,0,0
BRDA:437,115,1,0
BRDA:438,116,0,0
BRDA:438,116,1,0
BRDA:439,117,0,0
BRDA:439,117,1,0
BRDA:455,118,0,0
BRDA:455,118,1,0
BRDA:458,119,0,0
BRDA:458,119,1,0
BRDA:459,120,0,0
BRDA:459,120,1,0
BRDA:461,121,0,0
BRDA:461,121,1,0
BRDA:464,122,0,0
BRDA:464,122,1,0
BRDA:469,123,0,0
BRDA:469,123,1,0
BRDA:469,123,2,0
BRDA:470,124,0,0
BRDA:470,124,1,0
BRDA:477,125,0,0
BRDA:477,125,1,0
BRDA:487,126,0,0
BRDA:487,126,1,0
BRDA:488,127,0,0
BRDA:488,127,1,0
BRDA:489,128,0,0
BRDA:489,128,1,0
BRDA:490,129,0,0
BRDA:490,129,1,0
BRDA:491,130,0,0
BRDA:491,130,1,0
BRDA:491,131,0,0
BRDA:491,131,1,0
BRDA:498,132,0,0
BRDA:498,132,1,0
BRDA:503,133,0,0
BRDA:503,133,1,0
BRDA:513,134,0,0
BRDA:513,134,1,0
BRDA:513,135,0,0
BRDA:513,135,1,0
BRDA:514,136,0,0
BRDA:514,136,1,0
BRDA:515,137,0,0
BRDA:515,137,1,0
BRDA:515,138,0,0
BRDA:515,138,1,0
BRDA:519,139,0,0
BRDA:519,139,1,0
BRDA:520,140,0,0
BRDA:520,140,1,0
BRDA:522,141,0,0
BRDA:522,141,1,0
BRDA:523,142,0,0
BRDA:523,142,1,0
BRDA:525,143,0,0
BRDA:525,143,1,0
BRDA:526,144,0,0
BRDA:526,144,1,0
BRDA:528,145,0,0
BRDA:528,145,1,0
BRDA:529,146,0,0
BRDA:529,146,1,0
BRDA:531,147,0,0
BRDA:531,147,1,0
BRDA:532,148,0,0
BRDA:532,148,1,0
BRDA:534,149,0,0
BRDA:534,149,1,0
BRDA:536,150,0,0
BRDA:536,150,1,0
BRDA:544,151,0,0
BRDA:544,151,1,0
BRDA:544,152,0,0
BRDA:544,152,1,0
BRDA:544,152,2,0
BRDA:544,152,3,0
BRDA:544,152,4,0
BRDA:544,152,5,0
BRDA:548,153,0,0
BRDA:548,153,1,0
BRDA:548,154,0,0
BRDA:548,154,1,0
BRDA:549,155,0,0
BRDA:549,155,1,0
BRDA:549,156,0,0
BRDA:549,156,1,0
BRDA:553,157,0,0
BRDA:553,157,1,0
BRDA:554,158,0,0
BRDA:554,158,1,0
BRDA:554,159,0,0
BRDA:554,159,1,0
BRDA:554,160,0,0
BRDA:554,160,1,0
BRDA:555,161,0,0
BRDA:555,161,1,0
BRDA:555,162,0,0
BRDA:555,162,1,0
BRDA:555,163,0,0
BRDA:555,163,1,0
BRDA:556,164,0,0
BRDA:556,164,1,0
BRDA:556,165,0,0
BRDA:556,165,1,0
BRDA:556,166,0,0
BRDA:556,166,1,0
BRDA:558,167,0,0
BRDA:558,167,1,0
BRDA:558,168,0,0
BRDA:558,168,1,0
BRDA:558,168,2,0
BRDA:563,169,0,0
BRDA:563,169,1,0
BRDA:563,170,0,0
BRDA:563,170,1,0
BRDA:565,171,0,0
BRDA:565,171,1,0
BRDA:565,172,0,0
BRDA:565,172,1,0
BRDA:565,173,0,0
BRDA:565,173,1,0
BRDA:565,174,0,0
BRDA:565,174,1,0
BRDA:566,175,0,0
BRDA:566,175,1,0
BRDA:566,176,0,0
BRDA:566,176,1,0
BRDA:566,177,0,0
BRDA:566,177,1,0
BRDA:566,178,0,0
BRDA:566,178,1,0
BRDA:567,179,0,0
BRDA:567,179,1,0
BRDA:567,180,0,0
BRDA:567,180,1,0
BRDA:567,181,0,0
BRDA:567,181,1,0
BRDA:567,182,0,0
BRDA:567,182,1,0
BRDA:569,183,0,0
BRDA:569,183,1,0
BRDA:569,184,0,0
BRDA:569,184,1,0
BRDA:570,185,0,0
BRDA:570,185,1,0
BRDA:570,186,0,0
BRDA:570,186,1,0
BRDA:571,187,0,0
BRDA:571,187,1,0
BRDA:571,188,0,0
BRDA:571,188,1,0
BRDA:575,189,0,0
BRDA:575,189,1,0
BRDA:588,190,0,0
BRDA:588,190,1,0
BRDA:589,191,0,0
BRDA:589,191,1,0
BRDA:590,192,0,0
BRDA:590,192,1,0
BRDA:598,193,0,0
BRDA:598,193,1,0
BRDA:599,194,0,0
BRDA:599,194,1,0
BRDA:603,195,0,0
BRDA:603,195,1,0
BRDA:606,196,0,0
BRDA:606,196,1,0
BRDA:607,197,0,0
BRDA:607,197,1,0
BRDA:608,198,0,0
BRDA:608,198,1,0
BRDA:609,199,0,0
BRDA:609,199,1,0
BRDA:610,200,0,0
BRDA:610,200,1,0
BRDA:611,201,0,0
BRDA:611,201,1,0
BRDA:612,202,0,0
BRDA:612,202,1,0
BRDA:625,203,0,0
BRDA:625,203,1,0
BRDA:628,204,0,0
BRDA:628,204,1,0
BRDA:629,205,0,0
BRDA:629,205,1,0
BRDA:631,206,0,0
BRDA:631,206,1,0
BRDA:634,207,0,0
BRDA:634,207,1,0
BRDA:639,208,0,0
BRDA:639,208,1,0
BRDA:639,208,2,0
BRDA:640,209,0,0
BRDA:640,209,1,0
BRDA:647,210,0,0
BRDA:647,210,1,0
BRDA:656,211,0,0
BRDA:656,211,1,0
BRDA:657,212,0,0
BRDA:657,212,1,0
BRDA:658,213,0,0
BRDA:658,213,1,0
BRDA:659,214,0,0
BRDA:659,214,1,0
BRDA:660,215,0,0
BRDA:660,215,1,0
BRDA:660,216,0,0
BRDA:660,216,1,0
BRDA:667,217,0,0
BRDA:667,217,1,0
BRDA:672,218,0,0
BRDA:672,218,1,0
BRDA:680,219,0,0
BRDA:680,219,1,0
BRDA:680,220,0,0
BRDA:680,220,1,0
BRDA:681,221,0,0
BRDA:681,221,1,0
BRDA:682,222,0,0
BRDA:682,222,1,0
BRDA:682,223,0,0
BRDA:682,223,1,0
BRDA:686,224,0,0
BRDA:686,224,1,0
BRDA:687,225,0,0
BRDA:687,225,1,0
BRDA:689,226,0,0
BRDA:689,226,1,0
BRDA:691,227,0,0
BRDA:691,227,1,0
BRDA:693,228,0,0
BRDA:693,228,1,0
BRDA:701,229,0,0
BRDA:701,229,1,0
BRDA:701,230,0,0
BRDA:701,230,1,0
BRDA:701,230,2,0
BRDA:701,230,3,0
BRDA:701,230,4,0
BRDA:701,230,5,0
BRDA:705,231,0,0
BRDA:705,231,1,0
BRDA:705,232,0,0
BRDA:705,232,1,0
BRDA:706,233,0,0
BRDA:706,233,1,0
BRDA:706,234,0,0
BRDA:706,234,1,0
BRDA:710,235,0,0
BRDA:710,235,1,0
BRDA:711,236,0,0
BRDA:711,236,1,0
BRDA:711,237,0,0
BRDA:711,237,1,0
BRDA:711,238,0,0
BRDA:711,238,1,0
BRDA:712,239,0,0
BRDA:712,239,1,0
BRDA:712,240,0,0
BRDA:712,240,1,0
BRDA:712,241,0,0
BRDA:712,241,1,0
BRDA:713,242,0,0
BRDA:713,242,1,0
BRDA:713,243,0,0
BRDA:713,243,1,0
BRDA:713,244,0,0
BRDA:713,244,1,0
BRDA:715,245,0,0
BRDA:715,245,1,0
BRDA:715,246,0,0
BRDA:715,246,1,0
BRDA:715,246,2,0
BRDA:720,247,0,0
BRDA:720,247,1,0
BRDA:720,248,0,0
BRDA:720,248,1,0
BRDA:722,249,0,0
BRDA:722,249,1,0
BRDA:722,250,0,0
BRDA:722,250,1,0
BRDA:722,251,0,0
BRDA:722,251,1,0
BRDA:722,252,0,0
BRDA:722,252,1,0
BRDA:723,253,0,0
BRDA:723,253,1,0
BRDA:723,254,0,0
BRDA:723,254,1,0
BRDA:723,255,0,0
BRDA:723,255,1,0
BRDA:723,256,0,0
BRDA:723,256,1,0
BRDA:724,257,0,0
BRDA:724,257,1,0
BRDA:724,258,0,0
BRDA:724,258,1,0
BRDA:724,259,0,0
BRDA:724,259,1,0
BRDA:724,260,0,0
BRDA:724,260,1,0
BRDA:726,261,0,0
BRDA:726,261,1,0
BRDA:726,262,0,0
BRDA:726,262,1,0
BRDA:727,263,0,0
BRDA:727,263,1,0
BRDA:727,264,0,0
BRDA:727,264,1,0
BRDA:728,265,0,0
BRDA:728,265,1,0
BRDA:728,266,0,0
BRDA:728,266,1,0
BRDA:732,267,0,0
BRDA:732,267,1,0
BRDA:738,268,0,0
BRDA:738,268,1,0
BRDA:739,269,0,0
BRDA:739,269,1,0
BRDA:740,270,0,0
BRDA:740,270,1,0
BRDA:748,271,0,0
BRDA:748,271,1,0
BRDA:749,272,0,0
BRDA:749,272,1,0
BRDA:753,273,0,0
BRDA:753,273,1,0
BRDA:756,274,0,0
BRDA:756,274,1,0
BRDA:757,275,0,0
BRDA:757,275,1,0
BRDA:758,276,0,0
BRDA:758,276,1,0
BRDA:759,277,0,0
BRDA:759,277,1,0
BRDA:775,278,0,0
BRDA:775,278,1,0
BRDA:788,279,0,0
BRDA:788,279,1,0
BRDA:795,280,0,0
BRDA:795,280,1,0
BRDA:797,281,0,0
BRDA:797,281,1,0
BRDA:799,282,0,0
BRDA:799,282,1,0
BRDA:799,283,0,0
BRDA:799,283,1,0
BRDA:805,284,0,0
BRDA:805,284,1,0
BRDA:818,285,0,0
BRDA:818,285,1,0
BRDA:819,286,0,0
BRDA:819,286,1,0
BRDA:824,287,0,0
BRDA:824,287,1,0
BRDA:827,288,0,0
BRDA:827,288,1,0
BRDA:829,289,0,0
BRDA:829,289,1,0
BRDA:876,290,0,0
BRDA:876,290,1,0
BRDA:883,291,0,0
BRDA:883,291,1,0
BRDA:885,292,0,0
BRDA:885,292,1,0
BRDA:889,293,0,0
BRDA:889,293,1,0
BRDA:898,294,0,0
BRDA:898,294,1,0
BRDA:900,295,0,0
BRDA:900,295,1,0
BRDA:910,296,0,0
BRDA:910,296,1,0
BRDA:910,297,0,0
BRDA:910,297,1,0
BRDA:912,298,0,0
BRDA:912,298,1,0
BRDA:917,299,0,0
BRDA:917,299,1,0
BRDA:917,300,0,0
BRDA:917,300,1,0
BRDA:920,301,0,0
BRDA:920,301,1,0
BRDA:925,302,0,0
BRDA:925,302,1,0
BRDA:926,303,0,0
BRDA:926,303,1,0
BRDA:927,304,0,0
BRDA:927,304,1,0
BRDA:968,305,0,0
BRDA:968,305,1,0
BRDA:975,306,0,0
BRDA:975,306,1,0
BRDA:977,307,0,0
BRDA:977,307,1,0
BRDA:981,308,0,0
BRDA:981,308,1,0
BRDA:989,309,0,0
BRDA:989,309,1,0
BRDA:992,310,0,0
BRDA:992,310,1,0
BRDA:1002,311,0,0
BRDA:1002,311,1,0
BRDA:1002,312,0,0
BRDA:1002,312,1,0
BRDA:1004,313,0,0
BRDA:1004,313,1,0
BRDA:1006,314,0,0
BRDA:1006,314,1,0
BRDA:1006,315,0,0
BRDA:1006,315,1,0
BRDA:1012,316,0,0
BRDA:1012,316,1,0
BRDA:1016,317,0,0
BRDA:1016,317,1,0
BRDA:1016,318,0,0
BRDA:1016,318,1,0
BRDA:1018,319,0,0
BRDA:1018,319,1,0
BRDA:1021,320,0,0
BRDA:1021,320,1,0
BRDA:1021,321,0,0
BRDA:1021,321,1,0
BRDA:1026,322,0,0
BRDA:1026,322,1,0
BRDA:1050,323,0,0
BRDA:1050,323,1,0
BRDA:1051,324,0,0
BRDA:1051,324,1,0
BRDA:1051,325,0,0
BRDA:1051,325,1,0
BRDA:1054,326,0,0
BRDA:1054,326,1,0
BRDA:1064,327,0,0
BRDA:1064,327,1,0
BRDA:1066,328,0,0
BRDA:1066,328,1,0
BRDA:1066,329,0,0
BRDA:1066,329,1,0
BRDA:1104,330,0,0
BRDA:1104,330,1,0
BRDA:1111,331,0,0
BRDA:1111,331,1,0
BRDA:1113,332,0,0
BRDA:1113,332,1,0
BRDA:1117,333,0,0
BRDA:1117,333,1,0
BRDA:1125,334,0,0
BRDA:1125,334,1,0
BRDA:1173,335,0,0
BRDA:1173,335,1,0
BRDA:1180,336,0,0
BRDA:1180,336,1,0
BRDA:1182,337,0,0
BRDA:1182,337,1,0
BRDA:1186,338,0,0
BRDA:1186,338,1,0
BRDA:1194,339,0,0
BRDA:1194,339,1,0
BRDA:1197,340,0,0
BRDA:1197,340,1,0
BRDA:1207,341,0,0
BRDA:1207,341,1,0
BRDA:1207,342,0,0
BRDA:1207,342,1,0
BRDA:1209,343,0,0
BRDA:1209,343,1,0
BRDA:1211,344,0,0
BRDA:1211,344,1,0
BRDA:1211,345,0,0
BRDA:1211,345,1,0
BRDA:1217,346,0,0
BRDA:1217,346,1,0
BRDA:1221,347,0,0
BRDA:1221,347,1,0
BRDA:1221,348,0,0
BRDA:1221,348,1,0
BRDA:1223,349,0,0
BRDA:1223,349,1,0
BRDA:1226,350,0,0
BRDA:1226,350,1,0
BRDA:1226,351,0,0
BRDA:1226,351,1,0
BRDA:1231,352,0,0
BRDA:1231,352,1,0
BRDA:1260,353,0,0
BRDA:1260,353,1,0
BRDA:1261,354,0,0
BRDA:1261,354,1,0
BRDA:1261,355,0,0
BRDA:1261,355,1,0
BRDA:1264,356,0,0
BRDA:1264,356,1,0
BRDA:1277,357,0,0
BRDA:1277,357,1,0
BRDA:1279,358,0,0
BRDA:1279,358,1,0
BRDA:1279,359,0,0
BRDA:1279,359,1,0
BRDA:1303,360,0,0
BRDA:1303,360,1,0
BRDA:1310,361,0,0
BRDA:1310,361,1,0
BRDA:1312,362,0,0
BRDA:1312,362,1,0
BRDA:1316,363,0,0
BRDA:1316,363,1,0
BRDA:1362,364,0,0
BRDA:1362,364,1,0
BRDA:1369,365,0,0
BRDA:1369,365,1,0
BRDA:1371,366,0,0
BRDA:1371,366,1,0
BRDA:1375,367,0,0
BRDA:1375,367,1,0
BRDA:1386,368,0,0
BRDA:1386,368,1,0
BRDA:1386,369,0,0
BRDA:1386,369,1,0
BRDA:1390,370,0,0
BRDA:1390,370,1,0
BRDA:1393,371,0,0
BRDA:1393,371,1,0
BRDA:1397,372,0,0
BRDA:1397,372,1,0
BRDA:1397,373,0,0
BRDA:1397,373,1,0
BRDA:1403,374,0,0
BRDA:1403,374,1,0
BRDA:1407,375,0,0
BRDA:1407,375,1,0
BRDA:1407,376,0,0
BRDA:1407,376,1,0
BRDA:1411,377,0,0
BRDA:1411,377,1,0
BRDA:1413,378,0,0
BRDA:1413,378,1,0
BRDA:1413,379,0,0
BRDA:1413,379,1,0
BRDA:1413,379,2,0
BRDA:1418,380,0,0
BRDA:1418,380,1,0
BRDA:1431,381,0,0
BRDA:1431,381,1,0
BRDA:1432,382,0,0
BRDA:1432,382,1,0
BRDA:1455,383,0,0
BRDA:1455,383,1,0
BRDA:1455,384,0,0
BRDA:1455,384,1,0
BRDA:1459,385,0,0
BRDA:1459,385,1,0
BRDA:1462,386,0,0
BRDA:1462,386,1,0
BRDA:1466,387,0,0
BRDA:1466,387,1,0
BRDA:1466,388,0,0
BRDA:1466,388,1,0
BRDA:1472,389,0,0
BRDA:1472,389,1,0
BRDA:1476,390,0,0
BRDA:1476,390,1,0
BRDA:1476,391,0,0
BRDA:1476,391,1,0
BRDA:1480,392,0,0
BRDA:1480,392,1,0
BRDA:1482,393,0,0
BRDA:1482,393,1,0
BRDA:1482,394,0,0
BRDA:1482,394,1,0
BRDA:1482,394,2,0
BRDA:1487,395,0,0
BRDA:1487,395,1,0
BRDA:1500,396,0,0
BRDA:1500,396,1,0
BRDA:1501,397,0,0
BRDA:1501,397,1,0
BRDA:1523,398,0,0
BRDA:1523,398,1,0
BRDA:1525,399,0,0
BRDA:1525,399,1,0
BRDA:1531,400,0,0
BRDA:1531,400,1,0
BRDA:1531,401,0,0
BRDA:1531,401,1,0
BRDA:1559,402,0,0
BRDA:1559,402,1,1
BRDA:1563,403,0,1
BRDA:1563,403,1,0
BRDA:1565,404,0,1
BRDA:1565,404,1,0
BRDA:1568,405,0,0
BRDA:1568,405,1,1
BRF:833
BRH:30
end_of_record
TN:
SF:controllers\authController.js
FN:12,(anonymous_0)
FN:25,(anonymous_1)
FN:123,(anonymous_2)
FN:199,(anonymous_3)
FN:259,(anonymous_4)
FN:310,(anonymous_5)
FN:379,(anonymous_6)
FN:522,(anonymous_7)
FNF:8
FNH:2
FNDA:1,(anonymous_0)
FNDA:3,(anonymous_1)
FNDA:0,(anonymous_2)
FNDA:0,(anonymous_3)
FNDA:0,(anonymous_4)
FNDA:0,(anonymous_5)
FNDA:0,(anonymous_6)
FNDA:0,(anonymous_7)
DA:1,3
DA:2,3
DA:3,3
DA:4,3
DA:5,3
DA:6,3
DA:8,3
DA:9,3
DA:10,3
DA:12,3
DA:13,1
DA:25,3
DA:26,3
DA:27,3
DA:28,3
DA:29,0
DA:35,3
DA:37,3
DA:38,3
DA:39,3
DA:40,0
DA:41,0
DA:47,3
DA:54,3
DA:55,1
DA:61,2
DA:62,2
DA:63,1
DA:64,1
DA:65,1
DA:66,1
DA:73,1
DA:75,1
DA:76,0
DA:82,1
DA:84,1
DA:115,0
DA:116,0
DA:123,3
DA:124,0
DA:125,0
DA:127,0
DA:128,0
DA:134,0
DA:135,0
DA:137,0
DA:139,0
DA:140,0
DA:146,0
DA:147,0
DA:153,0
DA:154,0
DA:160,0
DA:161,0
DA:167,0
DA:168,0
DA:169,0
DA:175,0
DA:176,0
DA:177,0
DA:178,0
DA:180,0
DA:191,0
DA:192,0
DA:199,3
DA:200,0
DA:201,0
DA:203,0
DA:204,0
DA:210,0
DA:212,0
DA:214,0
DA:215,0
DA:221,0
DA:222,0
DA:228,0
DA:229,0
DA:231,0
DA:232,0
DA:233,0
DA:235,0
DA:236,0
DA:238,0
DA:239,0
DA:245,0
DA:251,0
DA:252,0
DA:259,3
DA:260,0
DA:261,0
DA:263,0
DA:264,0
DA:270,0
DA:272,0
DA:273,0
DA:274,0
DA:280,0
DA:281,0
DA:283,0
DA:284,0
DA:285,0
DA:287,0
DA:288,0
DA:290,0
DA:291,0
DA:297,0
DA:302,0
DA:303,0
DA:310,3
DA:311,0
DA:312,0
DA:314,0
DA:315,0
DA:321,0
DA:322,0
DA:324,0
DA:325,0
DA:331,0
DA:332,0
DA:333,0
DA:339,0
DA:340,0
DA:346,0
DA:347,0
DA:353,0
DA:354,0
DA:355,0
DA:361,0
DA:362,0
DA:363,0
DA:364,0
DA:366,0
DA:371,0
DA:372,0
DA:379,3
DA:380,0
DA:381,0
DA:398,0
DA:400,0
DA:401,0
DA:402,0
DA:408,0
DA:409,0
DA:410,0
DA:416,0
DA:417,0
DA:422,0
DA:425,0
DA:426,0
DA:429,0
DA:430,0
DA:433,0
DA:434,0
DA:435,0
DA:436,0
DA:437,0
DA:438,0
DA:439,0
DA:440,0
DA:441,0
DA:442,0
DA:443,0
DA:444,0
DA:445,0
DA:447,0
DA:454,0
DA:457,0
DA:458,0
DA:459,0
DA:460,0
DA:462,0
DA:465,0
DA:466,0
DA:467,0
DA:469,0
DA:470,0
DA:472,0
DA:473,0
DA:474,0
DA:476,0
DA:477,0
DA:479,0
DA:480,0
DA:483,0
DA:485,0
DA:514,0
DA:515,0
DA:522,3
DA:523,0
DA:524,0
DA:525,0
DA:526,0
DA:527,0
DA:529,0
DA:556,0
DA:557,0
LF:196
LH:38
BRDA:28,0,0,0
BRDA:28,0,1,3
BRDA:37,1,0,3
BRDA:37,1,1,0
BRDA:38,2,0,3
BRDA:38,2,1,3
BRDA:39,3,0,0
BRDA:39,3,1,3
BRDA:54,4,0,1
BRDA:54,4,1,2
BRDA:62,5,0,1
BRDA:62,5,1,1
BRDA:63,6,0,1
BRDA:63,6,1,1
BRDA:64,7,0,0
BRDA:64,7,1,1
BRDA:68,8,0,0
BRDA:68,8,1,1
BRDA:75,9,0,0
BRDA:75,9,1,1
BRDA:127,10,0,0
BRDA:127,10,1,0
BRDA:127,11,0,0
BRDA:127,11,1,0
BRDA:139,12,0,0
BRDA:139,12,1,0
BRDA:146,13,0,0
BRDA:146,13,1,0
BRDA:153,14,0,0
BRDA:153,14,1,0
BRDA:160,15,0,0
BRDA:160,15,1,0
BRDA:168,16,0,0
BRDA:168,16,1,0
BRDA:203,17,0,0
BRDA:203,17,1,0
BRDA:214,18,0,0
BRDA:214,18,1,0
BRDA:221,19,0,0
BRDA:221,19,1,0
BRDA:263,20,0,0
BRDA:263,20,1,0
BRDA:273,21,0,0
BRDA:273,21,1,0
BRDA:314,22,0,0
BRDA:314,22,1,0
BRDA:314,23,0,0
BRDA:314,23,1,0
BRDA:314,23,2,0
BRDA:324,24,0,0
BRDA:324,24,1,0
BRDA:332,25,0,0
BRDA:332,25,1,0
BRDA:339,26,0,0
BRDA:339,26,1,0
BRDA:339,27,0,0
BRDA:339,27,1,0
BRDA:346,28,0,0
BRDA:346,28,1,0
BRDA:354,29,0,0
BRDA:354,29,1,0
BRDA:400,30,0,0
BRDA:400,30,1,0
BRDA:400,31,0,0
BRDA:400,31,1,0
BRDA:401,32,0,0
BRDA:401,32,1,0
BRDA:408,33,0,0
BRDA:408,33,1,0
BRDA:409,34,0,0
BRDA:409,34,1,0
BRDA:409,35,0,0
BRDA:409,35,1,0
BRDA:416,36,0,0
BRDA:416,36,1,0
BRDA:425,37,0,0
BRDA:425,37,1,0
BRDA:429,38,0,0
BRDA:429,38,1,0
BRDA:433,39,0,0
BRDA:433,39,1,0
BRDA:434,40,0,0
BRDA:434,40,1,0
BRDA:435,41,0,0
BRDA:435,41,1,0
BRDA:436,42,0,0
BRDA:436,42,1,0
BRDA:437,43,0,0
BRDA:437,43,1,0
BRDA:438,44,0,0
BRDA:438,44,1,0
BRDA:439,45,0,0
BRDA:439,45,1,0
BRDA:440,46,0,0
BRDA:440,46,1,0
BRDA:441,47,0,0
BRDA:441,47,1,0
BRDA:442,48,0,0
BRDA:442,48,1,0
BRDA:444,49,0,0
BRDA:444,49,1,0
BRDA:457,50,0,0
BRDA:457,50,1,0
BRDA:458,51,0,0
BRDA:458,51,1,0
BRDA:459,52,0,0
BRDA:459,52,1,0
BRDA:465,53,0,0
BRDA:465,53,1,0
BRDA:465,54,0,0
BRDA:465,54,1,0
BRDA:466,55,0,0
BRDA:466,55,1,0
BRDA:466,56,0,0
BRDA:466,56,1,0
BRDA:469,57,0,0
BRDA:469,57,1,0
BRDA:473,58,0,0
BRDA:473,58,1,0
BRDA:476,59,0,0
BRDA:476,59,1,0
BRDA:526,60,0,0
BRDA:526,60,1,0
BRF:123
BRH:14
end_of_record
TN:
SF:controllers\copoMappingController.js
FN:7,(anonymous_0)
FN:89,(anonymous_1)
FN:102,(anonymous_2)
FN:126,(anonymous_3)
FN:158,(anonymous_4)
FN:180,(anonymous_5)
FN:188,(anonymous_6)
FN:194,(anonymous_7)
FN:199,(anonymous_8)
FN:210,(anonymous_9)
FN:214,(anonymous_10)
FN:231,(anonymous_11)
FN:238,(anonymous_12)
FN:268,(anonymous_13)
FN:317,(anonymous_14)
FN:328,(anonymous_15)
FN:333,(anonymous_16)
FN:342,(anonymous_17)
FN:343,(anonymous_18)
FN:344,(anonymous_19)
FN:352,(anonymous_20)
FN:353,(anonymous_21)
FNF:22
FNH:0
FNDA:0,(anonymous_0)
FNDA:0,(anonymous_1)
FNDA:0,(anonymous_2)
FNDA:0,(anonymous_3)
FNDA:0,(anonymous_4)
FNDA:0,(anonymous_5)
FNDA:0,(anonymous_6)
FNDA:0,(anonymous_7)
FNDA:0,(anonymous_8)
FNDA:0,(anonymous_9)
FNDA:0,(anonymous_10)
FNDA:0,(anonymous_11)
FNDA:0,(anonymous_12)
FNDA:0,(anonymous_13)
FNDA:0,(anonymous_14)
FNDA:0,(anonymous_15)
FNDA:0,(anonymous_16)
FNDA:0,(anonymous_17)
FNDA:0,(anonymous_18)
FNDA:0,(anonymous_19)
FNDA:0,(anonymous_20)
FNDA:0,(anonymous_21)
DA:1,3
DA:2,3
DA:3,3
DA:4,3
DA:5,3
DA:7,3
DA:8,0
DA:9,0
DA:10,0
DA:16,0
DA:17,0
DA:18,0
DA:24,0
DA:25,0
DA:27,0
DA:28,0
DA:29,0
DA:35,0
DA:36,0
DA:42,0
DA:43,0
DA:44,0
DA:45,0
DA:47,0
DA:48,0
DA:50,0
DA:51,0
DA:57,0
DA:58,0
DA:64,0
DA:65,0
DA:66,0
DA:72,0
DA:73,0
DA:74,0
DA:79,0
DA:80,0
DA:82,0
DA:88,0
DA:89,0
DA:91,0
DA:92,0
DA:93,0
DA:100,0
DA:102,0
DA:108,0
DA:110,0
DA:117,0
DA:118,0
DA:126,3
DA:127,0
DA:128,0
DA:130,0
DA:131,0
DA:132,0
DA:138,0
DA:142,0
DA:149,0
DA:150,0
DA:158,3
DA:159,0
DA:160,0
DA:162,0
DA:163,0
DA:164,0
DA:170,0
DA:173,0
DA:174,0
DA:180,0
DA:181,0
DA:185,0
DA:186,0
DA:188,0
DA:189,0
DA:194,0
DA:195,0
DA:199,0
DA:200,0
DA:201,0
DA:202,0
DA:206,0
DA:207,0
DA:208,0
DA:210,0
DA:211,0
DA:212,0
DA:214,0
DA:215,0
DA:216,0
DA:217,0
DA:218,0
DA:222,0
DA:227,0
DA:228,0
DA:231,0
DA:232,0
DA:238,0
DA:239,0
DA:242,0
DA:245,0
DA:259,0
DA:260,0
DA:268,3
DA:269,0
DA:270,0
DA:271,0
DA:277,0
DA:279,0
DA:283,0
DA:284,0
DA:290,0
DA:295,0
DA:296,0
DA:302,0
DA:308,0
DA:309,0
DA:317,3
DA:318,0
DA:319,0
DA:321,0
DA:322,0
DA:323,0
DA:326,0
DA:327,0
DA:328,0
DA:330,0
DA:333,0
DA:335,0
DA:339,0
DA:340,0
DA:342,0
DA:343,0
DA:344,0
DA:345,0
DA:347,0
DA:353,0
DA:354,0
DA:360,0
DA:372,0
DA:373,0
LF:140
LH:10
BRDA:9,0,0,0
BRDA:9,0,1,0
BRDA:17,1,0,0
BRDA:17,1,1,0
BRDA:28,2,0,0
BRDA:28,2,1,0
BRDA:35,3,0,0
BRDA:35,3,1,0
BRDA:35,4,0,0
BRDA:35,4,1,0
BRDA:50,5,0,0
BRDA:50,5,1,0
BRDA:50,6,0,0
BRDA:50,6,1,0
BRDA:57,7,0,0
BRDA:57,7,1,0
BRDA:57,8,0,0
BRDA:57,8,1,0
BRDA:65,9,0,0
BRDA:65,9,1,0
BRDA:65,10,0,0
BRDA:65,10,1,0
BRDA:65,10,2,0
BRDA:73,11,0,0
BRDA:73,11,1,0
BRDA:92,12,0,0
BRDA:92,12,1,0
BRDA:131,13,0,0
BRDA:131,13,1,0
BRDA:163,14,0,0
BRDA:163,14,1,0
BRDA:173,15,0,0
BRDA:173,15,1,0
BRDA:201,16,0,0
BRDA:201,16,1,0
BRDA:216,17,0,0
BRDA:216,17,1,0
BRDA:225,18,0,0
BRDA:225,18,1,0
BRDA:228,19,0,0
BRDA:228,19,1,0
BRDA:235,20,0,0
BRDA:235,20,1,0
BRDA:270,21,0,0
BRDA:270,21,1,0
BRDA:283,22,0,0
BRDA:283,22,1,0
BRDA:295,23,0,0
BRDA:295,23,1,0
BRDA:322,24,0,0
BRDA:322,24,1,0
BRDA:350,25,0,0
BRDA:350,25,1,0
BRDA:354,26,0,0
BRDA:354,26,1,0
BRDA:363,27,0,0
BRDA:363,27,1,0
BRF:57
BRH:0
end_of_record
TN:
SF:controllers\courseController.js
FN:9,(anonymous_0)
FN:91,(anonymous_1)
FN:122,(anonymous_2)
FN:165,(anonymous_3)
FN:166,(anonymous_4)
FN:319,(anonymous_5)
FN:355,(anonymous_6)
FN:363,(anonymous_7)
FN:395,(anonymous_8)
FN:444,(anonymous_9)
FN:450,(anonymous_10)
FN:462,(anonymous_11)
FN:469,(anonymous_12)
FN:474,(anonymous_13)
FN:489,(anonymous_14)
FN:518,(anonymous_15)
FN:537,(anonymous_16)
FN:549,(anonymous_17)
FN:554,(anonymous_18)
FN:577,(anonymous_19)
FN:581,(anonymous_20)
FN:710,(anonymous_21)
FN:766,(anonymous_22)
FN:767,(anonymous_23)
FN:944,(anonymous_24)
FN:1028,(anonymous_25)
FN:1036,(anonymous_26)
FN:1049,(anonymous_27)
FN:1061,(anonymous_28)
FN:1087,(anonymous_29)
FN:1104,(anonymous_30)
FN:1108,(anonymous_31)
FN:1117,(anonymous_32)
FN:1120,(anonymous_33)
FN:1159,(anonymous_34)
FN:1178,(anonymous_35)
FN:1180,(anonymous_36)
FN:1181,(anonymous_37)
FN:1182,(anonymous_38)
FN:1203,(anonymous_39)
FN:1217,(anonymous_40)
FN:1252,(anonymous_41)
FN:1268,(anonymous_42)
FN:1275,(anonymous_43)
FN:1289,(anonymous_44)
FNF:45
FNH:7
FNDA:5,(anonymous_0)
FNDA:3,(anonymous_1)
FNDA:3,(anonymous_2)
FNDA:0,(anonymous_3)
FNDA:0,(anonymous_4)
FNDA:0,(anonymous_5)
FNDA:0,(anonymous_6)
FNDA:0,(anonymous_7)
FNDA:1,(anonymous_8)
FNDA:0,(anonymous_9)
FNDA:0,(anonymous_10)
FNDA:1,(anonymous_11)
FNDA:0,(anonymous_12)
FNDA:0,(anonymous_13)
FNDA:0,(anonymous_14)
FNDA:2,(anonymous_15)
FNDA:0,(anonymous_16)
FNDA:0,(anonymous_17)
FNDA:0,(anonymous_18)
FNDA:0,(anonymous_19)
FNDA:0,(anonymous_20)
FNDA:0,(anonymous_21)
FNDA:0,(anonymous_22)
FNDA:0,(anonymous_23)
FNDA:0,(anonymous_24)
FNDA:0,(anonymous_25)
FNDA:0,(anonymous_26)
FNDA:1,(anonymous_27)
FNDA:0,(anonymous_28)
FNDA:0,(anonymous_29)
FNDA:0,(anonymous_30)
FNDA:0,(anonymous_31)
FNDA:0,(anonymous_32)
FNDA:0,(anonymous_33)
FNDA:0,(anonymous_34)
FNDA:0,(anonymous_35)
FNDA:0,(anonymous_36)
FNDA:0,(anonymous_37)
FNDA:0,(anonymous_38)
FNDA:0,(anonymous_39)
FNDA:0,(anonymous_40)
FNDA:0,(anonymous_41)
FNDA:0,(anonymous_42)
FNDA:0,(anonymous_43)
FNDA:0,(anonymous_44)
DA:1,3
DA:2,3
DA:3,3
DA:4,3
DA:5,3
DA:6,3
DA:7,3
DA:9,3
DA:10,5
DA:11,5
DA:12,0
DA:18,5
DA:19,5
DA:20,1
DA:49,4
DA:51,4
DA:52,4
DA:53,1
DA:59,3
DA:61,3
DA:62,0
DA:64,3
DA:65,0
DA:67,3
DA:68,0
DA:70,3
DA:71,0
DA:73,3
DA:74,0
DA:76,3
DA:77,0
DA:79,3
DA:80,0
DA:82,3
DA:83,0
DA:85,3
DA:86,0
DA:88,3
DA:89,0
DA:91,3
DA:92,3
DA:93,0
DA:98,3
DA:99,3
DA:100,3
DA:101,3
DA:102,3
DA:103,1
DA:104,2
DA:105,0
DA:110,3
DA:111,0
DA:113,3
DA:114,0
DA:117,3
DA:118,3
DA:120,3
DA:122,3
DA:123,3
DA:124,0
DA:125,0
DA:126,0
DA:127,0
DA:128,0
DA:129,0
DA:131,0
DA:132,0
DA:134,0
DA:136,3
DA:137,3
DA:138,0
DA:139,3
DA:140,0
DA:144,3
DA:145,0
DA:146,3
DA:147,0
DA:151,3
DA:152,0
DA:153,0
DA:160,3
DA:161,0
DA:162,0
DA:163,0
DA:164,0
DA:165,0
DA:166,0
DA:168,0
DA:172,3
DA:173,1
DA:180,2
DA:181,0
DA:187,2
DA:188,0
DA:189,0
DA:190,0
DA:197,2
DA:198,0
DA:199,0
DA:200,0
DA:201,0
DA:208,2
DA:209,0
DA:210,0
DA:211,0
DA:217,0
DA:218,0
DA:219,0
DA:225,0
DA:226,0
DA:228,0
DA:229,0
DA:231,0
DA:232,0
DA:238,0
DA:239,0
DA:240,0
DA:246,0
DA:247,0
DA:248,0
DA:253,0
DA:259,2
DA:275,2
DA:276,2
DA:277,2
DA:279,2
DA:280,2
DA:281,0
DA:283,2
DA:284,2
DA:285,2
DA:287,2
DA:288,0
DA:289,0
DA:291,0
DA:292,0
DA:294,0
DA:295,0
DA:296,0
DA:297,0
DA:298,0
DA:299,0
DA:301,0
DA:302,0
DA:310,0
DA:316,0
DA:317,0
DA:318,0
DA:319,0
DA:325,0
DA:326,0
DA:330,0
DA:331,0
DA:333,0
DA:335,0
DA:346,0
DA:347,0
DA:349,0
DA:350,0
DA:351,0
DA:353,0
DA:354,0
DA:355,0
DA:356,0
DA:360,0
DA:361,0
DA:362,0
DA:363,0
DA:367,0
DA:375,2
DA:377,2
DA:379,2
DA:387,0
DA:388,0
DA:395,3
DA:396,1
DA:404,1
DA:406,1
DA:407,1
DA:408,1
DA:409,1
DA:410,1
DA:411,1
DA:412,1
DA:414,1
DA:415,0
DA:418,1
DA:419,0
DA:420,0
DA:421,0
DA:423,0
DA:430,0
DA:438,1
DA:443,1
DA:444,0
DA:445,0
DA:446,0
DA:447,0
DA:449,0
DA:450,0
DA:456,0
DA:458,0
DA:461,1
DA:463,1
DA:468,1
DA:470,0
DA:471,0
DA:474,0
DA:483,1
DA:484,1
DA:485,0
DA:488,1
DA:489,1
DA:496,1
DA:503,1
DA:510,0
DA:511,0
DA:518,3
DA:519,2
DA:520,2
DA:524,2
DA:525,1
DA:531,1
DA:532,1
DA:533,0
DA:536,1
DA:537,1
DA:544,1
DA:548,1
DA:550,0
DA:551,0
DA:554,0
DA:563,1
DA:569,0
DA:570,0
DA:577,3
DA:578,0
DA:579,0
DA:580,0
DA:581,0
DA:582,0
DA:613,0
DA:615,0
DA:617,0
DA:618,0
DA:624,0
DA:625,0
DA:626,0
DA:627,0
DA:632,0
DA:636,0
DA:637,0
DA:638,0
DA:639,0
DA:640,0
DA:641,0
DA:642,0
DA:643,0
DA:644,0
DA:645,0
DA:646,0
DA:648,0
DA:649,0
DA:659,0
DA:660,0
DA:662,0
DA:663,0
DA:669,0
DA:670,0
DA:671,0
DA:672,0
DA:679,0
DA:680,0
DA:681,0
DA:682,0
DA:683,0
DA:684,0
DA:691,0
DA:692,0
DA:694,0
DA:695,0
DA:701,0
DA:702,0
DA:705,0
DA:706,0
DA:708,0
DA:710,0
DA:711,0
DA:712,0
DA:713,0
DA:714,0
DA:715,0
DA:716,0
DA:717,0
DA:719,0
DA:720,0
DA:722,0
DA:724,0
DA:725,0
DA:726,0
DA:727,0
DA:728,0
DA:732,0
DA:733,0
DA:734,0
DA:735,0
DA:739,0
DA:740,0
DA:741,0
DA:747,0
DA:748,0
DA:756,0
DA:757,0
DA:758,0
DA:764,0
DA:765,0
DA:766,0
DA:767,0
DA:769,0
DA:773,0
DA:774,0
DA:775,0
DA:776,0
DA:782,0
DA:783,0
DA:784,0
DA:786,0
DA:787,0
DA:789,0
DA:790,0
DA:796,0
DA:797,0
DA:798,0
DA:804,0
DA:805,0
DA:806,0
DA:811,0
DA:817,0
DA:818,0
DA:819,0
DA:821,0
DA:822,0
DA:823,0
DA:824,0
DA:825,0
DA:826,0
DA:828,0
DA:829,0
DA:830,0
DA:831,0
DA:832,0
DA:834,0
DA:835,0
DA:836,0
DA:838,0
DA:839,0
DA:840,0
DA:841,0
DA:842,0
DA:843,0
DA:844,0
DA:845,0
DA:847,0
DA:848,0
DA:850,0
DA:852,0
DA:853,0
DA:855,0
DA:856,0
DA:857,0
DA:858,0
DA:859,0
DA:863,0
DA:864,0
DA:865,0
DA:866,0
DA:867,0
DA:868,0
DA:870,0
DA:871,0
DA:872,0
DA:878,0
DA:879,0
DA:880,0
DA:882,0
DA:883,0
DA:884,0
DA:885,0
DA:886,0
DA:887,0
DA:893,0
DA:894,0
DA:895,0
DA:896,0
DA:897,0
DA:898,0
DA:899,0
DA:903,0
DA:904,0
DA:906,0
DA:912,0
DA:918,0
DA:919,0
DA:920,0
DA:921,0
DA:922,0
DA:923,0
DA:925,0
DA:932,0
DA:933,0
DA:937,0
DA:938,0
DA:941,0
DA:943,0
DA:944,0
DA:949,0
DA:950,0
DA:956,0
DA:957,0
DA:959,0
DA:961,0
DA:972,0
DA:973,0
DA:975,0
DA:976,0
DA:984,0
DA:985,0
DA:986,0
DA:987,0
DA:989,0
DA:990,0
DA:991,0
DA:992,0
DA:993,0
DA:995,0
DA:996,0
DA:997,0
DA:999,0
DA:1000,0
DA:1001,0
DA:1002,0
DA:1003,0
DA:1004,0
DA:1005,0
DA:1006,0
DA:1008,0
DA:1009,0
DA:1011,0
DA:1012,0
DA:1014,0
DA:1022,0
DA:1023,0
DA:1024,0
DA:1026,0
DA:1027,0
DA:1028,0
DA:1029,0
DA:1033,0
DA:1034,0
DA:1035,0
DA:1036,0
DA:1040,0
DA:1049,3
DA:1050,1
DA:1051,1
DA:1053,1
DA:1054,0
DA:1060,1
DA:1061,1
DA:1063,1
DA:1064,0
DA:1067,1
DA:1069,1
DA:1071,1
DA:1077,0
DA:1078,0
DA:1087,3
DA:1088,0
DA:1089,0
DA:1091,0
DA:1092,0
DA:1098,0
DA:1103,0
DA:1105,0
DA:1106,0
DA:1108,0
DA:1117,0
DA:1118,0
DA:1119,0
DA:1120,0
DA:1121,0
DA:1122,0
DA:1123,0
DA:1127,0
DA:1134,0
DA:1139,0
DA:1141,0
DA:1151,0
DA:1152,0
DA:1159,3
DA:1160,0
DA:1161,0
DA:1163,0
DA:1164,0
DA:1170,0
DA:1176,0
DA:1178,0
DA:1180,0
DA:1181,0
DA:1182,0
DA:1186,0
DA:1194,0
DA:1195,0
DA:1203,3
DA:1204,0
DA:1205,0
DA:1206,0
DA:1208,0
DA:1209,0
DA:1210,0
DA:1216,0
DA:1217,0
DA:1218,0
DA:1219,0
DA:1220,0
DA:1221,0
DA:1223,0
DA:1226,0
DA:1227,0
DA:1234,0
DA:1235,0
DA:1237,0
DA:1238,0
DA:1245,0
DA:1252,0
DA:1253,0
DA:1254,0
DA:1255,0
DA:1256,0
DA:1257,0
DA:1261,0
DA:1262,0
DA:1265,0
DA:1266,0
DA:1268,0
DA:1269,0
DA:1272,0
DA:1275,0
DA:1276,0
DA:1277,0
DA:1278,0
DA:1279,0
DA:1280,0
DA:1283,0
DA:1289,0
DA:1290,0
DA:1291,0
DA:1292,0
DA:1295,0
DA:1307,0
DA:1308,0
LF:561
LH:119
BRDA:11,0,0,0
BRDA:11,0,1,5
BRDA:19,1,0,1
BRDA:19,1,1,4
BRDA:52,2,0,1
BRDA:52,2,1,3
BRDA:61,3,0,0
BRDA:61,3,1,3
BRDA:61,4,0,3
BRDA:61,4,1,3
BRDA:64,5,0,0
BRDA:64,5,1,3
BRDA:64,6,0,3
BRDA:64,6,1,3
BRDA:67,7,0,0
BRDA:67,7,1,3
BRDA:70,8,0,0
BRDA:70,8,1,3
BRDA:70,9,0,3
BRDA:70,9,1,3
BRDA:73,10,0,0
BRDA:73,10,1,3
BRDA:73,11,0,3
BRDA:73,11,1,3
BRDA:76,12,0,0
BRDA:76,12,1,3
BRDA:76,13,0,3
BRDA:76,13,1,3
BRDA:79,14,0,0
BRDA:79,14,1,3
BRDA:79,15,0,3
BRDA:79,15,1,3
BRDA:79,15,2,3
BRDA:82,16,0,0
BRDA:82,16,1,3
BRDA:82,17,0,3
BRDA:82,17,1,3
BRDA:82,17,2,3
BRDA:85,18,0,0
BRDA:85,18,1,3
BRDA:85,19,0,3
BRDA:85,19,1,3
BRDA:85,19,2,3
BRDA:88,20,0,0
BRDA:88,20,1,3
BRDA:88,21,0,3
BRDA:88,21,1,3
BRDA:88,21,2,3
BRDA:92,22,0,0
BRDA:92,22,1,3
BRDA:92,23,0,3
BRDA:92,23,1,3
BRDA:98,24,0,3
BRDA:98,24,1,0
BRDA:98,25,0,3
BRDA:98,25,1,3
BRDA:99,26,0,3
BRDA:99,26,1,0
BRDA:100,27,0,3
BRDA:100,27,1,0
BRDA:102,28,0,1
BRDA:102,28,1,2
BRDA:102,29,0,3
BRDA:102,29,1,1
BRDA:104,30,0,0
BRDA:104,30,1,2
BRDA:104,31,0,2
BRDA:104,31,1,2
BRDA:104,31,2,2
BRDA:110,32,0,0
BRDA:110,32,1,3
BRDA:110,33,0,3
BRDA:110,33,1,3
BRDA:110,33,2,3
BRDA:113,34,0,0
BRDA:113,34,1,3
BRDA:123,35,0,0
BRDA:123,35,1,3
BRDA:124,36,0,0
BRDA:124,36,1,0
BRDA:124,37,0,0
BRDA:124,37,1,0
BRDA:126,38,0,0
BRDA:126,38,1,0
BRDA:128,39,0,0
BRDA:128,39,1,0
BRDA:128,40,0,0
BRDA:128,40,1,0
BRDA:131,41,0,0
BRDA:131,41,1,0
BRDA:136,42,0,3
BRDA:136,42,1,0
BRDA:136,43,0,3
BRDA:136,43,1,3
BRDA:137,44,0,0
BRDA:137,44,1,3
BRDA:139,45,0,0
BRDA:139,45,1,3
BRDA:139,46,0,3
BRDA:139,46,1,3
BRDA:144,47,0,0
BRDA:144,47,1,3
BRDA:144,48,0,3
BRDA:144,48,1,3
BRDA:146,49,0,0
BRDA:146,49,1,3
BRDA:146,50,0,3
BRDA:146,50,1,3
BRDA:151,51,0,0
BRDA:151,51,1,3
BRDA:151,52,0,3
BRDA:151,52,1,0
BRDA:160,53,0,0
BRDA:160,53,1,3
BRDA:160,54,0,3
BRDA:160,54,1,0
BRDA:161,55,0,0
BRDA:161,55,1,0
BRDA:163,56,0,0
BRDA:163,56,1,0
BRDA:165,57,0,0
BRDA:165,57,1,0
BRDA:165,57,2,0
BRDA:172,58,0,1
BRDA:172,58,1,2
BRDA:180,59,0,0
BRDA:180,59,1,2
BRDA:180,60,0,2
BRDA:180,60,1,0
BRDA:187,61,0,0
BRDA:187,61,1,2
BRDA:189,62,0,0
BRDA:189,62,1,0
BRDA:189,63,0,0
BRDA:189,63,1,0
BRDA:189,63,2,0
BRDA:197,64,0,0
BRDA:197,64,1,2
BRDA:199,65,0,0
BRDA:199,65,1,0
BRDA:200,66,0,0
BRDA:200,66,1,0
BRDA:200,67,0,0
BRDA:200,67,1,0
BRDA:200,67,2,0
BRDA:203,68,0,0
BRDA:203,68,1,0
BRDA:208,69,0,0
BRDA:208,69,1,2
BRDA:208,70,0,2
BRDA:208,70,1,0
BRDA:208,70,2,0
BRDA:210,71,0,0
BRDA:210,71,1,0
BRDA:210,72,0,0
BRDA:210,72,1,0
BRDA:217,73,0,0
BRDA:217,73,1,0
BRDA:217,74,0,0
BRDA:217,74,1,0
BRDA:218,75,0,0
BRDA:218,75,1,0
BRDA:231,76,0,0
BRDA:231,76,1,0
BRDA:231,77,0,0
BRDA:231,77,1,0
BRDA:239,78,0,0
BRDA:239,78,1,0
BRDA:239,79,0,0
BRDA:239,79,1,0
BRDA:239,79,2,0
BRDA:247,80,0,0
BRDA:247,80,1,0
BRDA:275,81,0,0
BRDA:275,81,1,2
BRDA:276,82,0,0
BRDA:276,82,1,2
BRDA:277,83,0,0
BRDA:277,83,1,2
BRDA:279,84,0,0
BRDA:279,84,1,2
BRDA:280,85,0,0
BRDA:280,85,1,2
BRDA:283,86,0,0
BRDA:283,86,1,2
BRDA:284,87,0,0
BRDA:284,87,1,2
BRDA:285,88,0,0
BRDA:285,88,1,2
BRDA:287,89,0,0
BRDA:287,89,1,2
BRDA:287,90,0,2
BRDA:287,90,1,0
BRDA:287,90,2,0
BRDA:297,91,0,0
BRDA:297,91,1,0
BRDA:298,92,0,0
BRDA:298,92,1,0
BRDA:306,93,0,0
BRDA:306,93,1,0
BRDA:307,94,0,0
BRDA:307,94,1,0
BRDA:312,95,0,0
BRDA:312,95,1,0
BRDA:318,96,0,0
BRDA:318,96,1,0
BRDA:318,97,0,0
BRDA:318,97,1,0
BRDA:318,97,2,0
BRDA:354,98,0,0
BRDA:354,98,1,0
BRDA:361,99,0,0
BRDA:361,99,1,0
BRDA:407,100,0,0
BRDA:407,100,1,1
BRDA:408,101,0,0
BRDA:408,101,1,1
BRDA:409,102,0,0
BRDA:409,102,1,1
BRDA:410,103,0,0
BRDA:410,103,1,1
BRDA:411,104,0,0
BRDA:411,104,1,1
BRDA:412,105,0,0
BRDA:412,105,1,1
BRDA:414,106,0,0
BRDA:414,106,1,1
BRDA:414,107,0,1
BRDA:414,107,1,1
BRDA:418,108,0,0
BRDA:418,108,1,1
BRDA:418,109,0,1
BRDA:418,109,1,1
BRDA:419,110,0,0
BRDA:419,110,1,0
BRDA:419,111,0,0
BRDA:419,111,1,0
BRDA:443,112,0,0
BRDA:443,112,1,1
BRDA:446,113,0,0
BRDA:446,113,1,0
BRDA:446,114,0,0
BRDA:446,114,1,0
BRDA:449,115,0,0
BRDA:449,115,1,0
BRDA:473,116,0,0
BRDA:473,116,1,0
BRDA:484,117,0,0
BRDA:484,117,1,1
BRDA:484,118,0,1
BRDA:484,118,1,1
BRDA:488,119,0,1
BRDA:488,119,1,0
BRDA:524,120,0,1
BRDA:524,120,1,1
BRDA:532,121,0,0
BRDA:532,121,1,1
BRDA:532,122,0,1
BRDA:532,122,1,1
BRDA:536,123,0,1
BRDA:536,123,1,0
BRDA:553,124,0,0
BRDA:553,124,1,0
BRDA:580,125,0,0
BRDA:580,125,1,0
BRDA:617,126,0,0
BRDA:617,126,1,0
BRDA:624,127,0,0
BRDA:624,127,1,0
BRDA:624,128,0,0
BRDA:624,128,1,0
BRDA:626,129,0,0
BRDA:626,129,1,0
BRDA:636,130,0,0
BRDA:636,130,1,0
BRDA:637,131,0,0
BRDA:637,131,1,0
BRDA:637,132,0,0
BRDA:637,132,1,0
BRDA:638,133,0,0
BRDA:638,133,1,0
BRDA:638,134,0,0
BRDA:638,134,1,0
BRDA:639,135,0,0
BRDA:639,135,1,0
BRDA:640,136,0,0
BRDA:640,136,1,0
BRDA:643,137,0,0
BRDA:643,137,1,0
BRDA:643,138,0,0
BRDA:643,138,1,0
BRDA:645,139,0,0
BRDA:645,139,1,0
BRDA:645,140,0,0
BRDA:645,140,1,0
BRDA:645,140,2,0
BRDA:648,141,0,0
BRDA:648,141,1,0
BRDA:659,142,0,0
BRDA:659,142,1,0
BRDA:660,143,0,0
BRDA:660,143,1,0
BRDA:662,144,0,0
BRDA:662,144,1,0
BRDA:662,145,0,0
BRDA:662,145,1,0
BRDA:669,146,0,0
BRDA:669,146,1,0
BRDA:671,147,0,0
BRDA:671,147,1,0
BRDA:671,148,0,0
BRDA:671,148,1,0
BRDA:671,148,2,0
BRDA:679,149,0,0
BRDA:679,149,1,0
BRDA:681,150,0,0
BRDA:681,150,1,0
BRDA:682,151,0,0
BRDA:682,151,1,0
BRDA:683,152,0,0
BRDA:683,152,1,0
BRDA:683,153,0,0
BRDA:683,153,1,0
BRDA:683,153,2,0
BRDA:686,154,0,0
BRDA:686,154,1,0
BRDA:691,155,0,0
BRDA:691,155,1,0
BRDA:694,156,0,0
BRDA:694,156,1,0
BRDA:694,157,0,0
BRDA:694,157,1,0
BRDA:701,158,0,0
BRDA:701,158,1,0
BRDA:711,159,0,0
BRDA:711,159,1,0
BRDA:712,160,0,0
BRDA:712,160,1,0
BRDA:712,161,0,0
BRDA:712,161,1,0
BRDA:714,162,0,0
BRDA:714,162,1,0
BRDA:716,163,0,0
BRDA:716,163,1,0
BRDA:716,164,0,0
BRDA:716,164,1,0
BRDA:719,165,0,0
BRDA:719,165,1,0
BRDA:724,166,0,0
BRDA:724,166,1,0
BRDA:724,167,0,0
BRDA:724,167,1,0
BRDA:725,168,0,0
BRDA:725,168,1,0
BRDA:727,169,0,0
BRDA:727,169,1,0
BRDA:727,170,0,0
BRDA:727,170,1,0
BRDA:732,171,0,0
BRDA:732,171,1,0
BRDA:732,172,0,0
BRDA:732,172,1,0
BRDA:734,173,0,0
BRDA:734,173,1,0
BRDA:734,174,0,0
BRDA:734,174,1,0
BRDA:739,175,0,0
BRDA:739,175,1,0
BRDA:739,176,0,0
BRDA:739,176,1,0
BRDA:747,177,0,0
BRDA:747,177,1,0
BRDA:756,178,0,0
BRDA:756,178,1,0
BRDA:756,179,0,0
BRDA:756,179,1,0
BRDA:757,180,0,0
BRDA:757,180,1,0
BRDA:764,181,0,0
BRDA:764,181,1,0
BRDA:766,182,0,0
BRDA:766,182,1,0
BRDA:766,182,2,0
BRDA:773,183,0,0
BRDA:773,183,1,0
BRDA:773,184,0,0
BRDA:773,184,1,0
BRDA:773,184,2,0
BRDA:775,185,0,0
BRDA:775,185,1,0
BRDA:775,186,0,0
BRDA:775,186,1,0
BRDA:782,187,0,0
BRDA:782,187,1,0
BRDA:782,188,0,0
BRDA:782,188,1,0
BRDA:782,188,2,0
BRDA:789,189,0,0
BRDA:789,189,1,0
BRDA:789,190,0,0
BRDA:789,190,1,0
BRDA:797,191,0,0
BRDA:797,191,1,0
BRDA:797,192,0,0
BRDA:797,192,1,0
BRDA:797,192,2,0
BRDA:805,193,0,0
BRDA:805,193,1,0
BRDA:817,194,0,0
BRDA:817,194,1,0
BRDA:817,195,0,0
BRDA:817,195,1,0
BRDA:817,195,2,0
BRDA:817,195,3,0
BRDA:822,196,0,0
BRDA:822,196,1,0
BRDA:823,197,0,0
BRDA:823,197,1,0
BRDA:824,198,0,0
BRDA:824,198,1,0
BRDA:825,199,0,0
BRDA:825,199,1,0
BRDA:826,200,0,0
BRDA:826,200,1,0
BRDA:828,201,0,0
BRDA:828,201,1,0
BRDA:829,202,0,0
BRDA:829,202,1,0
BRDA:830,203,0,0
BRDA:830,203,1,0
BRDA:831,204,0,0
BRDA:831,204,1,0
BRDA:832,205,0,0
BRDA:832,205,1,0
BRDA:834,206,0,0
BRDA:834,206,1,0
BRDA:835,207,0,0
BRDA:835,207,1,0
BRDA:838,208,0,0
BRDA:838,208,1,0
BRDA:839,209,0,0
BRDA:839,209,1,0
BRDA:840,210,0,0
BRDA:840,210,1,0
BRDA:841,211,0,0
BRDA:841,211,1,0
BRDA:842,212,0,0
BRDA:842,212,1,0
BRDA:843,213,0,0
BRDA:843,213,1,0
BRDA:844,214,0,0
BRDA:844,214,1,0
BRDA:845,215,0,0
BRDA:845,215,1,0
BRDA:855,216,0,0
BRDA:855,216,1,0
BRDA:855,217,0,0
BRDA:855,217,1,0
BRDA:855,217,2,0
BRDA:858,218,0,0
BRDA:858,218,1,0
BRDA:863,219,0,0
BRDA:863,219,1,0
BRDA:878,220,0,0
BRDA:878,220,1,0
BRDA:878,221,0,0
BRDA:878,221,1,0
BRDA:882,222,0,0
BRDA:882,222,1,0
BRDA:884,223,0,0
BRDA:884,223,1,0
BRDA:885,224,0,0
BRDA:885,224,1,0
BRDA:886,225,0,0
BRDA:886,225,1,0
BRDA:895,226,0,0
BRDA:895,226,1,0
BRDA:896,227,0,0
BRDA:896,227,1,0
BRDA:903,228,0,0
BRDA:903,228,1,0
BRDA:904,229,0,0
BRDA:904,229,1,0
BRDA:918,230,0,0
BRDA:918,230,1,0
BRDA:920,231,0,0
BRDA:920,231,1,0
BRDA:921,232,0,0
BRDA:921,232,1,0
BRDA:929,233,0,0
BRDA:929,233,1,0
BRDA:930,234,0,0
BRDA:930,234,1,0
BRDA:937,235,0,0
BRDA:937,235,1,0
BRDA:937,236,0,0
BRDA:937,236,1,0
BRDA:937,236,2,0
BRDA:943,237,0,0
BRDA:943,237,1,0
BRDA:984,238,0,0
BRDA:984,238,1,0
BRDA:985,239,0,0
BRDA:985,239,1,0
BRDA:986,240,0,0
BRDA:986,240,1,0
BRDA:987,241,0,0
BRDA:987,241,1,0
BRDA:989,242,0,0
BRDA:989,242,1,0
BRDA:990,243,0,0
BRDA:990,243,1,0
BRDA:991,244,0,0
BRDA:991,244,1,0
BRDA:992,245,0,0
BRDA:992,245,1,0
BRDA:993,246,0,0
BRDA:993,246,1,0
BRDA:995,247,0,0
BRDA:995,247,1,0
BRDA:996,248,0,0
BRDA:996,248,1,0
BRDA:999,249,0,0
BRDA:999,249,1,0
BRDA:1000,250,0,0
BRDA:1000,250,1,0
BRDA:1001,251,0,0
BRDA:1001,251,1,0
BRDA:1002,252,0,0
BRDA:1002,252,1,0
BRDA:1003,253,0,0
BRDA:1003,253,1,0
BRDA:1004,254,0,0
BRDA:1004,254,1,0
BRDA:1005,255,0,0
BRDA:1005,255,1,0
BRDA:1006,256,0,0
BRDA:1006,256,1,0
BRDA:1027,257,0,0
BRDA:1027,257,1,0
BRDA:1034,258,0,0
BRDA:1034,258,1,0
BRDA:1053,259,0,0
BRDA:1053,259,1,1
BRDA:1063,260,0,0
BRDA:1063,260,1,1
BRDA:1091,261,0,0
BRDA:1091,261,1,0
BRDA:1119,262,0,0
BRDA:1119,262,1,0
BRDA:1119,263,0,0
BRDA:1119,263,1,0
BRDA:1163,264,0,0
BRDA:1163,264,1,0
BRDA:1163,265,0,0
BRDA:1163,265,1,0
BRDA:1163,265,2,0
BRDA:1209,266,0,0
BRDA:1209,266,1,0
BRDA:1216,267,0,0
BRDA:1216,267,1,0
BRDA:1218,268,0,0
BRDA:1218,268,1,0
BRDA:1220,269,0,0
BRDA:1220,269,1,0
BRDA:1220,270,0,0
BRDA:1220,270,1,0
BRDA:1226,271,0,0
BRDA:1226,271,1,0
BRDA:1235,272,0,0
BRDA:1235,272,1,0
BRDA:1237,273,0,0
BRDA:1237,273,1,0
BRDA:1254,274,0,0
BRDA:1254,274,1,0
BRDA:1254,275,0,0
BRDA:1254,275,1,0
BRDA:1256,276,0,0
BRDA:1256,276,1,0
BRDA:1261,277,0,0
BRDA:1261,277,1,0
BRDA:1261,278,0,0
BRDA:1261,278,1,0
BRDA:1269,279,0,0
BRDA:1269,279,1,0
BRDA:1277,280,0,0
BRDA:1277,280,1,0
BRDA:1277,281,0,0
BRDA:1277,281,1,0
BRDA:1279,282,0,0
BRDA:1279,282,1,0
BRDA:1290,283,0,0
BRDA:1290,283,1,0
BRDA:1291,284,0,0
BRDA:1291,284,1,0
BRF:595
BRH:119
end_of_record
TN:
SF:controllers\courseOutcomeController.js
FN:5,getPairCourseCode
FN:11,(anonymous_1)
FN:16,(anonymous_2)
FN:67,(anonymous_3)
FN:74,(anonymous_4)
FN:96,(anonymous_5)
FN:133,(anonymous_6)
FN:173,(anonymous_7)
FN:180,(anonymous_8)
FN:203,(anonymous_9)
FN:294,(anonymous_10)
FN:331,(anonymous_11)
FN:367,(anonymous_12)
FN:410,(anonymous_13)
FN:411,(anonymous_14)
FN:414,(anonymous_15)
FN:424,(anonymous_16)
FN:436,(anonymous_17)
FN:448,(anonymous_18)
FN:459,(anonymous_19)
FN:467,(anonymous_20)
FN:478,(anonymous_21)
FN:482,(anonymous_22)
FN:483,(anonymous_23)
FN:484,(anonymous_24)
FN:485,(anonymous_25)
FNF:26
FNH:0
FNDA:0,getPairCourseCode
FNDA:0,(anonymous_1)
FNDA:0,(anonymous_2)
FNDA:0,(anonymous_3)
FNDA:0,(anonymous_4)
FNDA:0,(anonymous_5)
FNDA:0,(anonymous_6)
FNDA:0,(anonymous_7)
FNDA:0,(anonymous_8)
FNDA:0,(anonymous_9)
FNDA:0,(anonymous_10)
FNDA:0,(anonymous_11)
FNDA:0,(anonymous_12)
FNDA:0,(anonymous_13)
FNDA:0,(anonymous_14)
FNDA:0,(anonymous_15)
FNDA:0,(anonymous_16)
FNDA:0,(anonymous_17)
FNDA:0,(anonymous_18)
FNDA:0,(anonymous_19)
FNDA:0,(anonymous_20)
FNDA:0,(anonymous_21)
FNDA:0,(anonymous_22)
FNDA:0,(anonymous_23)
FNDA:0,(anonymous_24)
FNDA:0,(anonymous_25)
DA:1,3
DA:2,3
DA:3,3
DA:6,0
DA:7,0
DA:8,0
DA:9,0
DA:10,0
DA:11,0
DA:12,0
DA:13,0
DA:16,3
DA:17,0
DA:18,0
DA:19,0
DA:25,0
DA:26,0
DA:27,0
DA:33,0
DA:34,0
DA:36,0
DA:37,0
DA:38,0
DA:44,0
DA:45,0
DA:51,0
DA:52,0
DA:53,0
DA:54,0
DA:55,0
DA:56,0
DA:57,0
DA:58,0
DA:65,0
DA:67,0
DA:69,0
DA:74,0
DA:75,0
DA:77,0
DA:78,0
DA:80,0
DA:81,0
DA:87,0
DA:88,0
DA:94,0
DA:95,0
DA:96,0
DA:98,0
DA:99,0
DA:106,0
DA:113,0
DA:114,0
DA:115,0
DA:118,0
DA:124,0
DA:125,0
DA:133,3
DA:134,0
DA:135,0
DA:137,0
DA:138,0
DA:139,0
DA:145,0
DA:148,0
DA:149,0
DA:151,0
DA:152,0
DA:153,0
DA:155,0
DA:156,0
DA:157,0
DA:159,0
DA:161,0
DA:162,0
DA:166,0
DA:167,0
DA:171,0
DA:173,0
DA:174,0
DA:175,0
DA:176,0
DA:180,0
DA:181,0
DA:189,0
DA:194,0
DA:195,0
DA:203,3
DA:204,0
DA:205,0
DA:206,0
DA:208,0
DA:209,0
DA:210,0
DA:215,0
DA:216,0
DA:222,0
DA:227,0
DA:228,0
DA:234,0
DA:235,0
DA:241,0
DA:242,0
DA:249,0
DA:251,0
DA:252,0
DA:253,0
DA:254,0
DA:255,0
DA:256,0
DA:257,0
DA:258,0
DA:259,0
DA:264,0
DA:265,0
DA:274,0
DA:275,0
DA:277,0
DA:279,0
DA:285,0
DA:286,0
DA:294,3
DA:295,0
DA:296,0
DA:297,0
DA:303,0
DA:305,0
DA:310,0
DA:311,0
DA:317,0
DA:322,0
DA:323,0
DA:331,3
DA:332,0
DA:333,0
DA:334,0
DA:340,0
DA:342,0
DA:343,0
DA:344,0
DA:350,0
DA:352,0
DA:358,0
DA:359,0
DA:367,3
DA:368,0
DA:369,0
DA:370,0
DA:372,0
DA:373,0
DA:374,0
DA:380,0
DA:385,0
DA:387,0
DA:388,0
DA:390,0
DA:391,0
DA:392,0
DA:394,0
DA:395,0
DA:399,0
DA:400,0
DA:404,0
DA:405,0
DA:410,0
DA:411,0
DA:413,0
DA:414,0
DA:415,0
DA:416,0
DA:417,0
DA:421,0
DA:422,0
DA:424,0
DA:425,0
DA:426,0
DA:427,0
DA:428,0
DA:429,0
DA:430,0
DA:432,0
DA:436,0
DA:437,0
DA:445,0
DA:446,0
DA:448,0
DA:449,0
DA:453,0
DA:459,0
DA:460,0
DA:467,0
DA:468,0
DA:469,0
DA:471,0
DA:472,0
DA:473,0
DA:474,0
DA:477,0
DA:478,0
DA:481,0
DA:482,0
DA:483,0
DA:484,0
DA:485,0
DA:487,0
DA:499,0
DA:504,0
DA:505,0
LF:207
LH:9
BRDA:7,0,0,0
BRDA:7,0,1,0
BRDA:9,1,0,0
BRDA:9,1,1,0
BRDA:11,2,0,0
BRDA:11,2,1,0
BRDA:12,3,0,0
BRDA:12,3,1,0
BRDA:18,4,0,0
BRDA:18,4,1,0
BRDA:26,5,0,0
BRDA:26,5,1,0
BRDA:37,6,0,0
BRDA:37,6,1,0
BRDA:44,7,0,0
BRDA:44,7,1,0
BRDA:44,8,0,0
BRDA:44,8,1,0
BRDA:54,9,0,0
BRDA:54,9,1,0
BRDA:56,10,0,0
BRDA:56,10,1,0
BRDA:67,11,0,0
BRDA:67,11,1,0
BRDA:80,12,0,0
BRDA:80,12,1,0
BRDA:80,13,0,0
BRDA:80,13,1,0
BRDA:87,14,0,0
BRDA:87,14,1,0
BRDA:94,15,0,0
BRDA:94,15,1,0
BRDA:98,16,0,0
BRDA:98,16,1,0
BRDA:98,17,0,0
BRDA:98,17,1,0
BRDA:113,18,0,0
BRDA:113,18,1,0
BRDA:138,19,0,0
BRDA:138,19,1,0
BRDA:151,20,0,0
BRDA:151,20,1,0
BRDA:156,21,0,0
BRDA:156,21,1,0
BRDA:157,22,0,0
BRDA:157,22,1,0
BRDA:159,23,0,0
BRDA:159,23,1,0
BRDA:166,24,0,0
BRDA:166,24,1,0
BRDA:175,25,0,0
BRDA:175,25,1,0
BRDA:209,26,0,0
BRDA:209,26,1,0
BRDA:209,27,0,0
BRDA:209,27,1,0
BRDA:209,27,2,0
BRDA:215,28,0,0
BRDA:215,28,1,0
BRDA:215,29,0,0
BRDA:215,29,1,0
BRDA:227,30,0,0
BRDA:227,30,1,0
BRDA:234,31,0,0
BRDA:234,31,1,0
BRDA:234,32,0,0
BRDA:234,32,1,0
BRDA:241,33,0,0
BRDA:241,33,1,0
BRDA:249,34,0,0
BRDA:249,34,1,0
BRDA:251,35,0,0
BRDA:251,35,1,0
BRDA:252,36,0,0
BRDA:252,36,1,0
BRDA:252,37,0,0
BRDA:252,37,1,0
BRDA:254,38,0,0
BRDA:254,38,1,0
BRDA:255,39,0,0
BRDA:255,39,1,0
BRDA:257,40,0,0
BRDA:257,40,1,0
BRDA:258,41,0,0
BRDA:258,41,1,0
BRDA:264,42,0,0
BRDA:264,42,1,0
BRDA:264,43,0,0
BRDA:264,43,1,0
BRDA:274,44,0,0
BRDA:274,44,1,0
BRDA:275,45,0,0
BRDA:275,45,1,0
BRDA:296,46,0,0
BRDA:296,46,1,0
BRDA:310,47,0,0
BRDA:310,47,1,0
BRDA:333,48,0,0
BRDA:333,48,1,0
BRDA:343,49,0,0
BRDA:343,49,1,0
BRDA:373,50,0,0
BRDA:373,50,1,0
BRDA:387,51,0,0
BRDA:387,51,1,0
BRDA:390,52,0,0
BRDA:390,52,1,0
BRDA:395,53,0,0
BRDA:395,53,1,0
BRDA:404,54,0,0
BRDA:404,54,1,0
BRDA:416,55,0,0
BRDA:416,55,1,0
BRDA:421,56,0,0
BRDA:421,56,1,0
BRDA:422,57,0,0
BRDA:422,57,1,0
BRDA:427,58,0,0
BRDA:427,58,1,0
BRDA:427,59,0,0
BRDA:427,59,1,0
BRDA:429,60,0,0
BRDA:429,60,1,0
BRDA:446,61,0,0
BRDA:446,61,1,0
BRDA:446,62,0,0
BRDA:446,62,1,0
BRDA:471,63,0,0
BRDA:471,63,1,0
BRDA:472,64,0,0
BRDA:472,64,1,0
BRDA:473,65,0,0
BRDA:473,65,1,0
BRDA:474,66,0,0
BRDA:474,66,1,0
BRDA:494,67,0,0
BRDA:494,67,1,0
BRDA:495,68,0,0
BRDA:495,68,1,0
BRF:139
BRH:0
end_of_record
TN:
SF:controllers\courseProfileController.js
FN:6,(anonymous_0)
FN:23,(anonymous_1)
FNF:2
FNH:0
FNDA:0,(anonymous_0)
FNDA:0,(anonymous_1)
DA:4,3
DA:6,3
DA:7,0
DA:8,0
DA:10,0
DA:15,0
DA:16,0
DA:23,3
DA:24,0
DA:25,0
DA:27,0
DA:28,0
DA:34,0
DA:36,0
DA:41,0
DA:42,0
LF:16
LH:3
BRDA:27,0,0,0
BRDA:27,0,1,0
BRDA:27,1,0,0
BRDA:27,1,1,0
BRF:4
BRH:0
end_of_record
TN:
SF:controllers\courseProposalController.js
FN:7,(anonymous_0)
FN:106,(anonymous_1)
FN:136,(anonymous_2)
FN:163,(anonymous_3)
FN:189,(anonymous_4)
FN:211,(anonymous_5)
FN:231,(anonymous_6)
FN:240,(anonymous_7)
FN:240,(anonymous_8)
FN:240,(anonymous_9)
FN:246,(anonymous_10)
FN:252,(anonymous_11)
FN:255,(anonymous_12)
FN:258,(anonymous_13)
FN:312,(anonymous_14)
FN:388,(anonymous_15)
FN:467,(anonymous_16)
FN:511,(anonymous_17)
FNF:18
FNH:0
FNDA:0,(anonymous_0)
FNDA:0,(anonymous_1)
FNDA:0,(anonymous_2)
FNDA:0,(anonymous_3)
FNDA:0,(anonymous_4)
FNDA:0,(anonymous_5)
FNDA:0,(anonymous_6)
FNDA:0,(anonymous_7)
FNDA:0,(anonymous_8)
FNDA:0,(anonymous_9)
FNDA:0,(anonymous_10)
FNDA:0,(anonymous_11)
FNDA:0,(anonymous_12)
FNDA:0,(anonymous_13)
FNDA:0,(anonymous_14)
FNDA:0,(anonymous_15)
FNDA:0,(anonymous_16)
FNDA:0,(anonymous_17)
DA:1,3
DA:2,3
DA:3,3
DA:4,3
DA:5,3
DA:7,3
DA:8,0
DA:14,0
DA:16,0
DA:17,0
DA:23,0
DA:24,0
DA:25,0
DA:31,0
DA:32,0
DA:33,0
DA:40,0
DA:41,0
DA:44,0
DA:45,0
DA:51,0
DA:56,0
DA:57,0
DA:64,0
DA:65,0
DA:70,0
DA:71,0
DA:78,0
DA:86,0
DA:87,0
DA:88,0
DA:91,0
DA:97,0
DA:98,0
DA:106,3
DA:107,0
DA:108,0
DA:110,0
DA:111,0
DA:112,0
DA:113,0
DA:115,0
DA:121,0
DA:127,0
DA:128,0
DA:136,3
DA:137,0
DA:138,0
DA:140,0
DA:141,0
DA:143,0
DA:148,0
DA:154,0
DA:155,0
DA:163,3
DA:164,0
DA:165,0
DA:170,0
DA:171,0
DA:177,0
DA:178,0
DA:184,0
DA:185,0
DA:186,0
DA:187,0
DA:188,0
DA:190,0
DA:191,0
DA:194,0
DA:197,0
DA:202,0
DA:203,0
DA:211,3
DA:212,0
DA:213,0
DA:215,0
DA:217,0
DA:218,0
DA:224,0
DA:225,0
DA:231,0
DA:232,0
DA:233,0
DA:234,0
DA:235,0
DA:236,0
DA:237,0
DA:239,0
DA:240,0
DA:241,0
DA:242,0
DA:243,0
DA:244,0
DA:245,0
DA:246,0
DA:251,0
DA:252,0
DA:255,0
DA:257,0
DA:258,0
DA:260,0
DA:263,0
DA:264,0
DA:265,0
DA:266,0
DA:267,0
DA:268,0
DA:270,0
DA:273,0
DA:274,0
DA:275,0
DA:280,0
DA:281,0
DA:284,0
DA:285,0
DA:286,0
DA:288,0
DA:291,0
DA:292,0
DA:294,0
DA:295,0
DA:301,0
DA:303,0
DA:311,0
DA:312,0
DA:318,0
DA:319,0
DA:321,0
DA:327,0
DA:328,0
DA:332,0
DA:333,0
DA:336,0
DA:337,0
DA:338,0
DA:339,0
DA:341,0
DA:342,0
DA:343,0
DA:344,0
DA:345,0
DA:347,0
DA:350,0
DA:351,0
DA:354,0
DA:355,0
DA:356,0
DA:358,0
DA:361,0
DA:362,0
DA:364,0
DA:367,0
DA:368,0
DA:370,0
DA:371,0
DA:377,0
DA:379,0
DA:387,0
DA:388,0
DA:393,0
DA:394,0
DA:396,0
DA:404,0
DA:405,0
DA:406,0
DA:407,0
DA:408,0
DA:409,0
DA:411,0
DA:414,0
DA:415,0
DA:416,0
DA:419,0
DA:420,0
DA:422,0
DA:429,0
DA:430,0
DA:431,0
DA:433,0
DA:436,0
DA:437,0
DA:438,0
DA:439,0
DA:440,0
DA:441,0
DA:442,0
DA:443,0
DA:444,0
DA:446,0
DA:452,0
DA:453,0
DA:459,0
DA:467,3
DA:468,0
DA:469,0
DA:471,0
DA:473,0
DA:474,0
DA:480,0
DA:481,0
DA:487,0
DA:488,0
DA:489,0
DA:490,0
DA:491,0
DA:493,0
DA:494,0
DA:496,0
DA:502,0
DA:503,0
DA:511,3
DA:512,0
DA:513,0
DA:515,0
DA:516,0
DA:522,0
DA:523,0
DA:524,0
DA:526,0
DA:527,0
DA:528,0
DA:534,0
DA:535,0
DA:542,0
DA:544,0
DA:549,0
DA:550,0
LF:227
LH:12
BRDA:16,0,0,0
BRDA:16,0,1,0
BRDA:16,1,0,0
BRDA:16,1,1,0
BRDA:23,2,0,0
BRDA:23,2,1,0
BRDA:24,3,0,0
BRDA:24,3,1,0
BRDA:32,4,0,0
BRDA:32,4,1,0
BRDA:40,5,0,0
BRDA:40,5,1,0
BRDA:44,6,0,0
BRDA:44,6,1,0
BRDA:56,7,0,0
BRDA:56,7,1,0
BRDA:64,8,0,0
BRDA:64,8,1,0
BRDA:70,9,0,0
BRDA:70,9,1,0
BRDA:80,10,0,0
BRDA:80,10,1,0
BRDA:87,11,0,0
BRDA:87,11,1,0
BRDA:111,12,0,0
BRDA:111,12,1,0
BRDA:112,13,0,0
BRDA:112,13,1,0
BRDA:113,14,0,0
BRDA:113,14,1,0
BRDA:141,15,0,0
BRDA:141,15,1,0
BRDA:170,16,0,0
BRDA:170,16,1,0
BRDA:177,17,0,0
BRDA:177,17,1,0
BRDA:177,18,0,0
BRDA:177,18,1,0
BRDA:185,19,0,0
BRDA:185,19,1,0
BRDA:185,20,0,0
BRDA:185,20,1,0
BRDA:185,20,2,0
BRDA:217,21,0,0
BRDA:217,21,1,0
BRDA:224,22,0,0
BRDA:224,22,1,0
BRDA:232,23,0,0
BRDA:232,23,1,0
BRDA:233,24,0,0
BRDA:233,24,1,0
BRDA:234,25,0,0
BRDA:234,25,1,0
BRDA:235,26,0,0
BRDA:235,26,1,0
BRDA:236,27,0,0
BRDA:236,27,1,0
BRDA:239,28,0,0
BRDA:239,28,1,0
BRDA:240,29,0,0
BRDA:240,29,1,0
BRDA:240,30,0,0
BRDA:240,30,1,0
BRDA:240,31,0,0
BRDA:240,31,1,0
BRDA:245,32,0,0
BRDA:245,32,1,0
BRDA:251,33,0,0
BRDA:251,33,1,0
BRDA:253,34,0,0
BRDA:253,34,1,0
BRDA:255,35,0,0
BRDA:255,35,1,0
BRDA:255,36,0,0
BRDA:255,36,1,0
BRDA:257,37,0,0
BRDA:257,37,1,0
BRDA:258,38,0,0
BRDA:258,38,1,0
BRDA:274,39,0,0
BRDA:274,39,1,0
BRDA:284,40,0,0
BRDA:284,40,1,0
BRDA:291,41,0,0
BRDA:291,41,1,0
BRDA:291,42,0,0
BRDA:291,42,1,0
BRDA:294,43,0,0
BRDA:294,43,1,0
BRDA:299,44,0,0
BRDA:299,44,1,0
BRDA:307,45,0,0
BRDA:307,45,1,0
BRDA:311,46,0,0
BRDA:311,46,1,0
BRDA:311,47,0,0
BRDA:311,47,1,0
BRDA:318,48,0,0
BRDA:318,48,1,0
BRDA:327,49,0,0
BRDA:327,49,1,0
BRDA:328,50,0,0
BRDA:328,50,1,0
BRDA:332,51,0,0
BRDA:332,51,1,0
BRDA:344,52,0,0
BRDA:344,52,1,0
BRDA:350,53,0,0
BRDA:350,53,1,0
BRDA:351,54,0,0
BRDA:351,54,1,0
BRDA:355,55,0,0
BRDA:355,55,1,0
BRDA:361,56,0,0
BRDA:361,56,1,0
BRDA:367,57,0,0
BRDA:367,57,1,0
BRDA:367,58,0,0
BRDA:367,58,1,0
BRDA:370,59,0,0
BRDA:370,59,1,0
BRDA:375,60,0,0
BRDA:375,60,1,0
BRDA:383,61,0,0
BRDA:383,61,1,0
BRDA:387,62,0,0
BRDA:387,62,1,0
BRDA:387,63,0,0
BRDA:387,63,1,0
BRDA:393,64,0,0
BRDA:393,64,1,0
BRDA:407,65,0,0
BRDA:407,65,1,0
BRDA:408,66,0,0
BRDA:408,66,1,0
BRDA:414,67,0,0
BRDA:414,67,1,0
BRDA:429,68,0,0
BRDA:429,68,1,0
BRDA:429,69,0,0
BRDA:429,69,1,0
BRDA:441,70,0,0
BRDA:441,70,1,0
BRDA:441,71,0,0
BRDA:441,71,1,0
BRDA:441,71,2,0
BRDA:443,72,0,0
BRDA:443,72,1,0
BRDA:444,73,0,0
BRDA:444,73,1,0
BRDA:452,74,0,0
BRDA:452,74,1,0
BRDA:452,75,0,0
BRDA:452,75,1,0
BRDA:473,76,0,0
BRDA:473,76,1,0
BRDA:480,77,0,0
BRDA:480,77,1,0
BRDA:490,78,0,0
BRDA:490,78,1,0
BRDA:515,79,0,0
BRDA:515,79,1,0
BRDA:526,80,0,0
BRDA:526,80,1,0
BRDA:527,81,0,0
BRDA:527,81,1,0
BRDA:534,82,0,0
BRDA:534,82,1,0
BRF:168
BRH:0
end_of_record
TN:
SF:controllers\ocrController.js
FN:6,(anonymous_0)
FN:94,(anonymous_1)
FN:120,(anonymous_2)
FN:147,(anonymous_3)
FN:189,(anonymous_4)
FNF:5
FNH:0
FNDA:0,(anonymous_0)
FNDA:0,(anonymous_1)
FNDA:0,(anonymous_2)
FNDA:0,(anonymous_3)
FNDA:0,(anonymous_4)
DA:1,3
DA:2,3
DA:3,3
DA:4,3
DA:6,3
DA:7,0
DA:8,0
DA:10,0
DA:11,0
DA:17,0
DA:18,0
DA:23,0
DA:24,0
DA:30,0
DA:32,0
DA:42,0
DA:45,0
DA:46,0
DA:54,0
DA:60,0
DA:63,0
DA:64,0
DA:68,0
DA:71,0
DA:86,0
DA:87,0
DA:94,3
DA:95,0
DA:96,0
DA:98,0
DA:99,0
DA:100,0
DA:101,0
DA:103,0
DA:105,0
DA:112,0
DA:113,0
DA:120,3
DA:121,0
DA:122,0
DA:124,0
DA:126,0
DA:127,0
DA:133,0
DA:139,0
DA:140,0
DA:147,3
DA:148,0
DA:149,0
DA:151,0
DA:153,0
DA:154,0
DA:160,0
DA:161,0
DA:163,0
DA:164,0
DA:165,0
DA:166,0
DA:167,0
DA:168,0
DA:171,0
DA:175,0
DA:181,0
DA:182,0
DA:189,3
DA:190,0
DA:191,0
DA:193,0
DA:194,0
DA:195,0
DA:196,0
DA:197,0
DA:199,0
DA:201,0
DA:218,0
DA:219,0
LF:76
LH:9
BRDA:10,0,0,0
BRDA:10,0,1,0
BRDA:10,1,0,0
BRDA:10,1,1,0
BRDA:10,1,2,0
BRDA:17,2,0,0
BRDA:17,2,1,0
BRDA:23,3,0,0
BRDA:23,3,1,0
BRDA:36,4,0,0
BRDA:36,4,1,0
BRDA:38,5,0,0
BRDA:38,5,1,0
BRDA:99,6,0,0
BRDA:99,6,1,0
BRDA:100,7,0,0
BRDA:100,7,1,0
BRDA:101,8,0,0
BRDA:101,8,1,0
BRDA:126,9,0,0
BRDA:126,9,1,0
BRDA:126,10,0,0
BRDA:126,10,1,0
BRDA:153,11,0,0
BRDA:153,11,1,0
BRDA:153,12,0,0
BRDA:153,12,1,0
BRDA:163,13,0,0
BRDA:163,13,1,0
BRDA:166,14,0,0
BRDA:166,14,1,0
BRDA:199,15,0,0
BRDA:199,15,1,0
BRF:33
BRH:0
end_of_record
TN:
SF:controllers\programOutcomeController.js
FN:3,(anonymous_0)
FN:24,(anonymous_1)
FN:53,(anonymous_2)
FNF:3
FNH:0
FNDA:0,(anonymous_0)
FNDA:0,(anonymous_1)
FNDA:0,(anonymous_2)
DA:1,3
DA:3,3
DA:4,0
DA:5,0
DA:9,0
DA:15,0
DA:16,0
DA:24,3
DA:25,0
DA:26,0
DA:28,0
DA:32,0
DA:33,0
DA:39,0
DA:44,0
DA:45,0
DA:53,3
DA:54,0
DA:55,0
DA:56,0
DA:62,0
DA:63,0
DA:65,0
DA:69,0
DA:70,0
DA:76,0
DA:77,0
DA:79,0
DA:81,0
DA:87,0
DA:88,0
LF:31
LH:4
BRDA:32,0,0,0
BRDA:32,0,1,0
BRDA:55,1,0,0
BRDA:55,1,1,0
BRDA:69,2,0,0
BRDA:69,2,1,0
BRDA:76,3,0,0
BRDA:76,3,1,0
BRDA:77,4,0,0
BRDA:77,4,1,0
BRF:10
BRH:0
end_of_record
TN:
SF:controllers\resultController.js
FN:22,(anonymous_0)
FN:45,(anonymous_1)
FN:58,(anonymous_2)
FN:71,(anonymous_3)
FN:74,(anonymous_4)
FN:75,(anonymous_5)
FN:82,(anonymous_6)
FN:87,(anonymous_7)
FN:103,(anonymous_8)
FN:129,(anonymous_9)
FN:133,(anonymous_10)
FN:141,(anonymous_11)
FN:160,(anonymous_12)
FN:170,(anonymous_13)
FN:179,(anonymous_14)
FN:200,(anonymous_15)
FN:209,(anonymous_16)
FN:260,(anonymous_17)
FN:262,(anonymous_18)
FN:263,(anonymous_19)
FN:268,(anonymous_20)
FN:355,(anonymous_21)
FN:406,(anonymous_22)
FN:457,(anonymous_23)
FN:483,(anonymous_24)
FN:508,(anonymous_25)
FN:526,(anonymous_26)
FNF:27
FNH:0
FNDA:0,(anonymous_0)
FNDA:0,(anonymous_1)
FNDA:0,(anonymous_2)
FNDA:0,(anonymous_3)
FNDA:0,(anonymous_4)
FNDA:0,(anonymous_5)
FNDA:0,(anonymous_6)
FNDA:0,(anonymous_7)
FNDA:0,(anonymous_8)
FNDA:0,(anonymous_9)
FNDA:0,(anonymous_10)
FNDA:0,(anonymous_11)
FNDA:0,(anonymous_12)
FNDA:0,(anonymous_13)
FNDA:0,(anonymous_14)
FNDA:0,(anonymous_15)
FNDA:0,(anonymous_16)
FNDA:0,(anonymous_17)
FNDA:0,(anonymous_18)
FNDA:0,(anonymous_19)
FNDA:0,(anonymous_20)
FNDA:0,(anonymous_21)
FNDA:0,(anonymous_22)
FNDA:0,(anonymous_23)
FNDA:0,(anonymous_24)
FNDA:0,(anonymous_25)
FNDA:0,(anonymous_26)
DA:1,3
DA:2,3
DA:3,3
DA:4,3
DA:5,3
DA:6,3
DA:7,3
DA:8,3
DA:9,3
DA:10,3
DA:11,3
DA:20,3
DA:22,3
DA:23,0
DA:24,0
DA:25,0
DA:26,0
DA:27,0
DA:28,0
DA:30,0
DA:32,0
DA:33,0
DA:34,0
DA:35,0
DA:36,0
DA:37,0
DA:38,0
DA:39,0
DA:41,0
DA:45,3
[...]
DA:100,0
DA:101,0
DA:103,0
DA:104,0
DA:106,0
DA:109,0
DA:110,0
DA:112,0
DA:113,0
DA:116,3
LF:53
LH:8
BRDA:30,0,0,0
BRDA:30,0,1,0
BRDA:35,1,0,0
BRDA:35,1,1,0
BRDA:35,2,0,0
BRDA:35,2,1,0
BRDA:35,2,2,0
BRDA:36,3,0,0
BRDA:36,3,1,0
BRDA:36,4,0,0
BRDA:36,4,1,0
BRDA:71,5,0,0
BRDA:71,5,1,0
BRDA:76,6,0,0
BRDA:76,6,1,0
BRDA:76,7,0,0
BRDA:76,7,1,0
BRDA:76,7,2,0
BRDA:83,8,0,0
BRDA:83,8,1,0
BRDA:83,8,2,0
BRDA:83,8,3,0
BRDA:83,8,4,0
BRDA:83,8,5,0
BRDA:83,8,6,0
BRDA:83,8,7,0
BRF:26
BRH:0
end_of_record
TN:
SF:utils\curriculumValidation.js
FN:34,(anonymous_0)
FN:51,(anonymous_1)
FN:56,(anonymous_2)
FN:73,(anonymous_3)
FN:81,(anonymous_4)
FN:85,(anonymous_5)
FN:87,(anonymous_6)
FN:95,(anonymous_7)
FN:111,(anonymous_8)
FN:127,(anonymous_9)
FN:146,(anonymous_10)
FN:191,(anonymous_11)
FN:199,(anonymous_12)
FN:203,(anonymous_13)
FN:211,(anonymous_14)
FN:223,(anonymous_15)
FNF:16
FNH:0
FNDA:0,(anonymous_0)
FNDA:0,(anonymous_1)
FNDA:0,(anonymous_2)
FNDA:0,(anonymous_3)
FNDA:0,(anonymous_4)
FNDA:0,(anonymous_5)
FNDA:0,(anonymous_6)
FNDA:0,(anonymous_7)
FNDA:0,(anonymous_8)
FNDA:0,(anonymous_9)
FNDA:0,(anonymous_10)
FNDA:0,(anonymous_11)
FNDA:0,(anonymous_12)
FNDA:0,(anonymous_13)
FNDA:0,(anonymous_14)
FNDA:0,(anonymous_15)
DA:2,3
DA:17,3
DA:26,3
DA:34,3
DA:35,0
DA:36,0
DA:38,0
DA:39,0
DA:40,0
DA:43,0
DA:44,0
DA:47,0
DA:48,0
DA:51,0
DA:52,0
DA:53,0
DA:56,0
DA:57,0
DA:58,0
DA:61,0
DA:62,0
DA:66,0
DA:73,3
DA:74,0
DA:76,0
DA:77,0
DA:80,0
DA:81,0
DA:82,0
DA:85,0
DA:86,0
DA:87,0
DA:88,0
DA:89,0
DA:95,0
DA:97,0
DA:98,0
DA:99,0
DA:100,0
DA:103,0
DA:111,3
DA:112,0
DA:113,0
DA:116,0
DA:117,0
DA:118,0
DA:124,0
DA:127,3
DA:128,0
DA:129,0
DA:132,0
DA:133,0
DA:135,0
DA:136,0
DA:143,0
DA:146,3
DA:147,0
DA:154,0
DA:155,0
DA:156,0
DA:157,0
DA:158,0
DA:160,0
DA:161,0
DA:164,0
DA:165,0
DA:166,0
DA:167,0
DA:170,0
DA:171,0
DA:172,0
DA:173,0
DA:174,0
DA:175,0
DA:179,0
DA:180,0
DA:181,0
DA:182,0
DA:183,0
DA:184,0
DA:188,0
DA:191,3
DA:192,0
DA:193,0
DA:196,0
DA:197,0
DA:199,0
DA:200,0
DA:203,0
DA:204,0
DA:211,0
DA:212,0
DA:213,0
DA:217,0
DA:220,0
DA:224,0
DA:225,0
DA:230,3
LF:98
LH:10
BRDA:38,0,0,0
BRDA:38,0,1,0
BRDA:38,1,0,0
BRDA:38,1,1,0
BRDA:43,2,0,0
BRDA:43,2,1,0
BRDA:47,3,0,0
BRDA:47,3,1,0
BRDA:52,4,0,0
BRDA:52,4,1,0
BRDA:52,5,0,0
BRDA:52,5,1,0
BRDA:56,6,0,0
BRDA:56,6,1,0
BRDA:57,7,0,0
BRDA:57,7,1,0
BRDA:58,8,0,0
BRDA:58,8,1,0
BRDA:61,9,0,0
BRDA:61,9,1,0
BRDA:61,10,0,0
BRDA:61,10,1,0
BRDA:76,11,0,0
BRDA:76,11,1,0
BRDA:76,12,0,0
BRDA:76,12,1,0
BRDA:86,13,0,0
BRDA:86,13,1,0
BRDA:88,14,0,0
BRDA:88,14,1,0
BRDA:97,15,0,0
BRDA:97,15,1,0
BRDA:99,16,0,0
BRDA:99,16,1,0
BRDA:112,17,0,0
BRDA:112,17,1,0
BRDA:112,18,0,0
BRDA:112,18,1,0
BRDA:117,19,0,0
BRDA:117,19,1,0
BRDA:128,20,0,0
BRDA:128,20,1,0
BRDA:132,21,0,0
BRDA:132,22,0,0
BRDA:132,23,0,0
BRDA:135,24,0,0
BRDA:135,24,1,0
BRDA:156,25,0,0
BRDA:156,25,1,0
BRDA:160,26,0,0
BRDA:160,26,1,0
BRDA:166,27,0,0
BRDA:166,27,1,0
BRDA:170,28,0,0
BRDA:170,28,1,0
BRDA:170,29,0,0
BRDA:170,29,1,0
BRDA:173,30,0,0
BRDA:173,30,1,0
BRDA:179,31,0,0
BRDA:179,31,1,0
BRDA:182,32,0,0
BRDA:182,32,1,0
BRDA:192,33,0,0
BRDA:192,33,1,0
BRDA:192,34,0,0
BRDA:192,34,1,0
BRDA:211,35,0,0
BRDA:211,35,1,0
BRDA:212,36,0,0
BRDA:212,36,1,0
BRDA:224,37,0,0
BRDA:224,37,1,0
BRF:73
BRH:0
end_of_record
TN:
SF:utils\emailService.js
FN:3,(anonymous_0)
FN:15,(anonymous_1)
FN:63,(anonymous_2)
FN:96,(anonymous_3)
FNF:4
FNH:0
FNDA:0,(anonymous_0)
FNDA:0,(anonymous_1)
FNDA:0,(anonymous_2)
FNDA:0,(anonymous_3)
DA:1,3
DA:3,3
DA:4,0
DA:15,3
DA:16,0
DA:17,0
DA:19,0
DA:55,0
DA:56,0
DA:58,0
DA:59,0
DA:63,3
DA:64,0
DA:65,0
DA:67,0
DA:88,0
DA:89,0
DA:91,0
DA:92,0
DA:96,3
DA:97,0
DA:98,0
DA:100,0
DA:133,0
DA:134,0
DA:136,0
DA:137,0
LF:27
LH:5
BRF:0
BRH:0
end_of_record
TN:
SF:utils\gradeUtils.js
FN:20,(anonymous_0)
FN:27,(anonymous_1)
FN:30,(anonymous_2)
FN:40,(anonymous_3)
FN:50,(anonymous_4)
FN:52,(anonymous_5)
FN:60,(anonymous_6)
FN:71,(anonymous_7)
FN:94,(anonymous_8)
FN:96,(anonymous_9)
FN:104,(anonymous_10)
FN:115,(anonymous_11)
FN:138,(anonymous_12)
FN:140,(anonymous_13)
FN:143,(anonymous_14)
FN:148,(anonymous_15)
FN:157,(anonymous_16)
FN:168,(anonymous_17)
FN:176,(anonymous_18)
FN:181,(anonymous_19)
FN:190,(anonymous_20)
FN:204,(anonymous_21)
FN:220,(anonymous_22)
FN:225,(anonymous_23)
FN:230,(anonymous_24)
FN:233,(anonymous_25)
FN:239,(anonymous_26)
FN:243,(anonymous_27)
FN:258,(anonymous_28)
FN:271,(anonymous_29)
FN:286,(anonymous_30)
FN:299,(anonymous_31)
FN:302,(anonymous_32)
FN:309,(anonymous_33)
FN:323,(anonymous_34)
FN:344,(anonymous_35)
FNF:36
FNH:0
FNDA:0,(anonymous_0)
FNDA:0,(anonymous_1)
FNDA:0,(anonymous_2)
FNDA:0,(anonymous_3)
FNDA:0,(anonymous_4)
FNDA:0,(anonymous_5)
FNDA:0,(anonymous_6)
FNDA:0,(anonymous_7)
FNDA:0,(anonymous_8)
FNDA:0,(anonymous_9)
FNDA:0,(anonymous_10)
FNDA:0,(anonymous_11)
FNDA:0,(anonymous_12)
FNDA:0,(anonymous_13)
FNDA:0,(anonymous_14)
FNDA:0,(anonymous_15)
FNDA:0,(anonymous_16)
FNDA:0,(anonymous_17)
FNDA:0,(anonymous_18)
FNDA:0,(anonymous_19)
FNDA:0,(anonymous_20)
FNDA:0,(anonymous_21)
FNDA:0,(anonymous_22)
FNDA:0,(anonymous_23)
FNDA:0,(anonymous_24)
FNDA:0,(anonymous_25)
FNDA:0,(anonymous_26)
FNDA:0,(anonymous_27)
FNDA:0,(anonymous_28)
FNDA:0,(anonymous_29)
FNDA:0,(anonymous_30)
FNDA:0,(anonymous_31)
FNDA:0,(anonymous_32)
FNDA:0,(anonymous_33)
FNDA:0,(anonymous_34)
FNDA:0,(anonymous_35)
DA:2,3
DA:14,3
DA:20,3
DA:21,0
DA:22,0
DA:24,0
DA:27,3
DA:30,3
DA:31,0
DA:32,0
DA:37,0
DA:40,3
DA:41,0
DA:42,0
DA:47,0
DA:50,3
DA:51,0
DA:52,0
DA:53,0
DA:54,0
DA:55,0
DA:57,0
DA:60,3
DA:61,0
DA:62,0
DA:63,0
DA:64,0
DA:71,3
DA:72,0
DA:73,0
DA:74,0
DA:75,0
DA:76,0
DA:77,0
DA:78,0
DA:79,0
DA:80,0
DA:81,0
DA:83,0
DA:84,0
DA:87,0
DA:90,0
DA:94,3
DA:95,0
DA:96,0
DA:97,0
DA:98,0
DA:99,0
DA:101,0
DA:104,3
DA:105,0
DA:106,0
DA:107,0
DA:108,0
DA:115,3
DA:116,0
DA:117,0
DA:118,0
DA:119,0
DA:120,0
DA:121,0
DA:122,0
DA:123,0
DA:124,0
DA:125,0
DA:127,0
DA:128,0
DA:131,0
DA:134,0
DA:138,3
DA:140,3
DA:141,0
DA:143,0
DA:144,0
DA:146,0
DA:148,0
DA:149,0
DA:150,0
DA:152,0
DA:154,0
DA:155,0
DA:157,0
DA:158,0
DA:159,0
DA:160,0
DA:161,0
DA:162,0
DA:163,0
DA:164,0
DA:168,3
DA:174,0
DA:176,0
DA:177,0
DA:179,0
DA:181,0
DA:182,0
DA:183,0
DA:185,0
DA:187,0
DA:188,0
DA:190,0
DA:191,0
DA:192,0
DA:193,0
DA:194,0
DA:195,0
DA:196,0
DA:201,3
DA:202,3
DA:204,3
DA:205,0
DA:206,0
DA:207,0
DA:208,0
DA:209,0
DA:210,0
DA:211,0
DA:212,0
DA:216,0
DA:220,3
DA:221,0
DA:222,0
DA:223,0
DA:225,0
DA:226,0
DA:228,0
DA:230,0
DA:231,0
DA:233,0
DA:234,0
DA:237,0
DA:238,0
DA:239,0
DA:240,0
DA:241,0
DA:243,0
DA:244,0
DA:245,0
DA:248,0
DA:249,0
DA:250,0
DA:251,0
DA:254,0
DA:258,3
DA:259,0
DA:260,0
DA:261,0
DA:262,0
DA:263,0
DA:264,0
DA:265,0
DA:267,0
DA:268,0
DA:271,3
DA:272,0
DA:273,0
DA:274,0
DA:275,0
DA:276,0
DA:277,0
DA:278,0
DA:279,0
DA:282,0
DA:283,0
DA:286,3
DA:287,0
DA:288,0
DA:289,0
DA:290,0
DA:291,0
DA:292,0
DA:293,0
DA:294,0
DA:295,0
DA:296,0
DA:299,3
DA:300,0
DA:301,0
DA:302,0
DA:303,0
DA:306,0
DA:309,3
DA:321,0
DA:323,0
DA:324,0
DA:326,0
DA:328,0
DA:329,0
DA:330,0
DA:331,0
DA:333,0
DA:335,0
DA:336,0
DA:337,0
DA:338,0
DA:339,0
DA:341,0
DA:344,0
DA:345,0
DA:346,0
DA:347,0
DA:348,0
DA:349,0
DA:350,0
DA:352,0
DA:355,0
DA:356,0
DA:357,0
DA:361,0
DA:364,3
LF:210
LH:25
BRDA:22,0,0,0
BRDA:22,0,1,0
BRDA:27,1,0,0
BRDA:27,1,1,0
BRDA:31,2,0,0
BRDA:31,2,1,0
BRDA:31,2,2,0
BRDA:41,3,0,0
BRDA:41,3,1,0
BRDA:41,3,2,0
BRDA:52,4,0,0
BRDA:52,4,1,0
BRDA:53,5,0,0
BRDA:53,5,1,0
BRDA:53,6,0,0
BRDA:53,6,1,0
BRDA:53,7,0,0
BRDA:53,7,1,0
BRDA:54,8,0,0
BRDA:54,8,1,0
BRDA:54,9,0,0
BRDA:54,9,1,0
BRDA:54,10,0,0
BRDA:54,10,1,0
BRDA:55,11,0,0
BRDA:55,11,1,0
BRDA:55,12,0,0
BRDA:55,12,1,0
BRDA:55,13,0,0
BRDA:55,13,1,0
BRDA:62,14,0,0
BRDA:62,14,1,0
BRDA:62,14,2,0
BRDA:63,15,0,0
BRDA:63,15,1,0
BRDA:63,15,2,0
BRDA:65,16,0,0
BRDA:65,16,1,0
BRDA:66,17,0,0
BRDA:66,17,1,0
BRDA:67,18,0,0
BRDA:67,18,1,0
BRDA:72,19,0,0
BRDA:72,20,0,0
BRDA:72,21,0,0
BRDA:75,22,0,0
BRDA:75,22,1,0
BRDA:78,23,0,0
BRDA:78,23,1,0
BRDA:79,24,0,0
BRDA:79,24,1,0
BRDA:80,25,0,0
BRDA:80,25,1,0
BRDA:83,26,0,0
BRDA:83,26,1,0
BRDA:96,27,0,0
BRDA:96,27,1,0
BRDA:97,28,0,0
BRDA:97,28,1,0
BRDA:97,29,0,0
BRDA:97,29,1,0
BRDA:97,30,0,0
BRDA:97,30,1,0
BRDA:98,31,0,0
BRDA:98,31,1,0
BRDA:98,32,0,0
BRDA:98,32,1,0
BRDA:98,33,0,0
BRDA:98,33,1,0
BRDA:99,34,0,0
BRDA:99,34,1,0
BRDA:99,35,0,0
BRDA:99,35,1,0
BRDA:99,36,0,0
BRDA:99,36,1,0
BRDA:106,37,0,0
BRDA:106,37,1,0
BRDA:106,37,2,0
BRDA:107,38,0,0
BRDA:107,38,1,0
BRDA:107,38,2,0
BRDA:109,39,0,0
BRDA:109,39,1,0
BRDA:110,40,0,0
BRDA:110,40,1,0
BRDA:111,41,0,0
BRDA:111,41,1,0
BRDA:116,42,0,0
BRDA:116,43,0,0
BRDA:116,44,0,0
BRDA:119,45,0,0
BRDA:119,45,1,0
BRDA:122,46,0,0
BRDA:122,46,1,0
BRDA:123,47,0,0
BRDA:123,47,1,0
BRDA:124,48,0,0
BRDA:124,48,1,0
BRDA:127,49,0,0
BRDA:127,49,1,0
BRDA:138,50,0,0
BRDA:138,50,1,0
BRDA:141,51,0,0
BRDA:141,52,0,0
BRDA:141,53,0,0
BRDA:141,54,0,0
BRDA:146,55,0,0
BRDA:146,55,1,0
BRDA:149,56,0,0
BRDA:149,56,1,0
BRDA:152,57,0,0
BRDA:152,57,1,0
BRDA:158,58,0,0
BRDA:158,58,1,0
BRDA:159,59,0,0
BRDA:159,59,1,0
BRDA:161,60,0,0
BRDA:161,60,1,0
BRDA:163,61,0,0
BRDA:163,61,1,0
BRDA:163,62,0,0
BRDA:163,62,1,0
BRDA:163,63,0,0
BRDA:163,63,1,0
BRDA:170,64,0,0
BRDA:171,65,0,0
BRDA:172,66,0,0
BRDA:173,67,0,0
BRDA:179,68,0,0
BRDA:179,68,1,0
BRDA:182,69,0,0
BRDA:182,69,1,0
BRDA:185,70,0,0
BRDA:185,70,1,0
BRDA:191,71,0,0
BRDA:191,71,1,0
BRDA:192,72,0,0
BRDA:192,72,1,0
BRDA:194,73,0,0
BRDA:194,73,1,0
BRDA:195,74,0,0
BRDA:195,74,1,0
BRDA:205,75,0,0
BRDA:205,75,1,0
BRDA:205,76,0,0
BRDA:205,76,1,0
BRDA:210,77,0,0
BRDA:210,77,1,0
BRDA:211,78,0,0
BRDA:211,78,1,0
BRDA:212,79,0,0
BRDA:212,79,1,0
BRDA:221,80,0,0
BRDA:221,81,0,0
BRDA:222,82,0,0
BRDA:222,83,0,0
BRDA:223,84,0,0
BRDA:228,85,0,0
BRDA:228,85,1,0
BRDA:228,86,0,0
BRDA:228,86,1,0
BRDA:240,87,0,0
BRDA:240,87,1,0
BRDA:244,88,0,0
BRDA:244,88,1,0
BRDA:262,89,0,0
BRDA:262,89,1,0
BRDA:263,90,0,0
BRDA:263,90,1,0
BRDA:267,91,0,0
BRDA:267,91,1,0
BRDA:275,92,0,0
BRDA:275,92,1,0
BRDA:276,93,0,0
BRDA:276,93,1,0
BRDA:277,94,0,0
BRDA:277,94,1,0
BRDA:282,95,0,0
BRDA:282,95,1,0
BRDA:287,96,0,0
BRDA:287,96,1,0
BRDA:288,97,0,0
BRDA:288,97,1,0
BRDA:289,98,0,0
BRDA:289,98,1,0
BRDA:290,99,0,0
BRDA:290,99,1,0
BRDA:291,100,0,0
BRDA:291,100,1,0
BRDA:292,101,0,0
BRDA:292,101,1,0
BRDA:293,102,0,0
BRDA:293,102,1,0
BRDA:294,103,0,0
BRDA:294,103,1,0
BRDA:295,104,0,0
BRDA:295,104,1,0
BRDA:301,105,0,0
BRDA:301,105,1,0
BRDA:302,106,0,0
BRDA:302,106,1,0
BRDA:303,107,0,0
BRDA:303,107,1,0
BRDA:303,108,0,0
BRDA:303,108,1,0
BRDA:303,109,0,0
BRDA:303,109,1,0
BRDA:311,110,0,0
BRDA:312,111,0,0
BRDA:313,112,0,0
BRDA:314,113,0,0
BRDA:315,114,0,0
BRDA:316,115,0,0
BRDA:317,116,0,0
BRDA:318,117,0,0
BRDA:319,118,0,0
BRDA:320,119,0,0
BRDA:326,120,0,0
BRDA:326,120,1,0
BRDA:329,121,0,0
BRDA:329,121,1,0
BRDA:330,122,0,0
BRDA:330,122,1,0
BRDA:331,123,0,0
BRDA:331,123,1,0
BRDA:335,124,0,0
BRDA:335,124,1,0
BRDA:336,125,0,0
BRDA:336,125,1,0
BRDA:336,126,0,0
BRDA:336,126,1,0
BRDA:337,127,0,0
BRDA:337,127,1,0
BRDA:337,128,0,0
BRDA:337,128,1,0
BRDA:337,129,0,0
BRDA:337,129,1,0
BRDA:338,130,0,0
BRDA:338,130,1,0
BRDA:338,131,0,0
BRDA:338,131,1,0
BRDA:339,132,0,0
BRDA:339,132,1,0
BRDA:341,133,0,0
BRDA:341,133,1,0
BRDA:345,134,0,0
BRDA:345,134,1,0
BRDA:346,135,0,0
BRDA:346,135,1,0
BRDA:348,136,0,0
BRDA:348,136,1,0
BRDA:349,137,0,0
BRDA:349,137,1,0
BRDA:350,138,0,0
BRDA:350,138,1,0
BRDA:350,139,0,0
BRDA:350,139,1,0
BRDA:352,140,0,0
BRDA:352,140,1,0
BRDA:355,141,0,0
BRDA:355,141,1,0
BRDA:355,142,0,0
BRDA:355,142,1,0
BRDA:355,143,0,0
BRDA:355,143,1,0
BRDA:356,144,0,0
BRDA:356,144,1,0
BRDA:356,145,0,0
BRDA:356,145,1,0
BRDA:356,146,0,0
BRDA:356,146,1,0
BRDA:357,147,0,0
BRDA:357,147,1,0
BRDA:357,148,0,0
BRDA:357,148,1,0
BRDA:357,149,0,0
BRDA:357,149,1,0
BRF:277
BRH:0
end_of_record
TN:
SF:utils\ocrJobStore.js
FN:5,(anonymous_0)
FN:11,(anonymous_1)
FN:47,(anonymous_2)
FN:54,(anonymous_3)
FN:60,(anonymous_4)
FN:67,(anonymous_5)
FN:68,(anonymous_6)
FN:71,(anonymous_7)
FN:74,(anonymous_8)
FN:77,(anonymous_9)
FN:83,(anonymous_10)
FN:110,(anonymous_11)
FN:123,(anonymous_12)
FN:151,(anonymous_13)
FN:154,(anonymous_14)
FN:162,(anonymous_15)
FN:163,(anonymous_16)
FN:164,(anonymous_17)
FN:166,(anonymous_18)
FN:167,(anonymous_19)
FNF:20
FNH:1
FNDA:3,(anonymous_0)
FNDA:0,(anonymous_1)
FNDA:0,(anonymous_2)
FNDA:0,(anonymous_3)
FNDA:0,(anonymous_4)
FNDA:0,(anonymous_5)
FNDA:0,(anonymous_6)
FNDA:0,(anonymous_7)
FNDA:0,(anonymous_8)
FNDA:0,(anonymous_9)
FNDA:0,(anonymous_10)
FNDA:0,(anonymous_11)
FNDA:0,(anonymous_12)
FNDA:0,(anonymous_13)
FNDA:0,(anonymous_14)
FNDA:0,(anonymous_15)
FNDA:0,(anonymous_16)
FNDA:0,(anonymous_17)
FNDA:0,(anonymous_18)
FNDA:0,(anonymous_19)
DA:1,3
DA:6,3
DA:7,3
DA:8,3
DA:12,0
DA:33,0
DA:34,0
DA:36,0
DA:38,0
DA:39,0
DA:40,0
DA:42,0
DA:44,0
DA:48,0
DA:49,0
DA:50,0
DA:51,0
DA:55,0
DA:56,0
DA:57,0
DA:59,0
DA:60,0
DA:61,0
DA:64,0
DA:66,0
DA:67,0
DA:68,0
DA:70,0
DA:71,0
DA:73,0
DA:74,0
DA:76,0
DA:77,0
DA:80,0
DA:84,0
DA:85,0
DA:86,0
DA:88,0
DA:89,0
DA:90,0
DA:92,0
DA:93,0
DA:95,0
DA:96,0
DA:98,0
DA:99,0
DA:101,0
DA:102,0
DA:105,0
DA:107,0
DA:111,0
DA:112,0
DA:114,0
DA:115,0
DA:117,0
DA:118,0
DA:120,0
DA:124,0
DA:125,0
DA:126,0
DA:127,0
DA:129,0
DA:130,0
DA:131,0
DA:132,0
DA:133,0
DA:135,0
DA:137,0
DA:138,0
DA:139,0
DA:140,0
DA:141,0
DA:143,0
DA:144,0
DA:145,0
DA:146,0
DA:148,0
DA:155,0
DA:162,0
DA:163,0
DA:164,0
DA:170,3
DA:171,3
LF:83
LH:6
BRDA:16,0,0,0
BRDA:16,0,1,0
BRDA:18,1,0,0
BRDA:18,1,1,0
BRDA:50,2,0,0
BRDA:50,2,1,0
BRDA:50,3,0,0
BRDA:50,3,1,0
BRDA:54,4,0,0
BRDA:57,5,0,0
BRDA:57,5,1,0
BRDA:57,6,0,0
BRDA:57,6,1,0
BRDA:67,7,0,0
BRDA:67,7,1,0
BRDA:67,7,2,0
BRDA:70,8,0,0
BRDA:70,8,1,0
BRDA:73,9,0,0
BRDA:73,9,1,0
BRDA:76,10,0,0
BRDA:76,10,1,0
BRDA:86,11,0,0
BRDA:86,11,1,0
BRDA:89,12,0,0
BRDA:89,12,1,0
BRDA:89,13,0,0
BRDA:89,13,1,0
BRDA:92,14,0,0
BRDA:92,14,1,0
BRDA:92,15,0,0
BRDA:92,15,1,0
BRDA:95,16,0,0
BRDA:95,16,1,0
BRDA:95,17,0,0
BRDA:95,17,1,0
BRDA:98,18,0,0
BRDA:98,18,1,0
BRDA:101,19,0,0
BRDA:101,19,1,0
BRDA:112,20,0,0
BRDA:112,20,1,0
BRDA:125,21,0,0
BRDA:125,21,1,0
BRDA:125,22,0,0
BRDA:125,22,1,0
BRDA:126,23,0,0
BRDA:126,23,1,0
BRDA:126,24,0,0
BRDA:126,24,1,0
BRDA:127,25,0,0
BRDA:127,25,1,0
BRDA:127,26,0,0
BRDA:127,26,1,0
BRDA:129,27,0,0
BRDA:129,27,1,0
BRDA:130,28,0,0
BRDA:130,28,1,0
BRDA:130,29,0,0
BRDA:130,29,1,0
BRDA:130,29,2,0
BRDA:131,30,0,0
BRDA:131,30,1,0
BRDA:131,31,0,0
BRDA:131,31,1,0
BRDA:131,31,2,0
BRDA:132,32,0,0
BRDA:132,32,1,0
BRDA:132,33,0,0
BRDA:132,33,1,0
BRDA:132,33,2,0
BRDA:133,34,0,0
BRDA:133,34,1,0
BRDA:133,35,0,0
BRDA:133,35,1,0
BRDA:133,35,2,0
BRDA:135,36,0,0
BRDA:135,36,1,0
BRDA:137,37,0,0
BRDA:137,37,1,0
BRDA:138,38,0,0
BRDA:138,38,1,0
BRDA:139,39,0,0
BRDA:139,39,1,0
BRDA:140,40,0,0
BRDA:140,40,1,0
BRDA:141,41,0,0
BRDA:141,41,1,0
BRDA:143,42,0,0
BRDA:143,42,1,0
BRDA:144,43,0,0
BRDA:144,43,1,0
BRDA:144,44,0,0
BRDA:144,44,1,0
BRDA:145,45,0,0
BRDA:145,45,1,0
BRDA:145,46,0,0
BRDA:145,46,1,0
BRDA:146,47,0,0
BRDA:146,47,1,0
BRDA:146,48,0,0
BRDA:146,48,1,0
BRF:102
BRH:0
end_of_record
TN:
SF:utils\tokenUtils.js
FN:3,(anonymous_0)
FN:7,(anonymous_1)
FNF:2
FNH:0
FNDA:0,(anonymous_0)
FNDA:0,(anonymous_1)
DA:1,3
DA:3,3
DA:4,0
DA:7,3
DA:8,0
LF:5
LH:3
BRF:0
BRH:0
end_of_record
TN:
SF:utils\workerRegistry.js
FN:4,(anonymous_0)
FN:13,(anonymous_1)
FN:44,(anonymous_2)
FN:55,(anonymous_3)
FN:66,(anonymous_4)
FN:68,(anonymous_5)
FN:71,(anonymous_6)
FN:75,(anonymous_7)
FN:77,(anonymous_8)
FN:91,(anonymous_9)
FN:147,(anonymous_10)
FN:150,(anonymous_11)
FN:153,(anonymous_12)
FN:160,(anonymous_13)
FN:170,(anonymous_14)
FN:175,(anonymous_15)
FN:183,(anonymous_16)
FN:191,(anonymous_17)
FN:205,(anonymous_18)
FN:215,(anonymous_19)
FN:223,(anonymous_20)
FN:233,(anonymous_21)
FN:236,(anonymous_22)
FN:237,(anonymous_23)
FN:238,(anonymous_24)
FN:240,(anonymous_25)
FN:241,(anonymous_26)
FN:242,(anonymous_27)
FN:257,(anonymous_28)
FN:263,(anonymous_29)
FN:264,(anonymous_30)
FNF:31
FNH:1
FNDA:3,(anonymous_0)
FNDA:0,(anonymous_1)
FNDA:0,(anonymous_2)
FNDA:0,(anonymous_3)
FNDA:0,(anonymous_4)
FNDA:0,(anonymous_5)
FNDA:0,(anonymous_6)
FNDA:0,(anonymous_7)
FNDA:0,(anonymous_8)
FNDA:0,(anonymous_9)
FNDA:0,(anonymous_10)
FNDA:0,(anonymous_11)
FNDA:0,(anonymous_12)
FNDA:0,(anonymous_13)
FNDA:0,(anonymous_14)
FNDA:0,(anonymous_15)
FNDA:0,(anonymous_16)
FNDA:0,(anonymous_17)
FNDA:0,(anonymous_18)
FNDA:0,(anonymous_19)
FNDA:0,(anonymous_20)
FNDA:0,(anonymous_21)
FNDA:0,(anonymous_22)
FNDA:0,(anonymous_23)
FNDA:0,(anonymous_24)
FNDA:0,(anonymous_25)
FNDA:0,(anonymous_26)
FNDA:0,(anonymous_27)
FNDA:0,(anonymous_28)
FNDA:0,(anonymous_29)
FNDA:0,(anonymous_30)
DA:1,3
DA:5,3
DA:6,3
DA:7,3
DA:8,3
DA:9,3
DA:10,3
DA:14,0
DA:15,0
DA:18,0
DA:36,0
DA:37,0
DA:39,0
DA:41,0
DA:45,0
DA:46,0
DA:47,0
DA:50,0
DA:51,0
DA:52,0
DA:56,0
DA:57,0
DA:58,0
DA:61,0
DA:62,0
DA:63,0
DA:67,0
DA:68,0
DA:72,0
DA:76,0
DA:77,0
DA:78,0
DA:80,0
DA:82,0
DA:83,0
DA:84,0
DA:87,0
DA:92,0
DA:93,0
DA:95,0
DA:96,0
DA:97,0
DA:98,0
DA:99,0
DA:101,0
DA:104,0
DA:105,0
DA:107,0
DA:108,0
DA:115,0
DA:117,0
DA:118,0
DA:119,0
DA:120,0
DA:121,0
DA:123,0
DA:124,0
DA:126,0
DA:129,0
DA:131,0
DA:134,0
DA:136,0
DA:137,0
DA:138,0
DA:140,0
DA:143,0
DA:148,0
DA:149,0
DA:150,0
DA:153,0
DA:154,0
DA:156,0
DA:157,0
DA:161,0
DA:162,0
DA:163,0
DA:166,0
DA:168,0
DA:170,0
DA:171,0
DA:176,0
DA:177,0
DA:178,0
DA:179,0
DA:184,0
DA:185,0
DA:187,0
DA:188,0
DA:192,0
DA:194,0
DA:195,0
DA:196,0
DA:201,0
DA:202,0
DA:203,0
DA:204,0
DA:205,0
DA:206,0
DA:207,0
DA:208,0
DA:212,0
DA:216,0
DA:217,0
DA:218,0
DA:219,0
DA:224,0
DA:225,0
DA:226,0
DA:227,0
DA:228,0
DA:234,0
DA:235,0
DA:236,0
DA:237,0
DA:238,0
DA:240,0
DA:241,0
DA:242,0
DA:244,0
DA:258,0
DA:260,0
DA:262,0
DA:263,0
DA:264,0
DA:265,0
DA:266,0
DA:271,0
DA:275,0
DA:276,0
DA:281,0
DA:285,0
DA:287,0
DA:291,3
DA:293,3
LF:134
LH:9
BRDA:13,0,0,0
BRDA:14,1,0,0
BRDA:14,1,1,0
BRDA:21,2,0,0
BRDA:21,2,1,0
BRDA:22,3,0,0
BRDA:22,3,1,0
BRDA:46,4,0,0
BRDA:46,4,1,0
BRDA:57,5,0,0
BRDA:57,5,1,0
BRDA:62,6,0,0
BRDA:62,6,1,0
BRDA:66,7,0,0
BRDA:68,8,0,0
BRDA:68,8,1,0
BRDA:78,9,0,0
BRDA:78,9,1,0
BRDA:80,10,0,0
BRDA:80,10,1,0
BRDA:82,11,0,0
BRDA:82,11,1,0
BRDA:93,12,0,0
BRDA:93,12,1,0
BRDA:95,13,0,0
BRDA:95,13,1,0
BRDA:97,14,0,0
BRDA:97,14,1,0
BRDA:118,15,0,0
BRDA:118,15,1,0
BRDA:118,16,0,0
BRDA:118,16,1,0
BRDA:123,17,0,0
BRDA:123,17,1,0
BRDA:136,18,0,0
BRDA:136,18,1,0
BRDA:153,19,0,0
BRDA:153,19,1,0
BRDA:161,20,0,0
BRDA:161,20,1,0
BRDA:176,21,0,0
BRDA:176,21,1,0
BRDA:184,22,0,0
BRDA:184,22,1,0
BRDA:194,23,0,0
BRDA:194,23,1,0
BRDA:201,24,0,0
BRDA:201,24,1,0
BRDA:204,25,0,0
BRDA:204,25,1,0
BRDA:206,26,0,0
BRDA:206,26,1,0
BRDA:207,27,0,0
BRDA:207,27,1,0
BRDA:208,28,0,0
BRDA:208,28,1,0
BRDA:217,29,0,0
BRDA:217,29,1,0
BRDA:223,30,0,0
BRDA:225,31,0,0
BRDA:225,31,1,0
BRDA:227,32,0,0
BRDA:227,32,1,0
BRDA:237,33,0,0
BRDA:237,33,1,0
BRDA:253,34,0,0
BRDA:253,34,1,0
BRDA:258,35,0,0
BRDA:258,35,1,0
BRDA:262,36,0,0
BRDA:262,36,1,0
BRF:71
BRH:0
end_of_record
TN:
SF:workers\ocrWorker.js
FN:11,(anonymous_0)
FN:34,(anonymous_1)
FNF:2
FNH:0
FNDA:0,(anonymous_0)
FNDA:0,(anonymous_1)
DA:1,3
DA:2,3
DA:3,3
DA:4,3
DA:7,3
DA:9,3
DA:11,3
DA:12,0
DA:14,0
DA:15,0
DA:16,0
DA:18,0
DA:19,0
DA:21,0
DA:22,0
DA:23,0
DA:24,0
DA:25,0
DA:28,0
DA:30,0
DA:31,0
DA:34,0
DA:35,0
DA:38,0
DA:39,0
DA:41,0
DA:42,0
DA:43,0
DA:46,0
DA:47,0
DA:50,0
DA:52,0
DA:54,0
DA:65,0
DA:68,0
DA:69,0
DA:70,0
DA:71,0
DA:73,0
DA:75,0
DA:78,0
DA:79,0
DA:81,0
DA:82,0
DA:83,0
DA:85,0
DA:86,0
DA:88,0
DA:89,0
DA:91,0
DA:100,0
DA:101,0
DA:103,0
DA:104,0
DA:106,0
DA:107,0
DA:119,0
DA:120,0
DA:122,0
DA:124,0
DA:131,0
DA:135,0
DA:137,0
DA:138,0
DA:141,0
DA:143,0
DA:144,0
DA:145,0
DA:155,0
DA:156,0
DA:167,0
DA:168,0
DA:171,0
DA:175,3
DA:177,3
LF:75
LH:9
BRDA:7,0,0,3
BRDA:7,0,1,0
BRDA:15,1,0,0
BRDA:15,1,1,0
BRDA:23,2,0,0
BRDA:23,2,1,0
BRDA:30,3,0,0
BRDA:30,3,1,0
BRDA:35,4,0,0
BRDA:35,4,1,0
BRDA:41,5,0,0
BRDA:41,5,1,0
BRDA:42,6,0,0
BRDA:42,6,1,0
BRDA:46,7,0,0
BRDA:46,7,1,0
BRDA:50,8,0,0
BRDA:50,8,1,0
BRDA:68,9,0,0
BRDA:68,9,1,0
BRDA:70,10,0,0
BRDA:70,10,1,0
BRDA:95,11,0,0
BRDA:95,11,1,0
BRDA:106,12,0,0
BRDA:106,12,1,0
BRDA:106,13,0,0
BRDA:106,13,1,0
BRDA:120,14,0,0
BRDA:120,14,1,0
BRDA:131,15,0,0
BRDA:131,15,1,0
BRDA:135,16,0,0
BRDA:135,16,1,0
BRDA:137,17,0,0
BRDA:137,17,1,0
BRDA:143,18,0,0
BRDA:143,18,1,0
BRDA:167,19,0,0
BRDA:167,19,1,0
BRF:40
BRH:1
end_of_record
